/home/archita/.local/lib/python3.8/site-packages/torch/nn/functional.py:780: UserWarning: Note that order of the arguments: ceil_mode and return_indices will changeto match the args list in nn.MaxPool2d in a future release.
  warnings.warn("Note that order of the arguments: ceil_mode and return_indices will change"
Parameters: 13004888, FLOPs: 1507755400.0
Namespace(batch_size=256, classes=1000, data='/mnt/e/ImageNet-Downsampled/data', dataset='SmallImageNet', depth=50, dryrun=None, epochs=100, evaluate=False, log_freq=500, lr=0.1, model_type='imagenet', momentum=0.9, ngpu=1, prefix='test', print_freq=100, project='Imagenet', resume='', seed=1234, size=8, start_epoch=0, weight_decay=0.0001, workers=4)
DataParallel(
  (module): GoogLeNet(
    (conv1): BasicConv2d(
      (conv): Conv2d(3, 64, kernel_size=(7, 7), stride=(2, 2), padding=(3, 3), bias=False)
      (bn): BatchNorm2d(64, eps=0.001, momentum=0.1, affine=True, track_running_stats=True)
    )
    (maxpool1): MaxPool2d(kernel_size=3, stride=2, padding=0, dilation=1, ceil_mode=True)
    (conv2): BasicConv2d(
      (conv): Conv2d(64, 64, kernel_size=(1, 1), stride=(1, 1), bias=False)
      (bn): BatchNorm2d(64, eps=0.001, momentum=0.1, affine=True, track_running_stats=True)
    )
    (conv3): BasicConv2d(
      (conv): Conv2d(64, 192, kernel_size=(3, 3), stride=(1, 1), padding=(1, 1), bias=False)
      (bn): BatchNorm2d(192, eps=0.001, momentum=0.1, affine=True, track_running_stats=True)
    )
    (maxpool2): MaxPool2d(kernel_size=3, stride=2, padding=0, dilation=1, ceil_mode=True)
    (inception3a): Inception(
      (branch1): BasicConv2d(
        (conv): Conv2d(192, 64, kernel_size=(1, 1), stride=(1, 1), bias=False)
        (bn): BatchNorm2d(64, eps=0.001, momentum=0.1, affine=True, track_running_stats=True)
      )
      (branch2): Sequential(
        (0): BasicConv2d(
          (conv): Conv2d(192, 96, kernel_size=(1, 1), stride=(1, 1), bias=False)
          (bn): BatchNorm2d(96, eps=0.001, momentum=0.1, affine=True, track_running_stats=True)
        )
        (1): BasicConv2d(
          (conv): Conv2d(96, 128, kernel_size=(3, 3), stride=(1, 1), padding=(1, 1), bias=False)
          (bn): BatchNorm2d(128, eps=0.001, momentum=0.1, affine=True, track_running_stats=True)
        )
      )
      (branch3): Sequential(
        (0): BasicConv2d(
          (conv): Conv2d(192, 16, kernel_size=(1, 1), stride=(1, 1), bias=False)
          (bn): BatchNorm2d(16, eps=0.001, momentum=0.1, affine=True, track_running_stats=True)
        )
        (1): BasicConv2d(
          (conv): Conv2d(16, 32, kernel_size=(3, 3), stride=(1, 1), padding=(1, 1), bias=False)
          (bn): BatchNorm2d(32, eps=0.001, momentum=0.1, affine=True, track_running_stats=True)
        )
      )
      (branch4): Sequential(
        (0): MaxPool2d(kernel_size=3, stride=1, padding=1, dilation=1, ceil_mode=True)
        (1): BasicConv2d(
          (conv): Conv2d(192, 32, kernel_size=(1, 1), stride=(1, 1), bias=False)
          (bn): BatchNorm2d(32, eps=0.001, momentum=0.1, affine=True, track_running_stats=True)
        )
      )
    )
    (inception3b): Inception(
      (branch1): BasicConv2d(
        (conv): Conv2d(256, 128, kernel_size=(1, 1), stride=(1, 1), bias=False)
        (bn): BatchNorm2d(128, eps=0.001, momentum=0.1, affine=True, track_running_stats=True)
      )
      (branch2): Sequential(
        (0): BasicConv2d(
          (conv): Conv2d(256, 128, kernel_size=(1, 1), stride=(1, 1), bias=False)
          (bn): BatchNorm2d(128, eps=0.001, momentum=0.1, affine=True, track_running_stats=True)
        )
        (1): BasicConv2d(
          (conv): Conv2d(128, 192, kernel_size=(3, 3), stride=(1, 1), padding=(1, 1), bias=False)
          (bn): BatchNorm2d(192, eps=0.001, momentum=0.1, affine=True, track_running_stats=True)
        )
      )
      (branch3): Sequential(
        (0): BasicConv2d(
          (conv): Conv2d(256, 32, kernel_size=(1, 1), stride=(1, 1), bias=False)
          (bn): BatchNorm2d(32, eps=0.001, momentum=0.1, affine=True, track_running_stats=True)
        )
        (1): BasicConv2d(
          (conv): Conv2d(32, 96, kernel_size=(3, 3), stride=(1, 1), padding=(1, 1), bias=False)
          (bn): BatchNorm2d(96, eps=0.001, momentum=0.1, affine=True, track_running_stats=True)
        )
      )
      (branch4): Sequential(
        (0): MaxPool2d(kernel_size=3, stride=1, padding=1, dilation=1, ceil_mode=True)
        (1): BasicConv2d(
          (conv): Conv2d(256, 64, kernel_size=(1, 1), stride=(1, 1), bias=False)
          (bn): BatchNorm2d(64, eps=0.001, momentum=0.1, affine=True, track_running_stats=True)
        )
      )
    )
    (maxpool3): MaxPool2d(kernel_size=3, stride=2, padding=0, dilation=1, ceil_mode=True)
    (inception4a): Inception(
      (branch1): BasicConv2d(
        (conv): Conv2d(480, 192, kernel_size=(1, 1), stride=(1, 1), bias=False)
        (bn): BatchNorm2d(192, eps=0.001, momentum=0.1, affine=True, track_running_stats=True)
      )
      (branch2): Sequential(
        (0): BasicConv2d(
          (conv): Conv2d(480, 96, kernel_size=(1, 1), stride=(1, 1), bias=False)
          (bn): BatchNorm2d(96, eps=0.001, momentum=0.1, affine=True, track_running_stats=True)
        )
        (1): BasicConv2d(
          (conv): Conv2d(96, 208, kernel_size=(3, 3), stride=(1, 1), padding=(1, 1), bias=False)
          (bn): BatchNorm2d(208, eps=0.001, momentum=0.1, affine=True, track_running_stats=True)
        )
      )
      (branch3): Sequential(
        (0): BasicConv2d(
          (conv): Conv2d(480, 16, kernel_size=(1, 1), stride=(1, 1), bias=False)
          (bn): BatchNorm2d(16, eps=0.001, momentum=0.1, affine=True, track_running_stats=True)
        )
        (1): BasicConv2d(
          (conv): Conv2d(16, 48, kernel_size=(3, 3), stride=(1, 1), padding=(1, 1), bias=False)
          (bn): BatchNorm2d(48, eps=0.001, momentum=0.1, affine=True, track_running_stats=True)
        )
      )
      (branch4): Sequential(
        (0): MaxPool2d(kernel_size=3, stride=1, padding=1, dilation=1, ceil_mode=True)
        (1): BasicConv2d(
          (conv): Conv2d(480, 64, kernel_size=(1, 1), stride=(1, 1), bias=False)
          (bn): BatchNorm2d(64, eps=0.001, momentum=0.1, affine=True, track_running_stats=True)
        )
      )
    )
    (inception4b): Inception(
      (branch1): BasicConv2d(
        (conv): Conv2d(512, 160, kernel_size=(1, 1), stride=(1, 1), bias=False)
        (bn): BatchNorm2d(160, eps=0.001, momentum=0.1, affine=True, track_running_stats=True)
      )
      (branch2): Sequential(
        (0): BasicConv2d(
          (conv): Conv2d(512, 112, kernel_size=(1, 1), stride=(1, 1), bias=False)
          (bn): BatchNorm2d(112, eps=0.001, momentum=0.1, affine=True, track_running_stats=True)
        )
        (1): BasicConv2d(
          (conv): Conv2d(112, 224, kernel_size=(3, 3), stride=(1, 1), padding=(1, 1), bias=False)
          (bn): BatchNorm2d(224, eps=0.001, momentum=0.1, affine=True, track_running_stats=True)
        )
      )
      (branch3): Sequential(
        (0): BasicConv2d(
          (conv): Conv2d(512, 24, kernel_size=(1, 1), stride=(1, 1), bias=False)
          (bn): BatchNorm2d(24, eps=0.001, momentum=0.1, affine=True, track_running_stats=True)
        )
        (1): BasicConv2d(
          (conv): Conv2d(24, 64, kernel_size=(3, 3), stride=(1, 1), padding=(1, 1), bias=False)
          (bn): BatchNorm2d(64, eps=0.001, momentum=0.1, affine=True, track_running_stats=True)
        )
      )
      (branch4): Sequential(
        (0): MaxPool2d(kernel_size=3, stride=1, padding=1, dilation=1, ceil_mode=True)
        (1): BasicConv2d(
          (conv): Conv2d(512, 64, kernel_size=(1, 1), stride=(1, 1), bias=False)
          (bn): BatchNorm2d(64, eps=0.001, momentum=0.1, affine=True, track_running_stats=True)
        )
      )
    )
    (inception4c): Inception(
      (branch1): BasicConv2d(
        (conv): Conv2d(512, 128, kernel_size=(1, 1), stride=(1, 1), bias=False)
        (bn): BatchNorm2d(128, eps=0.001, momentum=0.1, affine=True, track_running_stats=True)
      )
      (branch2): Sequential(
        (0): BasicConv2d(
          (conv): Conv2d(512, 128, kernel_size=(1, 1), stride=(1, 1), bias=False)
          (bn): BatchNorm2d(128, eps=0.001, momentum=0.1, affine=True, track_running_stats=True)
        )
        (1): BasicConv2d(
          (conv): Conv2d(128, 256, kernel_size=(3, 3), stride=(1, 1), padding=(1, 1), bias=False)
          (bn): BatchNorm2d(256, eps=0.001, momentum=0.1, affine=True, track_running_stats=True)
        )
      )
      (branch3): Sequential(
        (0): BasicConv2d(
          (conv): Conv2d(512, 24, kernel_size=(1, 1), stride=(1, 1), bias=False)
          (bn): BatchNorm2d(24, eps=0.001, momentum=0.1, affine=True, track_running_stats=True)
        )
        (1): BasicConv2d(
          (conv): Conv2d(24, 64, kernel_size=(3, 3), stride=(1, 1), padding=(1, 1), bias=False)
          (bn): BatchNorm2d(64, eps=0.001, momentum=0.1, affine=True, track_running_stats=True)
        )
      )
      (branch4): Sequential(
        (0): MaxPool2d(kernel_size=3, stride=1, padding=1, dilation=1, ceil_mode=True)
        (1): BasicConv2d(
          (conv): Conv2d(512, 64, kernel_size=(1, 1), stride=(1, 1), bias=False)
          (bn): BatchNorm2d(64, eps=0.001, momentum=0.1, affine=True, track_running_stats=True)
        )
      )
    )
    (inception4d): Inception(
      (branch1): BasicConv2d(
        (conv): Conv2d(512, 112, kernel_size=(1, 1), stride=(1, 1), bias=False)
        (bn): BatchNorm2d(112, eps=0.001, momentum=0.1, affine=True, track_running_stats=True)
      )
      (branch2): Sequential(
        (0): BasicConv2d(
          (conv): Conv2d(512, 144, kernel_size=(1, 1), stride=(1, 1), bias=False)
          (bn): BatchNorm2d(144, eps=0.001, momentum=0.1, affine=True, track_running_stats=True)
        )
        (1): BasicConv2d(
          (conv): Conv2d(144, 288, kernel_size=(3, 3), stride=(1, 1), padding=(1, 1), bias=False)
          (bn): BatchNorm2d(288, eps=0.001, momentum=0.1, affine=True, track_running_stats=True)
        )
      )
      (branch3): Sequential(
        (0): BasicConv2d(
          (conv): Conv2d(512, 32, kernel_size=(1, 1), stride=(1, 1), bias=False)
          (bn): BatchNorm2d(32, eps=0.001, momentum=0.1, affine=True, track_running_stats=True)
        )
        (1): BasicConv2d(
          (conv): Conv2d(32, 64, kernel_size=(3, 3), stride=(1, 1), padding=(1, 1), bias=False)
          (bn): BatchNorm2d(64, eps=0.001, momentum=0.1, affine=True, track_running_stats=True)
        )
      )
      (branch4): Sequential(
        (0): MaxPool2d(kernel_size=3, stride=1, padding=1, dilation=1, ceil_mode=True)
        (1): BasicConv2d(
          (conv): Conv2d(512, 64, kernel_size=(1, 1), stride=(1, 1), bias=False)
          (bn): BatchNorm2d(64, eps=0.001, momentum=0.1, affine=True, track_running_stats=True)
        )
      )
    )
    (inception4e): Inception(
      (branch1): BasicConv2d(
        (conv): Conv2d(528, 256, kernel_size=(1, 1), stride=(1, 1), bias=False)
        (bn): BatchNorm2d(256, eps=0.001, momentum=0.1, affine=True, track_running_stats=True)
      )
      (branch2): Sequential(
        (0): BasicConv2d(
          (conv): Conv2d(528, 160, kernel_size=(1, 1), stride=(1, 1), bias=False)
          (bn): BatchNorm2d(160, eps=0.001, momentum=0.1, affine=True, track_running_stats=True)
        )
        (1): BasicConv2d(
          (conv): Conv2d(160, 320, kernel_size=(3, 3), stride=(1, 1), padding=(1, 1), bias=False)
          (bn): BatchNorm2d(320, eps=0.001, momentum=0.1, affine=True, track_running_stats=True)
        )
      )
      (branch3): Sequential(
        (0): BasicConv2d(
          (conv): Conv2d(528, 32, kernel_size=(1, 1), stride=(1, 1), bias=False)
          (bn): BatchNorm2d(32, eps=0.001, momentum=0.1, affine=True, track_running_stats=True)
        )
        (1): BasicConv2d(
          (conv): Conv2d(32, 128, kernel_size=(3, 3), stride=(1, 1), padding=(1, 1), bias=False)
          (bn): BatchNorm2d(128, eps=0.001, momentum=0.1, affine=True, track_running_stats=True)
        )
      )
      (branch4): Sequential(
        (0): MaxPool2d(kernel_size=3, stride=1, padding=1, dilation=1, ceil_mode=True)
        (1): BasicConv2d(
          (conv): Conv2d(528, 128, kernel_size=(1, 1), stride=(1, 1), bias=False)
          (bn): BatchNorm2d(128, eps=0.001, momentum=0.1, affine=True, track_running_stats=True)
        )
      )
    )
    (maxpool4): MaxPool2d(kernel_size=2, stride=2, padding=0, dilation=1, ceil_mode=True)
    (inception5a): Inception(
      (branch1): BasicConv2d(
        (conv): Conv2d(832, 256, kernel_size=(1, 1), stride=(1, 1), bias=False)
        (bn): BatchNorm2d(256, eps=0.001, momentum=0.1, affine=True, track_running_stats=True)
      )
      (branch2): Sequential(
        (0): BasicConv2d(
          (conv): Conv2d(832, 160, kernel_size=(1, 1), stride=(1, 1), bias=False)
          (bn): BatchNorm2d(160, eps=0.001, momentum=0.1, affine=True, track_running_stats=True)
        )
        (1): BasicConv2d(
          (conv): Conv2d(160, 320, kernel_size=(3, 3), stride=(1, 1), padding=(1, 1), bias=False)
          (bn): BatchNorm2d(320, eps=0.001, momentum=0.1, affine=True, track_running_stats=True)
        )
      )
      (branch3): Sequential(
        (0): BasicConv2d(
          (conv): Conv2d(832, 32, kernel_size=(1, 1), stride=(1, 1), bias=False)
          (bn): BatchNorm2d(32, eps=0.001, momentum=0.1, affine=True, track_running_stats=True)
        )
        (1): BasicConv2d(
          (conv): Conv2d(32, 128, kernel_size=(3, 3), stride=(1, 1), padding=(1, 1), bias=False)
          (bn): BatchNorm2d(128, eps=0.001, momentum=0.1, affine=True, track_running_stats=True)
        )
      )
      (branch4): Sequential(
        (0): MaxPool2d(kernel_size=3, stride=1, padding=1, dilation=1, ceil_mode=True)
        (1): BasicConv2d(
          (conv): Conv2d(832, 128, kernel_size=(1, 1), stride=(1, 1), bias=False)
          (bn): BatchNorm2d(128, eps=0.001, momentum=0.1, affine=True, track_running_stats=True)
        )
      )
    )
    (inception5b): Inception(
      (branch1): BasicConv2d(
        (conv): Conv2d(832, 384, kernel_size=(1, 1), stride=(1, 1), bias=False)
        (bn): BatchNorm2d(384, eps=0.001, momentum=0.1, affine=True, track_running_stats=True)
      )
      (branch2): Sequential(
        (0): BasicConv2d(
          (conv): Conv2d(832, 192, kernel_size=(1, 1), stride=(1, 1), bias=False)
          (bn): BatchNorm2d(192, eps=0.001, momentum=0.1, affine=True, track_running_stats=True)
        )
        (1): BasicConv2d(
          (conv): Conv2d(192, 384, kernel_size=(3, 3), stride=(1, 1), padding=(1, 1), bias=False)
          (bn): BatchNorm2d(384, eps=0.001, momentum=0.1, affine=True, track_running_stats=True)
        )
      )
      (branch3): Sequential(
        (0): BasicConv2d(
          (conv): Conv2d(832, 48, kernel_size=(1, 1), stride=(1, 1), bias=False)
          (bn): BatchNorm2d(48, eps=0.001, momentum=0.1, affine=True, track_running_stats=True)
        )
        (1): BasicConv2d(
          (conv): Conv2d(48, 128, kernel_size=(3, 3), stride=(1, 1), padding=(1, 1), bias=False)
          (bn): BatchNorm2d(128, eps=0.001, momentum=0.1, affine=True, track_running_stats=True)
        )
      )
      (branch4): Sequential(
        (0): MaxPool2d(kernel_size=3, stride=1, padding=1, dilation=1, ceil_mode=True)
        (1): BasicConv2d(
          (conv): Conv2d(832, 128, kernel_size=(1, 1), stride=(1, 1), bias=False)
          (bn): BatchNorm2d(128, eps=0.001, momentum=0.1, affine=True, track_running_stats=True)
        )
      )
    )
    (aux1): InceptionAux(
      (conv): BasicConv2d(
        (conv): Conv2d(512, 128, kernel_size=(1, 1), stride=(1, 1), bias=False)
        (bn): BatchNorm2d(128, eps=0.001, momentum=0.1, affine=True, track_running_stats=True)
      )
      (fc1): Linear(in_features=2048, out_features=1024, bias=True)
      (fc2): Linear(in_features=1024, out_features=1000, bias=True)
      (dropout): Dropout(p=0.7, inplace=False)
    )
    (aux2): InceptionAux(
      (conv): BasicConv2d(
        (conv): Conv2d(528, 128, kernel_size=(1, 1), stride=(1, 1), bias=False)
        (bn): BatchNorm2d(128, eps=0.001, momentum=0.1, affine=True, track_running_stats=True)
      )
      (fc1): Linear(in_features=2048, out_features=1024, bias=True)
      (fc2): Linear(in_features=1024, out_features=1000, bias=True)
      (dropout): Dropout(p=0.7, inplace=False)
    )
    (avgpool): AdaptiveAvgPool2d(output_size=(1, 1))
    (dropout): Dropout(p=0.2, inplace=False)
    (fc): Linear(in_features=1024, out_features=1000, bias=True)
  )
)
Traceback (most recent call last):
  File "train.py", line 408, in <module>
    main()
  File "train.py", line 218, in main
    train(train_loader, model, criterion, optimizer, epoch)
  File "train.py", line 265, in train
    output = model(input_var)
  File "/home/archita/.local/lib/python3.8/site-packages/torch/nn/modules/module.py", line 1110, in _call_impl
    return forward_call(*input, **kwargs)
  File "/home/archita/.local/lib/python3.8/site-packages/torch/nn/parallel/data_parallel.py", line 166, in forward
    return self.module(*inputs[0], **kwargs[0])
  File "/home/archita/.local/lib/python3.8/site-packages/torch/nn/modules/module.py", line 1110, in _call_impl
    return forward_call(*input, **kwargs)
  File "/mnt/e/ImageNet-Downsampled/models/resnets/imagenet.py", line 174, in forward
    x, aux1, aux2 = self._forward(x)
  File "/mnt/e/ImageNet-Downsampled/models/resnets/imagenet.py", line 127, in _forward
    x = self.maxpool3(x)
  File "/home/archita/.local/lib/python3.8/site-packages/torch/nn/modules/module.py", line 1110, in _call_impl
    return forward_call(*input, **kwargs)
  File "/home/archita/.local/lib/python3.8/site-packages/torch/nn/modules/pooling.py", line 162, in forward
    return F.max_pool2d(input, self.kernel_size, self.stride,
  File "/home/archita/.local/lib/python3.8/site-packages/torch/_jit_internal.py", line 422, in fn
    return if_false(*args, **kwargs)
  File "/home/archita/.local/lib/python3.8/site-packages/torch/nn/functional.py", line 797, in _max_pool2d
    return torch.max_pool2d(input, kernel_size, stride, padding, dilation, ceil_mode)
RuntimeError: Given input size: (480x1x1). Calculated output size: (480x0x0). Output size is too small
Traceback (most recent call last):
  File "train.py", line 408, in <module>
    main()
  File "train.py", line 218, in main
    train(train_loader, model, criterion, optimizer, epoch)
  File "train.py", line 265, in train
    output = model(input_var)
  File "/home/archita/.local/lib/python3.8/site-packages/torch/nn/modules/module.py", line 1110, in _call_impl
    return forward_call(*input, **kwargs)
  File "/home/archita/.local/lib/python3.8/site-packages/torch/nn/parallel/data_parallel.py", line 166, in forward
    return self.module(*inputs[0], **kwargs[0])
  File "/home/archita/.local/lib/python3.8/site-packages/torch/nn/modules/module.py", line 1110, in _call_impl
    return forward_call(*input, **kwargs)
  File "/mnt/e/ImageNet-Downsampled/models/resnets/imagenet.py", line 174, in forward
    x, aux1, aux2 = self._forward(x)
  File "/mnt/e/ImageNet-Downsampled/models/resnets/imagenet.py", line 127, in _forward
    x = self.maxpool3(x)
  File "/home/archita/.local/lib/python3.8/site-packages/torch/nn/modules/module.py", line 1110, in _call_impl
    return forward_call(*input, **kwargs)
  File "/home/archita/.local/lib/python3.8/site-packages/torch/nn/modules/pooling.py", line 162, in forward
    return F.max_pool2d(input, self.kernel_size, self.stride,
  File "/home/archita/.local/lib/python3.8/site-packages/torch/_jit_internal.py", line 422, in fn
    return if_false(*args, **kwargs)
  File "/home/archita/.local/lib/python3.8/site-packages/torch/nn/functional.py", line 797, in _max_pool2d
    return torch.max_pool2d(input, kernel_size, stride, padding, dilation, ceil_mode)
RuntimeError: Given input size: (480x1x1). Calculated output size: (480x0x0). Output size is too small