2022-06-02 17:42:44,136 INFO    MainThread:167 [internal.py:wandb_internal():90] W&B internal server running at pid: 167, started at: 2022-06-02 17:42:44.135863
2022-06-02 17:42:44,137 INFO    WriterThread:167 [datastore.py:open_for_write():75] open: /mnt/d/ImageNet-Downsampled/wandb/run-20220602_174243-359cll27/run-359cll27.wandb
2022-06-02 17:42:44,139 DEBUG   SenderThread:167 [sender.py:send():232] send: header
2022-06-02 17:42:44,139 DEBUG   SenderThread:167 [sender.py:send():232] send: run
2022-06-02 17:42:44,462 DEBUG   HandlerThread:167 [handler.py:handle_request():141] handle_request: check_version
2022-06-02 17:42:44,464 INFO    SenderThread:167 [dir_watcher.py:__init__():197] watching files in: /mnt/d/ImageNet-Downsampled/wandb/run-20220602_174243-359cll27/files
2022-06-02 17:42:44,465 INFO    SenderThread:167 [sender.py:_start_run_threads():811] run started: 359cll27 with start time 1654171963
2022-06-02 17:42:44,465 DEBUG   SenderThread:167 [sender.py:send():232] send: summary
2022-06-02 17:42:44,466 INFO    SenderThread:167 [sender.py:_save_file():948] saving file wandb-summary.json with policy end
2022-06-02 17:42:44,467 DEBUG   SenderThread:167 [sender.py:send_request():246] send_request: check_version
2022-06-02 17:42:44,507 DEBUG   HandlerThread:167 [handler.py:handle_request():141] handle_request: run_start
2022-06-02 17:42:44,530 DEBUG   HandlerThread:167 [meta.py:__init__():35] meta init
2022-06-02 17:42:44,531 DEBUG   HandlerThread:167 [meta.py:__init__():49] meta init done
2022-06-02 17:42:44,531 DEBUG   HandlerThread:167 [meta.py:probe():209] probe
2022-06-02 17:42:44,543 DEBUG   HandlerThread:167 [meta.py:_setup_git():199] setup git
2022-06-02 17:42:44,584 DEBUG   HandlerThread:167 [meta.py:_setup_git():206] setup git done
2022-06-02 17:42:44,584 DEBUG   HandlerThread:167 [meta.py:_save_pip():53] save pip
2022-06-02 17:42:44,586 DEBUG   HandlerThread:167 [meta.py:_save_pip():67] save pip done
2022-06-02 17:42:44,586 DEBUG   HandlerThread:167 [meta.py:probe():247] probe done
2022-06-02 17:42:44,590 DEBUG   SenderThread:167 [sender.py:send():232] send: files
2022-06-02 17:42:44,590 INFO    SenderThread:167 [sender.py:_save_file():948] saving file wandb-metadata.json with policy now
2022-06-02 17:42:44,594 DEBUG   HandlerThread:167 [handler.py:handle_request():141] handle_request: stop_status
2022-06-02 17:42:44,594 DEBUG   SenderThread:167 [sender.py:send_request():246] send_request: stop_status
2022-06-02 17:42:44,604 DEBUG   HandlerThread:167 [handler.py:handle_request():141] handle_request: partial_history
2022-06-02 17:42:44,901 DEBUG   SenderThread:167 [sender.py:send():232] send: telemetry
2022-06-02 17:42:44,901 DEBUG   SenderThread:167 [sender.py:send():232] send: config
2022-06-02 17:42:44,902 DEBUG   SenderThread:167 [sender.py:send():232] send: telemetry
2022-06-02 17:42:44,902 DEBUG   SenderThread:167 [sender.py:send():232] send: config
2022-06-02 17:42:44,902 DEBUG   SenderThread:167 [sender.py:send():232] send: history
2022-06-02 17:42:44,902 DEBUG   SenderThread:167 [sender.py:send():232] send: summary
2022-06-02 17:42:44,904 INFO    SenderThread:167 [sender.py:_save_file():948] saving file wandb-summary.json with policy end
2022-06-02 17:42:44,904 DEBUG   SenderThread:167 [sender.py:send():232] send: telemetry
2022-06-02 17:42:45,468 INFO    Thread-7  :167 [dir_watcher.py:_on_file_created():244] file/dir created: /mnt/d/ImageNet-Downsampled/wandb/run-20220602_174243-359cll27/files/output.log
2022-06-02 17:42:45,468 INFO    Thread-7  :167 [dir_watcher.py:_on_file_created():244] file/dir created: /mnt/d/ImageNet-Downsampled/wandb/run-20220602_174243-359cll27/files/wandb-metadata.json
2022-06-02 17:42:45,469 INFO    Thread-7  :167 [dir_watcher.py:_on_file_created():244] file/dir created: /mnt/d/ImageNet-Downsampled/wandb/run-20220602_174243-359cll27/files/wandb-summary.json
2022-06-02 17:42:45,469 INFO    Thread-7  :167 [dir_watcher.py:_on_file_created():244] file/dir created: /mnt/d/ImageNet-Downsampled/wandb/run-20220602_174243-359cll27/files/requirements.txt
2022-06-02 17:42:46,000 INFO    Thread-11 :167 [upload_job.py:push():132] Uploaded file /tmp/tmp60w_y09mwandb/1i2gv4so-wandb-metadata.json
2022-06-02 17:42:46,469 INFO    Thread-7  :167 [dir_watcher.py:_on_file_modified():257] file/dir modified: /mnt/d/ImageNet-Downsampled/wandb/run-20220602_174243-359cll27/files/output.log
2022-06-02 17:42:47,472 INFO    Thread-7  :167 [dir_watcher.py:_on_file_modified():257] file/dir modified: /mnt/d/ImageNet-Downsampled/wandb/run-20220602_174243-359cll27/files/output.log
2022-06-02 17:42:47,619 DEBUG   SenderThread:167 [sender.py:send():232] send: exit
2022-06-02 17:42:47,619 DEBUG   HandlerThread:167 [handler.py:handle_request():141] handle_request: poll_exit
2022-06-02 17:42:47,619 INFO    SenderThread:167 [sender.py:send_exit():368] handling exit code: 1
2022-06-02 17:42:47,619 INFO    SenderThread:167 [sender.py:send_exit():370] handling runtime: 3
2022-06-02 17:42:47,621 INFO    SenderThread:167 [sender.py:_save_file():948] saving file wandb-summary.json with policy end
2022-06-02 17:42:47,622 INFO    SenderThread:167 [sender.py:send_exit():376] send defer
2022-06-02 17:42:47,622 DEBUG   SenderThread:167 [sender.py:send_request():246] send_request: poll_exit
2022-06-02 17:42:47,622 DEBUG   HandlerThread:167 [handler.py:handle_request():141] handle_request: defer
2022-06-02 17:42:47,622 INFO    HandlerThread:167 [handler.py:handle_request_defer():164] handle defer: 0
2022-06-02 17:42:47,622 DEBUG   SenderThread:167 [sender.py:send_request():246] send_request: defer
2022-06-02 17:42:47,622 INFO    SenderThread:167 [sender.py:send_request_defer():385] handle sender defer: 0
2022-06-02 17:42:47,623 INFO    SenderThread:167 [sender.py:transition_state():389] send defer: 1
2022-06-02 17:42:47,623 DEBUG   HandlerThread:167 [handler.py:handle_request():141] handle_request: defer
2022-06-02 17:42:47,623 INFO    HandlerThread:167 [handler.py:handle_request_defer():164] handle defer: 1
2022-06-02 17:42:47,673 DEBUG   SenderThread:167 [sender.py:send_request():246] send_request: defer
2022-06-02 17:42:47,673 INFO    SenderThread:167 [sender.py:send_request_defer():385] handle sender defer: 1
2022-06-02 17:42:47,673 INFO    SenderThread:167 [sender.py:transition_state():389] send defer: 2
2022-06-02 17:42:47,673 DEBUG   SenderThread:167 [sender.py:send():232] send: stats
2022-06-02 17:42:47,673 DEBUG   HandlerThread:167 [handler.py:handle_request():141] handle_request: defer
2022-06-02 17:42:47,674 INFO    HandlerThread:167 [handler.py:handle_request_defer():164] handle defer: 2
2022-06-02 17:42:47,674 DEBUG   SenderThread:167 [sender.py:send_request():246] send_request: defer
2022-06-02 17:42:47,674 INFO    SenderThread:167 [sender.py:send_request_defer():385] handle sender defer: 2
2022-06-02 17:42:47,674 INFO    SenderThread:167 [sender.py:transition_state():389] send defer: 3
2022-06-02 17:42:47,674 DEBUG   HandlerThread:167 [handler.py:handle_request():141] handle_request: defer
2022-06-02 17:42:47,675 INFO    HandlerThread:167 [handler.py:handle_request_defer():164] handle defer: 3
2022-06-02 17:42:47,675 DEBUG   SenderThread:167 [sender.py:send_request():246] send_request: defer
2022-06-02 17:42:47,675 INFO    SenderThread:167 [sender.py:send_request_defer():385] handle sender defer: 3
2022-06-02 17:42:47,675 INFO    SenderThread:167 [sender.py:transition_state():389] send defer: 4
2022-06-02 17:42:47,675 DEBUG   HandlerThread:167 [handler.py:handle_request():141] handle_request: defer
2022-06-02 17:42:47,675 INFO    HandlerThread:167 [handler.py:handle_request_defer():164] handle defer: 4
2022-06-02 17:42:47,675 DEBUG   SenderThread:167 [sender.py:send():232] send: summary
2022-06-02 17:42:47,677 INFO    SenderThread:167 [sender.py:_save_file():948] saving file wandb-summary.json with policy end
2022-06-02 17:42:47,678 DEBUG   SenderThread:167 [sender.py:send_request():246] send_request: defer
2022-06-02 17:42:47,678 INFO    SenderThread:167 [sender.py:send_request_defer():385] handle sender defer: 4
2022-06-02 17:42:47,678 INFO    SenderThread:167 [sender.py:transition_state():389] send defer: 5
2022-06-02 17:42:47,678 DEBUG   HandlerThread:167 [handler.py:handle_request():141] handle_request: defer
2022-06-02 17:42:47,678 INFO    HandlerThread:167 [handler.py:handle_request_defer():164] handle defer: 5
2022-06-02 17:42:47,679 DEBUG   SenderThread:167 [sender.py:send_request():246] send_request: defer
2022-06-02 17:42:47,679 INFO    SenderThread:167 [sender.py:send_request_defer():385] handle sender defer: 5
2022-06-02 17:42:47,723 DEBUG   HandlerThread:167 [handler.py:handle_request():141] handle_request: poll_exit
2022-06-02 17:42:48,052 INFO    SenderThread:167 [sender.py:transition_state():389] send defer: 6
2022-06-02 17:42:48,053 DEBUG   SenderThread:167 [sender.py:send_request():246] send_request: poll_exit
2022-06-02 17:42:48,053 DEBUG   HandlerThread:167 [handler.py:handle_request():141] handle_request: defer
2022-06-02 17:42:48,053 INFO    HandlerThread:167 [handler.py:handle_request_defer():164] handle defer: 6
2022-06-02 17:42:48,053 DEBUG   SenderThread:167 [sender.py:send_request():246] send_request: defer
2022-06-02 17:42:48,053 INFO    SenderThread:167 [sender.py:send_request_defer():385] handle sender defer: 6
2022-06-02 17:42:48,054 INFO    SenderThread:167 [dir_watcher.py:finish():312] shutting down directory watcher
2022-06-02 17:42:48,154 DEBUG   HandlerThread:167 [handler.py:handle_request():141] handle_request: poll_exit
2022-06-02 17:42:48,478 INFO    SenderThread:167 [dir_watcher.py:_on_file_modified():257] file/dir modified: /mnt/d/ImageNet-Downsampled/wandb/run-20220602_174243-359cll27/files/config.yaml
2022-06-02 17:42:48,479 INFO    SenderThread:167 [dir_watcher.py:_on_file_modified():257] file/dir modified: /mnt/d/ImageNet-Downsampled/wandb/run-20220602_174243-359cll27/files/output.log
2022-06-02 17:42:48,480 INFO    SenderThread:167 [dir_watcher.py:_on_file_modified():257] file/dir modified: /mnt/d/ImageNet-Downsampled/wandb/run-20220602_174243-359cll27/files/wandb-summary.json
2022-06-02 17:42:48,480 INFO    SenderThread:167 [dir_watcher.py:finish():342] scan: /mnt/d/ImageNet-Downsampled/wandb/run-20220602_174243-359cll27/files
2022-06-02 17:42:48,481 INFO    SenderThread:167 [dir_watcher.py:finish():356] scan save: /mnt/d/ImageNet-Downsampled/wandb/run-20220602_174243-359cll27/files/config.yaml config.yaml
2022-06-02 17:42:48,483 INFO    SenderThread:167 [dir_watcher.py:finish():356] scan save: /mnt/d/ImageNet-Downsampled/wandb/run-20220602_174243-359cll27/files/output.log output.log
2022-06-02 17:42:48,487 INFO    SenderThread:167 [dir_watcher.py:finish():356] scan save: /mnt/d/ImageNet-Downsampled/wandb/run-20220602_174243-359cll27/files/requirements.txt requirements.txt
2022-06-02 17:42:48,489 INFO    SenderThread:167 [dir_watcher.py:finish():356] scan save: /mnt/d/ImageNet-Downsampled/wandb/run-20220602_174243-359cll27/files/wandb-metadata.json wandb-metadata.json
2022-06-02 17:42:48,489 INFO    SenderThread:167 [dir_watcher.py:finish():356] scan save: /mnt/d/ImageNet-Downsampled/wandb/run-20220602_174243-359cll27/files/wandb-summary.json wandb-summary.json
2022-06-02 17:42:48,492 INFO    SenderThread:167 [sender.py:transition_state():389] send defer: 7
2022-06-02 17:42:48,492 DEBUG   SenderThread:167 [sender.py:send_request():246] send_request: poll_exit
2022-06-02 17:42:48,492 DEBUG   HandlerThread:167 [handler.py:handle_request():141] handle_request: defer
2022-06-02 17:42:48,493 INFO    HandlerThread:167 [handler.py:handle_request_defer():164] handle defer: 7
2022-06-02 17:42:48,494 DEBUG   SenderThread:167 [sender.py:send_request():246] send_request: defer
2022-06-02 17:42:48,494 INFO    SenderThread:167 [sender.py:send_request_defer():385] handle sender defer: 7
2022-06-02 17:42:48,494 INFO    SenderThread:167 [file_pusher.py:finish():145] shutting down file pusher
2022-06-02 17:42:48,593 DEBUG   HandlerThread:167 [handler.py:handle_request():141] handle_request: poll_exit
2022-06-02 17:42:48,594 DEBUG   SenderThread:167 [sender.py:send_request():246] send_request: poll_exit
2022-06-02 17:42:48,695 DEBUG   HandlerThread:167 [handler.py:handle_request():141] handle_request: poll_exit
2022-06-02 17:42:48,696 DEBUG   SenderThread:167 [sender.py:send_request():246] send_request: poll_exit
2022-06-02 17:42:48,797 DEBUG   HandlerThread:167 [handler.py:handle_request():141] handle_request: poll_exit
2022-06-02 17:42:48,797 DEBUG   SenderThread:167 [sender.py:send_request():246] send_request: poll_exit
2022-06-02 17:42:48,899 DEBUG   HandlerThread:167 [handler.py:handle_request():141] handle_request: poll_exit
2022-06-02 17:42:48,899 DEBUG   SenderThread:167 [sender.py:send_request():246] send_request: poll_exit
2022-06-02 17:42:49,000 DEBUG   HandlerThread:167 [handler.py:handle_request():141] handle_request: poll_exit
2022-06-02 17:42:49,001 DEBUG   SenderThread:167 [sender.py:send_request():246] send_request: poll_exit
2022-06-02 17:42:49,102 DEBUG   HandlerThread:167 [handler.py:handle_request():141] handle_request: poll_exit
2022-06-02 17:42:49,102 DEBUG   SenderThread:167 [sender.py:send_request():246] send_request: poll_exit
2022-06-02 17:42:49,204 DEBUG   HandlerThread:167 [handler.py:handle_request():141] handle_request: poll_exit
2022-06-02 17:42:49,204 DEBUG   SenderThread:167 [sender.py:send_request():246] send_request: poll_exit
2022-06-02 17:42:49,280 INFO    Thread-12 :167 [upload_job.py:push():132] Uploaded file /mnt/d/ImageNet-Downsampled/wandb/run-20220602_174243-359cll27/files/config.yaml
2022-06-02 17:42:49,290 INFO    Thread-14 :167 [upload_job.py:push():132] Uploaded file /mnt/d/ImageNet-Downsampled/wandb/run-20220602_174243-359cll27/files/requirements.txt
2022-06-02 17:42:49,305 DEBUG   HandlerThread:167 [handler.py:handle_request():141] handle_request: poll_exit
2022-06-02 17:42:49,306 DEBUG   SenderThread:167 [sender.py:send_request():246] send_request: poll_exit
2022-06-02 17:42:49,323 INFO    Thread-15 :167 [upload_job.py:push():132] Uploaded file /mnt/d/ImageNet-Downsampled/wandb/run-20220602_174243-359cll27/files/wandb-summary.json
2022-06-02 17:42:49,339 INFO    Thread-13 :167 [upload_job.py:push():132] Uploaded file /mnt/d/ImageNet-Downsampled/wandb/run-20220602_174243-359cll27/files/output.log
2022-06-02 17:42:49,407 DEBUG   HandlerThread:167 [handler.py:handle_request():141] handle_request: poll_exit
2022-06-02 17:42:49,408 DEBUG   SenderThread:167 [sender.py:send_request():246] send_request: poll_exit
2022-06-02 17:42:49,509 DEBUG   HandlerThread:167 [handler.py:handle_request():141] handle_request: poll_exit
2022-06-02 17:42:49,510 DEBUG   SenderThread:167 [sender.py:send_request():246] send_request: poll_exit
2022-06-02 17:42:49,539 INFO    Thread-6  :167 [sender.py:transition_state():389] send defer: 8
2022-06-02 17:42:49,540 DEBUG   HandlerThread:167 [handler.py:handle_request():141] handle_request: defer
2022-06-02 17:42:49,540 INFO    HandlerThread:167 [handler.py:handle_request_defer():164] handle defer: 8
2022-06-02 17:42:49,540 DEBUG   SenderThread:167 [sender.py:send_request():246] send_request: defer
2022-06-02 17:42:49,540 INFO    SenderThread:167 [sender.py:send_request_defer():385] handle sender defer: 8
2022-06-02 17:42:49,611 DEBUG   HandlerThread:167 [handler.py:handle_request():141] handle_request: poll_exit
2022-06-02 17:42:50,205 INFO    SenderThread:167 [sender.py:transition_state():389] send defer: 9
2022-06-02 17:42:50,206 DEBUG   SenderThread:167 [sender.py:send_request():246] send_request: poll_exit
2022-06-02 17:42:50,206 DEBUG   HandlerThread:167 [handler.py:handle_request():141] handle_request: defer
2022-06-02 17:42:50,206 INFO    HandlerThread:167 [handler.py:handle_request_defer():164] handle defer: 9
2022-06-02 17:42:50,207 DEBUG   SenderThread:167 [sender.py:send_request():246] send_request: defer
2022-06-02 17:42:50,207 INFO    SenderThread:167 [sender.py:send_request_defer():385] handle sender defer: 9
2022-06-02 17:42:50,207 INFO    SenderThread:167 [sender.py:transition_state():389] send defer: 10
2022-06-02 17:42:50,207 DEBUG   SenderThread:167 [sender.py:send():232] send: final
2022-06-02 17:42:50,208 DEBUG   HandlerThread:167 [handler.py:handle_request():141] handle_request: defer
2022-06-02 17:42:50,208 DEBUG   SenderThread:167 [sender.py:send():232] send: footer
2022-06-02 17:42:50,208 INFO    HandlerThread:167 [handler.py:handle_request_defer():164] handle defer: 10
2022-06-02 17:42:50,208 DEBUG   SenderThread:167 [sender.py:send_request():246] send_request: defer
2022-06-02 17:42:50,208 INFO    SenderThread:167 [sender.py:send_request_defer():385] handle sender defer: 10
2022-06-02 17:42:50,308 DEBUG   HandlerThread:167 [handler.py:handle_request():141] handle_request: poll_exit
2022-06-02 17:42:50,308 DEBUG   SenderThread:167 [sender.py:send_request():246] send_request: poll_exit
2022-06-02 17:42:50,308 INFO    SenderThread:167 [file_pusher.py:join():150] waiting for file pusher
2022-06-02 17:42:51,017 DEBUG   HandlerThread:167 [handler.py:handle_request():141] handle_request: sampled_history
2022-06-02 17:42:51,018 DEBUG   HandlerThread:167 [handler.py:handle_request():141] handle_request: get_summary
2022-06-02 17:42:51,018 DEBUG   HandlerThread:167 [handler.py:handle_request():141] handle_request: shutdown
2022-06-02 17:42:51,018 INFO    HandlerThread:167 [handler.py:finish():806] shutting down handler
2022-06-02 17:42:51,208 INFO    WriterThread:167 [datastore.py:close():279] close: /mnt/d/ImageNet-Downsampled/wandb/run-20220602_174243-359cll27/run-359cll27.wandb
2022-06-02 17:42:51,916 INFO    SenderThread:167 [sender.py:finish():1110] shutting down sender
2022-06-02 17:42:51,916 INFO    SenderThread:167 [file_pusher.py:finish():145] shutting down file pusher
2022-06-02 17:42:51,916 INFO    SenderThread:167 [file_pusher.py:join():150] waiting for file pusher
2022-06-02 17:42:51,917 INFO    MainThread:167 [internal.py:handle_exit():80] Internal process exited
