2022-04-23 14:33:18,387 INFO    MainThread:5971 [wandb_setup.py:_flush():75] Loading settings from /home/archita/.config/wandb/settings
2022-04-23 14:33:18,387 INFO    MainThread:5971 [wandb_setup.py:_flush():75] Loading settings from /home/archita/ImageNet-Downsampled/wandb/settings
2022-04-23 14:33:18,387 INFO    MainThread:5971 [wandb_setup.py:_flush():75] Loading settings from environment variables: {}
2022-04-23 14:33:18,387 INFO    MainThread:5971 [wandb_setup.py:_flush():75] Inferring run settings from compute environment: {'program_relpath': 'train.py', 'program': 'train.py'}
2022-04-23 14:33:18,387 INFO    MainThread:5971 [wandb_init.py:_log_setup():438] Logging user logs to /home/archita/ImageNet-Downsampled/wandb/run-20220423_143318-12jnxxpb/logs/debug.log
2022-04-23 14:33:18,387 INFO    MainThread:5971 [wandb_init.py:_log_setup():439] Logging internal logs to /home/archita/ImageNet-Downsampled/wandb/run-20220423_143318-12jnxxpb/logs/debug-internal.log
2022-04-23 14:33:18,387 INFO    MainThread:5971 [wandb_init.py:init():472] calling init triggers
2022-04-23 14:33:18,388 INFO    MainThread:5971 [wandb_init.py:init():475] wandb.init called with sweep_config: {}
config: {}
2022-04-23 14:33:18,388 INFO    MainThread:5971 [wandb_init.py:init():525] starting backend
2022-04-23 14:33:18,388 INFO    MainThread:5971 [backend.py:_multiprocessing_setup():99] multiprocessing start_methods=fork,spawn,forkserver, using: spawn
2022-04-23 14:33:18,426 INFO    MainThread:5971 [backend.py:ensure_launched():219] starting backend process...
2022-04-23 14:33:18,461 INFO    MainThread:5971 [backend.py:ensure_launched():224] started backend process with pid: 5998
2022-04-23 14:33:18,462 INFO    MainThread:5971 [wandb_init.py:init():534] backend started and connected
2022-04-23 14:33:18,468 INFO    MainThread:5971 [wandb_init.py:init():598] updated telemetry
2022-04-23 14:33:18,557 INFO    MainThread:5971 [wandb_init.py:init():629] communicating run to backend with 30 second timeout
2022-04-23 14:33:34,695 INFO    MainThread:5971 [wandb_run.py:_on_init():1922] communicating current version
2022-04-23 14:33:34,933 INFO    MainThread:5971 [wandb_run.py:_on_init():1926] got version response upgrade_message: "wandb version 0.12.15 is available!  To upgrade, please run:\n $ pip install wandb --upgrade"

2022-04-23 14:33:34,933 INFO    MainThread:5971 [wandb_init.py:init():660] starting run threads in backend
2022-04-23 14:33:37,087 INFO    MainThread:5971 [wandb_run.py:_console_start():1896] atexit reg
2022-04-23 14:33:37,087 INFO    MainThread:5971 [wandb_run.py:_redirect():1769] redirect: SettingsConsole.REDIRECT
2022-04-23 14:33:37,088 INFO    MainThread:5971 [wandb_run.py:_redirect():1774] Redirecting console.
2022-04-23 14:33:37,088 INFO    MainThread:5971 [wandb_run.py:_redirect():1830] Redirects installed.
2022-04-23 14:33:37,088 INFO    MainThread:5971 [wandb_init.py:init():685] run started, returning control to user process
2022-04-23 14:33:37,089 INFO    MainThread:5971 [wandb_run.py:_config_callback():1129] config_cb None None {'data': '/home/archita/Downloads', 'depth': 50, 'dataset': 'SmallImageNet', 'ngpu': 1, 'workers': 4, 'size': 16, 'classes': 1000, 'epochs': 100, 'start_epoch': 0, 'batch_size': 256, 'lr': 0.1, 'momentum': 0.9, 'weight_decay': 0.0001, 'print_freq': 100, 'log_freq': 500, 'resume': '', 'seed': 1234, 'prefix': 'test', 'project': 'Imagenet', 'evaluate': False, 'dryrun': None, 'model_type': 'imagenet'}
2022-04-23 14:33:37,089 INFO    MainThread:5971 [wandb_watch.py:watch():47] Watching
2022-04-23 14:33:37,089 INFO    MainThread:5971 [wandb_run.py:_config_callback():1129] config_cb None None {'Parameters': 61100840, 'FLOPs': 715561896.0}
2022-04-23 14:33:37,516 INFO    MainThread:5971 [wandb_run.py:_atexit_cleanup():1865] got exitcode: 1
2022-04-23 14:33:37,517 INFO    MainThread:5971 [wandb_run.py:_restore():1837] restore
2022-04-23 14:33:42,621 INFO    MainThread:5971 [wandb_run.py:_on_finish():1995] got exit ret: file_counts {
  wandb_count: 1
}
pusher_stats {
  total_bytes: 1150
}

2022-04-23 14:33:42,726 INFO    MainThread:5971 [wandb_run.py:_on_finish():1995] got exit ret: file_counts {
  wandb_count: 1
}
pusher_stats {
  total_bytes: 1150
}

2022-04-23 14:33:47,827 INFO    MainThread:5971 [wandb_run.py:_on_finish():1995] got exit ret: None
2022-04-23 14:33:48,092 INFO    MainThread:5971 [wandb_run.py:_on_finish():1995] got exit ret: file_counts {
  wandb_count: 1
}
pusher_stats {
  total_bytes: 1150
}

2022-04-23 14:33:48,752 INFO    MainThread:5971 [wandb_run.py:_on_finish():1995] got exit ret: file_counts {
  wandb_count: 2
}
pusher_stats {
  total_bytes: 5029
}

2022-04-23 14:33:48,855 INFO    MainThread:5971 [wandb_run.py:_on_finish():1995] got exit ret: file_counts {
  wandb_count: 5
}
pusher_stats {
  total_bytes: 11862
}

2022-04-23 14:33:48,957 INFO    MainThread:5971 [wandb_run.py:_on_finish():1995] got exit ret: file_counts {
  wandb_count: 5
}
pusher_stats {
  total_bytes: 11862
}

2022-04-23 14:33:49,060 INFO    MainThread:5971 [wandb_run.py:_on_finish():1995] got exit ret: file_counts {
  wandb_count: 5
}
pusher_stats {
  total_bytes: 11862
}

2022-04-23 14:33:49,163 INFO    MainThread:5971 [wandb_run.py:_on_finish():1995] got exit ret: file_counts {
  wandb_count: 5
}
pusher_stats {
  total_bytes: 11862
}

2022-04-23 14:33:49,265 INFO    MainThread:5971 [wandb_run.py:_on_finish():1995] got exit ret: file_counts {
  wandb_count: 5
}
pusher_stats {
  total_bytes: 11862
}

2022-04-23 14:33:49,368 INFO    MainThread:5971 [wandb_run.py:_on_finish():1995] got exit ret: file_counts {
  wandb_count: 5
}
pusher_stats {
  total_bytes: 11862
}

2022-04-23 14:33:49,470 INFO    MainThread:5971 [wandb_run.py:_on_finish():1995] got exit ret: file_counts {
  wandb_count: 5
}
pusher_stats {
  total_bytes: 11862
}

2022-04-23 14:33:49,573 INFO    MainThread:5971 [wandb_run.py:_on_finish():1995] got exit ret: file_counts {
  wandb_count: 5
}
pusher_stats {
  total_bytes: 11862
}

2022-04-23 14:33:49,676 INFO    MainThread:5971 [wandb_run.py:_on_finish():1995] got exit ret: file_counts {
  wandb_count: 5
}
pusher_stats {
  total_bytes: 11862
}

2022-04-23 14:33:49,778 INFO    MainThread:5971 [wandb_run.py:_on_finish():1995] got exit ret: file_counts {
  wandb_count: 5
}
pusher_stats {
  total_bytes: 11862
}

2022-04-23 14:33:49,881 INFO    MainThread:5971 [wandb_run.py:_on_finish():1995] got exit ret: file_counts {
  wandb_count: 5
}
pusher_stats {
  total_bytes: 11862
}

2022-04-23 14:33:49,984 INFO    MainThread:5971 [wandb_run.py:_on_finish():1995] got exit ret: file_counts {
  wandb_count: 5
}
pusher_stats {
  total_bytes: 11862
}

2022-04-23 14:33:50,087 INFO    MainThread:5971 [wandb_run.py:_on_finish():1995] got exit ret: file_counts {
  wandb_count: 5
}
pusher_stats {
  total_bytes: 11862
}

2022-04-23 14:33:50,189 INFO    MainThread:5971 [wandb_run.py:_on_finish():1995] got exit ret: file_counts {
  wandb_count: 5
}
pusher_stats {
  total_bytes: 11862
}

2022-04-23 14:33:50,292 INFO    MainThread:5971 [wandb_run.py:_on_finish():1995] got exit ret: file_counts {
  wandb_count: 5
}
pusher_stats {
  total_bytes: 11862
}

2022-04-23 14:33:50,395 INFO    MainThread:5971 [wandb_run.py:_on_finish():1995] got exit ret: file_counts {
  wandb_count: 5
}
pusher_stats {
  total_bytes: 11862
}

2022-04-23 14:33:50,497 INFO    MainThread:5971 [wandb_run.py:_on_finish():1995] got exit ret: file_counts {
  wandb_count: 5
}
pusher_stats {
  total_bytes: 11862
}

2022-04-23 14:33:50,600 INFO    MainThread:5971 [wandb_run.py:_on_finish():1995] got exit ret: file_counts {
  wandb_count: 5
}
pusher_stats {
  total_bytes: 11862
}

2022-04-23 14:33:50,703 INFO    MainThread:5971 [wandb_run.py:_on_finish():1995] got exit ret: file_counts {
  wandb_count: 5
}
pusher_stats {
  total_bytes: 11862
}

2022-04-23 14:33:50,805 INFO    MainThread:5971 [wandb_run.py:_on_finish():1995] got exit ret: file_counts {
  wandb_count: 5
}
pusher_stats {
  total_bytes: 11862
}

2022-04-23 14:33:50,908 INFO    MainThread:5971 [wandb_run.py:_on_finish():1995] got exit ret: file_counts {
  wandb_count: 5
}
pusher_stats {
  total_bytes: 11862
}

2022-04-23 14:33:51,010 INFO    MainThread:5971 [wandb_run.py:_on_finish():1995] got exit ret: file_counts {
  wandb_count: 5
}
pusher_stats {
  total_bytes: 11862
}

2022-04-23 14:33:51,113 INFO    MainThread:5971 [wandb_run.py:_on_finish():1995] got exit ret: file_counts {
  wandb_count: 5
}
pusher_stats {
  total_bytes: 11862
}

2022-04-23 14:33:51,215 INFO    MainThread:5971 [wandb_run.py:_on_finish():1995] got exit ret: file_counts {
  wandb_count: 5
}
pusher_stats {
  total_bytes: 11862
}

2022-04-23 14:33:51,318 INFO    MainThread:5971 [wandb_run.py:_on_finish():1995] got exit ret: file_counts {
  wandb_count: 5
}
pusher_stats {
  total_bytes: 11862
}

2022-04-23 14:33:51,421 INFO    MainThread:5971 [wandb_run.py:_on_finish():1995] got exit ret: file_counts {
  wandb_count: 5
}
pusher_stats {
  total_bytes: 11862
}

2022-04-23 14:33:51,523 INFO    MainThread:5971 [wandb_run.py:_on_finish():1995] got exit ret: file_counts {
  wandb_count: 5
}
pusher_stats {
  total_bytes: 11862
}

2022-04-23 14:33:51,626 INFO    MainThread:5971 [wandb_run.py:_on_finish():1995] got exit ret: file_counts {
  wandb_count: 5
}
pusher_stats {
  total_bytes: 11862
}

2022-04-23 14:33:51,728 INFO    MainThread:5971 [wandb_run.py:_on_finish():1995] got exit ret: file_counts {
  wandb_count: 5
}
pusher_stats {
  total_bytes: 11862
}

2022-04-23 14:33:51,831 INFO    MainThread:5971 [wandb_run.py:_on_finish():1995] got exit ret: file_counts {
  wandb_count: 5
}
pusher_stats {
  total_bytes: 11862
}

2022-04-23 14:33:51,934 INFO    MainThread:5971 [wandb_run.py:_on_finish():1995] got exit ret: file_counts {
  wandb_count: 5
}
pusher_stats {
  total_bytes: 11862
}

2022-04-23 14:33:52,036 INFO    MainThread:5971 [wandb_run.py:_on_finish():1995] got exit ret: file_counts {
  wandb_count: 5
}
pusher_stats {
  total_bytes: 11862
}

2022-04-23 14:33:52,139 INFO    MainThread:5971 [wandb_run.py:_on_finish():1995] got exit ret: file_counts {
  wandb_count: 5
}
pusher_stats {
  total_bytes: 11862
}

2022-04-23 14:33:52,241 INFO    MainThread:5971 [wandb_run.py:_on_finish():1995] got exit ret: file_counts {
  wandb_count: 5
}
pusher_stats {
  total_bytes: 11862
}

2022-04-23 14:33:52,344 INFO    MainThread:5971 [wandb_run.py:_on_finish():1995] got exit ret: file_counts {
  wandb_count: 5
}
pusher_stats {
  total_bytes: 11862
}

2022-04-23 14:33:52,447 INFO    MainThread:5971 [wandb_run.py:_on_finish():1995] got exit ret: file_counts {
  wandb_count: 5
}
pusher_stats {
  total_bytes: 11862
}

2022-04-23 14:33:52,549 INFO    MainThread:5971 [wandb_run.py:_on_finish():1995] got exit ret: file_counts {
  wandb_count: 5
}
pusher_stats {
  total_bytes: 11862
}

2022-04-23 14:33:52,651 INFO    MainThread:5971 [wandb_run.py:_on_finish():1995] got exit ret: file_counts {
  wandb_count: 5
}
pusher_stats {
  total_bytes: 11862
}

2022-04-23 14:33:52,752 INFO    MainThread:5971 [wandb_run.py:_on_finish():1995] got exit ret: file_counts {
  wandb_count: 5
}
pusher_stats {
  total_bytes: 11862
}

2022-04-23 14:33:52,854 INFO    MainThread:5971 [wandb_run.py:_on_finish():1995] got exit ret: file_counts {
  wandb_count: 5
}
pusher_stats {
  total_bytes: 11862
}

2022-04-23 14:33:52,955 INFO    MainThread:5971 [wandb_run.py:_on_finish():1995] got exit ret: file_counts {
  wandb_count: 5
}
pusher_stats {
  total_bytes: 11862
}

2022-04-23 14:33:53,058 INFO    MainThread:5971 [wandb_run.py:_on_finish():1995] got exit ret: file_counts {
  wandb_count: 5
}
pusher_stats {
  total_bytes: 11862
}

2022-04-23 14:33:53,159 INFO    MainThread:5971 [wandb_run.py:_on_finish():1995] got exit ret: file_counts {
  wandb_count: 5
}
pusher_stats {
  total_bytes: 11862
}

2022-04-23 14:33:53,262 INFO    MainThread:5971 [wandb_run.py:_on_finish():1995] got exit ret: file_counts {
  wandb_count: 5
}
pusher_stats {
  total_bytes: 11862
}

2022-04-23 14:33:53,364 INFO    MainThread:5971 [wandb_run.py:_on_finish():1995] got exit ret: file_counts {
  wandb_count: 5
}
pusher_stats {
  total_bytes: 11862
}

2022-04-23 14:33:53,466 INFO    MainThread:5971 [wandb_run.py:_on_finish():1995] got exit ret: file_counts {
  wandb_count: 5
}
pusher_stats {
  total_bytes: 11862
}

2022-04-23 14:33:53,567 INFO    MainThread:5971 [wandb_run.py:_on_finish():1995] got exit ret: file_counts {
  wandb_count: 5
}
pusher_stats {
  total_bytes: 11862
}

2022-04-23 14:33:53,669 INFO    MainThread:5971 [wandb_run.py:_on_finish():1995] got exit ret: file_counts {
  wandb_count: 5
}
pusher_stats {
  total_bytes: 11862
}

2022-04-23 14:33:53,770 INFO    MainThread:5971 [wandb_run.py:_on_finish():1995] got exit ret: file_counts {
  wandb_count: 5
}
pusher_stats {
  total_bytes: 11862
}

2022-04-23 14:33:53,871 INFO    MainThread:5971 [wandb_run.py:_on_finish():1995] got exit ret: file_counts {
  wandb_count: 5
}
pusher_stats {
  uploaded_bytes: 1150
  total_bytes: 11862
}

2022-04-23 14:33:53,973 INFO    MainThread:5971 [wandb_run.py:_on_finish():1995] got exit ret: file_counts {
  wandb_count: 5
}
pusher_stats {
  uploaded_bytes: 1150
  total_bytes: 11862
}

2022-04-23 14:33:54,074 INFO    MainThread:5971 [wandb_run.py:_on_finish():1995] got exit ret: file_counts {
  wandb_count: 5
}
pusher_stats {
  uploaded_bytes: 1150
  total_bytes: 11862
}

2022-04-23 14:33:54,177 INFO    MainThread:5971 [wandb_run.py:_on_finish():1995] got exit ret: file_counts {
  wandb_count: 5
}
pusher_stats {
  uploaded_bytes: 1150
  total_bytes: 11862
}

2022-04-23 14:33:54,279 INFO    MainThread:5971 [wandb_run.py:_on_finish():1995] got exit ret: file_counts {
  wandb_count: 5
}
pusher_stats {
  uploaded_bytes: 1150
  total_bytes: 11862
}

2022-04-23 14:33:54,381 INFO    MainThread:5971 [wandb_run.py:_on_finish():1995] got exit ret: file_counts {
  wandb_count: 5
}
pusher_stats {
  uploaded_bytes: 1150
  total_bytes: 11862
}

2022-04-23 14:33:54,484 INFO    MainThread:5971 [wandb_run.py:_on_finish():1995] got exit ret: file_counts {
  wandb_count: 5
}
pusher_stats {
  uploaded_bytes: 1150
  total_bytes: 11862
}

2022-04-23 14:33:54,586 INFO    MainThread:5971 [wandb_run.py:_on_finish():1995] got exit ret: file_counts {
  wandb_count: 5
}
pusher_stats {
  uploaded_bytes: 1150
  total_bytes: 11862
}

2022-04-23 14:33:54,688 INFO    MainThread:5971 [wandb_run.py:_on_finish():1995] got exit ret: file_counts {
  wandb_count: 5
}
pusher_stats {
  uploaded_bytes: 1150
  total_bytes: 11862
}

2022-04-23 14:33:54,791 INFO    MainThread:5971 [wandb_run.py:_on_finish():1995] got exit ret: file_counts {
  wandb_count: 5
}
pusher_stats {
  uploaded_bytes: 1150
  total_bytes: 11862
}

2022-04-23 14:33:54,892 INFO    MainThread:5971 [wandb_run.py:_on_finish():1995] got exit ret: file_counts {
  wandb_count: 5
}
pusher_stats {
  uploaded_bytes: 1150
  total_bytes: 11862
}

2022-04-23 14:33:54,994 INFO    MainThread:5971 [wandb_run.py:_on_finish():1995] got exit ret: file_counts {
  wandb_count: 5
}
pusher_stats {
  uploaded_bytes: 1150
  total_bytes: 11862
}

2022-04-23 14:33:55,095 INFO    MainThread:5971 [wandb_run.py:_on_finish():1995] got exit ret: file_counts {
  wandb_count: 5
}
pusher_stats {
  uploaded_bytes: 1150
  total_bytes: 11862
}

2022-04-23 14:33:55,197 INFO    MainThread:5971 [wandb_run.py:_on_finish():1995] got exit ret: file_counts {
  wandb_count: 5
}
pusher_stats {
  uploaded_bytes: 1150
  total_bytes: 11862
}

2022-04-23 14:33:55,298 INFO    MainThread:5971 [wandb_run.py:_on_finish():1995] got exit ret: file_counts {
  wandb_count: 5
}
pusher_stats {
  uploaded_bytes: 1150
  total_bytes: 11862
}

2022-04-23 14:33:55,400 INFO    MainThread:5971 [wandb_run.py:_on_finish():1995] got exit ret: file_counts {
  wandb_count: 5
}
pusher_stats {
  uploaded_bytes: 1150
  total_bytes: 11862
}

2022-04-23 14:33:55,503 INFO    MainThread:5971 [wandb_run.py:_on_finish():1995] got exit ret: file_counts {
  wandb_count: 5
}
pusher_stats {
  uploaded_bytes: 1150
  total_bytes: 11862
}

2022-04-23 14:33:55,606 INFO    MainThread:5971 [wandb_run.py:_on_finish():1995] got exit ret: file_counts {
  wandb_count: 5
}
pusher_stats {
  uploaded_bytes: 1150
  total_bytes: 11862
}

2022-04-23 14:33:55,708 INFO    MainThread:5971 [wandb_run.py:_on_finish():1995] got exit ret: file_counts {
  wandb_count: 5
}
pusher_stats {
  uploaded_bytes: 1150
  total_bytes: 11862
}

2022-04-23 14:33:55,811 INFO    MainThread:5971 [wandb_run.py:_on_finish():1995] got exit ret: file_counts {
  wandb_count: 5
}
pusher_stats {
  uploaded_bytes: 1150
  total_bytes: 11862
}

2022-04-23 14:33:55,914 INFO    MainThread:5971 [wandb_run.py:_on_finish():1995] got exit ret: file_counts {
  wandb_count: 5
}
pusher_stats {
  uploaded_bytes: 1150
  total_bytes: 11862
}

2022-04-23 14:33:56,016 INFO    MainThread:5971 [wandb_run.py:_on_finish():1995] got exit ret: file_counts {
  wandb_count: 5
}
pusher_stats {
  uploaded_bytes: 1150
  total_bytes: 11862
}

2022-04-23 14:33:56,119 INFO    MainThread:5971 [wandb_run.py:_on_finish():1995] got exit ret: file_counts {
  wandb_count: 5
}
pusher_stats {
  uploaded_bytes: 1150
  total_bytes: 11862
}

2022-04-23 14:33:56,222 INFO    MainThread:5971 [wandb_run.py:_on_finish():1995] got exit ret: file_counts {
  wandb_count: 5
}
pusher_stats {
  uploaded_bytes: 1150
  total_bytes: 11862
}

2022-04-23 14:33:56,323 INFO    MainThread:5971 [wandb_run.py:_on_finish():1995] got exit ret: file_counts {
  wandb_count: 5
}
pusher_stats {
  uploaded_bytes: 1150
  total_bytes: 11862
}

2022-04-23 14:33:56,425 INFO    MainThread:5971 [wandb_run.py:_on_finish():1995] got exit ret: file_counts {
  wandb_count: 5
}
pusher_stats {
  uploaded_bytes: 1150
  total_bytes: 11862
}

2022-04-23 14:33:56,526 INFO    MainThread:5971 [wandb_run.py:_on_finish():1995] got exit ret: file_counts {
  wandb_count: 5
}
pusher_stats {
  uploaded_bytes: 1150
  total_bytes: 11862
}

2022-04-23 14:33:56,627 INFO    MainThread:5971 [wandb_run.py:_on_finish():1995] got exit ret: file_counts {
  wandb_count: 5
}
pusher_stats {
  uploaded_bytes: 1150
  total_bytes: 11862
}

2022-04-23 14:33:56,729 INFO    MainThread:5971 [wandb_run.py:_on_finish():1995] got exit ret: file_counts {
  wandb_count: 5
}
pusher_stats {
  uploaded_bytes: 1150
  total_bytes: 11862
}

2022-04-23 14:33:56,832 INFO    MainThread:5971 [wandb_run.py:_on_finish():1995] got exit ret: file_counts {
  wandb_count: 5
}
pusher_stats {
  uploaded_bytes: 1150
  total_bytes: 11862
}

2022-04-23 14:33:56,935 INFO    MainThread:5971 [wandb_run.py:_on_finish():1995] got exit ret: file_counts {
  wandb_count: 5
}
pusher_stats {
  uploaded_bytes: 1150
  total_bytes: 11862
}

2022-04-23 14:33:57,037 INFO    MainThread:5971 [wandb_run.py:_on_finish():1995] got exit ret: file_counts {
  wandb_count: 5
}
pusher_stats {
  uploaded_bytes: 1150
  total_bytes: 11862
}

2022-04-23 14:33:57,139 INFO    MainThread:5971 [wandb_run.py:_on_finish():1995] got exit ret: file_counts {
  wandb_count: 5
}
pusher_stats {
  uploaded_bytes: 1150
  total_bytes: 11862
}

2022-04-23 14:33:57,242 INFO    MainThread:5971 [wandb_run.py:_on_finish():1995] got exit ret: file_counts {
  wandb_count: 5
}
pusher_stats {
  uploaded_bytes: 1150
  total_bytes: 11862
}

2022-04-23 14:33:57,344 INFO    MainThread:5971 [wandb_run.py:_on_finish():1995] got exit ret: file_counts {
  wandb_count: 5
}
pusher_stats {
  uploaded_bytes: 1150
  total_bytes: 11862
}

2022-04-23 14:33:57,447 INFO    MainThread:5971 [wandb_run.py:_on_finish():1995] got exit ret: file_counts {
  wandb_count: 5
}
pusher_stats {
  uploaded_bytes: 1150
  total_bytes: 11862
}

2022-04-23 14:33:57,549 INFO    MainThread:5971 [wandb_run.py:_on_finish():1995] got exit ret: file_counts {
  wandb_count: 5
}
pusher_stats {
  uploaded_bytes: 1150
  total_bytes: 11862
}

2022-04-23 14:33:57,652 INFO    MainThread:5971 [wandb_run.py:_on_finish():1995] got exit ret: file_counts {
  wandb_count: 5
}
pusher_stats {
  uploaded_bytes: 1150
  total_bytes: 11862
}

2022-04-23 14:33:57,754 INFO    MainThread:5971 [wandb_run.py:_on_finish():1995] got exit ret: file_counts {
  wandb_count: 5
}
pusher_stats {
  uploaded_bytes: 1150
  total_bytes: 11862
}

2022-04-23 14:33:57,857 INFO    MainThread:5971 [wandb_run.py:_on_finish():1995] got exit ret: file_counts {
  wandb_count: 5
}
pusher_stats {
  uploaded_bytes: 1150
  total_bytes: 11862
}

2022-04-23 14:33:57,960 INFO    MainThread:5971 [wandb_run.py:_on_finish():1995] got exit ret: file_counts {
  wandb_count: 5
}
pusher_stats {
  uploaded_bytes: 1150
  total_bytes: 11862
}

2022-04-23 14:33:58,062 INFO    MainThread:5971 [wandb_run.py:_on_finish():1995] got exit ret: file_counts {
  wandb_count: 5
}
pusher_stats {
  uploaded_bytes: 1150
  total_bytes: 11862
}

2022-04-23 14:33:58,165 INFO    MainThread:5971 [wandb_run.py:_on_finish():1995] got exit ret: file_counts {
  wandb_count: 5
}
pusher_stats {
  uploaded_bytes: 1150
  total_bytes: 11862
}

2022-04-23 14:33:58,267 INFO    MainThread:5971 [wandb_run.py:_on_finish():1995] got exit ret: file_counts {
  wandb_count: 5
}
pusher_stats {
  uploaded_bytes: 1150
  total_bytes: 11862
}

2022-04-23 14:33:58,370 INFO    MainThread:5971 [wandb_run.py:_on_finish():1995] got exit ret: file_counts {
  wandb_count: 5
}
pusher_stats {
  uploaded_bytes: 1150
  total_bytes: 11862
}

2022-04-23 14:33:58,472 INFO    MainThread:5971 [wandb_run.py:_on_finish():1995] got exit ret: file_counts {
  wandb_count: 5
}
pusher_stats {
  uploaded_bytes: 1150
  total_bytes: 11862
}

2022-04-23 14:33:58,575 INFO    MainThread:5971 [wandb_run.py:_on_finish():1995] got exit ret: file_counts {
  wandb_count: 5
}
pusher_stats {
  uploaded_bytes: 1150
  total_bytes: 11862
}

2022-04-23 14:33:58,677 INFO    MainThread:5971 [wandb_run.py:_on_finish():1995] got exit ret: file_counts {
  wandb_count: 5
}
pusher_stats {
  uploaded_bytes: 1150
  total_bytes: 11862
}

2022-04-23 14:33:58,779 INFO    MainThread:5971 [wandb_run.py:_on_finish():1995] got exit ret: file_counts {
  wandb_count: 5
}
pusher_stats {
  uploaded_bytes: 1150
  total_bytes: 11862
}

2022-04-23 14:33:58,882 INFO    MainThread:5971 [wandb_run.py:_on_finish():1995] got exit ret: file_counts {
  wandb_count: 5
}
pusher_stats {
  uploaded_bytes: 1150
  total_bytes: 11862
}

2022-04-23 14:33:58,985 INFO    MainThread:5971 [wandb_run.py:_on_finish():1995] got exit ret: file_counts {
  wandb_count: 5
}
pusher_stats {
  uploaded_bytes: 1150
  total_bytes: 11862
}

2022-04-23 14:33:59,087 INFO    MainThread:5971 [wandb_run.py:_on_finish():1995] got exit ret: file_counts {
  wandb_count: 5
}
pusher_stats {
  uploaded_bytes: 1150
  total_bytes: 11862
}

2022-04-23 14:33:59,190 INFO    MainThread:5971 [wandb_run.py:_on_finish():1995] got exit ret: file_counts {
  wandb_count: 5
}
pusher_stats {
  uploaded_bytes: 1150
  total_bytes: 11862
}

2022-04-23 14:33:59,293 INFO    MainThread:5971 [wandb_run.py:_on_finish():1995] got exit ret: file_counts {
  wandb_count: 5
}
pusher_stats {
  uploaded_bytes: 1150
  total_bytes: 11862
}

2022-04-23 14:33:59,395 INFO    MainThread:5971 [wandb_run.py:_on_finish():1995] got exit ret: file_counts {
  wandb_count: 5
}
pusher_stats {
  uploaded_bytes: 1150
  total_bytes: 11862
}

2022-04-23 14:33:59,498 INFO    MainThread:5971 [wandb_run.py:_on_finish():1995] got exit ret: file_counts {
  wandb_count: 5
}
pusher_stats {
  uploaded_bytes: 1150
  total_bytes: 11862
}

2022-04-23 14:33:59,601 INFO    MainThread:5971 [wandb_run.py:_on_finish():1995] got exit ret: file_counts {
  wandb_count: 5
}
pusher_stats {
  uploaded_bytes: 1150
  total_bytes: 11862
}

2022-04-23 14:33:59,703 INFO    MainThread:5971 [wandb_run.py:_on_finish():1995] got exit ret: file_counts {
  wandb_count: 5
}
pusher_stats {
  uploaded_bytes: 1150
  total_bytes: 11862
}

2022-04-23 14:33:59,806 INFO    MainThread:5971 [wandb_run.py:_on_finish():1995] got exit ret: file_counts {
  wandb_count: 5
}
pusher_stats {
  uploaded_bytes: 1150
  total_bytes: 11862
}

2022-04-23 14:33:59,908 INFO    MainThread:5971 [wandb_run.py:_on_finish():1995] got exit ret: file_counts {
  wandb_count: 5
}
pusher_stats {
  uploaded_bytes: 1150
  total_bytes: 11862
}

2022-04-23 14:34:00,011 INFO    MainThread:5971 [wandb_run.py:_on_finish():1995] got exit ret: file_counts {
  wandb_count: 5
}
pusher_stats {
  uploaded_bytes: 1150
  total_bytes: 11862
}

2022-04-23 14:34:00,113 INFO    MainThread:5971 [wandb_run.py:_on_finish():1995] got exit ret: file_counts {
  wandb_count: 5
}
pusher_stats {
  uploaded_bytes: 1150
  total_bytes: 11862
}

2022-04-23 14:34:00,216 INFO    MainThread:5971 [wandb_run.py:_on_finish():1995] got exit ret: file_counts {
  wandb_count: 5
}
pusher_stats {
  uploaded_bytes: 1150
  total_bytes: 11862
}

2022-04-23 14:34:00,318 INFO    MainThread:5971 [wandb_run.py:_on_finish():1995] got exit ret: file_counts {
  wandb_count: 5
}
pusher_stats {
  uploaded_bytes: 1150
  total_bytes: 11862
}

2022-04-23 14:34:00,421 INFO    MainThread:5971 [wandb_run.py:_on_finish():1995] got exit ret: file_counts {
  wandb_count: 5
}
pusher_stats {
  uploaded_bytes: 1150
  total_bytes: 11862
}

2022-04-23 14:34:00,524 INFO    MainThread:5971 [wandb_run.py:_on_finish():1995] got exit ret: file_counts {
  wandb_count: 5
}
pusher_stats {
  uploaded_bytes: 1150
  total_bytes: 11862
}

2022-04-23 14:34:00,626 INFO    MainThread:5971 [wandb_run.py:_on_finish():1995] got exit ret: file_counts {
  wandb_count: 5
}
pusher_stats {
  uploaded_bytes: 1150
  total_bytes: 11862
}

2022-04-23 14:34:00,729 INFO    MainThread:5971 [wandb_run.py:_on_finish():1995] got exit ret: file_counts {
  wandb_count: 5
}
pusher_stats {
  uploaded_bytes: 1150
  total_bytes: 11862
}

2022-04-23 14:34:00,832 INFO    MainThread:5971 [wandb_run.py:_on_finish():1995] got exit ret: file_counts {
  wandb_count: 5
}
pusher_stats {
  uploaded_bytes: 1150
  total_bytes: 11862
}

2022-04-23 14:34:00,934 INFO    MainThread:5971 [wandb_run.py:_on_finish():1995] got exit ret: file_counts {
  wandb_count: 5
}
pusher_stats {
  uploaded_bytes: 1150
  total_bytes: 11862
}

2022-04-23 14:34:01,036 INFO    MainThread:5971 [wandb_run.py:_on_finish():1995] got exit ret: file_counts {
  wandb_count: 5
}
pusher_stats {
  uploaded_bytes: 1150
  total_bytes: 11862
}

2022-04-23 14:34:01,139 INFO    MainThread:5971 [wandb_run.py:_on_finish():1995] got exit ret: file_counts {
  wandb_count: 5
}
pusher_stats {
  uploaded_bytes: 1150
  total_bytes: 11862
}

2022-04-23 14:34:01,242 INFO    MainThread:5971 [wandb_run.py:_on_finish():1995] got exit ret: file_counts {
  wandb_count: 5
}
pusher_stats {
  uploaded_bytes: 1150
  total_bytes: 11862
}

2022-04-23 14:34:01,344 INFO    MainThread:5971 [wandb_run.py:_on_finish():1995] got exit ret: file_counts {
  wandb_count: 5
}
pusher_stats {
  uploaded_bytes: 1150
  total_bytes: 11862
}

2022-04-23 14:34:01,447 INFO    MainThread:5971 [wandb_run.py:_on_finish():1995] got exit ret: file_counts {
  wandb_count: 5
}
pusher_stats {
  uploaded_bytes: 1150
  total_bytes: 11862
}

2022-04-23 14:34:01,549 INFO    MainThread:5971 [wandb_run.py:_on_finish():1995] got exit ret: file_counts {
  wandb_count: 5
}
pusher_stats {
  uploaded_bytes: 1150
  total_bytes: 11862
}

2022-04-23 14:34:01,652 INFO    MainThread:5971 [wandb_run.py:_on_finish():1995] got exit ret: file_counts {
  wandb_count: 5
}
pusher_stats {
  uploaded_bytes: 1150
  total_bytes: 11862
}

2022-04-23 14:34:01,755 INFO    MainThread:5971 [wandb_run.py:_on_finish():1995] got exit ret: file_counts {
  wandb_count: 5
}
pusher_stats {
  uploaded_bytes: 1150
  total_bytes: 11862
}

2022-04-23 14:34:01,857 INFO    MainThread:5971 [wandb_run.py:_on_finish():1995] got exit ret: file_counts {
  wandb_count: 5
}
pusher_stats {
  uploaded_bytes: 1150
  total_bytes: 11862
}

2022-04-23 14:34:01,960 INFO    MainThread:5971 [wandb_run.py:_on_finish():1995] got exit ret: file_counts {
  wandb_count: 5
}
pusher_stats {
  uploaded_bytes: 1150
  total_bytes: 11862
}

2022-04-23 14:34:02,062 INFO    MainThread:5971 [wandb_run.py:_on_finish():1995] got exit ret: file_counts {
  wandb_count: 5
}
pusher_stats {
  uploaded_bytes: 1150
  total_bytes: 11862
}

2022-04-23 14:34:02,165 INFO    MainThread:5971 [wandb_run.py:_on_finish():1995] got exit ret: file_counts {
  wandb_count: 5
}
pusher_stats {
  uploaded_bytes: 1150
  total_bytes: 11862
}

2022-04-23 14:34:02,268 INFO    MainThread:5971 [wandb_run.py:_on_finish():1995] got exit ret: file_counts {
  wandb_count: 5
}
pusher_stats {
  uploaded_bytes: 1150
  total_bytes: 11862
}

2022-04-23 14:34:02,371 INFO    MainThread:5971 [wandb_run.py:_on_finish():1995] got exit ret: file_counts {
  wandb_count: 5
}
pusher_stats {
  uploaded_bytes: 1150
  total_bytes: 11862
}

2022-04-23 14:34:02,473 INFO    MainThread:5971 [wandb_run.py:_on_finish():1995] got exit ret: file_counts {
  wandb_count: 5
}
pusher_stats {
  uploaded_bytes: 1150
  total_bytes: 11862
}

2022-04-23 14:34:02,576 INFO    MainThread:5971 [wandb_run.py:_on_finish():1995] got exit ret: file_counts {
  wandb_count: 5
}
pusher_stats {
  uploaded_bytes: 1150
  total_bytes: 11862
}

2022-04-23 14:34:02,679 INFO    MainThread:5971 [wandb_run.py:_on_finish():1995] got exit ret: file_counts {
  wandb_count: 5
}
pusher_stats {
  uploaded_bytes: 1150
  total_bytes: 11862
}

2022-04-23 14:34:02,781 INFO    MainThread:5971 [wandb_run.py:_on_finish():1995] got exit ret: file_counts {
  wandb_count: 5
}
pusher_stats {
  uploaded_bytes: 1150
  total_bytes: 11862
}

2022-04-23 14:34:02,884 INFO    MainThread:5971 [wandb_run.py:_on_finish():1995] got exit ret: file_counts {
  wandb_count: 5
}
pusher_stats {
  uploaded_bytes: 1150
  total_bytes: 11862
}

2022-04-23 14:34:02,986 INFO    MainThread:5971 [wandb_run.py:_on_finish():1995] got exit ret: file_counts {
  wandb_count: 5
}
pusher_stats {
  uploaded_bytes: 1150
  total_bytes: 11862
}

2022-04-23 14:34:03,089 INFO    MainThread:5971 [wandb_run.py:_on_finish():1995] got exit ret: file_counts {
  wandb_count: 5
}
pusher_stats {
  uploaded_bytes: 1150
  total_bytes: 11862
}

2022-04-23 14:34:03,192 INFO    MainThread:5971 [wandb_run.py:_on_finish():1995] got exit ret: file_counts {
  wandb_count: 5
}
pusher_stats {
  uploaded_bytes: 1150
  total_bytes: 11862
}

2022-04-23 14:34:03,295 INFO    MainThread:5971 [wandb_run.py:_on_finish():1995] got exit ret: file_counts {
  wandb_count: 5
}
pusher_stats {
  uploaded_bytes: 1150
  total_bytes: 11862
}

2022-04-23 14:34:03,397 INFO    MainThread:5971 [wandb_run.py:_on_finish():1995] got exit ret: file_counts {
  wandb_count: 5
}
pusher_stats {
  uploaded_bytes: 1150
  total_bytes: 11862
}

2022-04-23 14:34:03,500 INFO    MainThread:5971 [wandb_run.py:_on_finish():1995] got exit ret: file_counts {
  wandb_count: 5
}
pusher_stats {
  uploaded_bytes: 1150
  total_bytes: 11862
}

2022-04-23 14:34:03,602 INFO    MainThread:5971 [wandb_run.py:_on_finish():1995] got exit ret: file_counts {
  wandb_count: 5
}
pusher_stats {
  uploaded_bytes: 1150
  total_bytes: 11862
}

2022-04-23 14:34:03,705 INFO    MainThread:5971 [wandb_run.py:_on_finish():1995] got exit ret: file_counts {
  wandb_count: 5
}
pusher_stats {
  uploaded_bytes: 1150
  total_bytes: 11862
}

2022-04-23 14:34:03,807 INFO    MainThread:5971 [wandb_run.py:_on_finish():1995] got exit ret: file_counts {
  wandb_count: 5
}
pusher_stats {
  uploaded_bytes: 1150
  total_bytes: 11862
}

2022-04-23 14:34:03,909 INFO    MainThread:5971 [wandb_run.py:_on_finish():1995] got exit ret: file_counts {
  wandb_count: 5
}
pusher_stats {
  uploaded_bytes: 1150
  total_bytes: 11862
}

2022-04-23 14:34:04,012 INFO    MainThread:5971 [wandb_run.py:_on_finish():1995] got exit ret: file_counts {
  wandb_count: 5
}
pusher_stats {
  uploaded_bytes: 1150
  total_bytes: 11862
}

2022-04-23 14:34:04,115 INFO    MainThread:5971 [wandb_run.py:_on_finish():1995] got exit ret: file_counts {
  wandb_count: 5
}
pusher_stats {
  uploaded_bytes: 1150
  total_bytes: 11862
}

2022-04-23 14:34:04,217 INFO    MainThread:5971 [wandb_run.py:_on_finish():1995] got exit ret: file_counts {
  wandb_count: 5
}
pusher_stats {
  uploaded_bytes: 7880
  total_bytes: 11862
}

2022-04-23 14:34:04,319 INFO    MainThread:5971 [wandb_run.py:_on_finish():1995] got exit ret: file_counts {
  wandb_count: 5
}
pusher_stats {
  uploaded_bytes: 7880
  total_bytes: 11862
}

2022-04-23 14:34:04,422 INFO    MainThread:5971 [wandb_run.py:_on_finish():1995] got exit ret: file_counts {
  wandb_count: 5
}
pusher_stats {
  uploaded_bytes: 7983
  total_bytes: 11862
}

2022-04-23 14:34:04,524 INFO    MainThread:5971 [wandb_run.py:_on_finish():1995] got exit ret: file_counts {
  wandb_count: 5
}
pusher_stats {
  uploaded_bytes: 11862
  total_bytes: 11862
}

2022-04-23 14:34:04,627 INFO    MainThread:5971 [wandb_run.py:_on_finish():1995] got exit ret: file_counts {
  wandb_count: 5
}
pusher_stats {
  uploaded_bytes: 11862
  total_bytes: 11862
}

2022-04-23 14:34:04,729 INFO    MainThread:5971 [wandb_run.py:_on_finish():1995] got exit ret: file_counts {
  wandb_count: 5
}
pusher_stats {
  uploaded_bytes: 11862
  total_bytes: 11862
}

2022-04-23 14:34:04,832 INFO    MainThread:5971 [wandb_run.py:_on_finish():1995] got exit ret: file_counts {
  wandb_count: 5
}
pusher_stats {
  uploaded_bytes: 11862
  total_bytes: 11862
}

2022-04-23 14:34:04,934 INFO    MainThread:5971 [wandb_run.py:_on_finish():1995] got exit ret: file_counts {
  wandb_count: 5
}
pusher_stats {
  uploaded_bytes: 11862
  total_bytes: 11862
}

2022-04-23 14:34:05,036 INFO    MainThread:5971 [wandb_run.py:_on_finish():1995] got exit ret: file_counts {
  wandb_count: 5
}
pusher_stats {
  uploaded_bytes: 11862
  total_bytes: 11862
}

2022-04-23 14:34:05,139 INFO    MainThread:5971 [wandb_run.py:_on_finish():1995] got exit ret: file_counts {
  wandb_count: 5
}
pusher_stats {
  uploaded_bytes: 11862
  total_bytes: 11862
}

2022-04-23 14:34:05,500 INFO    MainThread:5971 [wandb_run.py:_on_finish():1995] got exit ret: file_counts {
  wandb_count: 5
}
pusher_stats {
  uploaded_bytes: 11862
  total_bytes: 11862
}

2022-04-23 14:34:10,601 INFO    MainThread:5971 [wandb_run.py:_on_finish():1995] got exit ret: None
2022-04-23 14:34:15,701 INFO    MainThread:5971 [wandb_run.py:_on_finish():1995] got exit ret: None
2022-04-23 14:34:16,251 INFO    MainThread:5971 [wandb_run.py:_on_finish():1995] got exit ret: done: true
exit_result {
}
file_counts {
  wandb_count: 5
}
pusher_stats {
  uploaded_bytes: 11862
  total_bytes: 11862
}
local_info {
}

2022-04-23 14:34:17,657 INFO    MainThread:5971 [wandb_run.py:_footer_history_summary_info():3087] rendering history
2022-04-23 14:34:17,657 INFO    MainThread:5971 [wandb_run.py:_footer_history_summary_info():3116] rendering summary
2022-04-23 14:34:17,658 INFO    MainThread:5971 [wandb_run.py:_footer_sync_info():3044] logging synced files
