2022-04-23 14:33:19,286 INFO    MainThread:5998 [internal.py:wandb_internal():92] W&B internal server running at pid: 5998, started at: 2022-04-23 14:33:19.286454
2022-04-23 14:33:19,288 DEBUG   SenderThread:5998 [sender.py:send():235] send: header
2022-04-23 14:33:19,288 DEBUG   SenderThread:5998 [sender.py:send():235] send: run
2022-04-23 14:33:19,289 INFO    WriterThread:5998 [datastore.py:open_for_write():77] open: /home/archita/ImageNet-Downsampled/wandb/run-20220423_143318-12jnxxpb/run-12jnxxpb.wandb
2022-04-23 14:33:34,696 DEBUG   HandlerThread:5998 [handler.py:handle_request():141] handle_request: check_version
2022-04-23 14:33:34,698 INFO    SenderThread:5998 [dir_watcher.py:__init__():169] watching files in: /home/archita/ImageNet-Downsampled/wandb/run-20220423_143318-12jnxxpb/files
2022-04-23 14:33:34,698 INFO    SenderThread:5998 [sender.py:_start_run_threads():812] run started: 12jnxxpb with start time 1650704598
2022-04-23 14:33:34,698 DEBUG   SenderThread:5998 [sender.py:send():235] send: summary
2022-04-23 14:33:34,699 INFO    SenderThread:5998 [sender.py:_save_file():947] saving file wandb-summary.json with policy end
2022-04-23 14:33:34,699 DEBUG   SenderThread:5998 [sender.py:send_request():249] send_request: check_version
2022-04-23 14:33:34,943 DEBUG   HandlerThread:5998 [handler.py:handle_request():141] handle_request: run_start
2022-04-23 14:33:35,700 INFO    Thread-7  :5998 [dir_watcher.py:_on_file_created():217] file/dir created: /home/archita/ImageNet-Downsampled/wandb/run-20220423_143318-12jnxxpb/files/wandb-summary.json
2022-04-23 14:33:37,056 DEBUG   HandlerThread:5998 [meta.py:__init__():37] meta init
2022-04-23 14:33:37,056 DEBUG   HandlerThread:5998 [meta.py:__init__():51] meta init done
2022-04-23 14:33:37,056 DEBUG   HandlerThread:5998 [meta.py:probe():211] probe
2022-04-23 14:33:37,063 DEBUG   HandlerThread:5998 [meta.py:_setup_git():201] setup git
2022-04-23 14:33:37,080 DEBUG   HandlerThread:5998 [meta.py:_setup_git():208] setup git done
2022-04-23 14:33:37,080 DEBUG   HandlerThread:5998 [meta.py:_save_pip():55] save pip
2022-04-23 14:33:37,080 DEBUG   HandlerThread:5998 [meta.py:_save_pip():69] save pip done
2022-04-23 14:33:37,080 DEBUG   HandlerThread:5998 [meta.py:probe():249] probe done
2022-04-23 14:33:37,084 DEBUG   SenderThread:5998 [sender.py:send():235] send: files
2022-04-23 14:33:37,085 INFO    SenderThread:5998 [sender.py:_save_file():947] saving file wandb-metadata.json with policy now
2022-04-23 14:33:37,087 DEBUG   HandlerThread:5998 [handler.py:handle_request():141] handle_request: stop_status
2022-04-23 14:33:37,087 DEBUG   SenderThread:5998 [sender.py:send_request():249] send_request: stop_status
2022-04-23 14:33:37,090 DEBUG   HandlerThread:5998 [handler.py:handle_request():141] handle_request: partial_history
2022-04-23 14:33:37,740 INFO    Thread-7  :5998 [dir_watcher.py:_on_file_created():217] file/dir created: /home/archita/ImageNet-Downsampled/wandb/run-20220423_143318-12jnxxpb/files/output.log
2022-04-23 14:33:37,741 INFO    Thread-7  :5998 [dir_watcher.py:_on_file_created():217] file/dir created: /home/archita/ImageNet-Downsampled/wandb/run-20220423_143318-12jnxxpb/files/wandb-metadata.json
2022-04-23 14:33:37,741 INFO    Thread-7  :5998 [dir_watcher.py:_on_file_created():217] file/dir created: /home/archita/ImageNet-Downsampled/wandb/run-20220423_143318-12jnxxpb/files/requirements.txt
2022-04-23 14:33:38,740 INFO    Thread-7  :5998 [dir_watcher.py:_on_file_modified():230] file/dir modified: /home/archita/ImageNet-Downsampled/wandb/run-20220423_143318-12jnxxpb/files/output.log
2022-04-23 14:33:39,624 DEBUG   HandlerThread:5998 [handler.py:handle_request():141] handle_request: poll_exit
2022-04-23 14:33:39,741 INFO    Thread-7  :5998 [dir_watcher.py:_on_file_modified():230] file/dir modified: /home/archita/ImageNet-Downsampled/wandb/run-20220423_143318-12jnxxpb/files/output.log
2022-04-23 14:33:42,617 DEBUG   SenderThread:5998 [sender.py:send():235] send: telemetry
2022-04-23 14:33:42,617 DEBUG   SenderThread:5998 [sender.py:send():235] send: config
2022-04-23 14:33:42,618 DEBUG   SenderThread:5998 [sender.py:send():235] send: telemetry
2022-04-23 14:33:42,618 DEBUG   SenderThread:5998 [sender.py:send():235] send: config
2022-04-23 14:33:42,618 DEBUG   SenderThread:5998 [sender.py:send():235] send: history
2022-04-23 14:33:42,618 DEBUG   SenderThread:5998 [sender.py:send():235] send: summary
2022-04-23 14:33:42,619 INFO    SenderThread:5998 [sender.py:_save_file():947] saving file wandb-summary.json with policy end
2022-04-23 14:33:42,619 DEBUG   SenderThread:5998 [sender.py:send():235] send: telemetry
2022-04-23 14:33:42,619 DEBUG   SenderThread:5998 [sender.py:send():235] send: exit
2022-04-23 14:33:42,619 INFO    SenderThread:5998 [sender.py:send_exit():371] handling exit code: 1
2022-04-23 14:33:42,620 INFO    SenderThread:5998 [sender.py:send_exit():373] handling runtime: 4
2022-04-23 14:33:42,620 INFO    SenderThread:5998 [sender.py:_save_file():947] saving file wandb-summary.json with policy end
2022-04-23 14:33:42,620 INFO    SenderThread:5998 [sender.py:send_exit():379] send defer
2022-04-23 14:33:42,620 DEBUG   SenderThread:5998 [sender.py:send_request():249] send_request: poll_exit
2022-04-23 14:33:42,621 DEBUG   HandlerThread:5998 [handler.py:handle_request():141] handle_request: defer
2022-04-23 14:33:42,621 INFO    HandlerThread:5998 [handler.py:handle_request_defer():164] handle defer: 0
2022-04-23 14:33:42,622 DEBUG   SenderThread:5998 [sender.py:send_request():249] send_request: defer
2022-04-23 14:33:42,622 INFO    SenderThread:5998 [sender.py:send_request_defer():388] handle sender defer: 0
2022-04-23 14:33:42,622 INFO    SenderThread:5998 [sender.py:transition_state():392] send defer: 1
2022-04-23 14:33:42,622 DEBUG   HandlerThread:5998 [handler.py:handle_request():141] handle_request: defer
2022-04-23 14:33:42,623 INFO    HandlerThread:5998 [handler.py:handle_request_defer():164] handle defer: 1
2022-04-23 14:33:42,724 DEBUG   SenderThread:5998 [sender.py:send_request():249] send_request: defer
2022-04-23 14:33:42,724 INFO    SenderThread:5998 [sender.py:send_request_defer():388] handle sender defer: 1
2022-04-23 14:33:42,724 INFO    SenderThread:5998 [sender.py:transition_state():392] send defer: 2
2022-04-23 14:33:42,724 DEBUG   HandlerThread:5998 [handler.py:handle_request():141] handle_request: poll_exit
2022-04-23 14:33:42,725 DEBUG   SenderThread:5998 [sender.py:send_request():249] send_request: poll_exit
2022-04-23 14:33:42,725 DEBUG   SenderThread:5998 [sender.py:send():235] send: stats
2022-04-23 14:33:42,726 DEBUG   HandlerThread:5998 [handler.py:handle_request():141] handle_request: defer
2022-04-23 14:33:42,726 INFO    HandlerThread:5998 [handler.py:handle_request_defer():164] handle defer: 2
2022-04-23 14:33:42,727 DEBUG   SenderThread:5998 [sender.py:send_request():249] send_request: defer
2022-04-23 14:33:42,727 INFO    SenderThread:5998 [sender.py:send_request_defer():388] handle sender defer: 2
2022-04-23 14:33:42,727 INFO    SenderThread:5998 [sender.py:transition_state():392] send defer: 3
2022-04-23 14:33:42,727 DEBUG   HandlerThread:5998 [handler.py:handle_request():141] handle_request: defer
2022-04-23 14:33:42,728 INFO    HandlerThread:5998 [handler.py:handle_request_defer():164] handle defer: 3
2022-04-23 14:33:42,728 DEBUG   SenderThread:5998 [sender.py:send_request():249] send_request: defer
2022-04-23 14:33:42,728 INFO    SenderThread:5998 [sender.py:send_request_defer():388] handle sender defer: 3
2022-04-23 14:33:42,728 INFO    SenderThread:5998 [sender.py:transition_state():392] send defer: 4
2022-04-23 14:33:42,728 DEBUG   HandlerThread:5998 [handler.py:handle_request():141] handle_request: defer
2022-04-23 14:33:42,729 INFO    HandlerThread:5998 [handler.py:handle_request_defer():164] handle defer: 4
2022-04-23 14:33:42,729 DEBUG   SenderThread:5998 [sender.py:send():235] send: summary
2022-04-23 14:33:42,729 INFO    SenderThread:5998 [sender.py:_save_file():947] saving file wandb-summary.json with policy end
2022-04-23 14:33:42,730 DEBUG   SenderThread:5998 [sender.py:send_request():249] send_request: defer
2022-04-23 14:33:42,730 INFO    SenderThread:5998 [sender.py:send_request_defer():388] handle sender defer: 4
2022-04-23 14:33:42,730 INFO    SenderThread:5998 [sender.py:transition_state():392] send defer: 5
2022-04-23 14:33:42,730 DEBUG   HandlerThread:5998 [handler.py:handle_request():141] handle_request: defer
2022-04-23 14:33:42,731 INFO    HandlerThread:5998 [handler.py:handle_request_defer():164] handle defer: 5
2022-04-23 14:33:42,731 DEBUG   SenderThread:5998 [sender.py:send_request():249] send_request: defer
2022-04-23 14:33:42,731 INFO    SenderThread:5998 [sender.py:send_request_defer():388] handle sender defer: 5
2022-04-23 14:33:42,742 INFO    Thread-7  :5998 [dir_watcher.py:_on_file_modified():230] file/dir modified: /home/archita/ImageNet-Downsampled/wandb/run-20220423_143318-12jnxxpb/files/wandb-summary.json
2022-04-23 14:33:42,828 DEBUG   HandlerThread:5998 [handler.py:handle_request():141] handle_request: poll_exit
2022-04-23 14:33:47,928 DEBUG   HandlerThread:5998 [handler.py:handle_request():141] handle_request: poll_exit
2022-04-23 14:33:48,090 INFO    SenderThread:5998 [sender.py:transition_state():392] send defer: 6
2022-04-23 14:33:48,090 DEBUG   SenderThread:5998 [sender.py:send_request():249] send_request: poll_exit
2022-04-23 14:33:48,091 DEBUG   SenderThread:5998 [sender.py:send_request():249] send_request: poll_exit
2022-04-23 14:33:48,091 DEBUG   HandlerThread:5998 [handler.py:handle_request():141] handle_request: defer
2022-04-23 14:33:48,091 INFO    HandlerThread:5998 [handler.py:handle_request_defer():164] handle defer: 6
2022-04-23 14:33:48,092 DEBUG   SenderThread:5998 [sender.py:send_request():249] send_request: defer
2022-04-23 14:33:48,092 INFO    SenderThread:5998 [sender.py:send_request_defer():388] handle sender defer: 6
2022-04-23 14:33:48,092 INFO    SenderThread:5998 [dir_watcher.py:finish():283] shutting down directory watcher
2022-04-23 14:33:48,193 DEBUG   HandlerThread:5998 [handler.py:handle_request():141] handle_request: poll_exit
2022-04-23 14:33:48,744 INFO    SenderThread:5998 [dir_watcher.py:_on_file_modified():230] file/dir modified: /home/archita/ImageNet-Downsampled/wandb/run-20220423_143318-12jnxxpb/files/config.yaml
2022-04-23 14:33:48,745 INFO    SenderThread:5998 [dir_watcher.py:finish():313] scan: /home/archita/ImageNet-Downsampled/wandb/run-20220423_143318-12jnxxpb/files
2022-04-23 14:33:48,745 INFO    SenderThread:5998 [dir_watcher.py:finish():327] scan save: /home/archita/ImageNet-Downsampled/wandb/run-20220423_143318-12jnxxpb/files/requirements.txt requirements.txt
2022-04-23 14:33:48,745 INFO    SenderThread:5998 [dir_watcher.py:finish():327] scan save: /home/archita/ImageNet-Downsampled/wandb/run-20220423_143318-12jnxxpb/files/output.log output.log
2022-04-23 14:33:48,746 INFO    SenderThread:5998 [dir_watcher.py:finish():327] scan save: /home/archita/ImageNet-Downsampled/wandb/run-20220423_143318-12jnxxpb/files/wandb-metadata.json wandb-metadata.json
2022-04-23 14:33:48,746 INFO    SenderThread:5998 [dir_watcher.py:finish():327] scan save: /home/archita/ImageNet-Downsampled/wandb/run-20220423_143318-12jnxxpb/files/wandb-summary.json wandb-summary.json
2022-04-23 14:33:48,746 INFO    SenderThread:5998 [dir_watcher.py:finish():327] scan save: /home/archita/ImageNet-Downsampled/wandb/run-20220423_143318-12jnxxpb/files/config.yaml config.yaml
2022-04-23 14:33:48,746 INFO    SenderThread:5998 [sender.py:transition_state():392] send defer: 7
2022-04-23 14:33:48,746 DEBUG   SenderThread:5998 [sender.py:send_request():249] send_request: poll_exit
2022-04-23 14:33:48,752 DEBUG   HandlerThread:5998 [handler.py:handle_request():141] handle_request: defer
2022-04-23 14:33:48,753 INFO    HandlerThread:5998 [handler.py:handle_request_defer():164] handle defer: 7
2022-04-23 14:33:48,753 DEBUG   SenderThread:5998 [sender.py:send_request():249] send_request: defer
2022-04-23 14:33:48,753 INFO    SenderThread:5998 [sender.py:send_request_defer():388] handle sender defer: 7
2022-04-23 14:33:48,753 INFO    SenderThread:5998 [file_pusher.py:finish():145] shutting down file pusher
2022-04-23 14:33:48,854 DEBUG   HandlerThread:5998 [handler.py:handle_request():141] handle_request: poll_exit
2022-04-23 14:33:48,854 DEBUG   SenderThread:5998 [sender.py:send_request():249] send_request: poll_exit
2022-04-23 14:33:48,956 DEBUG   HandlerThread:5998 [handler.py:handle_request():141] handle_request: poll_exit
2022-04-23 14:33:48,956 DEBUG   SenderThread:5998 [sender.py:send_request():249] send_request: poll_exit
2022-04-23 14:33:49,059 DEBUG   HandlerThread:5998 [handler.py:handle_request():141] handle_request: poll_exit
2022-04-23 14:33:49,059 DEBUG   SenderThread:5998 [sender.py:send_request():249] send_request: poll_exit
2022-04-23 14:33:49,161 DEBUG   HandlerThread:5998 [handler.py:handle_request():141] handle_request: poll_exit
2022-04-23 14:33:49,162 DEBUG   SenderThread:5998 [sender.py:send_request():249] send_request: poll_exit
2022-04-23 14:33:49,264 DEBUG   HandlerThread:5998 [handler.py:handle_request():141] handle_request: poll_exit
2022-04-23 14:33:49,264 DEBUG   SenderThread:5998 [sender.py:send_request():249] send_request: poll_exit
2022-04-23 14:33:49,366 DEBUG   HandlerThread:5998 [handler.py:handle_request():141] handle_request: poll_exit
2022-04-23 14:33:49,367 DEBUG   SenderThread:5998 [sender.py:send_request():249] send_request: poll_exit
2022-04-23 14:33:49,469 DEBUG   HandlerThread:5998 [handler.py:handle_request():141] handle_request: poll_exit
2022-04-23 14:33:49,469 DEBUG   SenderThread:5998 [sender.py:send_request():249] send_request: poll_exit
2022-04-23 14:33:49,572 DEBUG   HandlerThread:5998 [handler.py:handle_request():141] handle_request: poll_exit
2022-04-23 14:33:49,572 DEBUG   SenderThread:5998 [sender.py:send_request():249] send_request: poll_exit
2022-04-23 14:33:49,674 DEBUG   HandlerThread:5998 [handler.py:handle_request():141] handle_request: poll_exit
2022-04-23 14:33:49,675 DEBUG   SenderThread:5998 [sender.py:send_request():249] send_request: poll_exit
2022-04-23 14:33:49,777 DEBUG   HandlerThread:5998 [handler.py:handle_request():141] handle_request: poll_exit
2022-04-23 14:33:49,777 DEBUG   SenderThread:5998 [sender.py:send_request():249] send_request: poll_exit
2022-04-23 14:33:49,880 DEBUG   HandlerThread:5998 [handler.py:handle_request():141] handle_request: poll_exit
2022-04-23 14:33:49,880 DEBUG   SenderThread:5998 [sender.py:send_request():249] send_request: poll_exit
2022-04-23 14:33:49,983 DEBUG   HandlerThread:5998 [handler.py:handle_request():141] handle_request: poll_exit
2022-04-23 14:33:49,983 DEBUG   SenderThread:5998 [sender.py:send_request():249] send_request: poll_exit
2022-04-23 14:33:50,085 DEBUG   HandlerThread:5998 [handler.py:handle_request():141] handle_request: poll_exit
2022-04-23 14:33:50,086 DEBUG   SenderThread:5998 [sender.py:send_request():249] send_request: poll_exit
2022-04-23 14:33:50,188 DEBUG   HandlerThread:5998 [handler.py:handle_request():141] handle_request: poll_exit
2022-04-23 14:33:50,188 DEBUG   SenderThread:5998 [sender.py:send_request():249] send_request: poll_exit
2022-04-23 14:33:50,291 DEBUG   HandlerThread:5998 [handler.py:handle_request():141] handle_request: poll_exit
2022-04-23 14:33:50,291 DEBUG   SenderThread:5998 [sender.py:send_request():249] send_request: poll_exit
2022-04-23 14:33:50,393 DEBUG   HandlerThread:5998 [handler.py:handle_request():141] handle_request: poll_exit
2022-04-23 14:33:50,394 DEBUG   SenderThread:5998 [sender.py:send_request():249] send_request: poll_exit
2022-04-23 14:33:50,496 DEBUG   HandlerThread:5998 [handler.py:handle_request():141] handle_request: poll_exit
2022-04-23 14:33:50,496 DEBUG   SenderThread:5998 [sender.py:send_request():249] send_request: poll_exit
2022-04-23 14:33:50,598 DEBUG   HandlerThread:5998 [handler.py:handle_request():141] handle_request: poll_exit
2022-04-23 14:33:50,599 DEBUG   SenderThread:5998 [sender.py:send_request():249] send_request: poll_exit
2022-04-23 14:33:50,701 DEBUG   HandlerThread:5998 [handler.py:handle_request():141] handle_request: poll_exit
2022-04-23 14:33:50,701 DEBUG   SenderThread:5998 [sender.py:send_request():249] send_request: poll_exit
2022-04-23 14:33:50,804 DEBUG   HandlerThread:5998 [handler.py:handle_request():141] handle_request: poll_exit
2022-04-23 14:33:50,804 DEBUG   SenderThread:5998 [sender.py:send_request():249] send_request: poll_exit
2022-04-23 14:33:50,906 DEBUG   HandlerThread:5998 [handler.py:handle_request():141] handle_request: poll_exit
2022-04-23 14:33:50,907 DEBUG   SenderThread:5998 [sender.py:send_request():249] send_request: poll_exit
2022-04-23 14:33:51,009 DEBUG   HandlerThread:5998 [handler.py:handle_request():141] handle_request: poll_exit
2022-04-23 14:33:51,009 DEBUG   SenderThread:5998 [sender.py:send_request():249] send_request: poll_exit
2022-04-23 14:33:51,111 DEBUG   HandlerThread:5998 [handler.py:handle_request():141] handle_request: poll_exit
2022-04-23 14:33:51,112 DEBUG   SenderThread:5998 [sender.py:send_request():249] send_request: poll_exit
2022-04-23 14:33:51,214 DEBUG   HandlerThread:5998 [handler.py:handle_request():141] handle_request: poll_exit
2022-04-23 14:33:51,214 DEBUG   SenderThread:5998 [sender.py:send_request():249] send_request: poll_exit
2022-04-23 14:33:51,317 DEBUG   HandlerThread:5998 [handler.py:handle_request():141] handle_request: poll_exit
2022-04-23 14:33:51,317 DEBUG   SenderThread:5998 [sender.py:send_request():249] send_request: poll_exit
2022-04-23 14:33:51,419 DEBUG   HandlerThread:5998 [handler.py:handle_request():141] handle_request: poll_exit
2022-04-23 14:33:51,420 DEBUG   SenderThread:5998 [sender.py:send_request():249] send_request: poll_exit
2022-04-23 14:33:51,522 DEBUG   HandlerThread:5998 [handler.py:handle_request():141] handle_request: poll_exit
2022-04-23 14:33:51,522 DEBUG   SenderThread:5998 [sender.py:send_request():249] send_request: poll_exit
2022-04-23 14:33:51,624 DEBUG   HandlerThread:5998 [handler.py:handle_request():141] handle_request: poll_exit
2022-04-23 14:33:51,625 DEBUG   SenderThread:5998 [sender.py:send_request():249] send_request: poll_exit
2022-04-23 14:33:51,727 DEBUG   HandlerThread:5998 [handler.py:handle_request():141] handle_request: poll_exit
2022-04-23 14:33:51,727 DEBUG   SenderThread:5998 [sender.py:send_request():249] send_request: poll_exit
2022-04-23 14:33:51,830 DEBUG   HandlerThread:5998 [handler.py:handle_request():141] handle_request: poll_exit
2022-04-23 14:33:51,830 DEBUG   SenderThread:5998 [sender.py:send_request():249] send_request: poll_exit
2022-04-23 14:33:51,932 DEBUG   HandlerThread:5998 [handler.py:handle_request():141] handle_request: poll_exit
2022-04-23 14:33:51,933 DEBUG   SenderThread:5998 [sender.py:send_request():249] send_request: poll_exit
2022-04-23 14:33:52,035 DEBUG   HandlerThread:5998 [handler.py:handle_request():141] handle_request: poll_exit
2022-04-23 14:33:52,035 DEBUG   SenderThread:5998 [sender.py:send_request():249] send_request: poll_exit
2022-04-23 14:33:52,137 DEBUG   HandlerThread:5998 [handler.py:handle_request():141] handle_request: poll_exit
2022-04-23 14:33:52,138 DEBUG   SenderThread:5998 [sender.py:send_request():249] send_request: poll_exit
2022-04-23 14:33:52,240 DEBUG   HandlerThread:5998 [handler.py:handle_request():141] handle_request: poll_exit
2022-04-23 14:33:52,240 DEBUG   SenderThread:5998 [sender.py:send_request():249] send_request: poll_exit
2022-04-23 14:33:52,343 DEBUG   HandlerThread:5998 [handler.py:handle_request():141] handle_request: poll_exit
2022-04-23 14:33:52,343 DEBUG   SenderThread:5998 [sender.py:send_request():249] send_request: poll_exit
2022-04-23 14:33:52,445 DEBUG   HandlerThread:5998 [handler.py:handle_request():141] handle_request: poll_exit
2022-04-23 14:33:52,446 DEBUG   SenderThread:5998 [sender.py:send_request():249] send_request: poll_exit
2022-04-23 14:33:52,548 DEBUG   HandlerThread:5998 [handler.py:handle_request():141] handle_request: poll_exit
2022-04-23 14:33:52,548 DEBUG   SenderThread:5998 [sender.py:send_request():249] send_request: poll_exit
2022-04-23 14:33:52,650 DEBUG   HandlerThread:5998 [handler.py:handle_request():141] handle_request: poll_exit
2022-04-23 14:33:52,650 DEBUG   SenderThread:5998 [sender.py:send_request():249] send_request: poll_exit
2022-04-23 14:33:52,752 DEBUG   HandlerThread:5998 [handler.py:handle_request():141] handle_request: poll_exit
2022-04-23 14:33:52,752 DEBUG   SenderThread:5998 [sender.py:send_request():249] send_request: poll_exit
2022-04-23 14:33:52,853 DEBUG   HandlerThread:5998 [handler.py:handle_request():141] handle_request: poll_exit
2022-04-23 14:33:52,853 DEBUG   SenderThread:5998 [sender.py:send_request():249] send_request: poll_exit
2022-04-23 14:33:52,955 DEBUG   HandlerThread:5998 [handler.py:handle_request():141] handle_request: poll_exit
2022-04-23 14:33:52,955 DEBUG   SenderThread:5998 [sender.py:send_request():249] send_request: poll_exit
2022-04-23 14:33:53,056 DEBUG   HandlerThread:5998 [handler.py:handle_request():141] handle_request: poll_exit
2022-04-23 14:33:53,057 DEBUG   SenderThread:5998 [sender.py:send_request():249] send_request: poll_exit
2022-04-23 14:33:53,158 DEBUG   HandlerThread:5998 [handler.py:handle_request():141] handle_request: poll_exit
2022-04-23 14:33:53,159 DEBUG   SenderThread:5998 [sender.py:send_request():249] send_request: poll_exit
2022-04-23 14:33:53,260 DEBUG   HandlerThread:5998 [handler.py:handle_request():141] handle_request: poll_exit
2022-04-23 14:33:53,261 DEBUG   SenderThread:5998 [sender.py:send_request():249] send_request: poll_exit
2022-04-23 14:33:53,363 DEBUG   HandlerThread:5998 [handler.py:handle_request():141] handle_request: poll_exit
2022-04-23 14:33:53,363 DEBUG   SenderThread:5998 [sender.py:send_request():249] send_request: poll_exit
2022-04-23 14:33:53,465 DEBUG   HandlerThread:5998 [handler.py:handle_request():141] handle_request: poll_exit
2022-04-23 14:33:53,465 DEBUG   SenderThread:5998 [sender.py:send_request():249] send_request: poll_exit
2022-04-23 14:33:53,567 DEBUG   HandlerThread:5998 [handler.py:handle_request():141] handle_request: poll_exit
2022-04-23 14:33:53,567 DEBUG   SenderThread:5998 [sender.py:send_request():249] send_request: poll_exit
2022-04-23 14:33:53,668 DEBUG   HandlerThread:5998 [handler.py:handle_request():141] handle_request: poll_exit
2022-04-23 14:33:53,668 DEBUG   SenderThread:5998 [sender.py:send_request():249] send_request: poll_exit
2022-04-23 14:33:53,769 DEBUG   HandlerThread:5998 [handler.py:handle_request():141] handle_request: poll_exit
2022-04-23 14:33:53,769 DEBUG   SenderThread:5998 [sender.py:send_request():249] send_request: poll_exit
2022-04-23 14:33:53,870 DEBUG   HandlerThread:5998 [handler.py:handle_request():141] handle_request: poll_exit
2022-04-23 14:33:53,871 DEBUG   SenderThread:5998 [sender.py:send_request():249] send_request: poll_exit
2022-04-23 14:33:53,972 DEBUG   HandlerThread:5998 [handler.py:handle_request():141] handle_request: poll_exit
2022-04-23 14:33:53,972 DEBUG   SenderThread:5998 [sender.py:send_request():249] send_request: poll_exit
2022-04-23 14:33:54,073 DEBUG   HandlerThread:5998 [handler.py:handle_request():141] handle_request: poll_exit
2022-04-23 14:33:54,074 DEBUG   SenderThread:5998 [sender.py:send_request():249] send_request: poll_exit
2022-04-23 14:33:54,175 DEBUG   HandlerThread:5998 [handler.py:handle_request():141] handle_request: poll_exit
2022-04-23 14:33:54,176 DEBUG   SenderThread:5998 [sender.py:send_request():249] send_request: poll_exit
2022-04-23 14:33:54,278 DEBUG   HandlerThread:5998 [handler.py:handle_request():141] handle_request: poll_exit
2022-04-23 14:33:54,278 DEBUG   SenderThread:5998 [sender.py:send_request():249] send_request: poll_exit
2022-04-23 14:33:54,380 DEBUG   HandlerThread:5998 [handler.py:handle_request():141] handle_request: poll_exit
2022-04-23 14:33:54,380 DEBUG   SenderThread:5998 [sender.py:send_request():249] send_request: poll_exit
2022-04-23 14:33:54,391 INFO    Thread-11 :5998 [upload_job.py:push():137] Uploaded file /tmp/tmpxfig0pvzwandb/2dptvumi-wandb-metadata.json
2022-04-23 14:33:54,482 DEBUG   HandlerThread:5998 [handler.py:handle_request():141] handle_request: poll_exit
2022-04-23 14:33:54,482 DEBUG   SenderThread:5998 [sender.py:send_request():249] send_request: poll_exit
2022-04-23 14:33:54,585 DEBUG   HandlerThread:5998 [handler.py:handle_request():141] handle_request: poll_exit
2022-04-23 14:33:54,585 DEBUG   SenderThread:5998 [sender.py:send_request():249] send_request: poll_exit
2022-04-23 14:33:54,687 DEBUG   HandlerThread:5998 [handler.py:handle_request():141] handle_request: poll_exit
2022-04-23 14:33:54,688 DEBUG   SenderThread:5998 [sender.py:send_request():249] send_request: poll_exit
2022-04-23 14:33:54,789 DEBUG   HandlerThread:5998 [handler.py:handle_request():141] handle_request: poll_exit
2022-04-23 14:33:54,790 DEBUG   SenderThread:5998 [sender.py:send_request():249] send_request: poll_exit
2022-04-23 14:33:54,892 DEBUG   HandlerThread:5998 [handler.py:handle_request():141] handle_request: poll_exit
2022-04-23 14:33:54,892 DEBUG   SenderThread:5998 [sender.py:send_request():249] send_request: poll_exit
2022-04-23 14:33:54,993 DEBUG   HandlerThread:5998 [handler.py:handle_request():141] handle_request: poll_exit
2022-04-23 14:33:54,993 DEBUG   SenderThread:5998 [sender.py:send_request():249] send_request: poll_exit
2022-04-23 14:33:55,095 DEBUG   HandlerThread:5998 [handler.py:handle_request():141] handle_request: poll_exit
2022-04-23 14:33:55,095 DEBUG   SenderThread:5998 [sender.py:send_request():249] send_request: poll_exit
2022-04-23 14:33:55,196 DEBUG   HandlerThread:5998 [handler.py:handle_request():141] handle_request: poll_exit
2022-04-23 14:33:55,196 DEBUG   SenderThread:5998 [sender.py:send_request():249] send_request: poll_exit
2022-04-23 14:33:55,297 DEBUG   HandlerThread:5998 [handler.py:handle_request():141] handle_request: poll_exit
2022-04-23 14:33:55,298 DEBUG   SenderThread:5998 [sender.py:send_request():249] send_request: poll_exit
2022-04-23 14:33:55,399 DEBUG   HandlerThread:5998 [handler.py:handle_request():141] handle_request: poll_exit
2022-04-23 14:33:55,399 DEBUG   SenderThread:5998 [sender.py:send_request():249] send_request: poll_exit
2022-04-23 14:33:55,502 DEBUG   HandlerThread:5998 [handler.py:handle_request():141] handle_request: poll_exit
2022-04-23 14:33:55,502 DEBUG   SenderThread:5998 [sender.py:send_request():249] send_request: poll_exit
2022-04-23 14:33:55,604 DEBUG   HandlerThread:5998 [handler.py:handle_request():141] handle_request: poll_exit
2022-04-23 14:33:55,605 DEBUG   SenderThread:5998 [sender.py:send_request():249] send_request: poll_exit
2022-04-23 14:33:55,707 DEBUG   HandlerThread:5998 [handler.py:handle_request():141] handle_request: poll_exit
2022-04-23 14:33:55,707 DEBUG   SenderThread:5998 [sender.py:send_request():249] send_request: poll_exit
2022-04-23 14:33:55,810 DEBUG   HandlerThread:5998 [handler.py:handle_request():141] handle_request: poll_exit
2022-04-23 14:33:55,810 DEBUG   SenderThread:5998 [sender.py:send_request():249] send_request: poll_exit
2022-04-23 14:33:55,912 DEBUG   HandlerThread:5998 [handler.py:handle_request():141] handle_request: poll_exit
2022-04-23 14:33:55,913 DEBUG   SenderThread:5998 [sender.py:send_request():249] send_request: poll_exit
2022-04-23 14:33:56,015 DEBUG   HandlerThread:5998 [handler.py:handle_request():141] handle_request: poll_exit
2022-04-23 14:33:56,015 DEBUG   SenderThread:5998 [sender.py:send_request():249] send_request: poll_exit
2022-04-23 14:33:56,118 DEBUG   HandlerThread:5998 [handler.py:handle_request():141] handle_request: poll_exit
2022-04-23 14:33:56,118 DEBUG   SenderThread:5998 [sender.py:send_request():249] send_request: poll_exit
2022-04-23 14:33:56,220 DEBUG   HandlerThread:5998 [handler.py:handle_request():141] handle_request: poll_exit
2022-04-23 14:33:56,221 DEBUG   SenderThread:5998 [sender.py:send_request():249] send_request: poll_exit
2022-04-23 14:33:56,323 DEBUG   HandlerThread:5998 [handler.py:handle_request():141] handle_request: poll_exit
2022-04-23 14:33:56,323 DEBUG   SenderThread:5998 [sender.py:send_request():249] send_request: poll_exit
2022-04-23 14:33:56,424 DEBUG   HandlerThread:5998 [handler.py:handle_request():141] handle_request: poll_exit
2022-04-23 14:33:56,424 DEBUG   SenderThread:5998 [sender.py:send_request():249] send_request: poll_exit
2022-04-23 14:33:56,525 DEBUG   HandlerThread:5998 [handler.py:handle_request():141] handle_request: poll_exit
2022-04-23 14:33:56,526 DEBUG   SenderThread:5998 [sender.py:send_request():249] send_request: poll_exit
2022-04-23 14:33:56,627 DEBUG   HandlerThread:5998 [handler.py:handle_request():141] handle_request: poll_exit
2022-04-23 14:33:56,627 DEBUG   SenderThread:5998 [sender.py:send_request():249] send_request: poll_exit
2022-04-23 14:33:56,728 DEBUG   HandlerThread:5998 [handler.py:handle_request():141] handle_request: poll_exit
2022-04-23 14:33:56,729 DEBUG   SenderThread:5998 [sender.py:send_request():249] send_request: poll_exit
2022-04-23 14:33:56,831 DEBUG   HandlerThread:5998 [handler.py:handle_request():141] handle_request: poll_exit
2022-04-23 14:33:56,831 DEBUG   SenderThread:5998 [sender.py:send_request():249] send_request: poll_exit
2022-04-23 14:33:56,933 DEBUG   HandlerThread:5998 [handler.py:handle_request():141] handle_request: poll_exit
2022-04-23 14:33:56,934 DEBUG   SenderThread:5998 [sender.py:send_request():249] send_request: poll_exit
2022-04-23 14:33:57,036 DEBUG   HandlerThread:5998 [handler.py:handle_request():141] handle_request: poll_exit
2022-04-23 14:33:57,036 DEBUG   SenderThread:5998 [sender.py:send_request():249] send_request: poll_exit
2022-04-23 14:33:57,138 DEBUG   HandlerThread:5998 [handler.py:handle_request():141] handle_request: poll_exit
2022-04-23 14:33:57,139 DEBUG   SenderThread:5998 [sender.py:send_request():249] send_request: poll_exit
2022-04-23 14:33:57,241 DEBUG   HandlerThread:5998 [handler.py:handle_request():141] handle_request: poll_exit
2022-04-23 14:33:57,241 DEBUG   SenderThread:5998 [sender.py:send_request():249] send_request: poll_exit
2022-04-23 14:33:57,343 DEBUG   HandlerThread:5998 [handler.py:handle_request():141] handle_request: poll_exit
2022-04-23 14:33:57,344 DEBUG   SenderThread:5998 [sender.py:send_request():249] send_request: poll_exit
2022-04-23 14:33:57,446 DEBUG   HandlerThread:5998 [handler.py:handle_request():141] handle_request: poll_exit
2022-04-23 14:33:57,446 DEBUG   SenderThread:5998 [sender.py:send_request():249] send_request: poll_exit
2022-04-23 14:33:57,548 DEBUG   HandlerThread:5998 [handler.py:handle_request():141] handle_request: poll_exit
2022-04-23 14:33:57,549 DEBUG   SenderThread:5998 [sender.py:send_request():249] send_request: poll_exit
2022-04-23 14:33:57,651 DEBUG   HandlerThread:5998 [handler.py:handle_request():141] handle_request: poll_exit
2022-04-23 14:33:57,651 DEBUG   SenderThread:5998 [sender.py:send_request():249] send_request: poll_exit
2022-04-23 14:33:57,753 DEBUG   HandlerThread:5998 [handler.py:handle_request():141] handle_request: poll_exit
2022-04-23 14:33:57,754 DEBUG   SenderThread:5998 [sender.py:send_request():249] send_request: poll_exit
2022-04-23 14:33:57,856 DEBUG   HandlerThread:5998 [handler.py:handle_request():141] handle_request: poll_exit
2022-04-23 14:33:57,856 DEBUG   SenderThread:5998 [sender.py:send_request():249] send_request: poll_exit
2022-04-23 14:33:57,958 DEBUG   HandlerThread:5998 [handler.py:handle_request():141] handle_request: poll_exit
2022-04-23 14:33:57,959 DEBUG   SenderThread:5998 [sender.py:send_request():249] send_request: poll_exit
2022-04-23 14:33:58,061 DEBUG   HandlerThread:5998 [handler.py:handle_request():141] handle_request: poll_exit
2022-04-23 14:33:58,061 DEBUG   SenderThread:5998 [sender.py:send_request():249] send_request: poll_exit
2022-04-23 14:33:58,163 DEBUG   HandlerThread:5998 [handler.py:handle_request():141] handle_request: poll_exit
2022-04-23 14:33:58,164 DEBUG   SenderThread:5998 [sender.py:send_request():249] send_request: poll_exit
2022-04-23 14:33:58,266 DEBUG   HandlerThread:5998 [handler.py:handle_request():141] handle_request: poll_exit
2022-04-23 14:33:58,266 DEBUG   SenderThread:5998 [sender.py:send_request():249] send_request: poll_exit
2022-04-23 14:33:58,368 DEBUG   HandlerThread:5998 [handler.py:handle_request():141] handle_request: poll_exit
2022-04-23 14:33:58,369 DEBUG   SenderThread:5998 [sender.py:send_request():249] send_request: poll_exit
2022-04-23 14:33:58,471 DEBUG   HandlerThread:5998 [handler.py:handle_request():141] handle_request: poll_exit
2022-04-23 14:33:58,471 DEBUG   SenderThread:5998 [sender.py:send_request():249] send_request: poll_exit
2022-04-23 14:33:58,573 DEBUG   HandlerThread:5998 [handler.py:handle_request():141] handle_request: poll_exit
2022-04-23 14:33:58,574 DEBUG   SenderThread:5998 [sender.py:send_request():249] send_request: poll_exit
2022-04-23 14:33:58,676 DEBUG   HandlerThread:5998 [handler.py:handle_request():141] handle_request: poll_exit
2022-04-23 14:33:58,676 DEBUG   SenderThread:5998 [sender.py:send_request():249] send_request: poll_exit
2022-04-23 14:33:58,778 DEBUG   HandlerThread:5998 [handler.py:handle_request():141] handle_request: poll_exit
2022-04-23 14:33:58,779 DEBUG   SenderThread:5998 [sender.py:send_request():249] send_request: poll_exit
2022-04-23 14:33:58,881 DEBUG   HandlerThread:5998 [handler.py:handle_request():141] handle_request: poll_exit
2022-04-23 14:33:58,881 DEBUG   SenderThread:5998 [sender.py:send_request():249] send_request: poll_exit
2022-04-23 14:33:58,983 DEBUG   HandlerThread:5998 [handler.py:handle_request():141] handle_request: poll_exit
2022-04-23 14:33:58,984 DEBUG   SenderThread:5998 [sender.py:send_request():249] send_request: poll_exit
2022-04-23 14:33:59,086 DEBUG   HandlerThread:5998 [handler.py:handle_request():141] handle_request: poll_exit
2022-04-23 14:33:59,086 DEBUG   SenderThread:5998 [sender.py:send_request():249] send_request: poll_exit
2022-04-23 14:33:59,189 DEBUG   HandlerThread:5998 [handler.py:handle_request():141] handle_request: poll_exit
2022-04-23 14:33:59,189 DEBUG   SenderThread:5998 [sender.py:send_request():249] send_request: poll_exit
2022-04-23 14:33:59,291 DEBUG   HandlerThread:5998 [handler.py:handle_request():141] handle_request: poll_exit
2022-04-23 14:33:59,292 DEBUG   SenderThread:5998 [sender.py:send_request():249] send_request: poll_exit
2022-04-23 14:33:59,394 DEBUG   HandlerThread:5998 [handler.py:handle_request():141] handle_request: poll_exit
2022-04-23 14:33:59,394 DEBUG   SenderThread:5998 [sender.py:send_request():249] send_request: poll_exit
2022-04-23 14:33:59,497 DEBUG   HandlerThread:5998 [handler.py:handle_request():141] handle_request: poll_exit
2022-04-23 14:33:59,497 DEBUG   SenderThread:5998 [sender.py:send_request():249] send_request: poll_exit
2022-04-23 14:33:59,599 DEBUG   HandlerThread:5998 [handler.py:handle_request():141] handle_request: poll_exit
2022-04-23 14:33:59,600 DEBUG   SenderThread:5998 [sender.py:send_request():249] send_request: poll_exit
2022-04-23 14:33:59,702 DEBUG   HandlerThread:5998 [handler.py:handle_request():141] handle_request: poll_exit
2022-04-23 14:33:59,702 DEBUG   SenderThread:5998 [sender.py:send_request():249] send_request: poll_exit
2022-04-23 14:33:59,804 DEBUG   HandlerThread:5998 [handler.py:handle_request():141] handle_request: poll_exit
2022-04-23 14:33:59,805 DEBUG   SenderThread:5998 [sender.py:send_request():249] send_request: poll_exit
2022-04-23 14:33:59,907 DEBUG   HandlerThread:5998 [handler.py:handle_request():141] handle_request: poll_exit
2022-04-23 14:33:59,907 DEBUG   SenderThread:5998 [sender.py:send_request():249] send_request: poll_exit
2022-04-23 14:34:00,009 DEBUG   HandlerThread:5998 [handler.py:handle_request():141] handle_request: poll_exit
2022-04-23 14:34:00,010 DEBUG   SenderThread:5998 [sender.py:send_request():249] send_request: poll_exit
2022-04-23 14:34:00,112 DEBUG   HandlerThread:5998 [handler.py:handle_request():141] handle_request: poll_exit
2022-04-23 14:34:00,112 DEBUG   SenderThread:5998 [sender.py:send_request():249] send_request: poll_exit
2022-04-23 14:34:00,215 DEBUG   HandlerThread:5998 [handler.py:handle_request():141] handle_request: poll_exit
2022-04-23 14:34:00,215 DEBUG   SenderThread:5998 [sender.py:send_request():249] send_request: poll_exit
2022-04-23 14:34:00,317 DEBUG   HandlerThread:5998 [handler.py:handle_request():141] handle_request: poll_exit
2022-04-23 14:34:00,318 DEBUG   SenderThread:5998 [sender.py:send_request():249] send_request: poll_exit
2022-04-23 14:34:00,420 DEBUG   HandlerThread:5998 [handler.py:handle_request():141] handle_request: poll_exit
2022-04-23 14:34:00,420 DEBUG   SenderThread:5998 [sender.py:send_request():249] send_request: poll_exit
2022-04-23 14:34:00,522 DEBUG   HandlerThread:5998 [handler.py:handle_request():141] handle_request: poll_exit
2022-04-23 14:34:00,523 DEBUG   SenderThread:5998 [sender.py:send_request():249] send_request: poll_exit
2022-04-23 14:34:00,625 DEBUG   HandlerThread:5998 [handler.py:handle_request():141] handle_request: poll_exit
2022-04-23 14:34:00,625 DEBUG   SenderThread:5998 [sender.py:send_request():249] send_request: poll_exit
2022-04-23 14:34:00,728 DEBUG   HandlerThread:5998 [handler.py:handle_request():141] handle_request: poll_exit
2022-04-23 14:34:00,728 DEBUG   SenderThread:5998 [sender.py:send_request():249] send_request: poll_exit
2022-04-23 14:34:00,830 DEBUG   HandlerThread:5998 [handler.py:handle_request():141] handle_request: poll_exit
2022-04-23 14:34:00,831 DEBUG   SenderThread:5998 [sender.py:send_request():249] send_request: poll_exit
2022-04-23 14:34:00,933 DEBUG   HandlerThread:5998 [handler.py:handle_request():141] handle_request: poll_exit
2022-04-23 14:34:00,933 DEBUG   SenderThread:5998 [sender.py:send_request():249] send_request: poll_exit
2022-04-23 14:34:01,035 DEBUG   HandlerThread:5998 [handler.py:handle_request():141] handle_request: poll_exit
2022-04-23 14:34:01,036 DEBUG   SenderThread:5998 [sender.py:send_request():249] send_request: poll_exit
2022-04-23 14:34:01,138 DEBUG   HandlerThread:5998 [handler.py:handle_request():141] handle_request: poll_exit
2022-04-23 14:34:01,138 DEBUG   SenderThread:5998 [sender.py:send_request():249] send_request: poll_exit
2022-04-23 14:34:01,240 DEBUG   HandlerThread:5998 [handler.py:handle_request():141] handle_request: poll_exit
2022-04-23 14:34:01,241 DEBUG   SenderThread:5998 [sender.py:send_request():249] send_request: poll_exit
2022-04-23 14:34:01,343 DEBUG   HandlerThread:5998 [handler.py:handle_request():141] handle_request: poll_exit
2022-04-23 14:34:01,343 DEBUG   SenderThread:5998 [sender.py:send_request():249] send_request: poll_exit
2022-04-23 14:34:01,446 DEBUG   HandlerThread:5998 [handler.py:handle_request():141] handle_request: poll_exit
2022-04-23 14:34:01,446 DEBUG   SenderThread:5998 [sender.py:send_request():249] send_request: poll_exit
2022-04-23 14:34:01,548 DEBUG   HandlerThread:5998 [handler.py:handle_request():141] handle_request: poll_exit
2022-04-23 14:34:01,548 DEBUG   SenderThread:5998 [sender.py:send_request():249] send_request: poll_exit
2022-04-23 14:34:01,651 DEBUG   HandlerThread:5998 [handler.py:handle_request():141] handle_request: poll_exit
2022-04-23 14:34:01,651 DEBUG   SenderThread:5998 [sender.py:send_request():249] send_request: poll_exit
2022-04-23 14:34:01,753 DEBUG   HandlerThread:5998 [handler.py:handle_request():141] handle_request: poll_exit
2022-04-23 14:34:01,754 DEBUG   SenderThread:5998 [sender.py:send_request():249] send_request: poll_exit
2022-04-23 14:34:01,856 DEBUG   HandlerThread:5998 [handler.py:handle_request():141] handle_request: poll_exit
2022-04-23 14:34:01,856 DEBUG   SenderThread:5998 [sender.py:send_request():249] send_request: poll_exit
2022-04-23 14:34:01,959 DEBUG   HandlerThread:5998 [handler.py:handle_request():141] handle_request: poll_exit
2022-04-23 14:34:01,959 DEBUG   SenderThread:5998 [sender.py:send_request():249] send_request: poll_exit
2022-04-23 14:34:02,061 DEBUG   HandlerThread:5998 [handler.py:handle_request():141] handle_request: poll_exit
2022-04-23 14:34:02,061 DEBUG   SenderThread:5998 [sender.py:send_request():249] send_request: poll_exit
2022-04-23 14:34:02,164 DEBUG   HandlerThread:5998 [handler.py:handle_request():141] handle_request: poll_exit
2022-04-23 14:34:02,164 DEBUG   SenderThread:5998 [sender.py:send_request():249] send_request: poll_exit
2022-04-23 14:34:02,266 DEBUG   HandlerThread:5998 [handler.py:handle_request():141] handle_request: poll_exit
2022-04-23 14:34:02,267 DEBUG   SenderThread:5998 [sender.py:send_request():249] send_request: poll_exit
2022-04-23 14:34:02,369 DEBUG   HandlerThread:5998 [handler.py:handle_request():141] handle_request: poll_exit
2022-04-23 14:34:02,370 DEBUG   SenderThread:5998 [sender.py:send_request():249] send_request: poll_exit
2022-04-23 14:34:02,472 DEBUG   HandlerThread:5998 [handler.py:handle_request():141] handle_request: poll_exit
2022-04-23 14:34:02,472 DEBUG   SenderThread:5998 [sender.py:send_request():249] send_request: poll_exit
2022-04-23 14:34:02,575 DEBUG   HandlerThread:5998 [handler.py:handle_request():141] handle_request: poll_exit
2022-04-23 14:34:02,575 DEBUG   SenderThread:5998 [sender.py:send_request():249] send_request: poll_exit
2022-04-23 14:34:02,677 DEBUG   HandlerThread:5998 [handler.py:handle_request():141] handle_request: poll_exit
2022-04-23 14:34:02,678 DEBUG   SenderThread:5998 [sender.py:send_request():249] send_request: poll_exit
2022-04-23 14:34:02,780 DEBUG   HandlerThread:5998 [handler.py:handle_request():141] handle_request: poll_exit
2022-04-23 14:34:02,780 DEBUG   SenderThread:5998 [sender.py:send_request():249] send_request: poll_exit
2022-04-23 14:34:02,883 DEBUG   HandlerThread:5998 [handler.py:handle_request():141] handle_request: poll_exit
2022-04-23 14:34:02,883 DEBUG   SenderThread:5998 [sender.py:send_request():249] send_request: poll_exit
2022-04-23 14:34:02,985 DEBUG   HandlerThread:5998 [handler.py:handle_request():141] handle_request: poll_exit
2022-04-23 14:34:02,986 DEBUG   SenderThread:5998 [sender.py:send_request():249] send_request: poll_exit
2022-04-23 14:34:03,088 DEBUG   HandlerThread:5998 [handler.py:handle_request():141] handle_request: poll_exit
2022-04-23 14:34:03,088 DEBUG   SenderThread:5998 [sender.py:send_request():249] send_request: poll_exit
2022-04-23 14:34:03,190 DEBUG   HandlerThread:5998 [handler.py:handle_request():141] handle_request: poll_exit
2022-04-23 14:34:03,191 DEBUG   SenderThread:5998 [sender.py:send_request():249] send_request: poll_exit
2022-04-23 14:34:03,293 DEBUG   HandlerThread:5998 [handler.py:handle_request():141] handle_request: poll_exit
2022-04-23 14:34:03,294 DEBUG   SenderThread:5998 [sender.py:send_request():249] send_request: poll_exit
2022-04-23 14:34:03,396 DEBUG   HandlerThread:5998 [handler.py:handle_request():141] handle_request: poll_exit
2022-04-23 14:34:03,396 DEBUG   SenderThread:5998 [sender.py:send_request():249] send_request: poll_exit
2022-04-23 14:34:03,498 DEBUG   HandlerThread:5998 [handler.py:handle_request():141] handle_request: poll_exit
2022-04-23 14:34:03,499 DEBUG   SenderThread:5998 [sender.py:send_request():249] send_request: poll_exit
2022-04-23 14:34:03,601 DEBUG   HandlerThread:5998 [handler.py:handle_request():141] handle_request: poll_exit
2022-04-23 14:34:03,601 DEBUG   SenderThread:5998 [sender.py:send_request():249] send_request: poll_exit
2022-04-23 14:34:03,704 DEBUG   HandlerThread:5998 [handler.py:handle_request():141] handle_request: poll_exit
2022-04-23 14:34:03,704 DEBUG   SenderThread:5998 [sender.py:send_request():249] send_request: poll_exit
2022-04-23 14:34:03,806 DEBUG   HandlerThread:5998 [handler.py:handle_request():141] handle_request: poll_exit
2022-04-23 14:34:03,806 DEBUG   SenderThread:5998 [sender.py:send_request():249] send_request: poll_exit
2022-04-23 14:34:03,908 DEBUG   HandlerThread:5998 [handler.py:handle_request():141] handle_request: poll_exit
2022-04-23 14:34:03,908 DEBUG   SenderThread:5998 [sender.py:send_request():249] send_request: poll_exit
2022-04-23 14:34:04,011 DEBUG   HandlerThread:5998 [handler.py:handle_request():141] handle_request: poll_exit
2022-04-23 14:34:04,011 DEBUG   SenderThread:5998 [sender.py:send_request():249] send_request: poll_exit
2022-04-23 14:34:04,113 DEBUG   HandlerThread:5998 [handler.py:handle_request():141] handle_request: poll_exit
2022-04-23 14:34:04,114 DEBUG   SenderThread:5998 [sender.py:send_request():249] send_request: poll_exit
2022-04-23 14:34:04,216 DEBUG   HandlerThread:5998 [handler.py:handle_request():141] handle_request: poll_exit
2022-04-23 14:34:04,216 DEBUG   SenderThread:5998 [sender.py:send_request():249] send_request: poll_exit
2022-04-23 14:34:04,318 DEBUG   HandlerThread:5998 [handler.py:handle_request():141] handle_request: poll_exit
2022-04-23 14:34:04,319 DEBUG   SenderThread:5998 [sender.py:send_request():249] send_request: poll_exit
2022-04-23 14:34:04,421 DEBUG   HandlerThread:5998 [handler.py:handle_request():141] handle_request: poll_exit
2022-04-23 14:34:04,421 DEBUG   SenderThread:5998 [sender.py:send_request():249] send_request: poll_exit
2022-04-23 14:34:04,523 DEBUG   HandlerThread:5998 [handler.py:handle_request():141] handle_request: poll_exit
2022-04-23 14:34:04,524 DEBUG   SenderThread:5998 [sender.py:send_request():249] send_request: poll_exit
2022-04-23 14:34:04,626 DEBUG   HandlerThread:5998 [handler.py:handle_request():141] handle_request: poll_exit
2022-04-23 14:34:04,626 DEBUG   SenderThread:5998 [sender.py:send_request():249] send_request: poll_exit
2022-04-23 14:34:04,688 INFO    Thread-15 :5998 [upload_job.py:push():137] Uploaded file /home/archita/ImageNet-Downsampled/wandb/run-20220423_143318-12jnxxpb/files/config.yaml
2022-04-23 14:34:04,728 DEBUG   HandlerThread:5998 [handler.py:handle_request():141] handle_request: poll_exit
2022-04-23 14:34:04,728 DEBUG   SenderThread:5998 [sender.py:send_request():249] send_request: poll_exit
2022-04-23 14:34:04,747 INFO    Thread-13 :5998 [upload_job.py:push():137] Uploaded file /home/archita/ImageNet-Downsampled/wandb/run-20220423_143318-12jnxxpb/files/output.log
2022-04-23 14:34:04,831 DEBUG   HandlerThread:5998 [handler.py:handle_request():141] handle_request: poll_exit
2022-04-23 14:34:04,831 DEBUG   SenderThread:5998 [sender.py:send_request():249] send_request: poll_exit
2022-04-23 14:34:04,841 INFO    Thread-14 :5998 [upload_job.py:push():137] Uploaded file /home/archita/ImageNet-Downsampled/wandb/run-20220423_143318-12jnxxpb/files/wandb-summary.json
2022-04-23 14:34:04,933 DEBUG   HandlerThread:5998 [handler.py:handle_request():141] handle_request: poll_exit
2022-04-23 14:34:04,933 DEBUG   SenderThread:5998 [sender.py:send_request():249] send_request: poll_exit
2022-04-23 14:34:04,958 INFO    Thread-12 :5998 [upload_job.py:push():137] Uploaded file /home/archita/ImageNet-Downsampled/wandb/run-20220423_143318-12jnxxpb/files/requirements.txt
2022-04-23 14:34:05,035 DEBUG   HandlerThread:5998 [handler.py:handle_request():141] handle_request: poll_exit
2022-04-23 14:34:05,036 DEBUG   SenderThread:5998 [sender.py:send_request():249] send_request: poll_exit
2022-04-23 14:34:05,138 DEBUG   HandlerThread:5998 [handler.py:handle_request():141] handle_request: poll_exit
2022-04-23 14:34:05,138 DEBUG   SenderThread:5998 [sender.py:send_request():249] send_request: poll_exit
2022-04-23 14:34:05,159 INFO    Thread-6  :5998 [sender.py:transition_state():392] send defer: 8
2022-04-23 14:34:05,160 DEBUG   HandlerThread:5998 [handler.py:handle_request():141] handle_request: defer
2022-04-23 14:34:05,160 INFO    HandlerThread:5998 [handler.py:handle_request_defer():164] handle defer: 8
2022-04-23 14:34:05,160 DEBUG   SenderThread:5998 [sender.py:send_request():249] send_request: defer
2022-04-23 14:34:05,160 INFO    SenderThread:5998 [sender.py:send_request_defer():388] handle sender defer: 8
2022-04-23 14:34:05,240 DEBUG   HandlerThread:5998 [handler.py:handle_request():141] handle_request: poll_exit
2022-04-23 14:34:05,498 INFO    SenderThread:5998 [sender.py:transition_state():392] send defer: 9
2022-04-23 14:34:05,498 DEBUG   SenderThread:5998 [sender.py:send_request():249] send_request: poll_exit
2022-04-23 14:34:05,499 DEBUG   HandlerThread:5998 [handler.py:handle_request():141] handle_request: defer
2022-04-23 14:34:05,499 INFO    HandlerThread:5998 [handler.py:handle_request_defer():164] handle defer: 9
2022-04-23 14:34:05,500 DEBUG   SenderThread:5998 [sender.py:send_request():249] send_request: defer
2022-04-23 14:34:05,500 INFO    SenderThread:5998 [sender.py:send_request_defer():388] handle sender defer: 9
2022-04-23 14:34:05,500 INFO    SenderThread:5998 [sender.py:transition_state():392] send defer: 10
2022-04-23 14:34:05,501 DEBUG   SenderThread:5998 [sender.py:send():235] send: final
2022-04-23 14:34:05,501 DEBUG   SenderThread:5998 [sender.py:send():235] send: footer
2022-04-23 14:34:05,501 DEBUG   HandlerThread:5998 [handler.py:handle_request():141] handle_request: defer
2022-04-23 14:34:05,501 INFO    HandlerThread:5998 [handler.py:handle_request_defer():164] handle defer: 10
2022-04-23 14:34:05,502 DEBUG   SenderThread:5998 [sender.py:send_request():249] send_request: defer
2022-04-23 14:34:05,502 INFO    SenderThread:5998 [sender.py:send_request_defer():388] handle sender defer: 10
2022-04-23 14:34:05,601 DEBUG   HandlerThread:5998 [handler.py:handle_request():141] handle_request: poll_exit
2022-04-23 14:34:05,601 DEBUG   SenderThread:5998 [sender.py:send_request():249] send_request: poll_exit
2022-04-23 14:34:05,601 INFO    SenderThread:5998 [file_pusher.py:join():150] waiting for file pusher
2022-04-23 14:34:10,702 DEBUG   HandlerThread:5998 [handler.py:handle_request():141] handle_request: poll_exit
2022-04-23 14:34:15,803 DEBUG   HandlerThread:5998 [handler.py:handle_request():141] handle_request: poll_exit
2022-04-23 14:34:16,249 DEBUG   SenderThread:5998 [sender.py:send_request():249] send_request: poll_exit
2022-04-23 14:34:16,250 INFO    SenderThread:5998 [file_pusher.py:join():150] waiting for file pusher
2022-04-23 14:34:16,250 DEBUG   SenderThread:5998 [sender.py:send_request():249] send_request: poll_exit
2022-04-23 14:34:16,250 INFO    SenderThread:5998 [file_pusher.py:join():150] waiting for file pusher
2022-04-23 14:34:16,352 DEBUG   HandlerThread:5998 [handler.py:handle_request():141] handle_request: sampled_history
2022-04-23 14:34:16,354 DEBUG   HandlerThread:5998 [handler.py:handle_request():141] handle_request: get_summary
2022-04-23 14:34:16,355 DEBUG   HandlerThread:5998 [handler.py:handle_request():141] handle_request: shutdown
2022-04-23 14:34:16,356 INFO    HandlerThread:5998 [handler.py:finish():790] shutting down handler
2022-04-23 14:34:16,503 INFO    WriterThread:5998 [datastore.py:close():281] close: /home/archita/ImageNet-Downsampled/wandb/run-20220423_143318-12jnxxpb/run-12jnxxpb.wandb
2022-04-23 14:34:17,250 INFO    SenderThread:5998 [sender.py:finish():1107] shutting down sender
2022-04-23 14:34:17,251 INFO    SenderThread:5998 [file_pusher.py:finish():145] shutting down file pusher
2022-04-23 14:34:17,251 INFO    SenderThread:5998 [file_pusher.py:join():150] waiting for file pusher
2022-04-23 14:34:17,253 INFO    MainThread:5998 [internal.py:handle_exit():82] Internal process exited
