2022-04-23 16:49:40,823 INFO    MainThread:14636 [internal.py:wandb_internal():92] W&B internal server running at pid: 14636, started at: 2022-04-23 16:49:40.820381
2022-04-23 16:49:40,829 INFO    WriterThread:14636 [datastore.py:open_for_write():77] open: /media/isha/Archita/ImageNet-Downsampled/wandb/run-20220423_164931-6lq9bko1/run-6lq9bko1.wandb
2022-04-23 16:49:40,837 DEBUG   SenderThread:14636 [sender.py:send():235] send: header
2022-04-23 16:49:40,837 DEBUG   SenderThread:14636 [sender.py:send():235] send: run
2022-04-23 16:49:56,354 DEBUG   HandlerThread:14636 [handler.py:handle_request():141] handle_request: check_version
2022-04-23 16:49:56,359 INFO    SenderThread:14636 [dir_watcher.py:__init__():169] watching files in: /media/isha/Archita/ImageNet-Downsampled/wandb/run-20220423_164931-6lq9bko1/files
2022-04-23 16:49:56,360 INFO    SenderThread:14636 [sender.py:_start_run_threads():812] run started: 6lq9bko1 with start time 1650712771
2022-04-23 16:49:56,360 DEBUG   SenderThread:14636 [sender.py:send():235] send: summary
2022-04-23 16:49:56,362 INFO    SenderThread:14636 [sender.py:_save_file():947] saving file wandb-summary.json with policy end
2022-04-23 16:49:56,363 DEBUG   SenderThread:14636 [sender.py:send_request():249] send_request: check_version
2022-04-23 16:49:56,527 DEBUG   HandlerThread:14636 [handler.py:handle_request():141] handle_request: run_start
2022-04-23 16:50:07,662 INFO    Thread-7  :14636 [dir_watcher.py:_on_file_created():217] file/dir created: /media/isha/Archita/ImageNet-Downsampled/wandb/run-20220423_164931-6lq9bko1/files/output.log
2022-04-23 16:50:07,663 INFO    Thread-7  :14636 [dir_watcher.py:_on_file_created():217] file/dir created: /media/isha/Archita/ImageNet-Downsampled/wandb/run-20220423_164931-6lq9bko1/files/wandb-summary.json
2022-04-23 16:50:09,705 INFO    Thread-7  :14636 [dir_watcher.py:_on_file_modified():230] file/dir modified: /media/isha/Archita/ImageNet-Downsampled/wandb/run-20220423_164931-6lq9bko1/files/output.log
2022-04-23 16:50:11,715 INFO    Thread-7  :14636 [dir_watcher.py:_on_file_modified():230] file/dir modified: /media/isha/Archita/ImageNet-Downsampled/wandb/run-20220423_164931-6lq9bko1/files/output.log
2022-04-23 16:50:20,790 DEBUG   HandlerThread:14636 [meta.py:__init__():37] meta init
2022-04-23 16:50:20,791 DEBUG   HandlerThread:14636 [meta.py:__init__():51] meta init done
2022-04-23 16:50:20,792 DEBUG   HandlerThread:14636 [meta.py:probe():211] probe
2022-04-23 16:50:20,850 DEBUG   HandlerThread:14636 [meta.py:_setup_git():201] setup git
2022-04-23 16:50:20,901 DEBUG   HandlerThread:14636 [meta.py:_setup_git():208] setup git done
2022-04-23 16:50:20,901 DEBUG   HandlerThread:14636 [meta.py:_save_pip():55] save pip
2022-04-23 16:50:20,903 DEBUG   HandlerThread:14636 [meta.py:_save_pip():69] save pip done
2022-04-23 16:50:20,931 DEBUG   HandlerThread:14636 [meta.py:probe():249] probe done
2022-04-23 16:50:20,967 DEBUG   HandlerThread:14636 [handler.py:handle_request():141] handle_request: stop_status
2022-04-23 16:50:20,969 DEBUG   SenderThread:14636 [sender.py:send_request():249] send_request: stop_status
2022-04-23 16:50:20,976 DEBUG   HandlerThread:14636 [handler.py:handle_request():141] handle_request: partial_history
2022-04-23 16:50:20,988 DEBUG   HandlerThread:14636 [handler.py:handle_request():141] handle_request: poll_exit
2022-04-23 16:50:20,989 DEBUG   HandlerThread:14636 [handler.py:handle_request():141] handle_request: poll_exit
2022-04-23 16:50:20,990 DEBUG   HandlerThread:14636 [handler.py:handle_request():141] handle_request: poll_exit
2022-04-23 16:50:21,761 INFO    Thread-7  :14636 [dir_watcher.py:_on_file_created():217] file/dir created: /media/isha/Archita/ImageNet-Downsampled/wandb/run-20220423_164931-6lq9bko1/files/wandb-metadata.json
2022-04-23 16:50:21,762 INFO    Thread-7  :14636 [dir_watcher.py:_on_file_created():217] file/dir created: /media/isha/Archita/ImageNet-Downsampled/wandb/run-20220423_164931-6lq9bko1/files/requirements.txt
2022-04-23 16:50:26,079 DEBUG   HandlerThread:14636 [handler.py:handle_request():141] handle_request: poll_exit
2022-04-23 16:50:26,329 DEBUG   SenderThread:14636 [sender.py:send():235] send: telemetry
2022-04-23 16:50:26,330 DEBUG   SenderThread:14636 [sender.py:send():235] send: config
2022-04-23 16:50:26,331 DEBUG   SenderThread:14636 [sender.py:send():235] send: telemetry
2022-04-23 16:50:26,332 DEBUG   SenderThread:14636 [sender.py:send():235] send: config
2022-04-23 16:50:26,332 DEBUG   SenderThread:14636 [sender.py:send():235] send: history
2022-04-23 16:50:26,333 DEBUG   SenderThread:14636 [sender.py:send():235] send: summary
2022-04-23 16:50:26,338 INFO    SenderThread:14636 [sender.py:_save_file():947] saving file wandb-summary.json with policy end
2022-04-23 16:50:26,340 DEBUG   SenderThread:14636 [sender.py:send():235] send: telemetry
2022-04-23 16:50:26,340 DEBUG   SenderThread:14636 [sender.py:send():235] send: exit
2022-04-23 16:50:26,341 INFO    SenderThread:14636 [sender.py:send_exit():371] handling exit code: 1
2022-04-23 16:50:26,341 INFO    SenderThread:14636 [sender.py:send_exit():373] handling runtime: 24
2022-04-23 16:50:26,343 INFO    SenderThread:14636 [sender.py:_save_file():947] saving file wandb-summary.json with policy end
2022-04-23 16:50:26,343 INFO    SenderThread:14636 [sender.py:send_exit():379] send defer
2022-04-23 16:50:26,344 DEBUG   SenderThread:14636 [sender.py:send_request():249] send_request: poll_exit
2022-04-23 16:50:26,345 DEBUG   SenderThread:14636 [sender.py:send_request():249] send_request: poll_exit
2022-04-23 16:50:26,346 DEBUG   SenderThread:14636 [sender.py:send():235] send: files
2022-04-23 16:50:26,346 INFO    SenderThread:14636 [sender.py:_save_file():947] saving file wandb-metadata.json with policy now
2022-04-23 16:50:26,347 DEBUG   HandlerThread:14636 [handler.py:handle_request():141] handle_request: defer
2022-04-23 16:50:26,348 INFO    HandlerThread:14636 [handler.py:handle_request_defer():164] handle defer: 0
2022-04-23 16:50:26,350 DEBUG   SenderThread:14636 [sender.py:send_request():249] send_request: poll_exit
2022-04-23 16:50:26,350 DEBUG   SenderThread:14636 [sender.py:send_request():249] send_request: poll_exit
2022-04-23 16:50:26,351 DEBUG   SenderThread:14636 [sender.py:send_request():249] send_request: defer
2022-04-23 16:50:26,352 INFO    SenderThread:14636 [sender.py:send_request_defer():388] handle sender defer: 0
2022-04-23 16:50:26,352 INFO    SenderThread:14636 [sender.py:transition_state():392] send defer: 1
2022-04-23 16:50:26,354 DEBUG   HandlerThread:14636 [handler.py:handle_request():141] handle_request: defer
2022-04-23 16:50:26,354 INFO    HandlerThread:14636 [handler.py:handle_request_defer():164] handle defer: 1
2022-04-23 16:50:26,419 DEBUG   SenderThread:14636 [sender.py:send_request():249] send_request: defer
2022-04-23 16:50:26,420 INFO    SenderThread:14636 [sender.py:send_request_defer():388] handle sender defer: 1
2022-04-23 16:50:26,420 INFO    SenderThread:14636 [sender.py:transition_state():392] send defer: 2
2022-04-23 16:50:26,420 DEBUG   SenderThread:14636 [sender.py:send():235] send: stats
2022-04-23 16:50:26,421 DEBUG   HandlerThread:14636 [handler.py:handle_request():141] handle_request: defer
2022-04-23 16:50:26,421 INFO    HandlerThread:14636 [handler.py:handle_request_defer():164] handle defer: 2
2022-04-23 16:50:26,422 DEBUG   SenderThread:14636 [sender.py:send_request():249] send_request: defer
2022-04-23 16:50:26,422 INFO    SenderThread:14636 [sender.py:send_request_defer():388] handle sender defer: 2
2022-04-23 16:50:26,422 INFO    SenderThread:14636 [sender.py:transition_state():392] send defer: 3
2022-04-23 16:50:26,422 DEBUG   HandlerThread:14636 [handler.py:handle_request():141] handle_request: defer
2022-04-23 16:50:26,423 INFO    HandlerThread:14636 [handler.py:handle_request_defer():164] handle defer: 3
2022-04-23 16:50:26,423 DEBUG   SenderThread:14636 [sender.py:send_request():249] send_request: defer
2022-04-23 16:50:26,423 INFO    SenderThread:14636 [sender.py:send_request_defer():388] handle sender defer: 3
2022-04-23 16:50:26,423 INFO    SenderThread:14636 [sender.py:transition_state():392] send defer: 4
2022-04-23 16:50:26,424 DEBUG   HandlerThread:14636 [handler.py:handle_request():141] handle_request: defer
2022-04-23 16:50:26,424 INFO    HandlerThread:14636 [handler.py:handle_request_defer():164] handle defer: 4
2022-04-23 16:50:26,424 DEBUG   SenderThread:14636 [sender.py:send():235] send: summary
2022-04-23 16:50:26,425 INFO    SenderThread:14636 [sender.py:_save_file():947] saving file wandb-summary.json with policy end
2022-04-23 16:50:26,426 DEBUG   SenderThread:14636 [sender.py:send_request():249] send_request: defer
2022-04-23 16:50:26,426 INFO    SenderThread:14636 [sender.py:send_request_defer():388] handle sender defer: 4
2022-04-23 16:50:26,426 INFO    SenderThread:14636 [sender.py:transition_state():392] send defer: 5
2022-04-23 16:50:26,426 DEBUG   HandlerThread:14636 [handler.py:handle_request():141] handle_request: defer
2022-04-23 16:50:26,427 INFO    HandlerThread:14636 [handler.py:handle_request_defer():164] handle defer: 5
2022-04-23 16:50:26,427 DEBUG   SenderThread:14636 [sender.py:send_request():249] send_request: defer
2022-04-23 16:50:26,428 INFO    SenderThread:14636 [sender.py:send_request_defer():388] handle sender defer: 5
2022-04-23 16:50:26,454 DEBUG   HandlerThread:14636 [handler.py:handle_request():141] handle_request: poll_exit
2022-04-23 16:50:26,782 INFO    Thread-7  :14636 [dir_watcher.py:_on_file_modified():230] file/dir modified: /media/isha/Archita/ImageNet-Downsampled/wandb/run-20220423_164931-6lq9bko1/files/wandb-summary.json
2022-04-23 16:50:31,556 DEBUG   HandlerThread:14636 [handler.py:handle_request():141] handle_request: poll_exit
2022-04-23 16:50:31,890 INFO    SenderThread:14636 [sender.py:transition_state():392] send defer: 6
2022-04-23 16:50:31,891 DEBUG   SenderThread:14636 [sender.py:send_request():249] send_request: poll_exit
2022-04-23 16:50:31,892 DEBUG   SenderThread:14636 [sender.py:send_request():249] send_request: poll_exit
2022-04-23 16:50:31,893 DEBUG   HandlerThread:14636 [handler.py:handle_request():141] handle_request: defer
2022-04-23 16:50:31,894 INFO    HandlerThread:14636 [handler.py:handle_request_defer():164] handle defer: 6
2022-04-23 16:50:31,895 DEBUG   SenderThread:14636 [sender.py:send_request():249] send_request: defer
2022-04-23 16:50:31,896 INFO    SenderThread:14636 [sender.py:send_request_defer():388] handle sender defer: 6
2022-04-23 16:50:31,897 INFO    SenderThread:14636 [dir_watcher.py:finish():283] shutting down directory watcher
2022-04-23 16:50:31,996 DEBUG   HandlerThread:14636 [handler.py:handle_request():141] handle_request: poll_exit
2022-04-23 16:50:32,789 INFO    SenderThread:14636 [dir_watcher.py:_on_file_modified():230] file/dir modified: /media/isha/Archita/ImageNet-Downsampled/wandb/run-20220423_164931-6lq9bko1/files/config.yaml
2022-04-23 16:50:32,790 INFO    SenderThread:14636 [dir_watcher.py:finish():313] scan: /media/isha/Archita/ImageNet-Downsampled/wandb/run-20220423_164931-6lq9bko1/files
2022-04-23 16:50:32,791 INFO    SenderThread:14636 [dir_watcher.py:finish():327] scan save: /media/isha/Archita/ImageNet-Downsampled/wandb/run-20220423_164931-6lq9bko1/files/config.yaml config.yaml
2022-04-23 16:50:32,793 INFO    SenderThread:14636 [dir_watcher.py:finish():327] scan save: /media/isha/Archita/ImageNet-Downsampled/wandb/run-20220423_164931-6lq9bko1/files/output.log output.log
2022-04-23 16:50:32,795 INFO    SenderThread:14636 [dir_watcher.py:finish():327] scan save: /media/isha/Archita/ImageNet-Downsampled/wandb/run-20220423_164931-6lq9bko1/files/requirements.txt requirements.txt
2022-04-23 16:50:32,807 INFO    SenderThread:14636 [dir_watcher.py:finish():327] scan save: /media/isha/Archita/ImageNet-Downsampled/wandb/run-20220423_164931-6lq9bko1/files/wandb-metadata.json wandb-metadata.json
2022-04-23 16:50:32,807 INFO    SenderThread:14636 [dir_watcher.py:finish():327] scan save: /media/isha/Archita/ImageNet-Downsampled/wandb/run-20220423_164931-6lq9bko1/files/wandb-summary.json wandb-summary.json
2022-04-23 16:50:32,813 INFO    SenderThread:14636 [sender.py:transition_state():392] send defer: 7
2022-04-23 16:50:32,813 DEBUG   SenderThread:14636 [sender.py:send_request():249] send_request: poll_exit
2022-04-23 16:50:32,821 DEBUG   HandlerThread:14636 [handler.py:handle_request():141] handle_request: defer
2022-04-23 16:50:32,822 INFO    HandlerThread:14636 [handler.py:handle_request_defer():164] handle defer: 7
2022-04-23 16:50:32,823 DEBUG   SenderThread:14636 [sender.py:send_request():249] send_request: defer
2022-04-23 16:50:32,823 INFO    SenderThread:14636 [sender.py:send_request_defer():388] handle sender defer: 7
2022-04-23 16:50:32,824 INFO    SenderThread:14636 [file_pusher.py:finish():145] shutting down file pusher
2022-04-23 16:50:32,924 DEBUG   HandlerThread:14636 [handler.py:handle_request():141] handle_request: poll_exit
2022-04-23 16:50:32,925 DEBUG   SenderThread:14636 [sender.py:send_request():249] send_request: poll_exit
2022-04-23 16:50:33,029 DEBUG   HandlerThread:14636 [handler.py:handle_request():141] handle_request: poll_exit
2022-04-23 16:50:33,030 DEBUG   SenderThread:14636 [sender.py:send_request():249] send_request: poll_exit
2022-04-23 16:50:33,134 DEBUG   HandlerThread:14636 [handler.py:handle_request():141] handle_request: poll_exit
2022-04-23 16:50:33,135 DEBUG   SenderThread:14636 [sender.py:send_request():249] send_request: poll_exit
2022-04-23 16:50:33,239 DEBUG   HandlerThread:14636 [handler.py:handle_request():141] handle_request: poll_exit
2022-04-23 16:50:33,240 DEBUG   SenderThread:14636 [sender.py:send_request():249] send_request: poll_exit
2022-04-23 16:50:33,345 DEBUG   HandlerThread:14636 [handler.py:handle_request():141] handle_request: poll_exit
2022-04-23 16:50:33,346 DEBUG   SenderThread:14636 [sender.py:send_request():249] send_request: poll_exit
2022-04-23 16:50:33,450 DEBUG   HandlerThread:14636 [handler.py:handle_request():141] handle_request: poll_exit
2022-04-23 16:50:33,451 DEBUG   SenderThread:14636 [sender.py:send_request():249] send_request: poll_exit
2022-04-23 16:50:33,556 DEBUG   HandlerThread:14636 [handler.py:handle_request():141] handle_request: poll_exit
2022-04-23 16:50:33,557 DEBUG   SenderThread:14636 [sender.py:send_request():249] send_request: poll_exit
2022-04-23 16:50:33,661 DEBUG   HandlerThread:14636 [handler.py:handle_request():141] handle_request: poll_exit
2022-04-23 16:50:33,662 DEBUG   SenderThread:14636 [sender.py:send_request():249] send_request: poll_exit
2022-04-23 16:50:33,767 DEBUG   HandlerThread:14636 [handler.py:handle_request():141] handle_request: poll_exit
2022-04-23 16:50:33,768 DEBUG   SenderThread:14636 [sender.py:send_request():249] send_request: poll_exit
2022-04-23 16:50:33,872 DEBUG   HandlerThread:14636 [handler.py:handle_request():141] handle_request: poll_exit
2022-04-23 16:50:33,873 DEBUG   SenderThread:14636 [sender.py:send_request():249] send_request: poll_exit
2022-04-23 16:50:33,977 DEBUG   HandlerThread:14636 [handler.py:handle_request():141] handle_request: poll_exit
2022-04-23 16:50:33,978 DEBUG   SenderThread:14636 [sender.py:send_request():249] send_request: poll_exit
2022-04-23 16:50:34,083 DEBUG   HandlerThread:14636 [handler.py:handle_request():141] handle_request: poll_exit
2022-04-23 16:50:34,084 DEBUG   SenderThread:14636 [sender.py:send_request():249] send_request: poll_exit
2022-04-23 16:50:34,188 DEBUG   HandlerThread:14636 [handler.py:handle_request():141] handle_request: poll_exit
2022-04-23 16:50:34,189 DEBUG   SenderThread:14636 [sender.py:send_request():249] send_request: poll_exit
2022-04-23 16:50:34,293 DEBUG   HandlerThread:14636 [handler.py:handle_request():141] handle_request: poll_exit
2022-04-23 16:50:34,295 DEBUG   SenderThread:14636 [sender.py:send_request():249] send_request: poll_exit
2022-04-23 16:50:34,399 DEBUG   HandlerThread:14636 [handler.py:handle_request():141] handle_request: poll_exit
2022-04-23 16:50:34,400 DEBUG   SenderThread:14636 [sender.py:send_request():249] send_request: poll_exit
2022-04-23 16:50:34,504 DEBUG   HandlerThread:14636 [handler.py:handle_request():141] handle_request: poll_exit
2022-04-23 16:50:34,505 DEBUG   SenderThread:14636 [sender.py:send_request():249] send_request: poll_exit
2022-04-23 16:50:34,791 DEBUG   HandlerThread:14636 [handler.py:handle_request():141] handle_request: poll_exit
2022-04-23 16:50:34,792 DEBUG   SenderThread:14636 [sender.py:send_request():249] send_request: poll_exit
2022-04-23 16:50:34,896 DEBUG   HandlerThread:14636 [handler.py:handle_request():141] handle_request: poll_exit
2022-04-23 16:50:34,897 DEBUG   SenderThread:14636 [sender.py:send_request():249] send_request: poll_exit
2022-04-23 16:50:35,002 DEBUG   HandlerThread:14636 [handler.py:handle_request():141] handle_request: poll_exit
2022-04-23 16:50:35,003 DEBUG   SenderThread:14636 [sender.py:send_request():249] send_request: poll_exit
2022-04-23 16:50:35,108 DEBUG   HandlerThread:14636 [handler.py:handle_request():141] handle_request: poll_exit
2022-04-23 16:50:35,109 DEBUG   SenderThread:14636 [sender.py:send_request():249] send_request: poll_exit
2022-04-23 16:50:35,214 DEBUG   HandlerThread:14636 [handler.py:handle_request():141] handle_request: poll_exit
2022-04-23 16:50:35,215 DEBUG   SenderThread:14636 [sender.py:send_request():249] send_request: poll_exit
2022-04-23 16:50:35,319 DEBUG   HandlerThread:14636 [handler.py:handle_request():141] handle_request: poll_exit
2022-04-23 16:50:35,320 DEBUG   SenderThread:14636 [sender.py:send_request():249] send_request: poll_exit
2022-04-23 16:50:35,424 DEBUG   HandlerThread:14636 [handler.py:handle_request():141] handle_request: poll_exit
2022-04-23 16:50:35,425 DEBUG   SenderThread:14636 [sender.py:send_request():249] send_request: poll_exit
2022-04-23 16:50:35,530 DEBUG   HandlerThread:14636 [handler.py:handle_request():141] handle_request: poll_exit
2022-04-23 16:50:35,531 DEBUG   SenderThread:14636 [sender.py:send_request():249] send_request: poll_exit
2022-04-23 16:50:35,636 DEBUG   HandlerThread:14636 [handler.py:handle_request():141] handle_request: poll_exit
2022-04-23 16:50:35,637 DEBUG   SenderThread:14636 [sender.py:send_request():249] send_request: poll_exit
2022-04-23 16:50:35,741 DEBUG   HandlerThread:14636 [handler.py:handle_request():141] handle_request: poll_exit
2022-04-23 16:50:35,743 DEBUG   SenderThread:14636 [sender.py:send_request():249] send_request: poll_exit
2022-04-23 16:50:35,848 DEBUG   HandlerThread:14636 [handler.py:handle_request():141] handle_request: poll_exit
2022-04-23 16:50:35,849 DEBUG   SenderThread:14636 [sender.py:send_request():249] send_request: poll_exit
2022-04-23 16:50:35,953 DEBUG   HandlerThread:14636 [handler.py:handle_request():141] handle_request: poll_exit
2022-04-23 16:50:35,954 DEBUG   SenderThread:14636 [sender.py:send_request():249] send_request: poll_exit
2022-04-23 16:50:36,059 DEBUG   HandlerThread:14636 [handler.py:handle_request():141] handle_request: poll_exit
2022-04-23 16:50:36,060 DEBUG   SenderThread:14636 [sender.py:send_request():249] send_request: poll_exit
2022-04-23 16:50:36,164 DEBUG   HandlerThread:14636 [handler.py:handle_request():141] handle_request: poll_exit
2022-04-23 16:50:36,165 DEBUG   SenderThread:14636 [sender.py:send_request():249] send_request: poll_exit
2022-04-23 16:50:36,270 DEBUG   HandlerThread:14636 [handler.py:handle_request():141] handle_request: poll_exit
2022-04-23 16:50:36,271 DEBUG   SenderThread:14636 [sender.py:send_request():249] send_request: poll_exit
2022-04-23 16:50:36,375 DEBUG   HandlerThread:14636 [handler.py:handle_request():141] handle_request: poll_exit
2022-04-23 16:50:36,376 DEBUG   SenderThread:14636 [sender.py:send_request():249] send_request: poll_exit
2022-04-23 16:50:36,480 DEBUG   HandlerThread:14636 [handler.py:handle_request():141] handle_request: poll_exit
2022-04-23 16:50:36,481 DEBUG   SenderThread:14636 [sender.py:send_request():249] send_request: poll_exit
2022-04-23 16:50:36,585 DEBUG   HandlerThread:14636 [handler.py:handle_request():141] handle_request: poll_exit
2022-04-23 16:50:36,586 DEBUG   SenderThread:14636 [sender.py:send_request():249] send_request: poll_exit
2022-04-23 16:50:36,692 DEBUG   HandlerThread:14636 [handler.py:handle_request():141] handle_request: poll_exit
2022-04-23 16:50:36,693 DEBUG   SenderThread:14636 [sender.py:send_request():249] send_request: poll_exit
2022-04-23 16:50:36,797 DEBUG   HandlerThread:14636 [handler.py:handle_request():141] handle_request: poll_exit
2022-04-23 16:50:36,798 DEBUG   SenderThread:14636 [sender.py:send_request():249] send_request: poll_exit
2022-04-23 16:50:36,903 DEBUG   HandlerThread:14636 [handler.py:handle_request():141] handle_request: poll_exit
2022-04-23 16:50:36,904 DEBUG   SenderThread:14636 [sender.py:send_request():249] send_request: poll_exit
2022-04-23 16:50:37,008 DEBUG   HandlerThread:14636 [handler.py:handle_request():141] handle_request: poll_exit
2022-04-23 16:50:37,009 DEBUG   SenderThread:14636 [sender.py:send_request():249] send_request: poll_exit
2022-04-23 16:50:37,113 DEBUG   HandlerThread:14636 [handler.py:handle_request():141] handle_request: poll_exit
2022-04-23 16:50:37,114 DEBUG   SenderThread:14636 [sender.py:send_request():249] send_request: poll_exit
2022-04-23 16:50:37,218 DEBUG   HandlerThread:14636 [handler.py:handle_request():141] handle_request: poll_exit
2022-04-23 16:50:37,219 DEBUG   SenderThread:14636 [sender.py:send_request():249] send_request: poll_exit
2022-04-23 16:50:37,324 DEBUG   HandlerThread:14636 [handler.py:handle_request():141] handle_request: poll_exit
2022-04-23 16:50:37,325 DEBUG   SenderThread:14636 [sender.py:send_request():249] send_request: poll_exit
2022-04-23 16:50:37,429 DEBUG   HandlerThread:14636 [handler.py:handle_request():141] handle_request: poll_exit
2022-04-23 16:50:37,430 DEBUG   SenderThread:14636 [sender.py:send_request():249] send_request: poll_exit
2022-04-23 16:50:37,535 DEBUG   HandlerThread:14636 [handler.py:handle_request():141] handle_request: poll_exit
2022-04-23 16:50:37,536 DEBUG   SenderThread:14636 [sender.py:send_request():249] send_request: poll_exit
2022-04-23 16:50:37,641 DEBUG   HandlerThread:14636 [handler.py:handle_request():141] handle_request: poll_exit
2022-04-23 16:50:37,642 DEBUG   SenderThread:14636 [sender.py:send_request():249] send_request: poll_exit
2022-04-23 16:50:37,746 DEBUG   HandlerThread:14636 [handler.py:handle_request():141] handle_request: poll_exit
2022-04-23 16:50:37,747 DEBUG   SenderThread:14636 [sender.py:send_request():249] send_request: poll_exit
2022-04-23 16:50:37,852 DEBUG   HandlerThread:14636 [handler.py:handle_request():141] handle_request: poll_exit
2022-04-23 16:50:37,853 DEBUG   SenderThread:14636 [sender.py:send_request():249] send_request: poll_exit
2022-04-23 16:50:37,957 DEBUG   HandlerThread:14636 [handler.py:handle_request():141] handle_request: poll_exit
2022-04-23 16:50:37,958 DEBUG   SenderThread:14636 [sender.py:send_request():249] send_request: poll_exit
2022-04-23 16:50:38,063 DEBUG   HandlerThread:14636 [handler.py:handle_request():141] handle_request: poll_exit
2022-04-23 16:50:38,064 DEBUG   SenderThread:14636 [sender.py:send_request():249] send_request: poll_exit
2022-04-23 16:50:38,168 DEBUG   HandlerThread:14636 [handler.py:handle_request():141] handle_request: poll_exit
2022-04-23 16:50:38,169 DEBUG   SenderThread:14636 [sender.py:send_request():249] send_request: poll_exit
2022-04-23 16:50:38,274 DEBUG   HandlerThread:14636 [handler.py:handle_request():141] handle_request: poll_exit
2022-04-23 16:50:38,275 DEBUG   SenderThread:14636 [sender.py:send_request():249] send_request: poll_exit
2022-04-23 16:50:38,379 DEBUG   HandlerThread:14636 [handler.py:handle_request():141] handle_request: poll_exit
2022-04-23 16:50:38,380 DEBUG   SenderThread:14636 [sender.py:send_request():249] send_request: poll_exit
2022-04-23 16:50:38,485 DEBUG   HandlerThread:14636 [handler.py:handle_request():141] handle_request: poll_exit
2022-04-23 16:50:38,486 DEBUG   SenderThread:14636 [sender.py:send_request():249] send_request: poll_exit
2022-04-23 16:50:38,590 DEBUG   HandlerThread:14636 [handler.py:handle_request():141] handle_request: poll_exit
2022-04-23 16:50:38,592 DEBUG   SenderThread:14636 [sender.py:send_request():249] send_request: poll_exit
2022-04-23 16:50:38,696 DEBUG   HandlerThread:14636 [handler.py:handle_request():141] handle_request: poll_exit
2022-04-23 16:50:38,697 DEBUG   SenderThread:14636 [sender.py:send_request():249] send_request: poll_exit
2022-04-23 16:50:38,802 DEBUG   HandlerThread:14636 [handler.py:handle_request():141] handle_request: poll_exit
2022-04-23 16:50:38,804 DEBUG   SenderThread:14636 [sender.py:send_request():249] send_request: poll_exit
2022-04-23 16:50:38,909 DEBUG   HandlerThread:14636 [handler.py:handle_request():141] handle_request: poll_exit
2022-04-23 16:50:38,910 DEBUG   SenderThread:14636 [sender.py:send_request():249] send_request: poll_exit
2022-04-23 16:50:39,015 DEBUG   HandlerThread:14636 [handler.py:handle_request():141] handle_request: poll_exit
2022-04-23 16:50:39,016 DEBUG   SenderThread:14636 [sender.py:send_request():249] send_request: poll_exit
2022-04-23 16:50:39,120 DEBUG   HandlerThread:14636 [handler.py:handle_request():141] handle_request: poll_exit
2022-04-23 16:50:39,121 DEBUG   SenderThread:14636 [sender.py:send_request():249] send_request: poll_exit
2022-04-23 16:50:39,225 DEBUG   HandlerThread:14636 [handler.py:handle_request():141] handle_request: poll_exit
2022-04-23 16:50:39,227 DEBUG   SenderThread:14636 [sender.py:send_request():249] send_request: poll_exit
2022-04-23 16:50:39,331 DEBUG   HandlerThread:14636 [handler.py:handle_request():141] handle_request: poll_exit
2022-04-23 16:50:39,332 DEBUG   SenderThread:14636 [sender.py:send_request():249] send_request: poll_exit
2022-04-23 16:50:39,437 DEBUG   HandlerThread:14636 [handler.py:handle_request():141] handle_request: poll_exit
2022-04-23 16:50:39,438 DEBUG   SenderThread:14636 [sender.py:send_request():249] send_request: poll_exit
2022-04-23 16:50:39,543 DEBUG   HandlerThread:14636 [handler.py:handle_request():141] handle_request: poll_exit
2022-04-23 16:50:39,544 DEBUG   SenderThread:14636 [sender.py:send_request():249] send_request: poll_exit
2022-04-23 16:50:39,649 DEBUG   HandlerThread:14636 [handler.py:handle_request():141] handle_request: poll_exit
2022-04-23 16:50:39,650 DEBUG   SenderThread:14636 [sender.py:send_request():249] send_request: poll_exit
2022-04-23 16:50:39,755 DEBUG   HandlerThread:14636 [handler.py:handle_request():141] handle_request: poll_exit
2022-04-23 16:50:39,756 DEBUG   SenderThread:14636 [sender.py:send_request():249] send_request: poll_exit
2022-04-23 16:50:39,860 DEBUG   HandlerThread:14636 [handler.py:handle_request():141] handle_request: poll_exit
2022-04-23 16:50:39,860 DEBUG   SenderThread:14636 [sender.py:send_request():249] send_request: poll_exit
2022-04-23 16:50:39,964 DEBUG   HandlerThread:14636 [handler.py:handle_request():141] handle_request: poll_exit
2022-04-23 16:50:39,965 DEBUG   SenderThread:14636 [sender.py:send_request():249] send_request: poll_exit
2022-04-23 16:50:40,069 DEBUG   HandlerThread:14636 [handler.py:handle_request():141] handle_request: poll_exit
2022-04-23 16:50:40,070 DEBUG   SenderThread:14636 [sender.py:send_request():249] send_request: poll_exit
2022-04-23 16:50:40,175 DEBUG   HandlerThread:14636 [handler.py:handle_request():141] handle_request: poll_exit
2022-04-23 16:50:40,176 DEBUG   SenderThread:14636 [sender.py:send_request():249] send_request: poll_exit
2022-04-23 16:50:40,281 DEBUG   HandlerThread:14636 [handler.py:handle_request():141] handle_request: poll_exit
2022-04-23 16:50:40,282 DEBUG   SenderThread:14636 [sender.py:send_request():249] send_request: poll_exit
2022-04-23 16:50:40,387 DEBUG   HandlerThread:14636 [handler.py:handle_request():141] handle_request: poll_exit
2022-04-23 16:50:40,388 DEBUG   SenderThread:14636 [sender.py:send_request():249] send_request: poll_exit
2022-04-23 16:50:40,493 DEBUG   HandlerThread:14636 [handler.py:handle_request():141] handle_request: poll_exit
2022-04-23 16:50:40,494 DEBUG   SenderThread:14636 [sender.py:send_request():249] send_request: poll_exit
2022-04-23 16:50:40,599 DEBUG   HandlerThread:14636 [handler.py:handle_request():141] handle_request: poll_exit
2022-04-23 16:50:40,600 DEBUG   SenderThread:14636 [sender.py:send_request():249] send_request: poll_exit
2022-04-23 16:50:40,704 DEBUG   HandlerThread:14636 [handler.py:handle_request():141] handle_request: poll_exit
2022-04-23 16:50:40,706 DEBUG   SenderThread:14636 [sender.py:send_request():249] send_request: poll_exit
2022-04-23 16:50:40,810 DEBUG   HandlerThread:14636 [handler.py:handle_request():141] handle_request: poll_exit
2022-04-23 16:50:40,811 DEBUG   SenderThread:14636 [sender.py:send_request():249] send_request: poll_exit
2022-04-23 16:50:40,916 DEBUG   HandlerThread:14636 [handler.py:handle_request():141] handle_request: poll_exit
2022-04-23 16:50:40,917 DEBUG   SenderThread:14636 [sender.py:send_request():249] send_request: poll_exit
2022-04-23 16:50:41,022 DEBUG   HandlerThread:14636 [handler.py:handle_request():141] handle_request: poll_exit
2022-04-23 16:50:41,023 DEBUG   SenderThread:14636 [sender.py:send_request():249] send_request: poll_exit
2022-04-23 16:50:41,128 DEBUG   HandlerThread:14636 [handler.py:handle_request():141] handle_request: poll_exit
2022-04-23 16:50:41,129 DEBUG   SenderThread:14636 [sender.py:send_request():249] send_request: poll_exit
2022-04-23 16:50:41,233 DEBUG   HandlerThread:14636 [handler.py:handle_request():141] handle_request: poll_exit
2022-04-23 16:50:41,234 DEBUG   SenderThread:14636 [sender.py:send_request():249] send_request: poll_exit
2022-04-23 16:50:41,339 DEBUG   HandlerThread:14636 [handler.py:handle_request():141] handle_request: poll_exit
2022-04-23 16:50:41,340 DEBUG   SenderThread:14636 [sender.py:send_request():249] send_request: poll_exit
2022-04-23 16:50:41,444 DEBUG   HandlerThread:14636 [handler.py:handle_request():141] handle_request: poll_exit
2022-04-23 16:50:41,445 DEBUG   SenderThread:14636 [sender.py:send_request():249] send_request: poll_exit
2022-04-23 16:50:41,550 DEBUG   HandlerThread:14636 [handler.py:handle_request():141] handle_request: poll_exit
2022-04-23 16:50:41,551 DEBUG   SenderThread:14636 [sender.py:send_request():249] send_request: poll_exit
2022-04-23 16:50:41,656 DEBUG   HandlerThread:14636 [handler.py:handle_request():141] handle_request: poll_exit
2022-04-23 16:50:41,657 DEBUG   SenderThread:14636 [sender.py:send_request():249] send_request: poll_exit
2022-04-23 16:50:41,762 DEBUG   HandlerThread:14636 [handler.py:handle_request():141] handle_request: poll_exit
2022-04-23 16:50:41,763 DEBUG   SenderThread:14636 [sender.py:send_request():249] send_request: poll_exit
2022-04-23 16:50:41,867 DEBUG   HandlerThread:14636 [handler.py:handle_request():141] handle_request: poll_exit
2022-04-23 16:50:41,869 DEBUG   SenderThread:14636 [sender.py:send_request():249] send_request: poll_exit
2022-04-23 16:50:41,973 DEBUG   HandlerThread:14636 [handler.py:handle_request():141] handle_request: poll_exit
2022-04-23 16:50:41,975 DEBUG   SenderThread:14636 [sender.py:send_request():249] send_request: poll_exit
2022-04-23 16:50:42,079 DEBUG   HandlerThread:14636 [handler.py:handle_request():141] handle_request: poll_exit
2022-04-23 16:50:42,080 DEBUG   SenderThread:14636 [sender.py:send_request():249] send_request: poll_exit
2022-04-23 16:50:42,185 DEBUG   HandlerThread:14636 [handler.py:handle_request():141] handle_request: poll_exit
2022-04-23 16:50:42,186 DEBUG   SenderThread:14636 [sender.py:send_request():249] send_request: poll_exit
2022-04-23 16:50:42,291 DEBUG   HandlerThread:14636 [handler.py:handle_request():141] handle_request: poll_exit
2022-04-23 16:50:42,292 DEBUG   SenderThread:14636 [sender.py:send_request():249] send_request: poll_exit
2022-04-23 16:50:42,396 DEBUG   HandlerThread:14636 [handler.py:handle_request():141] handle_request: poll_exit
2022-04-23 16:50:42,397 DEBUG   SenderThread:14636 [sender.py:send_request():249] send_request: poll_exit
2022-04-23 16:50:42,475 INFO    Thread-11 :14636 [upload_job.py:push():137] Uploaded file /tmp/tmpruoa7c02wandb/qmo8z632-wandb-metadata.json
2022-04-23 16:50:42,502 DEBUG   HandlerThread:14636 [handler.py:handle_request():141] handle_request: poll_exit
2022-04-23 16:50:42,503 DEBUG   SenderThread:14636 [sender.py:send_request():249] send_request: poll_exit
2022-04-23 16:50:42,607 DEBUG   HandlerThread:14636 [handler.py:handle_request():141] handle_request: poll_exit
2022-04-23 16:50:42,609 DEBUG   SenderThread:14636 [sender.py:send_request():249] send_request: poll_exit
2022-04-23 16:50:42,713 DEBUG   HandlerThread:14636 [handler.py:handle_request():141] handle_request: poll_exit
2022-04-23 16:50:42,714 DEBUG   SenderThread:14636 [sender.py:send_request():249] send_request: poll_exit
2022-04-23 16:50:42,819 DEBUG   HandlerThread:14636 [handler.py:handle_request():141] handle_request: poll_exit
2022-04-23 16:50:42,820 DEBUG   SenderThread:14636 [sender.py:send_request():249] send_request: poll_exit
2022-04-23 16:50:42,924 DEBUG   HandlerThread:14636 [handler.py:handle_request():141] handle_request: poll_exit
2022-04-23 16:50:42,926 DEBUG   SenderThread:14636 [sender.py:send_request():249] send_request: poll_exit
2022-04-23 16:50:43,030 DEBUG   HandlerThread:14636 [handler.py:handle_request():141] handle_request: poll_exit
2022-04-23 16:50:43,031 DEBUG   SenderThread:14636 [sender.py:send_request():249] send_request: poll_exit
2022-04-23 16:50:43,136 DEBUG   HandlerThread:14636 [handler.py:handle_request():141] handle_request: poll_exit
2022-04-23 16:50:43,137 DEBUG   SenderThread:14636 [sender.py:send_request():249] send_request: poll_exit
2022-04-23 16:50:43,241 DEBUG   HandlerThread:14636 [handler.py:handle_request():141] handle_request: poll_exit
2022-04-23 16:50:43,243 DEBUG   SenderThread:14636 [sender.py:send_request():249] send_request: poll_exit
2022-04-23 16:50:43,347 DEBUG   HandlerThread:14636 [handler.py:handle_request():141] handle_request: poll_exit
2022-04-23 16:50:43,348 DEBUG   SenderThread:14636 [sender.py:send_request():249] send_request: poll_exit
2022-04-23 16:50:43,453 DEBUG   HandlerThread:14636 [handler.py:handle_request():141] handle_request: poll_exit
2022-04-23 16:50:43,454 DEBUG   SenderThread:14636 [sender.py:send_request():249] send_request: poll_exit
2022-04-23 16:50:43,559 DEBUG   HandlerThread:14636 [handler.py:handle_request():141] handle_request: poll_exit
2022-04-23 16:50:43,560 DEBUG   SenderThread:14636 [sender.py:send_request():249] send_request: poll_exit
2022-04-23 16:50:43,664 DEBUG   HandlerThread:14636 [handler.py:handle_request():141] handle_request: poll_exit
2022-04-23 16:50:43,665 DEBUG   SenderThread:14636 [sender.py:send_request():249] send_request: poll_exit
2022-04-23 16:50:43,770 DEBUG   HandlerThread:14636 [handler.py:handle_request():141] handle_request: poll_exit
2022-04-23 16:50:43,772 DEBUG   SenderThread:14636 [sender.py:send_request():249] send_request: poll_exit
2022-04-23 16:50:43,876 DEBUG   HandlerThread:14636 [handler.py:handle_request():141] handle_request: poll_exit
2022-04-23 16:50:43,878 DEBUG   SenderThread:14636 [sender.py:send_request():249] send_request: poll_exit
2022-04-23 16:50:43,982 DEBUG   HandlerThread:14636 [handler.py:handle_request():141] handle_request: poll_exit
2022-04-23 16:50:43,984 DEBUG   SenderThread:14636 [sender.py:send_request():249] send_request: poll_exit
2022-04-23 16:50:44,087 DEBUG   HandlerThread:14636 [handler.py:handle_request():141] handle_request: poll_exit
2022-04-23 16:50:44,088 DEBUG   SenderThread:14636 [sender.py:send_request():249] send_request: poll_exit
2022-04-23 16:50:44,191 DEBUG   HandlerThread:14636 [handler.py:handle_request():141] handle_request: poll_exit
2022-04-23 16:50:44,192 DEBUG   SenderThread:14636 [sender.py:send_request():249] send_request: poll_exit
2022-04-23 16:50:44,297 DEBUG   HandlerThread:14636 [handler.py:handle_request():141] handle_request: poll_exit
2022-04-23 16:50:44,298 DEBUG   SenderThread:14636 [sender.py:send_request():249] send_request: poll_exit
2022-04-23 16:50:44,403 DEBUG   HandlerThread:14636 [handler.py:handle_request():141] handle_request: poll_exit
2022-04-23 16:50:44,404 DEBUG   SenderThread:14636 [sender.py:send_request():249] send_request: poll_exit
2022-04-23 16:50:44,509 DEBUG   HandlerThread:14636 [handler.py:handle_request():141] handle_request: poll_exit
2022-04-23 16:50:44,510 DEBUG   SenderThread:14636 [sender.py:send_request():249] send_request: poll_exit
2022-04-23 16:50:44,614 DEBUG   HandlerThread:14636 [handler.py:handle_request():141] handle_request: poll_exit
2022-04-23 16:50:44,616 DEBUG   SenderThread:14636 [sender.py:send_request():249] send_request: poll_exit
2022-04-23 16:50:44,720 DEBUG   HandlerThread:14636 [handler.py:handle_request():141] handle_request: poll_exit
2022-04-23 16:50:44,722 DEBUG   SenderThread:14636 [sender.py:send_request():249] send_request: poll_exit
2022-04-23 16:50:44,826 DEBUG   HandlerThread:14636 [handler.py:handle_request():141] handle_request: poll_exit
2022-04-23 16:50:44,827 DEBUG   SenderThread:14636 [sender.py:send_request():249] send_request: poll_exit
2022-04-23 16:50:44,932 DEBUG   HandlerThread:14636 [handler.py:handle_request():141] handle_request: poll_exit
2022-04-23 16:50:44,933 DEBUG   SenderThread:14636 [sender.py:send_request():249] send_request: poll_exit
2022-04-23 16:50:45,038 DEBUG   HandlerThread:14636 [handler.py:handle_request():141] handle_request: poll_exit
2022-04-23 16:50:45,039 DEBUG   SenderThread:14636 [sender.py:send_request():249] send_request: poll_exit
2022-04-23 16:50:45,144 DEBUG   HandlerThread:14636 [handler.py:handle_request():141] handle_request: poll_exit
2022-04-23 16:50:45,145 DEBUG   SenderThread:14636 [sender.py:send_request():249] send_request: poll_exit
2022-04-23 16:50:45,249 DEBUG   HandlerThread:14636 [handler.py:handle_request():141] handle_request: poll_exit
2022-04-23 16:50:45,250 DEBUG   SenderThread:14636 [sender.py:send_request():249] send_request: poll_exit
2022-04-23 16:50:45,355 DEBUG   HandlerThread:14636 [handler.py:handle_request():141] handle_request: poll_exit
2022-04-23 16:50:45,356 DEBUG   SenderThread:14636 [sender.py:send_request():249] send_request: poll_exit
2022-04-23 16:50:45,460 DEBUG   HandlerThread:14636 [handler.py:handle_request():141] handle_request: poll_exit
2022-04-23 16:50:45,462 DEBUG   SenderThread:14636 [sender.py:send_request():249] send_request: poll_exit
2022-04-23 16:50:45,566 DEBUG   HandlerThread:14636 [handler.py:handle_request():141] handle_request: poll_exit
2022-04-23 16:50:45,567 DEBUG   SenderThread:14636 [sender.py:send_request():249] send_request: poll_exit
2022-04-23 16:50:45,672 DEBUG   HandlerThread:14636 [handler.py:handle_request():141] handle_request: poll_exit
2022-04-23 16:50:45,673 DEBUG   SenderThread:14636 [sender.py:send_request():249] send_request: poll_exit
2022-04-23 16:50:45,777 DEBUG   HandlerThread:14636 [handler.py:handle_request():141] handle_request: poll_exit
2022-04-23 16:50:45,779 DEBUG   SenderThread:14636 [sender.py:send_request():249] send_request: poll_exit
2022-04-23 16:50:45,883 DEBUG   HandlerThread:14636 [handler.py:handle_request():141] handle_request: poll_exit
2022-04-23 16:50:45,884 DEBUG   SenderThread:14636 [sender.py:send_request():249] send_request: poll_exit
2022-04-23 16:50:45,989 DEBUG   HandlerThread:14636 [handler.py:handle_request():141] handle_request: poll_exit
2022-04-23 16:50:45,990 DEBUG   SenderThread:14636 [sender.py:send_request():249] send_request: poll_exit
2022-04-23 16:50:46,094 DEBUG   HandlerThread:14636 [handler.py:handle_request():141] handle_request: poll_exit
2022-04-23 16:50:46,095 DEBUG   SenderThread:14636 [sender.py:send_request():249] send_request: poll_exit
2022-04-23 16:50:46,199 DEBUG   HandlerThread:14636 [handler.py:handle_request():141] handle_request: poll_exit
2022-04-23 16:50:46,201 DEBUG   SenderThread:14636 [sender.py:send_request():249] send_request: poll_exit
2022-04-23 16:50:46,305 DEBUG   HandlerThread:14636 [handler.py:handle_request():141] handle_request: poll_exit
2022-04-23 16:50:46,306 DEBUG   SenderThread:14636 [sender.py:send_request():249] send_request: poll_exit
2022-04-23 16:50:46,411 DEBUG   HandlerThread:14636 [handler.py:handle_request():141] handle_request: poll_exit
2022-04-23 16:50:46,413 DEBUG   SenderThread:14636 [sender.py:send_request():249] send_request: poll_exit
2022-04-23 16:50:46,517 DEBUG   HandlerThread:14636 [handler.py:handle_request():141] handle_request: poll_exit
2022-04-23 16:50:46,518 DEBUG   SenderThread:14636 [sender.py:send_request():249] send_request: poll_exit
2022-04-23 16:50:46,623 DEBUG   HandlerThread:14636 [handler.py:handle_request():141] handle_request: poll_exit
2022-04-23 16:50:46,624 DEBUG   SenderThread:14636 [sender.py:send_request():249] send_request: poll_exit
2022-04-23 16:50:46,728 DEBUG   HandlerThread:14636 [handler.py:handle_request():141] handle_request: poll_exit
2022-04-23 16:50:46,729 DEBUG   SenderThread:14636 [sender.py:send_request():249] send_request: poll_exit
2022-04-23 16:50:46,834 DEBUG   HandlerThread:14636 [handler.py:handle_request():141] handle_request: poll_exit
2022-04-23 16:50:46,835 DEBUG   SenderThread:14636 [sender.py:send_request():249] send_request: poll_exit
2022-04-23 16:50:46,940 DEBUG   HandlerThread:14636 [handler.py:handle_request():141] handle_request: poll_exit
2022-04-23 16:50:46,941 DEBUG   SenderThread:14636 [sender.py:send_request():249] send_request: poll_exit
2022-04-23 16:50:47,047 DEBUG   HandlerThread:14636 [handler.py:handle_request():141] handle_request: poll_exit
2022-04-23 16:50:47,048 DEBUG   SenderThread:14636 [sender.py:send_request():249] send_request: poll_exit
2022-04-23 16:50:47,153 DEBUG   HandlerThread:14636 [handler.py:handle_request():141] handle_request: poll_exit
2022-04-23 16:50:47,154 DEBUG   SenderThread:14636 [sender.py:send_request():249] send_request: poll_exit
2022-04-23 16:50:47,258 DEBUG   HandlerThread:14636 [handler.py:handle_request():141] handle_request: poll_exit
2022-04-23 16:50:47,259 DEBUG   SenderThread:14636 [sender.py:send_request():249] send_request: poll_exit
2022-04-23 16:50:47,364 DEBUG   HandlerThread:14636 [handler.py:handle_request():141] handle_request: poll_exit
2022-04-23 16:50:47,365 DEBUG   SenderThread:14636 [sender.py:send_request():249] send_request: poll_exit
2022-04-23 16:50:47,470 DEBUG   HandlerThread:14636 [handler.py:handle_request():141] handle_request: poll_exit
2022-04-23 16:50:47,471 DEBUG   SenderThread:14636 [sender.py:send_request():249] send_request: poll_exit
2022-04-23 16:50:47,576 DEBUG   HandlerThread:14636 [handler.py:handle_request():141] handle_request: poll_exit
2022-04-23 16:50:47,577 DEBUG   SenderThread:14636 [sender.py:send_request():249] send_request: poll_exit
2022-04-23 16:50:47,682 DEBUG   HandlerThread:14636 [handler.py:handle_request():141] handle_request: poll_exit
2022-04-23 16:50:47,683 DEBUG   SenderThread:14636 [sender.py:send_request():249] send_request: poll_exit
2022-04-23 16:50:47,788 DEBUG   HandlerThread:14636 [handler.py:handle_request():141] handle_request: poll_exit
2022-04-23 16:50:47,789 DEBUG   SenderThread:14636 [sender.py:send_request():249] send_request: poll_exit
2022-04-23 16:50:47,893 DEBUG   HandlerThread:14636 [handler.py:handle_request():141] handle_request: poll_exit
2022-04-23 16:50:47,894 DEBUG   SenderThread:14636 [sender.py:send_request():249] send_request: poll_exit
2022-04-23 16:50:47,998 DEBUG   HandlerThread:14636 [handler.py:handle_request():141] handle_request: poll_exit
2022-04-23 16:50:47,999 DEBUG   SenderThread:14636 [sender.py:send_request():249] send_request: poll_exit
2022-04-23 16:50:48,104 DEBUG   HandlerThread:14636 [handler.py:handle_request():141] handle_request: poll_exit
2022-04-23 16:50:48,105 DEBUG   SenderThread:14636 [sender.py:send_request():249] send_request: poll_exit
2022-04-23 16:50:48,209 DEBUG   HandlerThread:14636 [handler.py:handle_request():141] handle_request: poll_exit
2022-04-23 16:50:48,211 DEBUG   SenderThread:14636 [sender.py:send_request():249] send_request: poll_exit
2022-04-23 16:50:48,315 DEBUG   HandlerThread:14636 [handler.py:handle_request():141] handle_request: poll_exit
2022-04-23 16:50:48,316 DEBUG   SenderThread:14636 [sender.py:send_request():249] send_request: poll_exit
2022-04-23 16:50:48,421 DEBUG   HandlerThread:14636 [handler.py:handle_request():141] handle_request: poll_exit
2022-04-23 16:50:48,422 DEBUG   SenderThread:14636 [sender.py:send_request():249] send_request: poll_exit
2022-04-23 16:50:48,527 DEBUG   HandlerThread:14636 [handler.py:handle_request():141] handle_request: poll_exit
2022-04-23 16:50:48,528 DEBUG   SenderThread:14636 [sender.py:send_request():249] send_request: poll_exit
2022-04-23 16:50:48,633 DEBUG   HandlerThread:14636 [handler.py:handle_request():141] handle_request: poll_exit
2022-04-23 16:50:48,634 DEBUG   SenderThread:14636 [sender.py:send_request():249] send_request: poll_exit
2022-04-23 16:50:48,739 DEBUG   HandlerThread:14636 [handler.py:handle_request():141] handle_request: poll_exit
2022-04-23 16:50:48,740 DEBUG   SenderThread:14636 [sender.py:send_request():249] send_request: poll_exit
2022-04-23 16:50:48,844 DEBUG   HandlerThread:14636 [handler.py:handle_request():141] handle_request: poll_exit
2022-04-23 16:50:48,845 DEBUG   SenderThread:14636 [sender.py:send_request():249] send_request: poll_exit
2022-04-23 16:50:48,950 DEBUG   HandlerThread:14636 [handler.py:handle_request():141] handle_request: poll_exit
2022-04-23 16:50:48,951 DEBUG   SenderThread:14636 [sender.py:send_request():249] send_request: poll_exit
2022-04-23 16:50:48,960 INFO    Thread-13 :14636 [upload_job.py:push():137] Uploaded file /media/isha/Archita/ImageNet-Downsampled/wandb/run-20220423_164931-6lq9bko1/files/output.log
2022-04-23 16:50:48,964 INFO    Thread-14 :14636 [upload_job.py:push():137] Uploaded file /media/isha/Archita/ImageNet-Downsampled/wandb/run-20220423_164931-6lq9bko1/files/requirements.txt
2022-04-23 16:50:48,969 INFO    Thread-15 :14636 [upload_job.py:push():137] Uploaded file /media/isha/Archita/ImageNet-Downsampled/wandb/run-20220423_164931-6lq9bko1/files/wandb-summary.json
2022-04-23 16:50:48,974 INFO    Thread-12 :14636 [upload_job.py:push():137] Uploaded file /media/isha/Archita/ImageNet-Downsampled/wandb/run-20220423_164931-6lq9bko1/files/config.yaml
2022-04-23 16:50:49,055 DEBUG   HandlerThread:14636 [handler.py:handle_request():141] handle_request: poll_exit
2022-04-23 16:50:49,057 DEBUG   SenderThread:14636 [sender.py:send_request():249] send_request: poll_exit
2022-04-23 16:50:49,161 DEBUG   HandlerThread:14636 [handler.py:handle_request():141] handle_request: poll_exit
2022-04-23 16:50:49,162 DEBUG   SenderThread:14636 [sender.py:send_request():249] send_request: poll_exit
2022-04-23 16:50:49,176 INFO    Thread-6  :14636 [sender.py:transition_state():392] send defer: 8
2022-04-23 16:50:49,178 DEBUG   HandlerThread:14636 [handler.py:handle_request():141] handle_request: defer
2022-04-23 16:50:49,179 INFO    HandlerThread:14636 [handler.py:handle_request_defer():164] handle defer: 8
2022-04-23 16:50:49,180 DEBUG   SenderThread:14636 [sender.py:send_request():249] send_request: defer
2022-04-23 16:50:49,181 INFO    SenderThread:14636 [sender.py:send_request_defer():388] handle sender defer: 8
2022-04-23 16:50:49,266 DEBUG   HandlerThread:14636 [handler.py:handle_request():141] handle_request: poll_exit
2022-04-23 16:50:49,571 INFO    SenderThread:14636 [sender.py:transition_state():392] send defer: 9
2022-04-23 16:50:49,572 DEBUG   SenderThread:14636 [sender.py:send_request():249] send_request: poll_exit
2022-04-23 16:50:49,574 DEBUG   HandlerThread:14636 [handler.py:handle_request():141] handle_request: defer
2022-04-23 16:50:49,575 INFO    HandlerThread:14636 [handler.py:handle_request_defer():164] handle defer: 9
2022-04-23 16:50:49,576 DEBUG   SenderThread:14636 [sender.py:send_request():249] send_request: defer
2022-04-23 16:50:49,577 INFO    SenderThread:14636 [sender.py:send_request_defer():388] handle sender defer: 9
2022-04-23 16:50:49,577 INFO    SenderThread:14636 [sender.py:transition_state():392] send defer: 10
2022-04-23 16:50:49,579 DEBUG   SenderThread:14636 [sender.py:send():235] send: final
2022-04-23 16:50:49,580 DEBUG   SenderThread:14636 [sender.py:send():235] send: footer
2022-04-23 16:50:49,581 DEBUG   HandlerThread:14636 [handler.py:handle_request():141] handle_request: defer
2022-04-23 16:50:49,582 INFO    HandlerThread:14636 [handler.py:handle_request_defer():164] handle defer: 10
2022-04-23 16:50:49,583 DEBUG   SenderThread:14636 [sender.py:send_request():249] send_request: defer
2022-04-23 16:50:49,583 INFO    SenderThread:14636 [sender.py:send_request_defer():388] handle sender defer: 10
2022-04-23 16:50:49,677 DEBUG   HandlerThread:14636 [handler.py:handle_request():141] handle_request: poll_exit
2022-04-23 16:50:49,679 DEBUG   SenderThread:14636 [sender.py:send_request():249] send_request: poll_exit
2022-04-23 16:50:49,679 INFO    SenderThread:14636 [file_pusher.py:join():150] waiting for file pusher
2022-04-23 16:50:54,780 DEBUG   HandlerThread:14636 [handler.py:handle_request():141] handle_request: poll_exit
2022-04-23 16:50:59,882 DEBUG   HandlerThread:14636 [handler.py:handle_request():141] handle_request: poll_exit
2022-04-23 16:51:00,514 DEBUG   SenderThread:14636 [sender.py:send_request():249] send_request: poll_exit
2022-04-23 16:51:00,514 INFO    SenderThread:14636 [file_pusher.py:join():150] waiting for file pusher
2022-04-23 16:51:00,515 DEBUG   SenderThread:14636 [sender.py:send_request():249] send_request: poll_exit
2022-04-23 16:51:00,515 INFO    SenderThread:14636 [file_pusher.py:join():150] waiting for file pusher
2022-04-23 16:51:00,618 DEBUG   HandlerThread:14636 [handler.py:handle_request():141] handle_request: sampled_history
2022-04-23 16:51:00,634 DEBUG   HandlerThread:14636 [handler.py:handle_request():141] handle_request: get_summary
2022-04-23 16:51:00,637 DEBUG   HandlerThread:14636 [handler.py:handle_request():141] handle_request: shutdown
2022-04-23 16:51:00,638 INFO    HandlerThread:14636 [handler.py:finish():790] shutting down handler
2022-04-23 16:51:01,516 INFO    SenderThread:14636 [sender.py:finish():1107] shutting down sender
2022-04-23 16:51:01,517 INFO    SenderThread:14636 [file_pusher.py:finish():145] shutting down file pusher
2022-04-23 16:51:01,518 INFO    SenderThread:14636 [file_pusher.py:join():150] waiting for file pusher
2022-04-23 16:51:01,586 INFO    WriterThread:14636 [datastore.py:close():281] close: /media/isha/Archita/ImageNet-Downsampled/wandb/run-20220423_164931-6lq9bko1/run-6lq9bko1.wandb
2022-04-23 16:51:01,589 INFO    MainThread:14636 [internal.py:handle_exit():82] Internal process exited
