2022-04-23 16:49:31,659 INFO    MainThread:14612 [wandb_setup.py:_flush():75] Loading settings from /home/isha/.config/wandb/settings
2022-04-23 16:49:31,660 INFO    MainThread:14612 [wandb_setup.py:_flush():75] Loading settings from /media/isha/Archita/ImageNet-Downsampled/wandb/settings
2022-04-23 16:49:31,660 INFO    MainThread:14612 [wandb_setup.py:_flush():75] Loading settings from environment variables: {}
2022-04-23 16:49:31,660 INFO    MainThread:14612 [wandb_setup.py:_flush():75] Inferring run settings from compute environment: {'program_relpath': 'train.py', 'program': 'train.py'}
2022-04-23 16:49:31,660 INFO    MainThread:14612 [wandb_init.py:_log_setup():438] Logging user logs to /media/isha/Archita/ImageNet-Downsampled/wandb/run-20220423_164931-6lq9bko1/logs/debug.log
2022-04-23 16:49:31,661 INFO    MainThread:14612 [wandb_init.py:_log_setup():439] Logging internal logs to /media/isha/Archita/ImageNet-Downsampled/wandb/run-20220423_164931-6lq9bko1/logs/debug-internal.log
2022-04-23 16:49:31,661 INFO    MainThread:14612 [wandb_init.py:init():472] calling init triggers
2022-04-23 16:49:31,661 INFO    MainThread:14612 [wandb_init.py:init():475] wandb.init called with sweep_config: {}
config: {}
2022-04-23 16:49:31,662 INFO    MainThread:14612 [wandb_init.py:init():525] starting backend
2022-04-23 16:49:31,662 INFO    MainThread:14612 [backend.py:_multiprocessing_setup():99] multiprocessing start_methods=fork,spawn,forkserver, using: spawn
2022-04-23 16:49:31,837 INFO    MainThread:14612 [backend.py:ensure_launched():219] starting backend process...
2022-04-23 16:49:31,894 INFO    MainThread:14612 [backend.py:ensure_launched():224] started backend process with pid: 14636
2022-04-23 16:49:31,896 INFO    MainThread:14612 [wandb_init.py:init():534] backend started and connected
2022-04-23 16:49:31,927 INFO    MainThread:14612 [wandb_init.py:init():598] updated telemetry
2022-04-23 16:49:32,085 INFO    MainThread:14612 [wandb_init.py:init():629] communicating run to backend with 30 second timeout
2022-04-23 16:49:56,347 INFO    MainThread:14612 [wandb_run.py:_on_init():1922] communicating current version
2022-04-23 16:49:56,512 INFO    MainThread:14612 [wandb_run.py:_on_init():1926] got version response upgrade_message: "wandb version 0.12.15 is available!  To upgrade, please run:\n $ pip install wandb --upgrade"

2022-04-23 16:49:56,513 INFO    MainThread:14612 [wandb_init.py:init():660] starting run threads in backend
2022-04-23 16:50:01,548 INFO    MainThread:14612 [wandb_run.py:_console_start():1896] atexit reg
2022-04-23 16:50:01,551 INFO    MainThread:14612 [wandb_run.py:_redirect():1769] redirect: SettingsConsole.REDIRECT
2022-04-23 16:50:01,552 INFO    MainThread:14612 [wandb_run.py:_redirect():1774] Redirecting console.
2022-04-23 16:50:01,558 INFO    MainThread:14612 [wandb_run.py:_redirect():1830] Redirects installed.
2022-04-23 16:50:01,559 INFO    MainThread:14612 [wandb_init.py:init():685] run started, returning control to user process
2022-04-23 16:50:01,576 INFO    MainThread:14612 [wandb_run.py:_config_callback():1129] config_cb None None {'data': '/media/isha/OneTouch/ImageNet-Downsampled Code/data', 'depth': 50, 'dataset': 'SmallImageNet', 'ngpu': 1, 'workers': 4, 'size': 16, 'classes': 1000, 'epochs': 100, 'start_epoch': 0, 'batch_size': 256, 'lr': 0.1, 'momentum': 0.9, 'weight_decay': 0.0001, 'print_freq': 100, 'log_freq': 500, 'resume': '', 'seed': 1234, 'prefix': 'test', 'project': 'Imagenet', 'evaluate': False, 'dryrun': None, 'model_type': 'imagenet'}
2022-04-23 16:50:01,578 INFO    MainThread:14612 [wandb_watch.py:watch():47] Watching
2022-04-23 16:50:01,582 INFO    MainThread:14612 [wandb_run.py:_config_callback():1129] config_cb None None {'Parameters': 61100840, 'FLOPs': 715561896.0}
2022-04-23 16:50:08,465 INFO    MainThread:14612 [wandb_run.py:_atexit_cleanup():1865] got exitcode: 1
2022-04-23 16:50:08,469 INFO    MainThread:14612 [wandb_run.py:_restore():1837] restore
2022-04-23 16:50:15,773 INFO    MainThread:14612 [wandb_run.py:_on_finish():1995] got exit ret: None
2022-04-23 16:50:20,875 INFO    MainThread:14612 [wandb_run.py:_on_finish():1995] got exit ret: None
2022-04-23 16:50:25,976 INFO    MainThread:14612 [wandb_run.py:_on_finish():1995] got exit ret: None
2022-04-23 16:50:26,352 INFO    MainThread:14612 [wandb_run.py:_on_finish():1995] got exit ret: file_counts {
}
pusher_stats {
}

2022-04-23 16:50:31,454 INFO    MainThread:14612 [wandb_run.py:_on_finish():1995] got exit ret: None
2022-04-23 16:50:31,894 INFO    MainThread:14612 [wandb_run.py:_on_finish():1995] got exit ret: file_counts {
  wandb_count: 1
}
pusher_stats {
  total_bytes: 1172
}

2022-04-23 16:50:32,822 INFO    MainThread:14612 [wandb_run.py:_on_finish():1995] got exit ret: file_counts {
  wandb_count: 5
}
pusher_stats {
  total_bytes: 10485
}

2022-04-23 16:50:32,927 INFO    MainThread:14612 [wandb_run.py:_on_finish():1995] got exit ret: file_counts {
  wandb_count: 5
}
pusher_stats {
  total_bytes: 10485
}

2022-04-23 16:50:33,032 INFO    MainThread:14612 [wandb_run.py:_on_finish():1995] got exit ret: file_counts {
  wandb_count: 5
}
pusher_stats {
  total_bytes: 10485
}

2022-04-23 16:50:33,137 INFO    MainThread:14612 [wandb_run.py:_on_finish():1995] got exit ret: file_counts {
  wandb_count: 5
}
pusher_stats {
  total_bytes: 10485
}

2022-04-23 16:50:33,242 INFO    MainThread:14612 [wandb_run.py:_on_finish():1995] got exit ret: file_counts {
  wandb_count: 5
}
pusher_stats {
  total_bytes: 10485
}

2022-04-23 16:50:33,348 INFO    MainThread:14612 [wandb_run.py:_on_finish():1995] got exit ret: file_counts {
  wandb_count: 5
}
pusher_stats {
  total_bytes: 10485
}

2022-04-23 16:50:33,453 INFO    MainThread:14612 [wandb_run.py:_on_finish():1995] got exit ret: file_counts {
  wandb_count: 5
}
pusher_stats {
  total_bytes: 10485
}

2022-04-23 16:50:33,559 INFO    MainThread:14612 [wandb_run.py:_on_finish():1995] got exit ret: file_counts {
  wandb_count: 5
}
pusher_stats {
  total_bytes: 10485
}

2022-04-23 16:50:33,664 INFO    MainThread:14612 [wandb_run.py:_on_finish():1995] got exit ret: file_counts {
  wandb_count: 5
}
pusher_stats {
  total_bytes: 10485
}

2022-04-23 16:50:33,770 INFO    MainThread:14612 [wandb_run.py:_on_finish():1995] got exit ret: file_counts {
  wandb_count: 5
}
pusher_stats {
  total_bytes: 10485
}

2022-04-23 16:50:33,875 INFO    MainThread:14612 [wandb_run.py:_on_finish():1995] got exit ret: file_counts {
  wandb_count: 5
}
pusher_stats {
  total_bytes: 10485
}

2022-04-23 16:50:33,980 INFO    MainThread:14612 [wandb_run.py:_on_finish():1995] got exit ret: file_counts {
  wandb_count: 5
}
pusher_stats {
  total_bytes: 10485
}

2022-04-23 16:50:34,086 INFO    MainThread:14612 [wandb_run.py:_on_finish():1995] got exit ret: file_counts {
  wandb_count: 5
}
pusher_stats {
  total_bytes: 10485
}

2022-04-23 16:50:34,191 INFO    MainThread:14612 [wandb_run.py:_on_finish():1995] got exit ret: file_counts {
  wandb_count: 5
}
pusher_stats {
  total_bytes: 10485
}

2022-04-23 16:50:34,296 INFO    MainThread:14612 [wandb_run.py:_on_finish():1995] got exit ret: file_counts {
  wandb_count: 5
}
pusher_stats {
  total_bytes: 10485
}

2022-04-23 16:50:34,402 INFO    MainThread:14612 [wandb_run.py:_on_finish():1995] got exit ret: file_counts {
  wandb_count: 5
}
pusher_stats {
  total_bytes: 10485
}

2022-04-23 16:50:34,688 INFO    MainThread:14612 [wandb_run.py:_on_finish():1995] got exit ret: file_counts {
  wandb_count: 5
}
pusher_stats {
  total_bytes: 10485
}

2022-04-23 16:50:34,794 INFO    MainThread:14612 [wandb_run.py:_on_finish():1995] got exit ret: file_counts {
  wandb_count: 5
}
pusher_stats {
  total_bytes: 10485
}

2022-04-23 16:50:34,899 INFO    MainThread:14612 [wandb_run.py:_on_finish():1995] got exit ret: file_counts {
  wandb_count: 5
}
pusher_stats {
  total_bytes: 10485
}

2022-04-23 16:50:35,005 INFO    MainThread:14612 [wandb_run.py:_on_finish():1995] got exit ret: file_counts {
  wandb_count: 5
}
pusher_stats {
  total_bytes: 10485
}

2022-04-23 16:50:35,111 INFO    MainThread:14612 [wandb_run.py:_on_finish():1995] got exit ret: file_counts {
  wandb_count: 5
}
pusher_stats {
  total_bytes: 10485
}

2022-04-23 16:50:35,216 INFO    MainThread:14612 [wandb_run.py:_on_finish():1995] got exit ret: file_counts {
  wandb_count: 5
}
pusher_stats {
  total_bytes: 10485
}

2022-04-23 16:50:35,322 INFO    MainThread:14612 [wandb_run.py:_on_finish():1995] got exit ret: file_counts {
  wandb_count: 5
}
pusher_stats {
  total_bytes: 10485
}

2022-04-23 16:50:35,427 INFO    MainThread:14612 [wandb_run.py:_on_finish():1995] got exit ret: file_counts {
  wandb_count: 5
}
pusher_stats {
  total_bytes: 10485
}

2022-04-23 16:50:35,533 INFO    MainThread:14612 [wandb_run.py:_on_finish():1995] got exit ret: file_counts {
  wandb_count: 5
}
pusher_stats {
  total_bytes: 10485
}

2022-04-23 16:50:35,639 INFO    MainThread:14612 [wandb_run.py:_on_finish():1995] got exit ret: file_counts {
  wandb_count: 5
}
pusher_stats {
  total_bytes: 10485
}

2022-04-23 16:50:35,745 INFO    MainThread:14612 [wandb_run.py:_on_finish():1995] got exit ret: file_counts {
  wandb_count: 5
}
pusher_stats {
  total_bytes: 10485
}

2022-04-23 16:50:35,851 INFO    MainThread:14612 [wandb_run.py:_on_finish():1995] got exit ret: file_counts {
  wandb_count: 5
}
pusher_stats {
  total_bytes: 10485
}

2022-04-23 16:50:35,956 INFO    MainThread:14612 [wandb_run.py:_on_finish():1995] got exit ret: file_counts {
  wandb_count: 5
}
pusher_stats {
  total_bytes: 10485
}

2022-04-23 16:50:36,062 INFO    MainThread:14612 [wandb_run.py:_on_finish():1995] got exit ret: file_counts {
  wandb_count: 5
}
pusher_stats {
  total_bytes: 10485
}

2022-04-23 16:50:36,167 INFO    MainThread:14612 [wandb_run.py:_on_finish():1995] got exit ret: file_counts {
  wandb_count: 5
}
pusher_stats {
  total_bytes: 10485
}

2022-04-23 16:50:36,273 INFO    MainThread:14612 [wandb_run.py:_on_finish():1995] got exit ret: file_counts {
  wandb_count: 5
}
pusher_stats {
  total_bytes: 10485
}

2022-04-23 16:50:36,378 INFO    MainThread:14612 [wandb_run.py:_on_finish():1995] got exit ret: file_counts {
  wandb_count: 5
}
pusher_stats {
  total_bytes: 10485
}

2022-04-23 16:50:36,483 INFO    MainThread:14612 [wandb_run.py:_on_finish():1995] got exit ret: file_counts {
  wandb_count: 5
}
pusher_stats {
  total_bytes: 10485
}

2022-04-23 16:50:36,588 INFO    MainThread:14612 [wandb_run.py:_on_finish():1995] got exit ret: file_counts {
  wandb_count: 5
}
pusher_stats {
  total_bytes: 10485
}

2022-04-23 16:50:36,695 INFO    MainThread:14612 [wandb_run.py:_on_finish():1995] got exit ret: file_counts {
  wandb_count: 5
}
pusher_stats {
  total_bytes: 10485
}

2022-04-23 16:50:36,800 INFO    MainThread:14612 [wandb_run.py:_on_finish():1995] got exit ret: file_counts {
  wandb_count: 5
}
pusher_stats {
  total_bytes: 10485
}

2022-04-23 16:50:36,906 INFO    MainThread:14612 [wandb_run.py:_on_finish():1995] got exit ret: file_counts {
  wandb_count: 5
}
pusher_stats {
  total_bytes: 10485
}

2022-04-23 16:50:37,010 INFO    MainThread:14612 [wandb_run.py:_on_finish():1995] got exit ret: file_counts {
  wandb_count: 5
}
pusher_stats {
  total_bytes: 10485
}

2022-04-23 16:50:37,115 INFO    MainThread:14612 [wandb_run.py:_on_finish():1995] got exit ret: file_counts {
  wandb_count: 5
}
pusher_stats {
  total_bytes: 10485
}

2022-04-23 16:50:37,222 INFO    MainThread:14612 [wandb_run.py:_on_finish():1995] got exit ret: file_counts {
  wandb_count: 5
}
pusher_stats {
  total_bytes: 10485
}

2022-04-23 16:50:37,327 INFO    MainThread:14612 [wandb_run.py:_on_finish():1995] got exit ret: file_counts {
  wandb_count: 5
}
pusher_stats {
  total_bytes: 10485
}

2022-04-23 16:50:37,433 INFO    MainThread:14612 [wandb_run.py:_on_finish():1995] got exit ret: file_counts {
  wandb_count: 5
}
pusher_stats {
  total_bytes: 10485
}

2022-04-23 16:50:37,538 INFO    MainThread:14612 [wandb_run.py:_on_finish():1995] got exit ret: file_counts {
  wandb_count: 5
}
pusher_stats {
  total_bytes: 10485
}

2022-04-23 16:50:37,644 INFO    MainThread:14612 [wandb_run.py:_on_finish():1995] got exit ret: file_counts {
  wandb_count: 5
}
pusher_stats {
  total_bytes: 10485
}

2022-04-23 16:50:37,749 INFO    MainThread:14612 [wandb_run.py:_on_finish():1995] got exit ret: file_counts {
  wandb_count: 5
}
pusher_stats {
  total_bytes: 10485
}

2022-04-23 16:50:37,854 INFO    MainThread:14612 [wandb_run.py:_on_finish():1995] got exit ret: file_counts {
  wandb_count: 5
}
pusher_stats {
  total_bytes: 10485
}

2022-04-23 16:50:37,960 INFO    MainThread:14612 [wandb_run.py:_on_finish():1995] got exit ret: file_counts {
  wandb_count: 5
}
pusher_stats {
  total_bytes: 10485
}

2022-04-23 16:50:38,066 INFO    MainThread:14612 [wandb_run.py:_on_finish():1995] got exit ret: file_counts {
  wandb_count: 5
}
pusher_stats {
  total_bytes: 10485
}

2022-04-23 16:50:38,171 INFO    MainThread:14612 [wandb_run.py:_on_finish():1995] got exit ret: file_counts {
  wandb_count: 5
}
pusher_stats {
  total_bytes: 10485
}

2022-04-23 16:50:38,277 INFO    MainThread:14612 [wandb_run.py:_on_finish():1995] got exit ret: file_counts {
  wandb_count: 5
}
pusher_stats {
  total_bytes: 10485
}

2022-04-23 16:50:38,382 INFO    MainThread:14612 [wandb_run.py:_on_finish():1995] got exit ret: file_counts {
  wandb_count: 5
}
pusher_stats {
  total_bytes: 10485
}

2022-04-23 16:50:38,488 INFO    MainThread:14612 [wandb_run.py:_on_finish():1995] got exit ret: file_counts {
  wandb_count: 5
}
pusher_stats {
  total_bytes: 10485
}

2022-04-23 16:50:38,593 INFO    MainThread:14612 [wandb_run.py:_on_finish():1995] got exit ret: file_counts {
  wandb_count: 5
}
pusher_stats {
  total_bytes: 10485
}

2022-04-23 16:50:38,699 INFO    MainThread:14612 [wandb_run.py:_on_finish():1995] got exit ret: file_counts {
  wandb_count: 5
}
pusher_stats {
  total_bytes: 10485
}

2022-04-23 16:50:38,806 INFO    MainThread:14612 [wandb_run.py:_on_finish():1995] got exit ret: file_counts {
  wandb_count: 5
}
pusher_stats {
  total_bytes: 10485
}

2022-04-23 16:50:38,912 INFO    MainThread:14612 [wandb_run.py:_on_finish():1995] got exit ret: file_counts {
  wandb_count: 5
}
pusher_stats {
  total_bytes: 10485
}

2022-04-23 16:50:39,018 INFO    MainThread:14612 [wandb_run.py:_on_finish():1995] got exit ret: file_counts {
  wandb_count: 5
}
pusher_stats {
  total_bytes: 10485
}

2022-04-23 16:50:39,123 INFO    MainThread:14612 [wandb_run.py:_on_finish():1995] got exit ret: file_counts {
  wandb_count: 5
}
pusher_stats {
  total_bytes: 10485
}

2022-04-23 16:50:39,229 INFO    MainThread:14612 [wandb_run.py:_on_finish():1995] got exit ret: file_counts {
  wandb_count: 5
}
pusher_stats {
  total_bytes: 10485
}

2022-04-23 16:50:39,335 INFO    MainThread:14612 [wandb_run.py:_on_finish():1995] got exit ret: file_counts {
  wandb_count: 5
}
pusher_stats {
  total_bytes: 10485
}

2022-04-23 16:50:39,440 INFO    MainThread:14612 [wandb_run.py:_on_finish():1995] got exit ret: file_counts {
  wandb_count: 5
}
pusher_stats {
  total_bytes: 10485
}

2022-04-23 16:50:39,546 INFO    MainThread:14612 [wandb_run.py:_on_finish():1995] got exit ret: file_counts {
  wandb_count: 5
}
pusher_stats {
  total_bytes: 10485
}

2022-04-23 16:50:39,652 INFO    MainThread:14612 [wandb_run.py:_on_finish():1995] got exit ret: file_counts {
  wandb_count: 5
}
pusher_stats {
  total_bytes: 10485
}

2022-04-23 16:50:39,758 INFO    MainThread:14612 [wandb_run.py:_on_finish():1995] got exit ret: file_counts {
  wandb_count: 5
}
pusher_stats {
  total_bytes: 10485
}

2022-04-23 16:50:39,862 INFO    MainThread:14612 [wandb_run.py:_on_finish():1995] got exit ret: file_counts {
  wandb_count: 5
}
pusher_stats {
  total_bytes: 10485
}

2022-04-23 16:50:39,966 INFO    MainThread:14612 [wandb_run.py:_on_finish():1995] got exit ret: file_counts {
  wandb_count: 5
}
pusher_stats {
  total_bytes: 10485
}

2022-04-23 16:50:40,072 INFO    MainThread:14612 [wandb_run.py:_on_finish():1995] got exit ret: file_counts {
  wandb_count: 5
}
pusher_stats {
  total_bytes: 10485
}

2022-04-23 16:50:40,178 INFO    MainThread:14612 [wandb_run.py:_on_finish():1995] got exit ret: file_counts {
  wandb_count: 5
}
pusher_stats {
  total_bytes: 10485
}

2022-04-23 16:50:40,284 INFO    MainThread:14612 [wandb_run.py:_on_finish():1995] got exit ret: file_counts {
  wandb_count: 5
}
pusher_stats {
  total_bytes: 10485
}

2022-04-23 16:50:40,391 INFO    MainThread:14612 [wandb_run.py:_on_finish():1995] got exit ret: file_counts {
  wandb_count: 5
}
pusher_stats {
  total_bytes: 10485
}

2022-04-23 16:50:40,496 INFO    MainThread:14612 [wandb_run.py:_on_finish():1995] got exit ret: file_counts {
  wandb_count: 5
}
pusher_stats {
  total_bytes: 10485
}

2022-04-23 16:50:40,602 INFO    MainThread:14612 [wandb_run.py:_on_finish():1995] got exit ret: file_counts {
  wandb_count: 5
}
pusher_stats {
  total_bytes: 10485
}

2022-04-23 16:50:40,707 INFO    MainThread:14612 [wandb_run.py:_on_finish():1995] got exit ret: file_counts {
  wandb_count: 5
}
pusher_stats {
  total_bytes: 10485
}

2022-04-23 16:50:40,813 INFO    MainThread:14612 [wandb_run.py:_on_finish():1995] got exit ret: file_counts {
  wandb_count: 5
}
pusher_stats {
  total_bytes: 10485
}

2022-04-23 16:50:40,919 INFO    MainThread:14612 [wandb_run.py:_on_finish():1995] got exit ret: file_counts {
  wandb_count: 5
}
pusher_stats {
  total_bytes: 10485
}

2022-04-23 16:50:41,025 INFO    MainThread:14612 [wandb_run.py:_on_finish():1995] got exit ret: file_counts {
  wandb_count: 5
}
pusher_stats {
  total_bytes: 10485
}

2022-04-23 16:50:41,131 INFO    MainThread:14612 [wandb_run.py:_on_finish():1995] got exit ret: file_counts {
  wandb_count: 5
}
pusher_stats {
  total_bytes: 10485
}

2022-04-23 16:50:41,236 INFO    MainThread:14612 [wandb_run.py:_on_finish():1995] got exit ret: file_counts {
  wandb_count: 5
}
pusher_stats {
  total_bytes: 10485
}

2022-04-23 16:50:41,342 INFO    MainThread:14612 [wandb_run.py:_on_finish():1995] got exit ret: file_counts {
  wandb_count: 5
}
pusher_stats {
  total_bytes: 10485
}

2022-04-23 16:50:41,447 INFO    MainThread:14612 [wandb_run.py:_on_finish():1995] got exit ret: file_counts {
  wandb_count: 5
}
pusher_stats {
  total_bytes: 10485
}

2022-04-23 16:50:41,553 INFO    MainThread:14612 [wandb_run.py:_on_finish():1995] got exit ret: file_counts {
  wandb_count: 5
}
pusher_stats {
  total_bytes: 10485
}

2022-04-23 16:50:41,659 INFO    MainThread:14612 [wandb_run.py:_on_finish():1995] got exit ret: file_counts {
  wandb_count: 5
}
pusher_stats {
  total_bytes: 10485
}

2022-04-23 16:50:41,765 INFO    MainThread:14612 [wandb_run.py:_on_finish():1995] got exit ret: file_counts {
  wandb_count: 5
}
pusher_stats {
  total_bytes: 10485
}

2022-04-23 16:50:41,871 INFO    MainThread:14612 [wandb_run.py:_on_finish():1995] got exit ret: file_counts {
  wandb_count: 5
}
pusher_stats {
  total_bytes: 10485
}

2022-04-23 16:50:41,976 INFO    MainThread:14612 [wandb_run.py:_on_finish():1995] got exit ret: file_counts {
  wandb_count: 5
}
pusher_stats {
  uploaded_bytes: 1172
  total_bytes: 10485
}

2022-04-23 16:50:42,082 INFO    MainThread:14612 [wandb_run.py:_on_finish():1995] got exit ret: file_counts {
  wandb_count: 5
}
pusher_stats {
  uploaded_bytes: 1172
  total_bytes: 10485
}

2022-04-23 16:50:42,188 INFO    MainThread:14612 [wandb_run.py:_on_finish():1995] got exit ret: file_counts {
  wandb_count: 5
}
pusher_stats {
  uploaded_bytes: 1172
  total_bytes: 10485
}

2022-04-23 16:50:42,294 INFO    MainThread:14612 [wandb_run.py:_on_finish():1995] got exit ret: file_counts {
  wandb_count: 5
}
pusher_stats {
  uploaded_bytes: 1172
  total_bytes: 10485
}

2022-04-23 16:50:42,399 INFO    MainThread:14612 [wandb_run.py:_on_finish():1995] got exit ret: file_counts {
  wandb_count: 5
}
pusher_stats {
  uploaded_bytes: 1172
  total_bytes: 10485
}

2022-04-23 16:50:42,505 INFO    MainThread:14612 [wandb_run.py:_on_finish():1995] got exit ret: file_counts {
  wandb_count: 5
}
pusher_stats {
  uploaded_bytes: 1172
  total_bytes: 10485
}

2022-04-23 16:50:42,610 INFO    MainThread:14612 [wandb_run.py:_on_finish():1995] got exit ret: file_counts {
  wandb_count: 5
}
pusher_stats {
  uploaded_bytes: 1172
  total_bytes: 10485
}

2022-04-23 16:50:42,715 INFO    MainThread:14612 [wandb_run.py:_on_finish():1995] got exit ret: file_counts {
  wandb_count: 5
}
pusher_stats {
  uploaded_bytes: 1172
  total_bytes: 10485
}

2022-04-23 16:50:42,822 INFO    MainThread:14612 [wandb_run.py:_on_finish():1995] got exit ret: file_counts {
  wandb_count: 5
}
pusher_stats {
  uploaded_bytes: 1172
  total_bytes: 10485
}

2022-04-23 16:50:42,928 INFO    MainThread:14612 [wandb_run.py:_on_finish():1995] got exit ret: file_counts {
  wandb_count: 5
}
pusher_stats {
  uploaded_bytes: 1172
  total_bytes: 10485
}

2022-04-23 16:50:43,033 INFO    MainThread:14612 [wandb_run.py:_on_finish():1995] got exit ret: file_counts {
  wandb_count: 5
}
pusher_stats {
  uploaded_bytes: 1172
  total_bytes: 10485
}

2022-04-23 16:50:43,139 INFO    MainThread:14612 [wandb_run.py:_on_finish():1995] got exit ret: file_counts {
  wandb_count: 5
}
pusher_stats {
  uploaded_bytes: 1172
  total_bytes: 10485
}

2022-04-23 16:50:43,244 INFO    MainThread:14612 [wandb_run.py:_on_finish():1995] got exit ret: file_counts {
  wandb_count: 5
}
pusher_stats {
  uploaded_bytes: 1172
  total_bytes: 10485
}

2022-04-23 16:50:43,350 INFO    MainThread:14612 [wandb_run.py:_on_finish():1995] got exit ret: file_counts {
  wandb_count: 5
}
pusher_stats {
  uploaded_bytes: 1172
  total_bytes: 10485
}

2022-04-23 16:50:43,456 INFO    MainThread:14612 [wandb_run.py:_on_finish():1995] got exit ret: file_counts {
  wandb_count: 5
}
pusher_stats {
  uploaded_bytes: 1172
  total_bytes: 10485
}

2022-04-23 16:50:43,562 INFO    MainThread:14612 [wandb_run.py:_on_finish():1995] got exit ret: file_counts {
  wandb_count: 5
}
pusher_stats {
  uploaded_bytes: 1172
  total_bytes: 10485
}

2022-04-23 16:50:43,667 INFO    MainThread:14612 [wandb_run.py:_on_finish():1995] got exit ret: file_counts {
  wandb_count: 5
}
pusher_stats {
  uploaded_bytes: 1172
  total_bytes: 10485
}

2022-04-23 16:50:43,774 INFO    MainThread:14612 [wandb_run.py:_on_finish():1995] got exit ret: file_counts {
  wandb_count: 5
}
pusher_stats {
  uploaded_bytes: 1172
  total_bytes: 10485
}

2022-04-23 16:50:43,880 INFO    MainThread:14612 [wandb_run.py:_on_finish():1995] got exit ret: file_counts {
  wandb_count: 5
}
pusher_stats {
  uploaded_bytes: 1172
  total_bytes: 10485
}

2022-04-23 16:50:43,985 INFO    MainThread:14612 [wandb_run.py:_on_finish():1995] got exit ret: file_counts {
  wandb_count: 5
}
pusher_stats {
  uploaded_bytes: 1172
  total_bytes: 10485
}

2022-04-23 16:50:44,089 INFO    MainThread:14612 [wandb_run.py:_on_finish():1995] got exit ret: file_counts {
  wandb_count: 5
}
pusher_stats {
  uploaded_bytes: 1172
  total_bytes: 10485
}

2022-04-23 16:50:44,194 INFO    MainThread:14612 [wandb_run.py:_on_finish():1995] got exit ret: file_counts {
  wandb_count: 5
}
pusher_stats {
  uploaded_bytes: 1172
  total_bytes: 10485
}

2022-04-23 16:50:44,300 INFO    MainThread:14612 [wandb_run.py:_on_finish():1995] got exit ret: file_counts {
  wandb_count: 5
}
pusher_stats {
  uploaded_bytes: 1172
  total_bytes: 10485
}

2022-04-23 16:50:44,406 INFO    MainThread:14612 [wandb_run.py:_on_finish():1995] got exit ret: file_counts {
  wandb_count: 5
}
pusher_stats {
  uploaded_bytes: 1172
  total_bytes: 10485
}

2022-04-23 16:50:44,512 INFO    MainThread:14612 [wandb_run.py:_on_finish():1995] got exit ret: file_counts {
  wandb_count: 5
}
pusher_stats {
  uploaded_bytes: 1172
  total_bytes: 10485
}

2022-04-23 16:50:44,618 INFO    MainThread:14612 [wandb_run.py:_on_finish():1995] got exit ret: file_counts {
  wandb_count: 5
}
pusher_stats {
  uploaded_bytes: 1172
  total_bytes: 10485
}

2022-04-23 16:50:44,724 INFO    MainThread:14612 [wandb_run.py:_on_finish():1995] got exit ret: file_counts {
  wandb_count: 5
}
pusher_stats {
  uploaded_bytes: 1172
  total_bytes: 10485
}

2022-04-23 16:50:44,829 INFO    MainThread:14612 [wandb_run.py:_on_finish():1995] got exit ret: file_counts {
  wandb_count: 5
}
pusher_stats {
  uploaded_bytes: 1172
  total_bytes: 10485
}

2022-04-23 16:50:44,935 INFO    MainThread:14612 [wandb_run.py:_on_finish():1995] got exit ret: file_counts {
  wandb_count: 5
}
pusher_stats {
  uploaded_bytes: 1172
  total_bytes: 10485
}

2022-04-23 16:50:45,041 INFO    MainThread:14612 [wandb_run.py:_on_finish():1995] got exit ret: file_counts {
  wandb_count: 5
}
pusher_stats {
  uploaded_bytes: 1172
  total_bytes: 10485
}

2022-04-23 16:50:45,147 INFO    MainThread:14612 [wandb_run.py:_on_finish():1995] got exit ret: file_counts {
  wandb_count: 5
}
pusher_stats {
  uploaded_bytes: 1172
  total_bytes: 10485
}

2022-04-23 16:50:45,252 INFO    MainThread:14612 [wandb_run.py:_on_finish():1995] got exit ret: file_counts {
  wandb_count: 5
}
pusher_stats {
  uploaded_bytes: 1172
  total_bytes: 10485
}

2022-04-23 16:50:45,358 INFO    MainThread:14612 [wandb_run.py:_on_finish():1995] got exit ret: file_counts {
  wandb_count: 5
}
pusher_stats {
  uploaded_bytes: 1172
  total_bytes: 10485
}

2022-04-23 16:50:45,463 INFO    MainThread:14612 [wandb_run.py:_on_finish():1995] got exit ret: file_counts {
  wandb_count: 5
}
pusher_stats {
  uploaded_bytes: 1172
  total_bytes: 10485
}

2022-04-23 16:50:45,569 INFO    MainThread:14612 [wandb_run.py:_on_finish():1995] got exit ret: file_counts {
  wandb_count: 5
}
pusher_stats {
  uploaded_bytes: 1172
  total_bytes: 10485
}

2022-04-23 16:50:45,675 INFO    MainThread:14612 [wandb_run.py:_on_finish():1995] got exit ret: file_counts {
  wandb_count: 5
}
pusher_stats {
  uploaded_bytes: 1172
  total_bytes: 10485
}

2022-04-23 16:50:45,781 INFO    MainThread:14612 [wandb_run.py:_on_finish():1995] got exit ret: file_counts {
  wandb_count: 5
}
pusher_stats {
  uploaded_bytes: 1172
  total_bytes: 10485
}

2022-04-23 16:50:45,886 INFO    MainThread:14612 [wandb_run.py:_on_finish():1995] got exit ret: file_counts {
  wandb_count: 5
}
pusher_stats {
  uploaded_bytes: 1172
  total_bytes: 10485
}

2022-04-23 16:50:45,991 INFO    MainThread:14612 [wandb_run.py:_on_finish():1995] got exit ret: file_counts {
  wandb_count: 5
}
pusher_stats {
  uploaded_bytes: 1172
  total_bytes: 10485
}

2022-04-23 16:50:46,097 INFO    MainThread:14612 [wandb_run.py:_on_finish():1995] got exit ret: file_counts {
  wandb_count: 5
}
pusher_stats {
  uploaded_bytes: 1172
  total_bytes: 10485
}

2022-04-23 16:50:46,202 INFO    MainThread:14612 [wandb_run.py:_on_finish():1995] got exit ret: file_counts {
  wandb_count: 5
}
pusher_stats {
  uploaded_bytes: 1172
  total_bytes: 10485
}

2022-04-23 16:50:46,308 INFO    MainThread:14612 [wandb_run.py:_on_finish():1995] got exit ret: file_counts {
  wandb_count: 5
}
pusher_stats {
  uploaded_bytes: 1172
  total_bytes: 10485
}

2022-04-23 16:50:46,414 INFO    MainThread:14612 [wandb_run.py:_on_finish():1995] got exit ret: file_counts {
  wandb_count: 5
}
pusher_stats {
  uploaded_bytes: 1172
  total_bytes: 10485
}

2022-04-23 16:50:46,520 INFO    MainThread:14612 [wandb_run.py:_on_finish():1995] got exit ret: file_counts {
  wandb_count: 5
}
pusher_stats {
  uploaded_bytes: 1172
  total_bytes: 10485
}

2022-04-23 16:50:46,626 INFO    MainThread:14612 [wandb_run.py:_on_finish():1995] got exit ret: file_counts {
  wandb_count: 5
}
pusher_stats {
  uploaded_bytes: 1172
  total_bytes: 10485
}

2022-04-23 16:50:46,731 INFO    MainThread:14612 [wandb_run.py:_on_finish():1995] got exit ret: file_counts {
  wandb_count: 5
}
pusher_stats {
  uploaded_bytes: 1172
  total_bytes: 10485
}

2022-04-23 16:50:46,837 INFO    MainThread:14612 [wandb_run.py:_on_finish():1995] got exit ret: file_counts {
  wandb_count: 5
}
pusher_stats {
  uploaded_bytes: 1172
  total_bytes: 10485
}

2022-04-23 16:50:46,944 INFO    MainThread:14612 [wandb_run.py:_on_finish():1995] got exit ret: file_counts {
  wandb_count: 5
}
pusher_stats {
  uploaded_bytes: 1172
  total_bytes: 10485
}

2022-04-23 16:50:47,050 INFO    MainThread:14612 [wandb_run.py:_on_finish():1995] got exit ret: file_counts {
  wandb_count: 5
}
pusher_stats {
  uploaded_bytes: 1172
  total_bytes: 10485
}

2022-04-23 16:50:47,156 INFO    MainThread:14612 [wandb_run.py:_on_finish():1995] got exit ret: file_counts {
  wandb_count: 5
}
pusher_stats {
  uploaded_bytes: 1172
  total_bytes: 10485
}

2022-04-23 16:50:47,261 INFO    MainThread:14612 [wandb_run.py:_on_finish():1995] got exit ret: file_counts {
  wandb_count: 5
}
pusher_stats {
  uploaded_bytes: 1172
  total_bytes: 10485
}

2022-04-23 16:50:47,367 INFO    MainThread:14612 [wandb_run.py:_on_finish():1995] got exit ret: file_counts {
  wandb_count: 5
}
pusher_stats {
  uploaded_bytes: 1172
  total_bytes: 10485
}

2022-04-23 16:50:47,473 INFO    MainThread:14612 [wandb_run.py:_on_finish():1995] got exit ret: file_counts {
  wandb_count: 5
}
pusher_stats {
  uploaded_bytes: 1172
  total_bytes: 10485
}

2022-04-23 16:50:47,579 INFO    MainThread:14612 [wandb_run.py:_on_finish():1995] got exit ret: file_counts {
  wandb_count: 5
}
pusher_stats {
  uploaded_bytes: 1172
  total_bytes: 10485
}

2022-04-23 16:50:47,685 INFO    MainThread:14612 [wandb_run.py:_on_finish():1995] got exit ret: file_counts {
  wandb_count: 5
}
pusher_stats {
  uploaded_bytes: 1172
  total_bytes: 10485
}

2022-04-23 16:50:47,791 INFO    MainThread:14612 [wandb_run.py:_on_finish():1995] got exit ret: file_counts {
  wandb_count: 5
}
pusher_stats {
  uploaded_bytes: 1172
  total_bytes: 10485
}

2022-04-23 16:50:47,896 INFO    MainThread:14612 [wandb_run.py:_on_finish():1995] got exit ret: file_counts {
  wandb_count: 5
}
pusher_stats {
  uploaded_bytes: 1172
  total_bytes: 10485
}

2022-04-23 16:50:48,001 INFO    MainThread:14612 [wandb_run.py:_on_finish():1995] got exit ret: file_counts {
  wandb_count: 5
}
pusher_stats {
  uploaded_bytes: 1172
  total_bytes: 10485
}

2022-04-23 16:50:48,107 INFO    MainThread:14612 [wandb_run.py:_on_finish():1995] got exit ret: file_counts {
  wandb_count: 5
}
pusher_stats {
  uploaded_bytes: 1172
  total_bytes: 10485
}

2022-04-23 16:50:48,212 INFO    MainThread:14612 [wandb_run.py:_on_finish():1995] got exit ret: file_counts {
  wandb_count: 5
}
pusher_stats {
  uploaded_bytes: 1172
  total_bytes: 10485
}

2022-04-23 16:50:48,318 INFO    MainThread:14612 [wandb_run.py:_on_finish():1995] got exit ret: file_counts {
  wandb_count: 5
}
pusher_stats {
  uploaded_bytes: 1172
  total_bytes: 10485
}

2022-04-23 16:50:48,424 INFO    MainThread:14612 [wandb_run.py:_on_finish():1995] got exit ret: file_counts {
  wandb_count: 5
}
pusher_stats {
  uploaded_bytes: 10485
  total_bytes: 10485
}

2022-04-23 16:50:48,530 INFO    MainThread:14612 [wandb_run.py:_on_finish():1995] got exit ret: file_counts {
  wandb_count: 5
}
pusher_stats {
  uploaded_bytes: 10485
  total_bytes: 10485
}

2022-04-23 16:50:48,636 INFO    MainThread:14612 [wandb_run.py:_on_finish():1995] got exit ret: file_counts {
  wandb_count: 5
}
pusher_stats {
  uploaded_bytes: 10485
  total_bytes: 10485
}

2022-04-23 16:50:48,742 INFO    MainThread:14612 [wandb_run.py:_on_finish():1995] got exit ret: file_counts {
  wandb_count: 5
}
pusher_stats {
  uploaded_bytes: 10485
  total_bytes: 10485
}

2022-04-23 16:50:48,847 INFO    MainThread:14612 [wandb_run.py:_on_finish():1995] got exit ret: file_counts {
  wandb_count: 5
}
pusher_stats {
  uploaded_bytes: 10485
  total_bytes: 10485
}

2022-04-23 16:50:48,953 INFO    MainThread:14612 [wandb_run.py:_on_finish():1995] got exit ret: file_counts {
  wandb_count: 5
}
pusher_stats {
  uploaded_bytes: 10485
  total_bytes: 10485
}

2022-04-23 16:50:49,059 INFO    MainThread:14612 [wandb_run.py:_on_finish():1995] got exit ret: file_counts {
  wandb_count: 5
}
pusher_stats {
  uploaded_bytes: 10485
  total_bytes: 10485
}

2022-04-23 16:50:49,164 INFO    MainThread:14612 [wandb_run.py:_on_finish():1995] got exit ret: file_counts {
  wandb_count: 5
}
pusher_stats {
  uploaded_bytes: 10485
  total_bytes: 10485
}

2022-04-23 16:50:49,574 INFO    MainThread:14612 [wandb_run.py:_on_finish():1995] got exit ret: file_counts {
  wandb_count: 5
}
pusher_stats {
  uploaded_bytes: 10485
  total_bytes: 10485
}

2022-04-23 16:50:54,677 INFO    MainThread:14612 [wandb_run.py:_on_finish():1995] got exit ret: None
2022-04-23 16:50:59,779 INFO    MainThread:14612 [wandb_run.py:_on_finish():1995] got exit ret: None
2022-04-23 16:51:00,516 INFO    MainThread:14612 [wandb_run.py:_on_finish():1995] got exit ret: done: true
exit_result {
}
file_counts {
  wandb_count: 5
}
pusher_stats {
  uploaded_bytes: 10485
  total_bytes: 10485
}
local_info {
}

2022-04-23 16:51:04,493 INFO    MainThread:14612 [wandb_run.py:_footer_history_summary_info():3087] rendering history
2022-04-23 16:51:04,494 INFO    MainThread:14612 [wandb_run.py:_footer_history_summary_info():3116] rendering summary
2022-04-23 16:51:04,497 INFO    MainThread:14612 [wandb_run.py:_footer_sync_info():3044] logging synced files
