2022-06-02 13:52:04,109 INFO    MainThread:106 [internal.py:wandb_internal():90] W&B internal server running at pid: 106, started at: 2022-06-02 13:52:04.108827
2022-06-02 13:52:04,110 INFO    WriterThread:106 [datastore.py:open_for_write():75] open: /mnt/d/ImageNet-Downsampled/wandb/run-20220602_135203-1f0n675f/run-1f0n675f.wandb
2022-06-02 13:52:04,112 DEBUG   SenderThread:106 [sender.py:send():232] send: header
2022-06-02 13:52:04,112 DEBUG   SenderThread:106 [sender.py:send():232] send: run
2022-06-02 13:52:04,456 DEBUG   HandlerThread:106 [handler.py:handle_request():141] handle_request: check_version
2022-06-02 13:52:04,458 INFO    SenderThread:106 [dir_watcher.py:__init__():197] watching files in: /mnt/d/ImageNet-Downsampled/wandb/run-20220602_135203-1f0n675f/files
2022-06-02 13:52:04,458 INFO    SenderThread:106 [sender.py:_start_run_threads():811] run started: 1f0n675f with start time 1654158123
2022-06-02 13:52:04,458 DEBUG   SenderThread:106 [sender.py:send():232] send: summary
2022-06-02 13:52:04,459 INFO    SenderThread:106 [sender.py:_save_file():948] saving file wandb-summary.json with policy end
2022-06-02 13:52:04,460 DEBUG   SenderThread:106 [sender.py:send_request():246] send_request: check_version
2022-06-02 13:52:04,514 DEBUG   HandlerThread:106 [handler.py:handle_request():141] handle_request: run_start
2022-06-02 13:52:04,537 DEBUG   HandlerThread:106 [meta.py:__init__():35] meta init
2022-06-02 13:52:04,537 DEBUG   HandlerThread:106 [meta.py:__init__():49] meta init done
2022-06-02 13:52:04,537 DEBUG   HandlerThread:106 [meta.py:probe():209] probe
2022-06-02 13:52:04,550 DEBUG   HandlerThread:106 [meta.py:_setup_git():199] setup git
2022-06-02 13:52:04,589 DEBUG   HandlerThread:106 [meta.py:_setup_git():206] setup git done
2022-06-02 13:52:04,589 DEBUG   HandlerThread:106 [meta.py:_save_pip():53] save pip
2022-06-02 13:52:04,591 DEBUG   HandlerThread:106 [meta.py:_save_pip():67] save pip done
2022-06-02 13:52:04,591 DEBUG   HandlerThread:106 [meta.py:probe():247] probe done
2022-06-02 13:52:04,596 DEBUG   SenderThread:106 [sender.py:send():232] send: files
2022-06-02 13:52:04,596 INFO    SenderThread:106 [sender.py:_save_file():948] saving file wandb-metadata.json with policy now
2022-06-02 13:52:04,600 DEBUG   HandlerThread:106 [handler.py:handle_request():141] handle_request: stop_status
2022-06-02 13:52:04,600 DEBUG   SenderThread:106 [sender.py:send_request():246] send_request: stop_status
2022-06-02 13:52:04,611 DEBUG   HandlerThread:106 [handler.py:handle_request():141] handle_request: partial_history
2022-06-02 13:52:04,902 DEBUG   SenderThread:106 [sender.py:send():232] send: telemetry
2022-06-02 13:52:04,902 DEBUG   SenderThread:106 [sender.py:send():232] send: config
2022-06-02 13:52:04,903 DEBUG   SenderThread:106 [sender.py:send():232] send: telemetry
2022-06-02 13:52:04,903 DEBUG   SenderThread:106 [sender.py:send():232] send: config
2022-06-02 13:52:04,903 DEBUG   SenderThread:106 [sender.py:send():232] send: history
2022-06-02 13:52:04,903 DEBUG   SenderThread:106 [sender.py:send():232] send: summary
2022-06-02 13:52:04,927 INFO    SenderThread:106 [sender.py:_save_file():948] saving file wandb-summary.json with policy end
2022-06-02 13:52:04,927 DEBUG   SenderThread:106 [sender.py:send():232] send: telemetry
2022-06-02 13:52:05,461 INFO    Thread-7  :106 [dir_watcher.py:_on_file_created():244] file/dir created: /mnt/d/ImageNet-Downsampled/wandb/run-20220602_135203-1f0n675f/files/wandb-summary.json
2022-06-02 13:52:05,462 INFO    Thread-7  :106 [dir_watcher.py:_on_file_created():244] file/dir created: /mnt/d/ImageNet-Downsampled/wandb/run-20220602_135203-1f0n675f/files/output.log
2022-06-02 13:52:05,462 INFO    Thread-7  :106 [dir_watcher.py:_on_file_created():244] file/dir created: /mnt/d/ImageNet-Downsampled/wandb/run-20220602_135203-1f0n675f/files/requirements.txt
2022-06-02 13:52:05,463 INFO    Thread-7  :106 [dir_watcher.py:_on_file_created():244] file/dir created: /mnt/d/ImageNet-Downsampled/wandb/run-20220602_135203-1f0n675f/files/wandb-metadata.json
2022-06-02 13:52:06,464 INFO    Thread-7  :106 [dir_watcher.py:_on_file_modified():257] file/dir modified: /mnt/d/ImageNet-Downsampled/wandb/run-20220602_135203-1f0n675f/files/output.log
2022-06-02 13:52:07,022 INFO    Thread-11 :106 [upload_job.py:push():132] Uploaded file /tmp/tmpb2t28akrwandb/13nuknkd-wandb-metadata.json
2022-06-02 13:52:07,466 INFO    Thread-7  :106 [dir_watcher.py:_on_file_modified():257] file/dir modified: /mnt/d/ImageNet-Downsampled/wandb/run-20220602_135203-1f0n675f/files/output.log
2022-06-02 13:52:07,623 DEBUG   SenderThread:106 [sender.py:send():232] send: exit
2022-06-02 13:52:07,624 DEBUG   HandlerThread:106 [handler.py:handle_request():141] handle_request: poll_exit
2022-06-02 13:52:07,624 INFO    SenderThread:106 [sender.py:send_exit():368] handling exit code: 1
2022-06-02 13:52:07,624 INFO    SenderThread:106 [sender.py:send_exit():370] handling runtime: 3
2022-06-02 13:52:07,626 INFO    SenderThread:106 [sender.py:_save_file():948] saving file wandb-summary.json with policy end
2022-06-02 13:52:07,626 INFO    SenderThread:106 [sender.py:send_exit():376] send defer
2022-06-02 13:52:07,627 DEBUG   SenderThread:106 [sender.py:send_request():246] send_request: poll_exit
2022-06-02 13:52:07,627 DEBUG   HandlerThread:106 [handler.py:handle_request():141] handle_request: defer
2022-06-02 13:52:07,627 INFO    HandlerThread:106 [handler.py:handle_request_defer():164] handle defer: 0
2022-06-02 13:52:07,627 DEBUG   SenderThread:106 [sender.py:send_request():246] send_request: defer
2022-06-02 13:52:07,627 INFO    SenderThread:106 [sender.py:send_request_defer():385] handle sender defer: 0
2022-06-02 13:52:07,627 INFO    SenderThread:106 [sender.py:transition_state():389] send defer: 1
2022-06-02 13:52:07,628 DEBUG   HandlerThread:106 [handler.py:handle_request():141] handle_request: defer
2022-06-02 13:52:07,628 INFO    HandlerThread:106 [handler.py:handle_request_defer():164] handle defer: 1
2022-06-02 13:52:07,684 DEBUG   SenderThread:106 [sender.py:send_request():246] send_request: defer
2022-06-02 13:52:07,684 INFO    SenderThread:106 [sender.py:send_request_defer():385] handle sender defer: 1
2022-06-02 13:52:07,685 INFO    SenderThread:106 [sender.py:transition_state():389] send defer: 2
2022-06-02 13:52:07,685 DEBUG   SenderThread:106 [sender.py:send():232] send: stats
2022-06-02 13:52:07,685 DEBUG   HandlerThread:106 [handler.py:handle_request():141] handle_request: defer
2022-06-02 13:52:07,685 INFO    HandlerThread:106 [handler.py:handle_request_defer():164] handle defer: 2
2022-06-02 13:52:07,685 DEBUG   SenderThread:106 [sender.py:send_request():246] send_request: defer
2022-06-02 13:52:07,686 INFO    SenderThread:106 [sender.py:send_request_defer():385] handle sender defer: 2
2022-06-02 13:52:07,686 INFO    SenderThread:106 [sender.py:transition_state():389] send defer: 3
2022-06-02 13:52:07,686 DEBUG   HandlerThread:106 [handler.py:handle_request():141] handle_request: defer
2022-06-02 13:52:07,686 INFO    HandlerThread:106 [handler.py:handle_request_defer():164] handle defer: 3
2022-06-02 13:52:07,686 DEBUG   SenderThread:106 [sender.py:send_request():246] send_request: defer
2022-06-02 13:52:07,686 INFO    SenderThread:106 [sender.py:send_request_defer():385] handle sender defer: 3
2022-06-02 13:52:07,686 INFO    SenderThread:106 [sender.py:transition_state():389] send defer: 4
2022-06-02 13:52:07,687 DEBUG   HandlerThread:106 [handler.py:handle_request():141] handle_request: defer
2022-06-02 13:52:07,687 INFO    HandlerThread:106 [handler.py:handle_request_defer():164] handle defer: 4
2022-06-02 13:52:07,687 DEBUG   SenderThread:106 [sender.py:send():232] send: summary
2022-06-02 13:52:07,720 INFO    SenderThread:106 [sender.py:_save_file():948] saving file wandb-summary.json with policy end
2022-06-02 13:52:07,721 DEBUG   SenderThread:106 [sender.py:send_request():246] send_request: defer
2022-06-02 13:52:07,721 INFO    SenderThread:106 [sender.py:send_request_defer():385] handle sender defer: 4
2022-06-02 13:52:07,721 INFO    SenderThread:106 [sender.py:transition_state():389] send defer: 5
2022-06-02 13:52:07,721 DEBUG   HandlerThread:106 [handler.py:handle_request():141] handle_request: defer
2022-06-02 13:52:07,722 INFO    HandlerThread:106 [handler.py:handle_request_defer():164] handle defer: 5
2022-06-02 13:52:07,722 DEBUG   SenderThread:106 [sender.py:send_request():246] send_request: defer
2022-06-02 13:52:07,722 INFO    SenderThread:106 [sender.py:send_request_defer():385] handle sender defer: 5
2022-06-02 13:52:07,728 DEBUG   HandlerThread:106 [handler.py:handle_request():141] handle_request: poll_exit
2022-06-02 13:52:08,041 INFO    SenderThread:106 [sender.py:transition_state():389] send defer: 6
2022-06-02 13:52:08,041 DEBUG   SenderThread:106 [sender.py:send_request():246] send_request: poll_exit
2022-06-02 13:52:08,041 DEBUG   HandlerThread:106 [handler.py:handle_request():141] handle_request: defer
2022-06-02 13:52:08,042 INFO    HandlerThread:106 [handler.py:handle_request_defer():164] handle defer: 6
2022-06-02 13:52:08,042 DEBUG   SenderThread:106 [sender.py:send_request():246] send_request: defer
2022-06-02 13:52:08,042 INFO    SenderThread:106 [sender.py:send_request_defer():385] handle sender defer: 6
2022-06-02 13:52:08,042 INFO    SenderThread:106 [dir_watcher.py:finish():312] shutting down directory watcher
2022-06-02 13:52:08,142 DEBUG   HandlerThread:106 [handler.py:handle_request():141] handle_request: poll_exit
2022-06-02 13:52:08,473 INFO    SenderThread:106 [dir_watcher.py:_on_file_modified():257] file/dir modified: /mnt/d/ImageNet-Downsampled/wandb/run-20220602_135203-1f0n675f/files/config.yaml
2022-06-02 13:52:08,474 INFO    SenderThread:106 [dir_watcher.py:_on_file_modified():257] file/dir modified: /mnt/d/ImageNet-Downsampled/wandb/run-20220602_135203-1f0n675f/files/wandb-summary.json
2022-06-02 13:52:08,475 INFO    SenderThread:106 [dir_watcher.py:_on_file_modified():257] file/dir modified: /mnt/d/ImageNet-Downsampled/wandb/run-20220602_135203-1f0n675f/files/output.log
2022-06-02 13:52:08,475 INFO    SenderThread:106 [dir_watcher.py:finish():342] scan: /mnt/d/ImageNet-Downsampled/wandb/run-20220602_135203-1f0n675f/files
2022-06-02 13:52:08,476 INFO    SenderThread:106 [dir_watcher.py:finish():356] scan save: /mnt/d/ImageNet-Downsampled/wandb/run-20220602_135203-1f0n675f/files/config.yaml config.yaml
2022-06-02 13:52:08,478 INFO    SenderThread:106 [dir_watcher.py:finish():356] scan save: /mnt/d/ImageNet-Downsampled/wandb/run-20220602_135203-1f0n675f/files/output.log output.log
2022-06-02 13:52:08,482 INFO    SenderThread:106 [dir_watcher.py:finish():356] scan save: /mnt/d/ImageNet-Downsampled/wandb/run-20220602_135203-1f0n675f/files/requirements.txt requirements.txt
2022-06-02 13:52:08,485 INFO    SenderThread:106 [dir_watcher.py:finish():356] scan save: /mnt/d/ImageNet-Downsampled/wandb/run-20220602_135203-1f0n675f/files/wandb-metadata.json wandb-metadata.json
2022-06-02 13:52:08,485 INFO    SenderThread:106 [dir_watcher.py:finish():356] scan save: /mnt/d/ImageNet-Downsampled/wandb/run-20220602_135203-1f0n675f/files/wandb-summary.json wandb-summary.json
2022-06-02 13:52:08,489 INFO    SenderThread:106 [sender.py:transition_state():389] send defer: 7
2022-06-02 13:52:08,489 DEBUG   SenderThread:106 [sender.py:send_request():246] send_request: poll_exit
2022-06-02 13:52:08,489 DEBUG   HandlerThread:106 [handler.py:handle_request():141] handle_request: defer
2022-06-02 13:52:08,490 INFO    HandlerThread:106 [handler.py:handle_request_defer():164] handle defer: 7
2022-06-02 13:52:08,491 DEBUG   SenderThread:106 [sender.py:send_request():246] send_request: defer
2022-06-02 13:52:08,491 INFO    SenderThread:106 [sender.py:send_request_defer():385] handle sender defer: 7
2022-06-02 13:52:08,491 INFO    SenderThread:106 [file_pusher.py:finish():145] shutting down file pusher
2022-06-02 13:52:08,590 DEBUG   HandlerThread:106 [handler.py:handle_request():141] handle_request: poll_exit
2022-06-02 13:52:08,591 DEBUG   SenderThread:106 [sender.py:send_request():246] send_request: poll_exit
2022-06-02 13:52:08,692 DEBUG   HandlerThread:106 [handler.py:handle_request():141] handle_request: poll_exit
2022-06-02 13:52:08,692 DEBUG   SenderThread:106 [sender.py:send_request():246] send_request: poll_exit
2022-06-02 13:52:08,793 DEBUG   HandlerThread:106 [handler.py:handle_request():141] handle_request: poll_exit
2022-06-02 13:52:08,793 DEBUG   SenderThread:106 [sender.py:send_request():246] send_request: poll_exit
2022-06-02 13:52:08,896 DEBUG   HandlerThread:106 [handler.py:handle_request():141] handle_request: poll_exit
2022-06-02 13:52:08,896 DEBUG   SenderThread:106 [sender.py:send_request():246] send_request: poll_exit
2022-06-02 13:52:08,997 DEBUG   HandlerThread:106 [handler.py:handle_request():141] handle_request: poll_exit
2022-06-02 13:52:08,997 DEBUG   SenderThread:106 [sender.py:send_request():246] send_request: poll_exit
2022-06-02 13:52:09,099 DEBUG   HandlerThread:106 [handler.py:handle_request():141] handle_request: poll_exit
2022-06-02 13:52:09,099 DEBUG   SenderThread:106 [sender.py:send_request():246] send_request: poll_exit
2022-06-02 13:52:09,200 DEBUG   HandlerThread:106 [handler.py:handle_request():141] handle_request: poll_exit
2022-06-02 13:52:09,200 DEBUG   SenderThread:106 [sender.py:send_request():246] send_request: poll_exit
2022-06-02 13:52:09,286 INFO    Thread-14 :106 [upload_job.py:push():132] Uploaded file /mnt/d/ImageNet-Downsampled/wandb/run-20220602_135203-1f0n675f/files/requirements.txt
2022-06-02 13:52:09,301 DEBUG   HandlerThread:106 [handler.py:handle_request():141] handle_request: poll_exit
2022-06-02 13:52:09,302 DEBUG   SenderThread:106 [sender.py:send_request():246] send_request: poll_exit
2022-06-02 13:52:09,304 INFO    Thread-15 :106 [upload_job.py:push():132] Uploaded file /mnt/d/ImageNet-Downsampled/wandb/run-20220602_135203-1f0n675f/files/wandb-summary.json
2022-06-02 13:52:09,311 INFO    Thread-12 :106 [upload_job.py:push():132] Uploaded file /mnt/d/ImageNet-Downsampled/wandb/run-20220602_135203-1f0n675f/files/config.yaml
2022-06-02 13:52:09,323 INFO    Thread-13 :106 [upload_job.py:push():132] Uploaded file /mnt/d/ImageNet-Downsampled/wandb/run-20220602_135203-1f0n675f/files/output.log
2022-06-02 13:52:09,403 DEBUG   HandlerThread:106 [handler.py:handle_request():141] handle_request: poll_exit
2022-06-02 13:52:09,404 DEBUG   SenderThread:106 [sender.py:send_request():246] send_request: poll_exit
2022-06-02 13:52:09,505 DEBUG   HandlerThread:106 [handler.py:handle_request():141] handle_request: poll_exit
2022-06-02 13:52:09,506 DEBUG   SenderThread:106 [sender.py:send_request():246] send_request: poll_exit
2022-06-02 13:52:09,523 INFO    Thread-6  :106 [sender.py:transition_state():389] send defer: 8
2022-06-02 13:52:09,523 DEBUG   HandlerThread:106 [handler.py:handle_request():141] handle_request: defer
2022-06-02 13:52:09,523 INFO    HandlerThread:106 [handler.py:handle_request_defer():164] handle defer: 8
2022-06-02 13:52:09,524 DEBUG   SenderThread:106 [sender.py:send_request():246] send_request: defer
2022-06-02 13:52:09,524 INFO    SenderThread:106 [sender.py:send_request_defer():385] handle sender defer: 8
2022-06-02 13:52:09,607 DEBUG   HandlerThread:106 [handler.py:handle_request():141] handle_request: poll_exit
2022-06-02 13:52:10,222 INFO    SenderThread:106 [sender.py:transition_state():389] send defer: 9
2022-06-02 13:52:10,222 DEBUG   SenderThread:106 [sender.py:send_request():246] send_request: poll_exit
2022-06-02 13:52:10,223 DEBUG   HandlerThread:106 [handler.py:handle_request():141] handle_request: defer
2022-06-02 13:52:10,223 INFO    HandlerThread:106 [handler.py:handle_request_defer():164] handle defer: 9
2022-06-02 13:52:10,223 DEBUG   SenderThread:106 [sender.py:send_request():246] send_request: defer
2022-06-02 13:52:10,223 INFO    SenderThread:106 [sender.py:send_request_defer():385] handle sender defer: 9
2022-06-02 13:52:10,223 INFO    SenderThread:106 [sender.py:transition_state():389] send defer: 10
2022-06-02 13:52:10,224 DEBUG   SenderThread:106 [sender.py:send():232] send: final
2022-06-02 13:52:10,224 DEBUG   SenderThread:106 [sender.py:send():232] send: footer
2022-06-02 13:52:10,224 DEBUG   HandlerThread:106 [handler.py:handle_request():141] handle_request: defer
2022-06-02 13:52:10,224 INFO    HandlerThread:106 [handler.py:handle_request_defer():164] handle defer: 10
2022-06-02 13:52:10,224 DEBUG   SenderThread:106 [sender.py:send_request():246] send_request: defer
2022-06-02 13:52:10,224 INFO    SenderThread:106 [sender.py:send_request_defer():385] handle sender defer: 10
2022-06-02 13:52:10,324 DEBUG   HandlerThread:106 [handler.py:handle_request():141] handle_request: poll_exit
2022-06-02 13:52:10,324 DEBUG   SenderThread:106 [sender.py:send_request():246] send_request: poll_exit
2022-06-02 13:52:10,324 INFO    SenderThread:106 [file_pusher.py:join():150] waiting for file pusher
2022-06-02 13:52:12,076 DEBUG   HandlerThread:106 [handler.py:handle_request():141] handle_request: sampled_history
2022-06-02 13:52:12,077 DEBUG   HandlerThread:106 [handler.py:handle_request():141] handle_request: get_summary
2022-06-02 13:52:12,078 DEBUG   HandlerThread:106 [handler.py:handle_request():141] handle_request: shutdown
2022-06-02 13:52:12,078 INFO    HandlerThread:106 [handler.py:finish():806] shutting down handler
2022-06-02 13:52:12,224 INFO    WriterThread:106 [datastore.py:close():279] close: /mnt/d/ImageNet-Downsampled/wandb/run-20220602_135203-1f0n675f/run-1f0n675f.wandb
2022-06-02 13:52:12,975 INFO    SenderThread:106 [sender.py:finish():1110] shutting down sender
2022-06-02 13:52:12,976 INFO    SenderThread:106 [file_pusher.py:finish():145] shutting down file pusher
2022-06-02 13:52:12,976 INFO    SenderThread:106 [file_pusher.py:join():150] waiting for file pusher
2022-06-02 13:52:12,977 INFO    MainThread:106 [internal.py:handle_exit():80] Internal process exited
