2022-06-02 13:52:03,799 INFO    MainThread:65 [wandb_setup.py:_flush():76] Loading settings from /home/idhumal/.config/wandb/settings
2022-06-02 13:52:03,800 INFO    MainThread:65 [wandb_setup.py:_flush():76] Loading settings from /mnt/d/ImageNet-Downsampled/wandb/settings
2022-06-02 13:52:03,800 INFO    MainThread:65 [wandb_setup.py:_flush():76] Loading settings from environment variables: {}
2022-06-02 13:52:03,800 INFO    MainThread:65 [wandb_setup.py:_flush():76] Inferring run settings from compute environment: {'program_relpath': 'train.py', 'program': 'train.py'}
2022-06-02 13:52:03,800 INFO    MainThread:65 [wandb_setup.py:_flush():76] Applying login settings: {'api_key': '***REDACTED***'}
2022-06-02 13:52:03,800 INFO    MainThread:65 [wandb_init.py:_log_setup():428] Logging user logs to /mnt/d/ImageNet-Downsampled/wandb/run-20220602_135203-1f0n675f/logs/debug.log
2022-06-02 13:52:03,801 INFO    MainThread:65 [wandb_init.py:_log_setup():429] Logging internal logs to /mnt/d/ImageNet-Downsampled/wandb/run-20220602_135203-1f0n675f/logs/debug-internal.log
2022-06-02 13:52:03,801 INFO    MainThread:65 [wandb_init.py:init():462] calling init triggers
2022-06-02 13:52:03,801 INFO    MainThread:65 [wandb_init.py:init():465] wandb.init called with sweep_config: {}
config: {}
2022-06-02 13:52:03,801 INFO    MainThread:65 [wandb_init.py:init():515] starting backend
2022-06-02 13:52:03,801 INFO    MainThread:65 [backend.py:_multiprocessing_setup():97] multiprocessing start_methods=fork,spawn,forkserver, using: spawn
2022-06-02 13:52:03,814 INFO    MainThread:65 [backend.py:ensure_launched():217] starting backend process...
2022-06-02 13:52:03,821 INFO    MainThread:65 [backend.py:ensure_launched():222] started backend process with pid: 106
2022-06-02 13:52:03,822 INFO    MainThread:65 [wandb_init.py:init():525] backend started and connected
2022-06-02 13:52:03,828 INFO    MainThread:65 [wandb_init.py:init():596] updated telemetry
2022-06-02 13:52:03,906 INFO    MainThread:65 [wandb_init.py:init():627] communicating run to backend with 30 second timeout
2022-06-02 13:52:04,455 INFO    MainThread:65 [wandb_run.py:_on_init():1924] communicating current version
2022-06-02 13:52:04,510 INFO    MainThread:65 [wandb_run.py:_on_init():1928] got version response 
2022-06-02 13:52:04,510 INFO    MainThread:65 [wandb_init.py:init():662] starting run threads in backend
2022-06-02 13:52:04,600 INFO    MainThread:65 [wandb_run.py:_console_start():1898] atexit reg
2022-06-02 13:52:04,601 INFO    MainThread:65 [wandb_run.py:_redirect():1771] redirect: SettingsConsole.REDIRECT
2022-06-02 13:52:04,601 INFO    MainThread:65 [wandb_run.py:_redirect():1776] Redirecting console.
2022-06-02 13:52:04,602 INFO    MainThread:65 [wandb_run.py:_redirect():1832] Redirects installed.
2022-06-02 13:52:04,602 INFO    MainThread:65 [wandb_init.py:init():688] run started, returning control to user process
2022-06-02 13:52:04,606 INFO    MainThread:65 [wandb_run.py:_config_callback():1136] config_cb None None {'data': '/mnt/d/ImageNet-Downsampled/data', 'depth': 50, 'dataset': 'SmallImageNet', 'ngpu': 1, 'workers': 4, 'size': 32, 'classes': 1000, 'epochs': 100, 'start_epoch': 0, 'batch_size': 256, 'lr': 0.01, 'momentum': 0.9, 'weight_decay': 0.0001, 'print_freq': 100, 'log_freq': 500, 'resume': '', 'seed': 1234, 'prefix': 'test', 'project': 'Imagenet', 'evaluate': False, 'dryrun': None, 'model_type': 'imagenet'}
2022-06-02 13:52:04,607 INFO    MainThread:65 [wandb_watch.py:watch():47] Watching
2022-06-02 13:52:04,609 INFO    MainThread:65 [wandb_run.py:_config_callback():1136] config_cb None None {'Parameters': 13004888, 'FLOPs': 1507755400.0}
2022-06-02 13:52:04,879 INFO    MainThread:65 [wandb_run.py:_atexit_cleanup():1867] got exitcode: 1
2022-06-02 13:52:04,880 INFO    MainThread:65 [wandb_run.py:_restore():1839] restore
2022-06-02 13:52:07,627 INFO    MainThread:65 [wandb_run.py:_on_finish():1996] got exit ret: file_counts {
  wandb_count: 1
}
pusher_stats {
  uploaded_bytes: 1185
  total_bytes: 1185
}

2022-06-02 13:52:08,042 INFO    MainThread:65 [wandb_run.py:_on_finish():1996] got exit ret: file_counts {
  wandb_count: 1
}
pusher_stats {
  uploaded_bytes: 1185
  total_bytes: 1185
}

2022-06-02 13:52:08,490 INFO    MainThread:65 [wandb_run.py:_on_finish():1996] got exit ret: file_counts {
  wandb_count: 4
}
pusher_stats {
  uploaded_bytes: 1185
  total_bytes: 24177
}

2022-06-02 13:52:08,591 INFO    MainThread:65 [wandb_run.py:_on_finish():1996] got exit ret: file_counts {
  wandb_count: 5
}
pusher_stats {
  uploaded_bytes: 1185
  total_bytes: 24280
}

2022-06-02 13:52:08,692 INFO    MainThread:65 [wandb_run.py:_on_finish():1996] got exit ret: file_counts {
  wandb_count: 5
}
pusher_stats {
  uploaded_bytes: 1185
  total_bytes: 24280
}

2022-06-02 13:52:08,795 INFO    MainThread:65 [wandb_run.py:_on_finish():1996] got exit ret: file_counts {
  wandb_count: 5
}
pusher_stats {
  uploaded_bytes: 1185
  total_bytes: 24280
}

2022-06-02 13:52:08,896 INFO    MainThread:65 [wandb_run.py:_on_finish():1996] got exit ret: file_counts {
  wandb_count: 5
}
pusher_stats {
  uploaded_bytes: 22993
  total_bytes: 24280
}

2022-06-02 13:52:08,998 INFO    MainThread:65 [wandb_run.py:_on_finish():1996] got exit ret: file_counts {
  wandb_count: 5
}
pusher_stats {
  uploaded_bytes: 24280
  total_bytes: 24280
}

2022-06-02 13:52:09,099 INFO    MainThread:65 [wandb_run.py:_on_finish():1996] got exit ret: file_counts {
  wandb_count: 5
}
pusher_stats {
  uploaded_bytes: 24280
  total_bytes: 24280
}

2022-06-02 13:52:09,201 INFO    MainThread:65 [wandb_run.py:_on_finish():1996] got exit ret: file_counts {
  wandb_count: 5
}
pusher_stats {
  uploaded_bytes: 24280
  total_bytes: 24280
}

2022-06-02 13:52:09,302 INFO    MainThread:65 [wandb_run.py:_on_finish():1996] got exit ret: file_counts {
  wandb_count: 5
}
pusher_stats {
  uploaded_bytes: 24280
  total_bytes: 24280
}

2022-06-02 13:52:09,404 INFO    MainThread:65 [wandb_run.py:_on_finish():1996] got exit ret: file_counts {
  wandb_count: 5
}
pusher_stats {
  uploaded_bytes: 24280
  total_bytes: 24280
}

2022-06-02 13:52:09,506 INFO    MainThread:65 [wandb_run.py:_on_finish():1996] got exit ret: file_counts {
  wandb_count: 5
}
pusher_stats {
  uploaded_bytes: 24280
  total_bytes: 24280
}

2022-06-02 13:52:10,223 INFO    MainThread:65 [wandb_run.py:_on_finish():1996] got exit ret: file_counts {
  wandb_count: 5
}
pusher_stats {
  uploaded_bytes: 24280
  total_bytes: 24280
}

2022-06-02 13:52:11,975 INFO    MainThread:65 [wandb_run.py:_on_finish():1996] got exit ret: done: true
exit_result {
}
file_counts {
  wandb_count: 5
}
pusher_stats {
  uploaded_bytes: 24280
  total_bytes: 24280
}
local_info {
}

2022-06-02 13:52:13,079 INFO    MainThread:65 [wandb_run.py:_footer_history_summary_info():3104] rendering history
2022-06-02 13:52:13,080 INFO    MainThread:65 [wandb_run.py:_footer_history_summary_info():3136] rendering summary
2022-06-02 13:52:13,083 INFO    MainThread:65 [wandb_run.py:_footer_sync_info():3060] logging synced files
