2022-04-23 17:17:25,915 INFO    MainThread:17866 [internal.py:wandb_internal():92] W&B internal server running at pid: 17866, started at: 2022-04-23 17:17:25.912533
2022-04-23 17:17:25,921 INFO    WriterThread:17866 [datastore.py:open_for_write():77] open: /media/isha/Archita/ImageNet-Downsampled/wandb/run-20220423_171717-2ic7f2np/run-2ic7f2np.wandb
2022-04-23 17:17:25,928 DEBUG   SenderThread:17866 [sender.py:send():235] send: header
2022-04-23 17:17:25,928 DEBUG   SenderThread:17866 [sender.py:send():235] send: run
2022-04-23 17:17:41,369 DEBUG   HandlerThread:17866 [handler.py:handle_request():141] handle_request: check_version
2022-04-23 17:17:41,401 INFO    SenderThread:17866 [dir_watcher.py:__init__():169] watching files in: /media/isha/Archita/ImageNet-Downsampled/wandb/run-20220423_171717-2ic7f2np/files
2022-04-23 17:17:41,402 INFO    SenderThread:17866 [sender.py:_start_run_threads():812] run started: 2ic7f2np with start time 1650714437
2022-04-23 17:17:41,403 DEBUG   SenderThread:17866 [sender.py:send():235] send: summary
2022-04-23 17:17:41,405 INFO    SenderThread:17866 [sender.py:_save_file():947] saving file wandb-summary.json with policy end
2022-04-23 17:17:41,406 DEBUG   SenderThread:17866 [sender.py:send_request():249] send_request: check_version
2022-04-23 17:17:41,552 DEBUG   HandlerThread:17866 [handler.py:handle_request():141] handle_request: run_start
2022-04-23 17:18:08,643 INFO    Thread-7  :17866 [dir_watcher.py:_on_file_created():217] file/dir created: /media/isha/Archita/ImageNet-Downsampled/wandb/run-20220423_171717-2ic7f2np/files/output.log
2022-04-23 17:18:08,645 INFO    Thread-7  :17866 [dir_watcher.py:_on_file_created():217] file/dir created: /media/isha/Archita/ImageNet-Downsampled/wandb/run-20220423_171717-2ic7f2np/files/wandb-summary.json
2022-04-23 17:18:27,803 DEBUG   HandlerThread:17866 [meta.py:__init__():37] meta init
2022-04-23 17:18:27,804 DEBUG   HandlerThread:17866 [meta.py:__init__():51] meta init done
2022-04-23 17:18:27,804 DEBUG   HandlerThread:17866 [meta.py:probe():211] probe
2022-04-23 17:18:27,866 DEBUG   HandlerThread:17866 [meta.py:_setup_git():201] setup git
2022-04-23 17:18:27,920 DEBUG   HandlerThread:17866 [meta.py:_setup_git():208] setup git done
2022-04-23 17:18:27,921 DEBUG   HandlerThread:17866 [meta.py:_save_pip():55] save pip
2022-04-23 17:18:27,922 DEBUG   HandlerThread:17866 [meta.py:_save_pip():69] save pip done
2022-04-23 17:18:27,956 DEBUG   HandlerThread:17866 [meta.py:probe():249] probe done
2022-04-23 17:18:28,101 INFO    Thread-7  :17866 [dir_watcher.py:_on_file_created():217] file/dir created: /media/isha/Archita/ImageNet-Downsampled/wandb/run-20220423_171717-2ic7f2np/files/wandb-metadata.json
2022-04-23 17:18:28,103 INFO    Thread-7  :17866 [dir_watcher.py:_on_file_created():217] file/dir created: /media/isha/Archita/ImageNet-Downsampled/wandb/run-20220423_171717-2ic7f2np/files/requirements.txt
2022-04-23 17:18:28,127 DEBUG   HandlerThread:17866 [handler.py:handle_request():141] handle_request: stop_status
2022-04-23 17:18:28,128 DEBUG   SenderThread:17866 [sender.py:send_request():249] send_request: stop_status
2022-04-23 17:18:28,139 DEBUG   HandlerThread:17866 [handler.py:handle_request():141] handle_request: partial_history
2022-04-23 17:18:28,145 DEBUG   HandlerThread:17866 [handler.py:handle_request():141] handle_request: poll_exit
2022-04-23 17:18:28,146 DEBUG   HandlerThread:17866 [handler.py:handle_request():141] handle_request: poll_exit
2022-04-23 17:18:28,147 DEBUG   HandlerThread:17866 [handler.py:handle_request():141] handle_request: poll_exit
2022-04-23 17:18:28,147 DEBUG   HandlerThread:17866 [handler.py:handle_request():141] handle_request: poll_exit
2022-04-23 17:18:28,148 DEBUG   HandlerThread:17866 [handler.py:handle_request():141] handle_request: poll_exit
2022-04-23 17:18:28,149 DEBUG   HandlerThread:17866 [handler.py:handle_request():141] handle_request: poll_exit
2022-04-23 17:18:28,149 DEBUG   HandlerThread:17866 [handler.py:handle_request():141] handle_request: poll_exit
2022-04-23 17:18:33,030 DEBUG   HandlerThread:17866 [handler.py:handle_request():141] handle_request: poll_exit
2022-04-23 17:18:33,579 DEBUG   SenderThread:17866 [sender.py:send():235] send: telemetry
2022-04-23 17:18:33,580 DEBUG   SenderThread:17866 [sender.py:send():235] send: config
2022-04-23 17:18:33,581 DEBUG   SenderThread:17866 [sender.py:send():235] send: telemetry
2022-04-23 17:18:33,582 DEBUG   SenderThread:17866 [sender.py:send():235] send: config
2022-04-23 17:18:33,582 DEBUG   SenderThread:17866 [sender.py:send():235] send: history
2022-04-23 17:18:33,583 DEBUG   SenderThread:17866 [sender.py:send():235] send: summary
2022-04-23 17:18:33,590 INFO    SenderThread:17866 [sender.py:_save_file():947] saving file wandb-summary.json with policy end
2022-04-23 17:18:33,592 DEBUG   SenderThread:17866 [sender.py:send():235] send: telemetry
2022-04-23 17:18:33,593 DEBUG   SenderThread:17866 [sender.py:send():235] send: exit
2022-04-23 17:18:33,593 INFO    SenderThread:17866 [sender.py:send_exit():371] handling exit code: 1
2022-04-23 17:18:33,594 INFO    SenderThread:17866 [sender.py:send_exit():373] handling runtime: 46
2022-04-23 17:18:33,596 INFO    SenderThread:17866 [sender.py:_save_file():947] saving file wandb-summary.json with policy end
2022-04-23 17:18:33,597 INFO    SenderThread:17866 [sender.py:send_exit():379] send defer
2022-04-23 17:18:33,598 DEBUG   SenderThread:17866 [sender.py:send_request():249] send_request: poll_exit
2022-04-23 17:18:33,599 DEBUG   SenderThread:17866 [sender.py:send_request():249] send_request: poll_exit
2022-04-23 17:18:33,599 DEBUG   HandlerThread:17866 [handler.py:handle_request():141] handle_request: defer
2022-04-23 17:18:33,600 DEBUG   SenderThread:17866 [sender.py:send_request():249] send_request: poll_exit
2022-04-23 17:18:33,601 INFO    HandlerThread:17866 [handler.py:handle_request_defer():164] handle defer: 0
2022-04-23 17:18:33,602 DEBUG   SenderThread:17866 [sender.py:send_request():249] send_request: poll_exit
2022-04-23 17:18:33,604 DEBUG   SenderThread:17866 [sender.py:send_request():249] send_request: poll_exit
2022-04-23 17:18:33,605 DEBUG   SenderThread:17866 [sender.py:send_request():249] send_request: poll_exit
2022-04-23 17:18:33,605 DEBUG   SenderThread:17866 [sender.py:send_request():249] send_request: poll_exit
2022-04-23 17:18:33,606 DEBUG   SenderThread:17866 [sender.py:send():235] send: files
2022-04-23 17:18:33,607 INFO    SenderThread:17866 [sender.py:_save_file():947] saving file wandb-metadata.json with policy now
2022-04-23 17:18:33,611 DEBUG   SenderThread:17866 [sender.py:send_request():249] send_request: poll_exit
2022-04-23 17:18:33,612 DEBUG   SenderThread:17866 [sender.py:send_request():249] send_request: defer
2022-04-23 17:18:33,612 INFO    SenderThread:17866 [sender.py:send_request_defer():388] handle sender defer: 0
2022-04-23 17:18:33,613 INFO    SenderThread:17866 [sender.py:transition_state():392] send defer: 1
2022-04-23 17:18:33,614 DEBUG   HandlerThread:17866 [handler.py:handle_request():141] handle_request: defer
2022-04-23 17:18:33,615 INFO    HandlerThread:17866 [handler.py:handle_request_defer():164] handle defer: 1
2022-04-23 17:18:33,699 DEBUG   SenderThread:17866 [sender.py:send_request():249] send_request: defer
2022-04-23 17:18:33,700 INFO    SenderThread:17866 [sender.py:send_request_defer():388] handle sender defer: 1
2022-04-23 17:18:33,700 INFO    SenderThread:17866 [sender.py:transition_state():392] send defer: 2
2022-04-23 17:18:33,700 DEBUG   SenderThread:17866 [sender.py:send():235] send: stats
2022-04-23 17:18:33,701 DEBUG   HandlerThread:17866 [handler.py:handle_request():141] handle_request: defer
2022-04-23 17:18:33,701 INFO    HandlerThread:17866 [handler.py:handle_request_defer():164] handle defer: 2
2022-04-23 17:18:33,701 DEBUG   SenderThread:17866 [sender.py:send_request():249] send_request: defer
2022-04-23 17:18:33,702 INFO    SenderThread:17866 [sender.py:send_request_defer():388] handle sender defer: 2
2022-04-23 17:18:33,702 INFO    SenderThread:17866 [sender.py:transition_state():392] send defer: 3
2022-04-23 17:18:33,702 DEBUG   HandlerThread:17866 [handler.py:handle_request():141] handle_request: defer
2022-04-23 17:18:33,702 INFO    HandlerThread:17866 [handler.py:handle_request_defer():164] handle defer: 3
2022-04-23 17:18:33,703 DEBUG   SenderThread:17866 [sender.py:send_request():249] send_request: defer
2022-04-23 17:18:33,703 INFO    SenderThread:17866 [sender.py:send_request_defer():388] handle sender defer: 3
2022-04-23 17:18:33,703 INFO    SenderThread:17866 [sender.py:transition_state():392] send defer: 4
2022-04-23 17:18:33,704 DEBUG   HandlerThread:17866 [handler.py:handle_request():141] handle_request: defer
2022-04-23 17:18:33,704 INFO    HandlerThread:17866 [handler.py:handle_request_defer():164] handle defer: 4
2022-04-23 17:18:33,705 DEBUG   SenderThread:17866 [sender.py:send():235] send: summary
2022-04-23 17:18:33,705 INFO    SenderThread:17866 [sender.py:_save_file():947] saving file wandb-summary.json with policy end
2022-04-23 17:18:33,706 DEBUG   SenderThread:17866 [sender.py:send_request():249] send_request: defer
2022-04-23 17:18:33,706 INFO    SenderThread:17866 [sender.py:send_request_defer():388] handle sender defer: 4
2022-04-23 17:18:33,706 INFO    SenderThread:17866 [sender.py:transition_state():392] send defer: 5
2022-04-23 17:18:33,706 DEBUG   HandlerThread:17866 [handler.py:handle_request():141] handle_request: defer
2022-04-23 17:18:33,707 INFO    HandlerThread:17866 [handler.py:handle_request_defer():164] handle defer: 5
2022-04-23 17:18:33,707 DEBUG   SenderThread:17866 [sender.py:send_request():249] send_request: defer
2022-04-23 17:18:33,707 INFO    SenderThread:17866 [sender.py:send_request_defer():388] handle sender defer: 5
2022-04-23 17:18:33,715 DEBUG   HandlerThread:17866 [handler.py:handle_request():141] handle_request: poll_exit
2022-04-23 17:18:34,135 INFO    Thread-7  :17866 [dir_watcher.py:_on_file_modified():230] file/dir modified: /media/isha/Archita/ImageNet-Downsampled/wandb/run-20220423_171717-2ic7f2np/files/wandb-summary.json
2022-04-23 17:18:38,818 DEBUG   HandlerThread:17866 [handler.py:handle_request():141] handle_request: poll_exit
2022-04-23 17:18:39,134 INFO    SenderThread:17866 [sender.py:transition_state():392] send defer: 6
2022-04-23 17:18:39,134 DEBUG   SenderThread:17866 [sender.py:send_request():249] send_request: poll_exit
2022-04-23 17:18:39,135 DEBUG   SenderThread:17866 [sender.py:send_request():249] send_request: poll_exit
2022-04-23 17:18:39,136 DEBUG   HandlerThread:17866 [handler.py:handle_request():141] handle_request: defer
2022-04-23 17:18:39,137 INFO    HandlerThread:17866 [handler.py:handle_request_defer():164] handle defer: 6
2022-04-23 17:18:39,138 DEBUG   SenderThread:17866 [sender.py:send_request():249] send_request: defer
2022-04-23 17:18:39,138 INFO    SenderThread:17866 [sender.py:send_request_defer():388] handle sender defer: 6
2022-04-23 17:18:39,139 INFO    SenderThread:17866 [dir_watcher.py:finish():283] shutting down directory watcher
2022-04-23 17:18:39,158 INFO    Thread-7  :17866 [dir_watcher.py:_on_file_modified():230] file/dir modified: /media/isha/Archita/ImageNet-Downsampled/wandb/run-20220423_171717-2ic7f2np/files/config.yaml
2022-04-23 17:18:39,162 INFO    SenderThread:17866 [dir_watcher.py:finish():313] scan: /media/isha/Archita/ImageNet-Downsampled/wandb/run-20220423_171717-2ic7f2np/files
2022-04-23 17:18:39,163 INFO    SenderThread:17866 [dir_watcher.py:finish():327] scan save: /media/isha/Archita/ImageNet-Downsampled/wandb/run-20220423_171717-2ic7f2np/files/config.yaml config.yaml
2022-04-23 17:18:39,165 INFO    SenderThread:17866 [dir_watcher.py:finish():327] scan save: /media/isha/Archita/ImageNet-Downsampled/wandb/run-20220423_171717-2ic7f2np/files/output.log output.log
2022-04-23 17:18:39,166 INFO    SenderThread:17866 [dir_watcher.py:finish():327] scan save: /media/isha/Archita/ImageNet-Downsampled/wandb/run-20220423_171717-2ic7f2np/files/requirements.txt requirements.txt
2022-04-23 17:18:39,176 INFO    SenderThread:17866 [dir_watcher.py:finish():327] scan save: /media/isha/Archita/ImageNet-Downsampled/wandb/run-20220423_171717-2ic7f2np/files/wandb-metadata.json wandb-metadata.json
2022-04-23 17:18:39,182 INFO    SenderThread:17866 [dir_watcher.py:finish():327] scan save: /media/isha/Archita/ImageNet-Downsampled/wandb/run-20220423_171717-2ic7f2np/files/wandb-summary.json wandb-summary.json
2022-04-23 17:18:39,194 INFO    SenderThread:17866 [sender.py:transition_state():392] send defer: 7
2022-04-23 17:18:39,197 DEBUG   HandlerThread:17866 [handler.py:handle_request():141] handle_request: defer
2022-04-23 17:18:39,197 INFO    HandlerThread:17866 [handler.py:handle_request_defer():164] handle defer: 7
2022-04-23 17:18:39,198 DEBUG   SenderThread:17866 [sender.py:send_request():249] send_request: defer
2022-04-23 17:18:39,203 INFO    SenderThread:17866 [sender.py:send_request_defer():388] handle sender defer: 7
2022-04-23 17:18:39,206 INFO    SenderThread:17866 [file_pusher.py:finish():145] shutting down file pusher
2022-04-23 17:18:39,240 DEBUG   HandlerThread:17866 [handler.py:handle_request():141] handle_request: poll_exit
2022-04-23 17:18:39,241 DEBUG   SenderThread:17866 [sender.py:send_request():249] send_request: poll_exit
2022-04-23 17:18:39,345 DEBUG   HandlerThread:17866 [handler.py:handle_request():141] handle_request: poll_exit
2022-04-23 17:18:39,346 DEBUG   SenderThread:17866 [sender.py:send_request():249] send_request: poll_exit
2022-04-23 17:18:39,451 DEBUG   HandlerThread:17866 [handler.py:handle_request():141] handle_request: poll_exit
2022-04-23 17:18:39,452 DEBUG   SenderThread:17866 [sender.py:send_request():249] send_request: poll_exit
2022-04-23 17:18:39,556 DEBUG   HandlerThread:17866 [handler.py:handle_request():141] handle_request: poll_exit
2022-04-23 17:18:39,557 DEBUG   SenderThread:17866 [sender.py:send_request():249] send_request: poll_exit
2022-04-23 17:18:39,661 DEBUG   HandlerThread:17866 [handler.py:handle_request():141] handle_request: poll_exit
2022-04-23 17:18:39,662 DEBUG   SenderThread:17866 [sender.py:send_request():249] send_request: poll_exit
2022-04-23 17:18:39,767 DEBUG   HandlerThread:17866 [handler.py:handle_request():141] handle_request: poll_exit
2022-04-23 17:18:39,768 DEBUG   SenderThread:17866 [sender.py:send_request():249] send_request: poll_exit
2022-04-23 17:18:39,873 DEBUG   HandlerThread:17866 [handler.py:handle_request():141] handle_request: poll_exit
2022-04-23 17:18:39,874 DEBUG   SenderThread:17866 [sender.py:send_request():249] send_request: poll_exit
2022-04-23 17:18:39,978 DEBUG   HandlerThread:17866 [handler.py:handle_request():141] handle_request: poll_exit
2022-04-23 17:18:39,979 DEBUG   SenderThread:17866 [sender.py:send_request():249] send_request: poll_exit
2022-04-23 17:18:40,084 DEBUG   HandlerThread:17866 [handler.py:handle_request():141] handle_request: poll_exit
2022-04-23 17:18:40,085 DEBUG   SenderThread:17866 [sender.py:send_request():249] send_request: poll_exit
2022-04-23 17:18:40,189 DEBUG   HandlerThread:17866 [handler.py:handle_request():141] handle_request: poll_exit
2022-04-23 17:18:40,190 DEBUG   SenderThread:17866 [sender.py:send_request():249] send_request: poll_exit
2022-04-23 17:18:40,294 DEBUG   HandlerThread:17866 [handler.py:handle_request():141] handle_request: poll_exit
2022-04-23 17:18:40,295 DEBUG   SenderThread:17866 [sender.py:send_request():249] send_request: poll_exit
2022-04-23 17:18:40,399 DEBUG   HandlerThread:17866 [handler.py:handle_request():141] handle_request: poll_exit
2022-04-23 17:18:40,400 DEBUG   SenderThread:17866 [sender.py:send_request():249] send_request: poll_exit
2022-04-23 17:18:40,505 DEBUG   HandlerThread:17866 [handler.py:handle_request():141] handle_request: poll_exit
2022-04-23 17:18:40,506 DEBUG   SenderThread:17866 [sender.py:send_request():249] send_request: poll_exit
2022-04-23 17:18:40,611 DEBUG   HandlerThread:17866 [handler.py:handle_request():141] handle_request: poll_exit
2022-04-23 17:18:40,612 DEBUG   SenderThread:17866 [sender.py:send_request():249] send_request: poll_exit
2022-04-23 17:18:40,716 DEBUG   HandlerThread:17866 [handler.py:handle_request():141] handle_request: poll_exit
2022-04-23 17:18:40,717 DEBUG   SenderThread:17866 [sender.py:send_request():249] send_request: poll_exit
2022-04-23 17:18:40,822 DEBUG   HandlerThread:17866 [handler.py:handle_request():141] handle_request: poll_exit
2022-04-23 17:18:40,824 DEBUG   SenderThread:17866 [sender.py:send_request():249] send_request: poll_exit
2022-04-23 17:18:40,928 DEBUG   HandlerThread:17866 [handler.py:handle_request():141] handle_request: poll_exit
2022-04-23 17:18:40,929 DEBUG   SenderThread:17866 [sender.py:send_request():249] send_request: poll_exit
2022-04-23 17:18:41,033 DEBUG   HandlerThread:17866 [handler.py:handle_request():141] handle_request: poll_exit
2022-04-23 17:18:41,034 DEBUG   SenderThread:17866 [sender.py:send_request():249] send_request: poll_exit
2022-04-23 17:18:41,139 DEBUG   HandlerThread:17866 [handler.py:handle_request():141] handle_request: poll_exit
2022-04-23 17:18:41,140 DEBUG   SenderThread:17866 [sender.py:send_request():249] send_request: poll_exit
2022-04-23 17:18:41,245 DEBUG   HandlerThread:17866 [handler.py:handle_request():141] handle_request: poll_exit
2022-04-23 17:18:41,246 DEBUG   SenderThread:17866 [sender.py:send_request():249] send_request: poll_exit
2022-04-23 17:18:41,351 DEBUG   HandlerThread:17866 [handler.py:handle_request():141] handle_request: poll_exit
2022-04-23 17:18:41,352 DEBUG   SenderThread:17866 [sender.py:send_request():249] send_request: poll_exit
2022-04-23 17:18:41,457 DEBUG   HandlerThread:17866 [handler.py:handle_request():141] handle_request: poll_exit
2022-04-23 17:18:41,457 DEBUG   SenderThread:17866 [sender.py:send_request():249] send_request: poll_exit
2022-04-23 17:18:41,562 DEBUG   HandlerThread:17866 [handler.py:handle_request():141] handle_request: poll_exit
2022-04-23 17:18:41,563 DEBUG   SenderThread:17866 [sender.py:send_request():249] send_request: poll_exit
2022-04-23 17:18:41,667 DEBUG   HandlerThread:17866 [handler.py:handle_request():141] handle_request: poll_exit
2022-04-23 17:18:41,668 DEBUG   SenderThread:17866 [sender.py:send_request():249] send_request: poll_exit
2022-04-23 17:18:41,772 DEBUG   HandlerThread:17866 [handler.py:handle_request():141] handle_request: poll_exit
2022-04-23 17:18:41,773 DEBUG   SenderThread:17866 [sender.py:send_request():249] send_request: poll_exit
2022-04-23 17:18:41,878 DEBUG   HandlerThread:17866 [handler.py:handle_request():141] handle_request: poll_exit
2022-04-23 17:18:41,878 DEBUG   SenderThread:17866 [sender.py:send_request():249] send_request: poll_exit
2022-04-23 17:18:41,982 DEBUG   HandlerThread:17866 [handler.py:handle_request():141] handle_request: poll_exit
2022-04-23 17:18:41,983 DEBUG   SenderThread:17866 [sender.py:send_request():249] send_request: poll_exit
2022-04-23 17:18:42,088 DEBUG   HandlerThread:17866 [handler.py:handle_request():141] handle_request: poll_exit
2022-04-23 17:18:42,089 DEBUG   SenderThread:17866 [sender.py:send_request():249] send_request: poll_exit
2022-04-23 17:18:42,193 DEBUG   HandlerThread:17866 [handler.py:handle_request():141] handle_request: poll_exit
2022-04-23 17:18:42,194 DEBUG   SenderThread:17866 [sender.py:send_request():249] send_request: poll_exit
2022-04-23 17:18:42,298 DEBUG   HandlerThread:17866 [handler.py:handle_request():141] handle_request: poll_exit
2022-04-23 17:18:42,300 DEBUG   SenderThread:17866 [sender.py:send_request():249] send_request: poll_exit
2022-04-23 17:18:42,404 DEBUG   HandlerThread:17866 [handler.py:handle_request():141] handle_request: poll_exit
2022-04-23 17:18:42,405 DEBUG   SenderThread:17866 [sender.py:send_request():249] send_request: poll_exit
2022-04-23 17:18:42,509 DEBUG   HandlerThread:17866 [handler.py:handle_request():141] handle_request: poll_exit
2022-04-23 17:18:42,510 DEBUG   SenderThread:17866 [sender.py:send_request():249] send_request: poll_exit
2022-04-23 17:18:42,614 DEBUG   HandlerThread:17866 [handler.py:handle_request():141] handle_request: poll_exit
2022-04-23 17:18:42,616 DEBUG   SenderThread:17866 [sender.py:send_request():249] send_request: poll_exit
2022-04-23 17:18:42,720 DEBUG   HandlerThread:17866 [handler.py:handle_request():141] handle_request: poll_exit
2022-04-23 17:18:42,721 DEBUG   SenderThread:17866 [sender.py:send_request():249] send_request: poll_exit
2022-04-23 17:18:42,826 DEBUG   HandlerThread:17866 [handler.py:handle_request():141] handle_request: poll_exit
2022-04-23 17:18:42,827 DEBUG   SenderThread:17866 [sender.py:send_request():249] send_request: poll_exit
2022-04-23 17:18:42,931 DEBUG   HandlerThread:17866 [handler.py:handle_request():141] handle_request: poll_exit
2022-04-23 17:18:42,932 DEBUG   SenderThread:17866 [sender.py:send_request():249] send_request: poll_exit
2022-04-23 17:18:43,036 DEBUG   HandlerThread:17866 [handler.py:handle_request():141] handle_request: poll_exit
2022-04-23 17:18:43,037 DEBUG   SenderThread:17866 [sender.py:send_request():249] send_request: poll_exit
2022-04-23 17:18:43,142 DEBUG   HandlerThread:17866 [handler.py:handle_request():141] handle_request: poll_exit
2022-04-23 17:18:43,143 DEBUG   SenderThread:17866 [sender.py:send_request():249] send_request: poll_exit
2022-04-23 17:18:43,247 DEBUG   HandlerThread:17866 [handler.py:handle_request():141] handle_request: poll_exit
2022-04-23 17:18:43,248 DEBUG   SenderThread:17866 [sender.py:send_request():249] send_request: poll_exit
2022-04-23 17:18:43,352 DEBUG   HandlerThread:17866 [handler.py:handle_request():141] handle_request: poll_exit
2022-04-23 17:18:43,353 DEBUG   SenderThread:17866 [sender.py:send_request():249] send_request: poll_exit
2022-04-23 17:18:43,457 DEBUG   HandlerThread:17866 [handler.py:handle_request():141] handle_request: poll_exit
2022-04-23 17:18:43,458 DEBUG   SenderThread:17866 [sender.py:send_request():249] send_request: poll_exit
2022-04-23 17:18:43,562 DEBUG   HandlerThread:17866 [handler.py:handle_request():141] handle_request: poll_exit
2022-04-23 17:18:43,563 DEBUG   SenderThread:17866 [sender.py:send_request():249] send_request: poll_exit
2022-04-23 17:18:43,668 DEBUG   HandlerThread:17866 [handler.py:handle_request():141] handle_request: poll_exit
2022-04-23 17:18:43,669 DEBUG   SenderThread:17866 [sender.py:send_request():249] send_request: poll_exit
2022-04-23 17:18:43,773 DEBUG   HandlerThread:17866 [handler.py:handle_request():141] handle_request: poll_exit
2022-04-23 17:18:43,774 DEBUG   SenderThread:17866 [sender.py:send_request():249] send_request: poll_exit
2022-04-23 17:18:43,878 DEBUG   HandlerThread:17866 [handler.py:handle_request():141] handle_request: poll_exit
2022-04-23 17:18:43,880 DEBUG   SenderThread:17866 [sender.py:send_request():249] send_request: poll_exit
2022-04-23 17:18:43,984 DEBUG   HandlerThread:17866 [handler.py:handle_request():141] handle_request: poll_exit
2022-04-23 17:18:43,988 DEBUG   SenderThread:17866 [sender.py:send_request():249] send_request: poll_exit
2022-04-23 17:18:44,091 DEBUG   HandlerThread:17866 [handler.py:handle_request():141] handle_request: poll_exit
2022-04-23 17:18:44,092 DEBUG   SenderThread:17866 [sender.py:send_request():249] send_request: poll_exit
2022-04-23 17:18:44,197 DEBUG   HandlerThread:17866 [handler.py:handle_request():141] handle_request: poll_exit
2022-04-23 17:18:44,199 DEBUG   SenderThread:17866 [sender.py:send_request():249] send_request: poll_exit
2022-04-23 17:18:44,304 DEBUG   HandlerThread:17866 [handler.py:handle_request():141] handle_request: poll_exit
2022-04-23 17:18:44,305 DEBUG   SenderThread:17866 [sender.py:send_request():249] send_request: poll_exit
2022-04-23 17:18:44,409 DEBUG   HandlerThread:17866 [handler.py:handle_request():141] handle_request: poll_exit
2022-04-23 17:18:44,410 DEBUG   SenderThread:17866 [sender.py:send_request():249] send_request: poll_exit
2022-04-23 17:18:44,515 DEBUG   HandlerThread:17866 [handler.py:handle_request():141] handle_request: poll_exit
2022-04-23 17:18:44,516 DEBUG   SenderThread:17866 [sender.py:send_request():249] send_request: poll_exit
2022-04-23 17:18:44,620 DEBUG   HandlerThread:17866 [handler.py:handle_request():141] handle_request: poll_exit
2022-04-23 17:18:44,621 DEBUG   SenderThread:17866 [sender.py:send_request():249] send_request: poll_exit
2022-04-23 17:18:44,725 DEBUG   HandlerThread:17866 [handler.py:handle_request():141] handle_request: poll_exit
2022-04-23 17:18:44,727 DEBUG   SenderThread:17866 [sender.py:send_request():249] send_request: poll_exit
2022-04-23 17:18:44,831 DEBUG   HandlerThread:17866 [handler.py:handle_request():141] handle_request: poll_exit
2022-04-23 17:18:44,832 DEBUG   SenderThread:17866 [sender.py:send_request():249] send_request: poll_exit
2022-04-23 17:18:44,937 DEBUG   HandlerThread:17866 [handler.py:handle_request():141] handle_request: poll_exit
2022-04-23 17:18:44,938 DEBUG   SenderThread:17866 [sender.py:send_request():249] send_request: poll_exit
2022-04-23 17:18:45,042 DEBUG   HandlerThread:17866 [handler.py:handle_request():141] handle_request: poll_exit
2022-04-23 17:18:45,043 DEBUG   SenderThread:17866 [sender.py:send_request():249] send_request: poll_exit
2022-04-23 17:18:45,147 DEBUG   HandlerThread:17866 [handler.py:handle_request():141] handle_request: poll_exit
2022-04-23 17:18:45,148 DEBUG   SenderThread:17866 [sender.py:send_request():249] send_request: poll_exit
2022-04-23 17:18:45,252 DEBUG   HandlerThread:17866 [handler.py:handle_request():141] handle_request: poll_exit
2022-04-23 17:18:45,253 DEBUG   SenderThread:17866 [sender.py:send_request():249] send_request: poll_exit
2022-04-23 17:18:45,357 DEBUG   HandlerThread:17866 [handler.py:handle_request():141] handle_request: poll_exit
2022-04-23 17:18:45,358 DEBUG   SenderThread:17866 [sender.py:send_request():249] send_request: poll_exit
2022-04-23 17:18:45,463 DEBUG   HandlerThread:17866 [handler.py:handle_request():141] handle_request: poll_exit
2022-04-23 17:18:45,464 DEBUG   SenderThread:17866 [sender.py:send_request():249] send_request: poll_exit
2022-04-23 17:18:45,568 DEBUG   HandlerThread:17866 [handler.py:handle_request():141] handle_request: poll_exit
2022-04-23 17:18:45,569 DEBUG   SenderThread:17866 [sender.py:send_request():249] send_request: poll_exit
2022-04-23 17:18:45,673 DEBUG   HandlerThread:17866 [handler.py:handle_request():141] handle_request: poll_exit
2022-04-23 17:18:45,674 DEBUG   SenderThread:17866 [sender.py:send_request():249] send_request: poll_exit
2022-04-23 17:18:45,778 DEBUG   HandlerThread:17866 [handler.py:handle_request():141] handle_request: poll_exit
2022-04-23 17:18:45,779 DEBUG   SenderThread:17866 [sender.py:send_request():249] send_request: poll_exit
2022-04-23 17:18:45,883 DEBUG   HandlerThread:17866 [handler.py:handle_request():141] handle_request: poll_exit
2022-04-23 17:18:45,884 DEBUG   SenderThread:17866 [sender.py:send_request():249] send_request: poll_exit
2022-04-23 17:18:45,988 DEBUG   HandlerThread:17866 [handler.py:handle_request():141] handle_request: poll_exit
2022-04-23 17:18:45,989 DEBUG   SenderThread:17866 [sender.py:send_request():249] send_request: poll_exit
2022-04-23 17:18:46,093 DEBUG   HandlerThread:17866 [handler.py:handle_request():141] handle_request: poll_exit
2022-04-23 17:18:46,094 DEBUG   SenderThread:17866 [sender.py:send_request():249] send_request: poll_exit
2022-04-23 17:18:46,198 DEBUG   HandlerThread:17866 [handler.py:handle_request():141] handle_request: poll_exit
2022-04-23 17:18:46,199 DEBUG   SenderThread:17866 [sender.py:send_request():249] send_request: poll_exit
2022-04-23 17:18:46,303 DEBUG   HandlerThread:17866 [handler.py:handle_request():141] handle_request: poll_exit
2022-04-23 17:18:46,305 DEBUG   SenderThread:17866 [sender.py:send_request():249] send_request: poll_exit
2022-04-23 17:18:46,409 DEBUG   HandlerThread:17866 [handler.py:handle_request():141] handle_request: poll_exit
2022-04-23 17:18:46,410 DEBUG   SenderThread:17866 [sender.py:send_request():249] send_request: poll_exit
2022-04-23 17:18:46,515 DEBUG   HandlerThread:17866 [handler.py:handle_request():141] handle_request: poll_exit
2022-04-23 17:18:46,516 DEBUG   SenderThread:17866 [sender.py:send_request():249] send_request: poll_exit
2022-04-23 17:18:46,620 DEBUG   HandlerThread:17866 [handler.py:handle_request():141] handle_request: poll_exit
2022-04-23 17:18:46,621 DEBUG   SenderThread:17866 [sender.py:send_request():249] send_request: poll_exit
2022-04-23 17:18:46,725 DEBUG   HandlerThread:17866 [handler.py:handle_request():141] handle_request: poll_exit
2022-04-23 17:18:46,727 DEBUG   SenderThread:17866 [sender.py:send_request():249] send_request: poll_exit
2022-04-23 17:18:46,831 DEBUG   HandlerThread:17866 [handler.py:handle_request():141] handle_request: poll_exit
2022-04-23 17:18:46,832 DEBUG   SenderThread:17866 [sender.py:send_request():249] send_request: poll_exit
2022-04-23 17:18:46,936 DEBUG   HandlerThread:17866 [handler.py:handle_request():141] handle_request: poll_exit
2022-04-23 17:18:46,937 DEBUG   SenderThread:17866 [sender.py:send_request():249] send_request: poll_exit
2022-04-23 17:18:47,042 DEBUG   HandlerThread:17866 [handler.py:handle_request():141] handle_request: poll_exit
2022-04-23 17:18:47,043 DEBUG   SenderThread:17866 [sender.py:send_request():249] send_request: poll_exit
2022-04-23 17:18:47,147 DEBUG   HandlerThread:17866 [handler.py:handle_request():141] handle_request: poll_exit
2022-04-23 17:18:47,148 DEBUG   SenderThread:17866 [sender.py:send_request():249] send_request: poll_exit
2022-04-23 17:18:47,252 DEBUG   HandlerThread:17866 [handler.py:handle_request():141] handle_request: poll_exit
2022-04-23 17:18:47,253 DEBUG   SenderThread:17866 [sender.py:send_request():249] send_request: poll_exit
2022-04-23 17:18:47,357 DEBUG   HandlerThread:17866 [handler.py:handle_request():141] handle_request: poll_exit
2022-04-23 17:18:47,358 DEBUG   SenderThread:17866 [sender.py:send_request():249] send_request: poll_exit
2022-04-23 17:18:47,462 DEBUG   HandlerThread:17866 [handler.py:handle_request():141] handle_request: poll_exit
2022-04-23 17:18:47,463 DEBUG   SenderThread:17866 [sender.py:send_request():249] send_request: poll_exit
2022-04-23 17:18:47,567 DEBUG   HandlerThread:17866 [handler.py:handle_request():141] handle_request: poll_exit
2022-04-23 17:18:47,568 DEBUG   SenderThread:17866 [sender.py:send_request():249] send_request: poll_exit
2022-04-23 17:18:47,673 DEBUG   HandlerThread:17866 [handler.py:handle_request():141] handle_request: poll_exit
2022-04-23 17:18:47,674 DEBUG   SenderThread:17866 [sender.py:send_request():249] send_request: poll_exit
2022-04-23 17:18:47,778 DEBUG   HandlerThread:17866 [handler.py:handle_request():141] handle_request: poll_exit
2022-04-23 17:18:47,779 DEBUG   SenderThread:17866 [sender.py:send_request():249] send_request: poll_exit
2022-04-23 17:18:47,885 DEBUG   HandlerThread:17866 [handler.py:handle_request():141] handle_request: poll_exit
2022-04-23 17:18:47,886 DEBUG   SenderThread:17866 [sender.py:send_request():249] send_request: poll_exit
2022-04-23 17:18:47,990 DEBUG   HandlerThread:17866 [handler.py:handle_request():141] handle_request: poll_exit
2022-04-23 17:18:47,992 DEBUG   SenderThread:17866 [sender.py:send_request():249] send_request: poll_exit
2022-04-23 17:18:48,096 DEBUG   HandlerThread:17866 [handler.py:handle_request():141] handle_request: poll_exit
2022-04-23 17:18:48,098 DEBUG   SenderThread:17866 [sender.py:send_request():249] send_request: poll_exit
2022-04-23 17:18:48,203 DEBUG   HandlerThread:17866 [handler.py:handle_request():141] handle_request: poll_exit
2022-04-23 17:18:48,204 DEBUG   SenderThread:17866 [sender.py:send_request():249] send_request: poll_exit
2022-04-23 17:18:48,308 DEBUG   HandlerThread:17866 [handler.py:handle_request():141] handle_request: poll_exit
2022-04-23 17:18:48,309 DEBUG   SenderThread:17866 [sender.py:send_request():249] send_request: poll_exit
2022-04-23 17:18:48,413 DEBUG   HandlerThread:17866 [handler.py:handle_request():141] handle_request: poll_exit
2022-04-23 17:18:48,414 DEBUG   SenderThread:17866 [sender.py:send_request():249] send_request: poll_exit
2022-04-23 17:18:48,519 DEBUG   HandlerThread:17866 [handler.py:handle_request():141] handle_request: poll_exit
2022-04-23 17:18:48,520 DEBUG   SenderThread:17866 [sender.py:send_request():249] send_request: poll_exit
2022-04-23 17:18:48,624 DEBUG   HandlerThread:17866 [handler.py:handle_request():141] handle_request: poll_exit
2022-04-23 17:18:48,625 DEBUG   SenderThread:17866 [sender.py:send_request():249] send_request: poll_exit
2022-04-23 17:18:48,730 DEBUG   HandlerThread:17866 [handler.py:handle_request():141] handle_request: poll_exit
2022-04-23 17:18:48,731 DEBUG   SenderThread:17866 [sender.py:send_request():249] send_request: poll_exit
2022-04-23 17:18:48,836 DEBUG   HandlerThread:17866 [handler.py:handle_request():141] handle_request: poll_exit
2022-04-23 17:18:48,837 DEBUG   SenderThread:17866 [sender.py:send_request():249] send_request: poll_exit
2022-04-23 17:18:48,942 DEBUG   HandlerThread:17866 [handler.py:handle_request():141] handle_request: poll_exit
2022-04-23 17:18:48,943 DEBUG   SenderThread:17866 [sender.py:send_request():249] send_request: poll_exit
2022-04-23 17:18:49,047 DEBUG   HandlerThread:17866 [handler.py:handle_request():141] handle_request: poll_exit
2022-04-23 17:18:49,047 DEBUG   SenderThread:17866 [sender.py:send_request():249] send_request: poll_exit
2022-04-23 17:18:49,151 DEBUG   HandlerThread:17866 [handler.py:handle_request():141] handle_request: poll_exit
2022-04-23 17:18:49,152 DEBUG   SenderThread:17866 [sender.py:send_request():249] send_request: poll_exit
2022-04-23 17:18:49,256 DEBUG   HandlerThread:17866 [handler.py:handle_request():141] handle_request: poll_exit
2022-04-23 17:18:49,257 DEBUG   SenderThread:17866 [sender.py:send_request():249] send_request: poll_exit
2022-04-23 17:18:49,362 DEBUG   HandlerThread:17866 [handler.py:handle_request():141] handle_request: poll_exit
2022-04-23 17:18:49,363 DEBUG   SenderThread:17866 [sender.py:send_request():249] send_request: poll_exit
2022-04-23 17:18:49,468 DEBUG   HandlerThread:17866 [handler.py:handle_request():141] handle_request: poll_exit
2022-04-23 17:18:49,469 DEBUG   SenderThread:17866 [sender.py:send_request():249] send_request: poll_exit
2022-04-23 17:18:49,574 DEBUG   HandlerThread:17866 [handler.py:handle_request():141] handle_request: poll_exit
2022-04-23 17:18:49,575 DEBUG   SenderThread:17866 [sender.py:send_request():249] send_request: poll_exit
2022-04-23 17:18:49,653 INFO    Thread-11 :17866 [upload_job.py:push():137] Uploaded file /tmp/tmpzer4z5hjwandb/2mht3p1c-wandb-metadata.json
2022-04-23 17:18:49,680 DEBUG   HandlerThread:17866 [handler.py:handle_request():141] handle_request: poll_exit
2022-04-23 17:18:49,681 DEBUG   SenderThread:17866 [sender.py:send_request():249] send_request: poll_exit
2022-04-23 17:18:49,785 DEBUG   HandlerThread:17866 [handler.py:handle_request():141] handle_request: poll_exit
2022-04-23 17:18:49,786 DEBUG   SenderThread:17866 [sender.py:send_request():249] send_request: poll_exit
2022-04-23 17:18:49,891 DEBUG   HandlerThread:17866 [handler.py:handle_request():141] handle_request: poll_exit
2022-04-23 17:18:49,893 DEBUG   SenderThread:17866 [sender.py:send_request():249] send_request: poll_exit
2022-04-23 17:18:49,997 DEBUG   HandlerThread:17866 [handler.py:handle_request():141] handle_request: poll_exit
2022-04-23 17:18:49,998 DEBUG   SenderThread:17866 [sender.py:send_request():249] send_request: poll_exit
2022-04-23 17:18:50,102 DEBUG   HandlerThread:17866 [handler.py:handle_request():141] handle_request: poll_exit
2022-04-23 17:18:50,103 DEBUG   SenderThread:17866 [sender.py:send_request():249] send_request: poll_exit
2022-04-23 17:18:50,206 DEBUG   HandlerThread:17866 [handler.py:handle_request():141] handle_request: poll_exit
2022-04-23 17:18:50,207 DEBUG   SenderThread:17866 [sender.py:send_request():249] send_request: poll_exit
2022-04-23 17:18:50,312 DEBUG   HandlerThread:17866 [handler.py:handle_request():141] handle_request: poll_exit
2022-04-23 17:18:50,313 DEBUG   SenderThread:17866 [sender.py:send_request():249] send_request: poll_exit
2022-04-23 17:18:50,418 DEBUG   HandlerThread:17866 [handler.py:handle_request():141] handle_request: poll_exit
2022-04-23 17:18:50,420 DEBUG   SenderThread:17866 [sender.py:send_request():249] send_request: poll_exit
2022-04-23 17:18:50,524 DEBUG   HandlerThread:17866 [handler.py:handle_request():141] handle_request: poll_exit
2022-04-23 17:18:50,525 DEBUG   SenderThread:17866 [sender.py:send_request():249] send_request: poll_exit
2022-04-23 17:18:50,629 DEBUG   HandlerThread:17866 [handler.py:handle_request():141] handle_request: poll_exit
2022-04-23 17:18:50,631 DEBUG   SenderThread:17866 [sender.py:send_request():249] send_request: poll_exit
2022-04-23 17:18:50,735 DEBUG   HandlerThread:17866 [handler.py:handle_request():141] handle_request: poll_exit
2022-04-23 17:18:50,736 DEBUG   SenderThread:17866 [sender.py:send_request():249] send_request: poll_exit
2022-04-23 17:18:50,840 DEBUG   HandlerThread:17866 [handler.py:handle_request():141] handle_request: poll_exit
2022-04-23 17:18:50,841 DEBUG   SenderThread:17866 [sender.py:send_request():249] send_request: poll_exit
2022-04-23 17:18:50,852 WARNING MainThread:17866 [internal.py:wandb_internal():155] Internal process interrupt: 1
2022-04-23 17:18:55,227 INFO    Thread-14 :17866 [upload_job.py:push():137] Uploaded file /media/isha/Archita/ImageNet-Downsampled/wandb/run-20220423_171717-2ic7f2np/files/requirements.txt
2022-04-23 17:18:55,228 INFO    Thread-12 :17866 [upload_job.py:push():137] Uploaded file /media/isha/Archita/ImageNet-Downsampled/wandb/run-20220423_171717-2ic7f2np/files/config.yaml
2022-04-23 17:18:55,239 INFO    Thread-15 :17866 [upload_job.py:push():137] Uploaded file /media/isha/Archita/ImageNet-Downsampled/wandb/run-20220423_171717-2ic7f2np/files/wandb-summary.json
2022-04-23 17:18:55,262 INFO    Thread-13 :17866 [upload_job.py:push():137] Uploaded file /media/isha/Archita/ImageNet-Downsampled/wandb/run-20220423_171717-2ic7f2np/files/output.log
2022-04-23 17:18:55,464 INFO    Thread-6  :17866 [sender.py:transition_state():392] send defer: 8
2022-04-23 17:18:55,466 DEBUG   HandlerThread:17866 [handler.py:handle_request():141] handle_request: defer
2022-04-23 17:18:55,467 INFO    HandlerThread:17866 [handler.py:handle_request_defer():164] handle defer: 8
2022-04-23 17:18:55,468 DEBUG   SenderThread:17866 [sender.py:send_request():249] send_request: defer
2022-04-23 17:18:55,469 INFO    SenderThread:17866 [sender.py:send_request_defer():388] handle sender defer: 8
2022-04-23 17:18:55,796 INFO    SenderThread:17866 [sender.py:transition_state():392] send defer: 9
2022-04-23 17:18:55,798 DEBUG   HandlerThread:17866 [handler.py:handle_request():141] handle_request: defer
2022-04-23 17:18:55,799 INFO    HandlerThread:17866 [handler.py:handle_request_defer():164] handle defer: 9
2022-04-23 17:18:55,800 DEBUG   SenderThread:17866 [sender.py:send_request():249] send_request: defer
2022-04-23 17:18:55,801 INFO    SenderThread:17866 [sender.py:send_request_defer():388] handle sender defer: 9
2022-04-23 17:18:55,801 INFO    SenderThread:17866 [sender.py:transition_state():392] send defer: 10
2022-04-23 17:18:55,803 DEBUG   SenderThread:17866 [sender.py:send():235] send: final
2022-04-23 17:18:55,804 DEBUG   SenderThread:17866 [sender.py:send():235] send: footer
2022-04-23 17:18:55,805 DEBUG   HandlerThread:17866 [handler.py:handle_request():141] handle_request: defer
2022-04-23 17:18:55,805 INFO    HandlerThread:17866 [handler.py:handle_request_defer():164] handle defer: 10
2022-04-23 17:18:55,806 DEBUG   SenderThread:17866 [sender.py:send_request():249] send_request: defer
2022-04-23 17:18:55,807 INFO    SenderThread:17866 [sender.py:send_request_defer():388] handle sender defer: 10
2022-04-23 17:18:57,862 WARNING MainThread:17866 [internal.py:is_dead():387] Internal process exiting, parent pid 17810 disappeared
2022-04-23 17:18:57,863 ERROR   MainThread:17866 [internal.py:wandb_internal():151] Internal process shutdown.
2022-04-23 17:18:58,804 INFO    WriterThread:17866 [datastore.py:close():281] close: /media/isha/Archita/ImageNet-Downsampled/wandb/run-20220423_171717-2ic7f2np/run-2ic7f2np.wandb
2022-04-23 17:18:58,808 INFO    SenderThread:17866 [sender.py:finish():1107] shutting down sender
2022-04-23 17:18:58,808 INFO    SenderThread:17866 [file_pusher.py:finish():145] shutting down file pusher
2022-04-23 17:18:58,809 INFO    SenderThread:17866 [file_pusher.py:join():150] waiting for file pusher
2022-04-23 17:18:58,810 INFO    HandlerThread:17866 [handler.py:finish():790] shutting down handler
2022-04-23 17:18:58,815 INFO    MainThread:17866 [internal.py:handle_exit():82] Internal process exited
