2022-04-23 17:17:17,527 INFO    MainThread:17810 [wandb_setup.py:_flush():75] Loading settings from /home/isha/.config/wandb/settings
2022-04-23 17:17:17,527 INFO    MainThread:17810 [wandb_setup.py:_flush():75] Loading settings from /media/isha/Archita/ImageNet-Downsampled/wandb/settings
2022-04-23 17:17:17,527 INFO    MainThread:17810 [wandb_setup.py:_flush():75] Loading settings from environment variables: {}
2022-04-23 17:17:17,528 INFO    MainThread:17810 [wandb_setup.py:_flush():75] Inferring run settings from compute environment: {'program_relpath': 'train.py', 'program': 'train.py'}
2022-04-23 17:17:17,529 INFO    MainThread:17810 [wandb_init.py:_log_setup():438] Logging user logs to /media/isha/Archita/ImageNet-Downsampled/wandb/run-20220423_171717-2ic7f2np/logs/debug.log
2022-04-23 17:17:17,530 INFO    MainThread:17810 [wandb_init.py:_log_setup():439] Logging internal logs to /media/isha/Archita/ImageNet-Downsampled/wandb/run-20220423_171717-2ic7f2np/logs/debug-internal.log
2022-04-23 17:17:17,531 INFO    MainThread:17810 [wandb_init.py:init():472] calling init triggers
2022-04-23 17:17:17,531 INFO    MainThread:17810 [wandb_init.py:init():475] wandb.init called with sweep_config: {}
config: {}
2022-04-23 17:17:17,532 INFO    MainThread:17810 [wandb_init.py:init():525] starting backend
2022-04-23 17:17:17,533 INFO    MainThread:17810 [backend.py:_multiprocessing_setup():99] multiprocessing start_methods=fork,spawn,forkserver, using: spawn
2022-04-23 17:17:17,873 INFO    MainThread:17810 [backend.py:ensure_launched():219] starting backend process...
2022-04-23 17:17:17,927 INFO    MainThread:17810 [backend.py:ensure_launched():224] started backend process with pid: 17866
2022-04-23 17:17:17,929 INFO    MainThread:17810 [wandb_init.py:init():534] backend started and connected
2022-04-23 17:17:17,961 INFO    MainThread:17810 [wandb_init.py:init():598] updated telemetry
2022-04-23 17:17:18,112 INFO    MainThread:17810 [wandb_init.py:init():629] communicating run to backend with 30 second timeout
2022-04-23 17:17:41,367 INFO    MainThread:17810 [wandb_run.py:_on_init():1922] communicating current version
2022-04-23 17:17:41,536 INFO    MainThread:17810 [wandb_run.py:_on_init():1926] got version response upgrade_message: "wandb version 0.12.15 is available!  To upgrade, please run:\n $ pip install wandb --upgrade"

2022-04-23 17:17:41,537 INFO    MainThread:17810 [wandb_init.py:init():660] starting run threads in backend
2022-04-23 17:17:46,563 INFO    MainThread:17810 [wandb_run.py:_console_start():1896] atexit reg
2022-04-23 17:17:46,565 INFO    MainThread:17810 [wandb_run.py:_redirect():1769] redirect: SettingsConsole.REDIRECT
2022-04-23 17:17:46,566 INFO    MainThread:17810 [wandb_run.py:_redirect():1774] Redirecting console.
2022-04-23 17:17:46,569 INFO    MainThread:17810 [wandb_run.py:_redirect():1830] Redirects installed.
2022-04-23 17:17:46,569 INFO    MainThread:17810 [wandb_init.py:init():685] run started, returning control to user process
2022-04-23 17:17:46,579 INFO    MainThread:17810 [wandb_run.py:_config_callback():1129] config_cb None None {'data': '/media/isha/OneTouch/ImageNet-Downsampled Code/data', 'depth': 50, 'dataset': 'SmallImageNet', 'ngpu': 1, 'workers': 4, 'size': 16, 'classes': 1000, 'epochs': 100, 'start_epoch': 0, 'batch_size': 256, 'lr': 0.1, 'momentum': 0.9, 'weight_decay': 0.0001, 'print_freq': 100, 'log_freq': 500, 'resume': '', 'seed': 1234, 'prefix': 'test', 'project': 'Imagenet', 'evaluate': False, 'dryrun': None, 'model_type': 'imagenet'}
2022-04-23 17:17:46,580 INFO    MainThread:17810 [wandb_watch.py:watch():47] Watching
2022-04-23 17:17:46,583 INFO    MainThread:17810 [wandb_run.py:_config_callback():1129] config_cb None None {'Parameters': 61100840, 'FLOPs': 715561896.0}
2022-04-23 17:17:54,836 INFO    MainThread:17810 [wandb_run.py:_atexit_cleanup():1865] got exitcode: 1
2022-04-23 17:17:54,841 INFO    MainThread:17810 [wandb_run.py:_restore():1837] restore
2022-04-23 17:18:02,317 INFO    MainThread:17810 [wandb_run.py:_on_finish():1995] got exit ret: None
2022-04-23 17:18:07,418 INFO    MainThread:17810 [wandb_run.py:_on_finish():1995] got exit ret: None
2022-04-23 17:18:12,521 INFO    MainThread:17810 [wandb_run.py:_on_finish():1995] got exit ret: None
2022-04-23 17:18:17,622 INFO    MainThread:17810 [wandb_run.py:_on_finish():1995] got exit ret: None
2022-04-23 17:18:22,724 INFO    MainThread:17810 [wandb_run.py:_on_finish():1995] got exit ret: None
2022-04-23 17:18:27,826 INFO    MainThread:17810 [wandb_run.py:_on_finish():1995] got exit ret: None
2022-04-23 17:18:32,927 INFO    MainThread:17810 [wandb_run.py:_on_finish():1995] got exit ret: None
2022-04-23 17:18:33,613 INFO    MainThread:17810 [wandb_run.py:_on_finish():1995] got exit ret: file_counts {
}
pusher_stats {
}

2022-04-23 17:18:38,715 INFO    MainThread:17810 [wandb_run.py:_on_finish():1995] got exit ret: None
2022-04-23 17:18:39,138 INFO    MainThread:17810 [wandb_run.py:_on_finish():1995] got exit ret: file_counts {
  wandb_count: 1
}
pusher_stats {
  total_bytes: 1172
}

2022-04-23 17:18:39,243 INFO    MainThread:17810 [wandb_run.py:_on_finish():1995] got exit ret: file_counts {
  wandb_count: 5
}
pusher_stats {
  total_bytes: 10485
}

2022-04-23 17:18:39,348 INFO    MainThread:17810 [wandb_run.py:_on_finish():1995] got exit ret: file_counts {
  wandb_count: 5
}
pusher_stats {
  total_bytes: 10485
}

2022-04-23 17:18:39,454 INFO    MainThread:17810 [wandb_run.py:_on_finish():1995] got exit ret: file_counts {
  wandb_count: 5
}
pusher_stats {
  total_bytes: 10485
}

2022-04-23 17:18:39,559 INFO    MainThread:17810 [wandb_run.py:_on_finish():1995] got exit ret: file_counts {
  wandb_count: 5
}
pusher_stats {
  total_bytes: 10485
}

2022-04-23 17:18:39,664 INFO    MainThread:17810 [wandb_run.py:_on_finish():1995] got exit ret: file_counts {
  wandb_count: 5
}
pusher_stats {
  total_bytes: 10485
}

2022-04-23 17:18:39,770 INFO    MainThread:17810 [wandb_run.py:_on_finish():1995] got exit ret: file_counts {
  wandb_count: 5
}
pusher_stats {
  total_bytes: 10485
}

2022-04-23 17:18:39,876 INFO    MainThread:17810 [wandb_run.py:_on_finish():1995] got exit ret: file_counts {
  wandb_count: 5
}
pusher_stats {
  total_bytes: 10485
}

2022-04-23 17:18:39,981 INFO    MainThread:17810 [wandb_run.py:_on_finish():1995] got exit ret: file_counts {
  wandb_count: 5
}
pusher_stats {
  total_bytes: 10485
}

2022-04-23 17:18:40,086 INFO    MainThread:17810 [wandb_run.py:_on_finish():1995] got exit ret: file_counts {
  wandb_count: 5
}
pusher_stats {
  total_bytes: 10485
}

2022-04-23 17:18:40,192 INFO    MainThread:17810 [wandb_run.py:_on_finish():1995] got exit ret: file_counts {
  wandb_count: 5
}
pusher_stats {
  total_bytes: 10485
}

2022-04-23 17:18:40,297 INFO    MainThread:17810 [wandb_run.py:_on_finish():1995] got exit ret: file_counts {
  wandb_count: 5
}
pusher_stats {
  total_bytes: 10485
}

2022-04-23 17:18:40,402 INFO    MainThread:17810 [wandb_run.py:_on_finish():1995] got exit ret: file_counts {
  wandb_count: 5
}
pusher_stats {
  total_bytes: 10485
}

2022-04-23 17:18:40,508 INFO    MainThread:17810 [wandb_run.py:_on_finish():1995] got exit ret: file_counts {
  wandb_count: 5
}
pusher_stats {
  total_bytes: 10485
}

2022-04-23 17:18:40,614 INFO    MainThread:17810 [wandb_run.py:_on_finish():1995] got exit ret: file_counts {
  wandb_count: 5
}
pusher_stats {
  total_bytes: 10485
}

2022-04-23 17:18:40,720 INFO    MainThread:17810 [wandb_run.py:_on_finish():1995] got exit ret: file_counts {
  wandb_count: 5
}
pusher_stats {
  total_bytes: 10485
}

2022-04-23 17:18:40,826 INFO    MainThread:17810 [wandb_run.py:_on_finish():1995] got exit ret: file_counts {
  wandb_count: 5
}
pusher_stats {
  total_bytes: 10485
}

2022-04-23 17:18:40,931 INFO    MainThread:17810 [wandb_run.py:_on_finish():1995] got exit ret: file_counts {
  wandb_count: 5
}
pusher_stats {
  total_bytes: 10485
}

2022-04-23 17:18:41,036 INFO    MainThread:17810 [wandb_run.py:_on_finish():1995] got exit ret: file_counts {
  wandb_count: 5
}
pusher_stats {
  total_bytes: 10485
}

2022-04-23 17:18:41,142 INFO    MainThread:17810 [wandb_run.py:_on_finish():1995] got exit ret: file_counts {
  wandb_count: 5
}
pusher_stats {
  total_bytes: 10485
}

2022-04-23 17:18:41,248 INFO    MainThread:17810 [wandb_run.py:_on_finish():1995] got exit ret: file_counts {
  wandb_count: 5
}
pusher_stats {
  total_bytes: 10485
}

2022-04-23 17:18:41,354 INFO    MainThread:17810 [wandb_run.py:_on_finish():1995] got exit ret: file_counts {
  wandb_count: 5
}
pusher_stats {
  total_bytes: 10485
}

2022-04-23 17:18:41,459 INFO    MainThread:17810 [wandb_run.py:_on_finish():1995] got exit ret: file_counts {
  wandb_count: 5
}
pusher_stats {
  total_bytes: 10485
}

2022-04-23 17:18:41,564 INFO    MainThread:17810 [wandb_run.py:_on_finish():1995] got exit ret: file_counts {
  wandb_count: 5
}
pusher_stats {
  total_bytes: 10485
}

2022-04-23 17:18:41,670 INFO    MainThread:17810 [wandb_run.py:_on_finish():1995] got exit ret: file_counts {
  wandb_count: 5
}
pusher_stats {
  total_bytes: 10485
}

2022-04-23 17:18:41,775 INFO    MainThread:17810 [wandb_run.py:_on_finish():1995] got exit ret: file_counts {
  wandb_count: 5
}
pusher_stats {
  total_bytes: 10485
}

2022-04-23 17:18:41,879 INFO    MainThread:17810 [wandb_run.py:_on_finish():1995] got exit ret: file_counts {
  wandb_count: 5
}
pusher_stats {
  total_bytes: 10485
}

2022-04-23 17:18:41,985 INFO    MainThread:17810 [wandb_run.py:_on_finish():1995] got exit ret: file_counts {
  wandb_count: 5
}
pusher_stats {
  total_bytes: 10485
}

2022-04-23 17:18:42,091 INFO    MainThread:17810 [wandb_run.py:_on_finish():1995] got exit ret: file_counts {
  wandb_count: 5
}
pusher_stats {
  total_bytes: 10485
}

2022-04-23 17:18:42,196 INFO    MainThread:17810 [wandb_run.py:_on_finish():1995] got exit ret: file_counts {
  wandb_count: 5
}
pusher_stats {
  total_bytes: 10485
}

2022-04-23 17:18:42,301 INFO    MainThread:17810 [wandb_run.py:_on_finish():1995] got exit ret: file_counts {
  wandb_count: 5
}
pusher_stats {
  total_bytes: 10485
}

2022-04-23 17:18:42,407 INFO    MainThread:17810 [wandb_run.py:_on_finish():1995] got exit ret: file_counts {
  wandb_count: 5
}
pusher_stats {
  total_bytes: 10485
}

2022-04-23 17:18:42,512 INFO    MainThread:17810 [wandb_run.py:_on_finish():1995] got exit ret: file_counts {
  wandb_count: 5
}
pusher_stats {
  total_bytes: 10485
}

2022-04-23 17:18:42,617 INFO    MainThread:17810 [wandb_run.py:_on_finish():1995] got exit ret: file_counts {
  wandb_count: 5
}
pusher_stats {
  total_bytes: 10485
}

2022-04-23 17:18:42,723 INFO    MainThread:17810 [wandb_run.py:_on_finish():1995] got exit ret: file_counts {
  wandb_count: 5
}
pusher_stats {
  total_bytes: 10485
}

2022-04-23 17:18:42,829 INFO    MainThread:17810 [wandb_run.py:_on_finish():1995] got exit ret: file_counts {
  wandb_count: 5
}
pusher_stats {
  total_bytes: 10485
}

2022-04-23 17:18:42,934 INFO    MainThread:17810 [wandb_run.py:_on_finish():1995] got exit ret: file_counts {
  wandb_count: 5
}
pusher_stats {
  total_bytes: 10485
}

2022-04-23 17:18:43,039 INFO    MainThread:17810 [wandb_run.py:_on_finish():1995] got exit ret: file_counts {
  wandb_count: 5
}
pusher_stats {
  total_bytes: 10485
}

2022-04-23 17:18:43,145 INFO    MainThread:17810 [wandb_run.py:_on_finish():1995] got exit ret: file_counts {
  wandb_count: 5
}
pusher_stats {
  total_bytes: 10485
}

2022-04-23 17:18:43,250 INFO    MainThread:17810 [wandb_run.py:_on_finish():1995] got exit ret: file_counts {
  wandb_count: 5
}
pusher_stats {
  total_bytes: 10485
}

2022-04-23 17:18:43,355 INFO    MainThread:17810 [wandb_run.py:_on_finish():1995] got exit ret: file_counts {
  wandb_count: 5
}
pusher_stats {
  total_bytes: 10485
}

2022-04-23 17:18:43,460 INFO    MainThread:17810 [wandb_run.py:_on_finish():1995] got exit ret: file_counts {
  wandb_count: 5
}
pusher_stats {
  total_bytes: 10485
}

2022-04-23 17:18:43,565 INFO    MainThread:17810 [wandb_run.py:_on_finish():1995] got exit ret: file_counts {
  wandb_count: 5
}
pusher_stats {
  total_bytes: 10485
}

2022-04-23 17:18:43,671 INFO    MainThread:17810 [wandb_run.py:_on_finish():1995] got exit ret: file_counts {
  wandb_count: 5
}
pusher_stats {
  total_bytes: 10485
}

2022-04-23 17:18:43,776 INFO    MainThread:17810 [wandb_run.py:_on_finish():1995] got exit ret: file_counts {
  wandb_count: 5
}
pusher_stats {
  total_bytes: 10485
}

2022-04-23 17:18:43,882 INFO    MainThread:17810 [wandb_run.py:_on_finish():1995] got exit ret: file_counts {
  wandb_count: 5
}
pusher_stats {
  total_bytes: 10485
}

2022-04-23 17:18:43,990 INFO    MainThread:17810 [wandb_run.py:_on_finish():1995] got exit ret: file_counts {
  wandb_count: 5
}
pusher_stats {
  total_bytes: 10485
}

2022-04-23 17:18:44,095 INFO    MainThread:17810 [wandb_run.py:_on_finish():1995] got exit ret: file_counts {
  wandb_count: 5
}
pusher_stats {
  total_bytes: 10485
}

2022-04-23 17:18:44,201 INFO    MainThread:17810 [wandb_run.py:_on_finish():1995] got exit ret: file_counts {
  wandb_count: 5
}
pusher_stats {
  total_bytes: 10485
}

2022-04-23 17:18:44,307 INFO    MainThread:17810 [wandb_run.py:_on_finish():1995] got exit ret: file_counts {
  wandb_count: 5
}
pusher_stats {
  total_bytes: 10485
}

2022-04-23 17:18:44,412 INFO    MainThread:17810 [wandb_run.py:_on_finish():1995] got exit ret: file_counts {
  wandb_count: 5
}
pusher_stats {
  total_bytes: 10485
}

2022-04-23 17:18:44,518 INFO    MainThread:17810 [wandb_run.py:_on_finish():1995] got exit ret: file_counts {
  wandb_count: 5
}
pusher_stats {
  total_bytes: 10485
}

2022-04-23 17:18:44,623 INFO    MainThread:17810 [wandb_run.py:_on_finish():1995] got exit ret: file_counts {
  wandb_count: 5
}
pusher_stats {
  total_bytes: 10485
}

2022-04-23 17:18:44,729 INFO    MainThread:17810 [wandb_run.py:_on_finish():1995] got exit ret: file_counts {
  wandb_count: 5
}
pusher_stats {
  total_bytes: 10485
}

2022-04-23 17:18:44,834 INFO    MainThread:17810 [wandb_run.py:_on_finish():1995] got exit ret: file_counts {
  wandb_count: 5
}
pusher_stats {
  total_bytes: 10485
}

2022-04-23 17:18:44,940 INFO    MainThread:17810 [wandb_run.py:_on_finish():1995] got exit ret: file_counts {
  wandb_count: 5
}
pusher_stats {
  total_bytes: 10485
}

2022-04-23 17:18:45,045 INFO    MainThread:17810 [wandb_run.py:_on_finish():1995] got exit ret: file_counts {
  wandb_count: 5
}
pusher_stats {
  total_bytes: 10485
}

2022-04-23 17:18:45,150 INFO    MainThread:17810 [wandb_run.py:_on_finish():1995] got exit ret: file_counts {
  wandb_count: 5
}
pusher_stats {
  total_bytes: 10485
}

2022-04-23 17:18:45,255 INFO    MainThread:17810 [wandb_run.py:_on_finish():1995] got exit ret: file_counts {
  wandb_count: 5
}
pusher_stats {
  total_bytes: 10485
}

2022-04-23 17:18:45,360 INFO    MainThread:17810 [wandb_run.py:_on_finish():1995] got exit ret: file_counts {
  wandb_count: 5
}
pusher_stats {
  total_bytes: 10485
}

2022-04-23 17:18:45,466 INFO    MainThread:17810 [wandb_run.py:_on_finish():1995] got exit ret: file_counts {
  wandb_count: 5
}
pusher_stats {
  total_bytes: 10485
}

2022-04-23 17:18:45,571 INFO    MainThread:17810 [wandb_run.py:_on_finish():1995] got exit ret: file_counts {
  wandb_count: 5
}
pusher_stats {
  total_bytes: 10485
}

2022-04-23 17:18:45,676 INFO    MainThread:17810 [wandb_run.py:_on_finish():1995] got exit ret: file_counts {
  wandb_count: 5
}
pusher_stats {
  total_bytes: 10485
}

2022-04-23 17:18:45,781 INFO    MainThread:17810 [wandb_run.py:_on_finish():1995] got exit ret: file_counts {
  wandb_count: 5
}
pusher_stats {
  total_bytes: 10485
}

2022-04-23 17:18:45,886 INFO    MainThread:17810 [wandb_run.py:_on_finish():1995] got exit ret: file_counts {
  wandb_count: 5
}
pusher_stats {
  total_bytes: 10485
}

2022-04-23 17:18:45,991 INFO    MainThread:17810 [wandb_run.py:_on_finish():1995] got exit ret: file_counts {
  wandb_count: 5
}
pusher_stats {
  total_bytes: 10485
}

2022-04-23 17:18:46,096 INFO    MainThread:17810 [wandb_run.py:_on_finish():1995] got exit ret: file_counts {
  wandb_count: 5
}
pusher_stats {
  total_bytes: 10485
}

2022-04-23 17:18:46,201 INFO    MainThread:17810 [wandb_run.py:_on_finish():1995] got exit ret: file_counts {
  wandb_count: 5
}
pusher_stats {
  total_bytes: 10485
}

2022-04-23 17:18:46,306 INFO    MainThread:17810 [wandb_run.py:_on_finish():1995] got exit ret: file_counts {
  wandb_count: 5
}
pusher_stats {
  total_bytes: 10485
}

2022-04-23 17:18:46,412 INFO    MainThread:17810 [wandb_run.py:_on_finish():1995] got exit ret: file_counts {
  wandb_count: 5
}
pusher_stats {
  total_bytes: 10485
}

2022-04-23 17:18:46,518 INFO    MainThread:17810 [wandb_run.py:_on_finish():1995] got exit ret: file_counts {
  wandb_count: 5
}
pusher_stats {
  total_bytes: 10485
}

2022-04-23 17:18:46,623 INFO    MainThread:17810 [wandb_run.py:_on_finish():1995] got exit ret: file_counts {
  wandb_count: 5
}
pusher_stats {
  total_bytes: 10485
}

2022-04-23 17:18:46,729 INFO    MainThread:17810 [wandb_run.py:_on_finish():1995] got exit ret: file_counts {
  wandb_count: 5
}
pusher_stats {
  total_bytes: 10485
}

2022-04-23 17:18:46,834 INFO    MainThread:17810 [wandb_run.py:_on_finish():1995] got exit ret: file_counts {
  wandb_count: 5
}
pusher_stats {
  total_bytes: 10485
}

2022-04-23 17:18:46,939 INFO    MainThread:17810 [wandb_run.py:_on_finish():1995] got exit ret: file_counts {
  wandb_count: 5
}
pusher_stats {
  total_bytes: 10485
}

2022-04-23 17:18:47,045 INFO    MainThread:17810 [wandb_run.py:_on_finish():1995] got exit ret: file_counts {
  wandb_count: 5
}
pusher_stats {
  total_bytes: 10485
}

2022-04-23 17:18:47,150 INFO    MainThread:17810 [wandb_run.py:_on_finish():1995] got exit ret: file_counts {
  wandb_count: 5
}
pusher_stats {
  total_bytes: 10485
}

2022-04-23 17:18:47,255 INFO    MainThread:17810 [wandb_run.py:_on_finish():1995] got exit ret: file_counts {
  wandb_count: 5
}
pusher_stats {
  total_bytes: 10485
}

2022-04-23 17:18:47,360 INFO    MainThread:17810 [wandb_run.py:_on_finish():1995] got exit ret: file_counts {
  wandb_count: 5
}
pusher_stats {
  total_bytes: 10485
}

2022-04-23 17:18:47,465 INFO    MainThread:17810 [wandb_run.py:_on_finish():1995] got exit ret: file_counts {
  wandb_count: 5
}
pusher_stats {
  total_bytes: 10485
}

2022-04-23 17:18:47,570 INFO    MainThread:17810 [wandb_run.py:_on_finish():1995] got exit ret: file_counts {
  wandb_count: 5
}
pusher_stats {
  total_bytes: 10485
}

2022-04-23 17:18:47,676 INFO    MainThread:17810 [wandb_run.py:_on_finish():1995] got exit ret: file_counts {
  wandb_count: 5
}
pusher_stats {
  total_bytes: 10485
}

2022-04-23 17:18:47,782 INFO    MainThread:17810 [wandb_run.py:_on_finish():1995] got exit ret: file_counts {
  wandb_count: 5
}
pusher_stats {
  total_bytes: 10485
}

2022-04-23 17:18:47,888 INFO    MainThread:17810 [wandb_run.py:_on_finish():1995] got exit ret: file_counts {
  wandb_count: 5
}
pusher_stats {
  total_bytes: 10485
}

2022-04-23 17:18:47,994 INFO    MainThread:17810 [wandb_run.py:_on_finish():1995] got exit ret: file_counts {
  wandb_count: 5
}
pusher_stats {
  total_bytes: 10485
}

2022-04-23 17:18:48,100 INFO    MainThread:17810 [wandb_run.py:_on_finish():1995] got exit ret: file_counts {
  wandb_count: 5
}
pusher_stats {
  total_bytes: 10485
}

2022-04-23 17:18:48,206 INFO    MainThread:17810 [wandb_run.py:_on_finish():1995] got exit ret: file_counts {
  wandb_count: 5
}
pusher_stats {
  total_bytes: 10485
}

2022-04-23 17:18:48,311 INFO    MainThread:17810 [wandb_run.py:_on_finish():1995] got exit ret: file_counts {
  wandb_count: 5
}
pusher_stats {
  total_bytes: 10485
}

2022-04-23 17:18:48,416 INFO    MainThread:17810 [wandb_run.py:_on_finish():1995] got exit ret: file_counts {
  wandb_count: 5
}
pusher_stats {
  total_bytes: 10485
}

2022-04-23 17:18:48,522 INFO    MainThread:17810 [wandb_run.py:_on_finish():1995] got exit ret: file_counts {
  wandb_count: 5
}
pusher_stats {
  total_bytes: 10485
}

2022-04-23 17:18:48,628 INFO    MainThread:17810 [wandb_run.py:_on_finish():1995] got exit ret: file_counts {
  wandb_count: 5
}
pusher_stats {
  total_bytes: 10485
}

2022-04-23 17:18:48,734 INFO    MainThread:17810 [wandb_run.py:_on_finish():1995] got exit ret: file_counts {
  wandb_count: 5
}
pusher_stats {
  total_bytes: 10485
}

2022-04-23 17:18:48,839 INFO    MainThread:17810 [wandb_run.py:_on_finish():1995] got exit ret: file_counts {
  wandb_count: 5
}
pusher_stats {
  total_bytes: 10485
}

2022-04-23 17:18:48,945 INFO    MainThread:17810 [wandb_run.py:_on_finish():1995] got exit ret: file_counts {
  wandb_count: 5
}
pusher_stats {
  total_bytes: 10485
}

2022-04-23 17:18:49,048 INFO    MainThread:17810 [wandb_run.py:_on_finish():1995] got exit ret: file_counts {
  wandb_count: 5
}
pusher_stats {
  total_bytes: 10485
}

2022-04-23 17:18:49,154 INFO    MainThread:17810 [wandb_run.py:_on_finish():1995] got exit ret: file_counts {
  wandb_count: 5
}
pusher_stats {
  uploaded_bytes: 1172
  total_bytes: 10485
}

2022-04-23 17:18:49,259 INFO    MainThread:17810 [wandb_run.py:_on_finish():1995] got exit ret: file_counts {
  wandb_count: 5
}
pusher_stats {
  uploaded_bytes: 1172
  total_bytes: 10485
}

2022-04-23 17:18:49,365 INFO    MainThread:17810 [wandb_run.py:_on_finish():1995] got exit ret: file_counts {
  wandb_count: 5
}
pusher_stats {
  uploaded_bytes: 1172
  total_bytes: 10485
}

2022-04-23 17:18:49,471 INFO    MainThread:17810 [wandb_run.py:_on_finish():1995] got exit ret: file_counts {
  wandb_count: 5
}
pusher_stats {
  uploaded_bytes: 1172
  total_bytes: 10485
}

2022-04-23 17:18:49,577 INFO    MainThread:17810 [wandb_run.py:_on_finish():1995] got exit ret: file_counts {
  wandb_count: 5
}
pusher_stats {
  uploaded_bytes: 1172
  total_bytes: 10485
}

2022-04-23 17:18:49,683 INFO    MainThread:17810 [wandb_run.py:_on_finish():1995] got exit ret: file_counts {
  wandb_count: 5
}
pusher_stats {
  uploaded_bytes: 1172
  total_bytes: 10485
}

2022-04-23 17:18:49,789 INFO    MainThread:17810 [wandb_run.py:_on_finish():1995] got exit ret: file_counts {
  wandb_count: 5
}
pusher_stats {
  uploaded_bytes: 1172
  total_bytes: 10485
}

2022-04-23 17:18:49,895 INFO    MainThread:17810 [wandb_run.py:_on_finish():1995] got exit ret: file_counts {
  wandb_count: 5
}
pusher_stats {
  uploaded_bytes: 1172
  total_bytes: 10485
}

2022-04-23 17:18:50,000 INFO    MainThread:17810 [wandb_run.py:_on_finish():1995] got exit ret: file_counts {
  wandb_count: 5
}
pusher_stats {
  uploaded_bytes: 1172
  total_bytes: 10485
}

2022-04-23 17:18:50,104 INFO    MainThread:17810 [wandb_run.py:_on_finish():1995] got exit ret: file_counts {
  wandb_count: 5
}
pusher_stats {
  uploaded_bytes: 1172
  total_bytes: 10485
}

2022-04-23 17:18:50,209 INFO    MainThread:17810 [wandb_run.py:_on_finish():1995] got exit ret: file_counts {
  wandb_count: 5
}
pusher_stats {
  uploaded_bytes: 1172
  total_bytes: 10485
}

2022-04-23 17:18:50,315 INFO    MainThread:17810 [wandb_run.py:_on_finish():1995] got exit ret: file_counts {
  wandb_count: 5
}
pusher_stats {
  uploaded_bytes: 1172
  total_bytes: 10485
}

2022-04-23 17:18:50,422 INFO    MainThread:17810 [wandb_run.py:_on_finish():1995] got exit ret: file_counts {
  wandb_count: 5
}
pusher_stats {
  uploaded_bytes: 1172
  total_bytes: 10485
}

2022-04-23 17:18:50,527 INFO    MainThread:17810 [wandb_run.py:_on_finish():1995] got exit ret: file_counts {
  wandb_count: 5
}
pusher_stats {
  uploaded_bytes: 1172
  total_bytes: 10485
}

2022-04-23 17:18:50,633 INFO    MainThread:17810 [wandb_run.py:_on_finish():1995] got exit ret: file_counts {
  wandb_count: 5
}
pusher_stats {
  uploaded_bytes: 1172
  total_bytes: 10485
}

2022-04-23 17:18:50,738 INFO    MainThread:17810 [wandb_run.py:_on_finish():1995] got exit ret: file_counts {
  wandb_count: 5
}
pusher_stats {
  uploaded_bytes: 1172
  total_bytes: 10485
}

2022-04-23 17:18:50,843 INFO    MainThread:17810 [wandb_run.py:_on_finish():1995] got exit ret: file_counts {
  wandb_count: 5
}
pusher_stats {
  uploaded_bytes: 1172
  total_bytes: 10485
}

