2022-04-23 17:05:50,833 INFO    MainThread:15518 [internal.py:wandb_internal():92] W&B internal server running at pid: 15518, started at: 2022-04-23 17:05:50.832978
2022-04-23 17:05:50,835 INFO    WriterThread:15518 [datastore.py:open_for_write():77] open: /media/isha/Archita/ImageNet-Downsampled/wandb/run-20220423_170549-bjuvp9re/run-bjuvp9re.wandb
2022-04-23 17:05:50,837 DEBUG   SenderThread:15518 [sender.py:send():235] send: header
2022-04-23 17:05:50,837 DEBUG   SenderThread:15518 [sender.py:send():235] send: run
2022-04-23 17:06:06,266 DEBUG   HandlerThread:15518 [handler.py:handle_request():141] handle_request: check_version
2022-04-23 17:06:06,645 INFO    SenderThread:15518 [dir_watcher.py:__init__():169] watching files in: /media/isha/Archita/ImageNet-Downsampled/wandb/run-20220423_170549-bjuvp9re/files
2022-04-23 17:06:06,645 INFO    SenderThread:15518 [sender.py:_start_run_threads():812] run started: bjuvp9re with start time 1650713750
2022-04-23 17:06:06,646 DEBUG   SenderThread:15518 [sender.py:send():235] send: summary
2022-04-23 17:06:06,649 INFO    SenderThread:15518 [sender.py:_save_file():947] saving file wandb-summary.json with policy end
2022-04-23 17:06:06,650 DEBUG   SenderThread:15518 [sender.py:send_request():249] send_request: check_version
2022-04-23 17:06:06,846 DEBUG   HandlerThread:15518 [handler.py:handle_request():141] handle_request: run_start
2022-04-23 17:06:14,441 INFO    Thread-7  :15518 [dir_watcher.py:_on_file_created():217] file/dir created: /media/isha/Archita/ImageNet-Downsampled/wandb/run-20220423_170549-bjuvp9re/files/output.log
2022-04-23 17:06:14,442 INFO    Thread-7  :15518 [dir_watcher.py:_on_file_created():217] file/dir created: /media/isha/Archita/ImageNet-Downsampled/wandb/run-20220423_170549-bjuvp9re/files/wandb-summary.json
2022-04-23 17:06:16,460 INFO    Thread-7  :15518 [dir_watcher.py:_on_file_modified():230] file/dir modified: /media/isha/Archita/ImageNet-Downsampled/wandb/run-20220423_170549-bjuvp9re/files/output.log
2022-04-23 17:06:17,470 INFO    Thread-7  :15518 [dir_watcher.py:_on_file_modified():230] file/dir modified: /media/isha/Archita/ImageNet-Downsampled/wandb/run-20220423_170549-bjuvp9re/files/output.log
2022-04-23 17:06:22,833 DEBUG   HandlerThread:15518 [meta.py:__init__():37] meta init
2022-04-23 17:06:22,833 DEBUG   HandlerThread:15518 [meta.py:__init__():51] meta init done
2022-04-23 17:06:22,833 DEBUG   HandlerThread:15518 [meta.py:probe():211] probe
2022-04-23 17:06:22,904 DEBUG   HandlerThread:15518 [meta.py:_setup_git():201] setup git
2022-04-23 17:06:22,974 DEBUG   HandlerThread:15518 [meta.py:_setup_git():208] setup git done
2022-04-23 17:06:22,974 DEBUG   HandlerThread:15518 [meta.py:_save_pip():55] save pip
2022-04-23 17:06:22,975 DEBUG   HandlerThread:15518 [meta.py:_save_pip():69] save pip done
2022-04-23 17:06:22,975 DEBUG   HandlerThread:15518 [meta.py:probe():249] probe done
2022-04-23 17:06:22,995 DEBUG   HandlerThread:15518 [handler.py:handle_request():141] handle_request: stop_status
2022-04-23 17:06:22,995 DEBUG   SenderThread:15518 [sender.py:send_request():249] send_request: stop_status
2022-04-23 17:06:22,996 DEBUG   HandlerThread:15518 [handler.py:handle_request():141] handle_request: partial_history
2022-04-23 17:06:23,001 DEBUG   HandlerThread:15518 [handler.py:handle_request():141] handle_request: poll_exit
2022-04-23 17:06:23,002 DEBUG   HandlerThread:15518 [handler.py:handle_request():141] handle_request: poll_exit
2022-04-23 17:06:23,495 INFO    Thread-7  :15518 [dir_watcher.py:_on_file_created():217] file/dir created: /media/isha/Archita/ImageNet-Downsampled/wandb/run-20220423_170549-bjuvp9re/files/requirements.txt
2022-04-23 17:06:23,497 INFO    Thread-7  :15518 [dir_watcher.py:_on_file_created():217] file/dir created: /media/isha/Archita/ImageNet-Downsampled/wandb/run-20220423_170549-bjuvp9re/files/wandb-metadata.json
2022-04-23 17:06:27,128 DEBUG   HandlerThread:15518 [handler.py:handle_request():141] handle_request: poll_exit
2022-04-23 17:06:28,308 DEBUG   SenderThread:15518 [sender.py:send():235] send: telemetry
2022-04-23 17:06:28,309 DEBUG   SenderThread:15518 [sender.py:send():235] send: config
2022-04-23 17:06:28,310 DEBUG   SenderThread:15518 [sender.py:send():235] send: telemetry
2022-04-23 17:06:28,311 DEBUG   SenderThread:15518 [sender.py:send():235] send: config
2022-04-23 17:06:28,311 DEBUG   SenderThread:15518 [sender.py:send():235] send: history
2022-04-23 17:06:28,312 DEBUG   SenderThread:15518 [sender.py:send():235] send: summary
2022-04-23 17:06:28,314 INFO    SenderThread:15518 [sender.py:_save_file():947] saving file wandb-summary.json with policy end
2022-04-23 17:06:28,316 DEBUG   SenderThread:15518 [sender.py:send():235] send: telemetry
2022-04-23 17:06:28,316 DEBUG   SenderThread:15518 [sender.py:send():235] send: exit
2022-04-23 17:06:28,317 INFO    SenderThread:15518 [sender.py:send_exit():371] handling exit code: 1
2022-04-23 17:06:28,317 INFO    SenderThread:15518 [sender.py:send_exit():373] handling runtime: 16
2022-04-23 17:06:28,319 INFO    SenderThread:15518 [sender.py:_save_file():947] saving file wandb-summary.json with policy end
2022-04-23 17:06:28,320 INFO    SenderThread:15518 [sender.py:send_exit():379] send defer
2022-04-23 17:06:28,320 DEBUG   SenderThread:15518 [sender.py:send_request():249] send_request: poll_exit
2022-04-23 17:06:28,321 DEBUG   SenderThread:15518 [sender.py:send_request():249] send_request: poll_exit
2022-04-23 17:06:28,322 DEBUG   HandlerThread:15518 [handler.py:handle_request():141] handle_request: defer
2022-04-23 17:06:28,323 DEBUG   SenderThread:15518 [sender.py:send():235] send: files
2022-04-23 17:06:28,324 INFO    HandlerThread:15518 [handler.py:handle_request_defer():164] handle defer: 0
2022-04-23 17:06:28,325 INFO    SenderThread:15518 [sender.py:_save_file():947] saving file wandb-metadata.json with policy now
2022-04-23 17:06:28,328 DEBUG   SenderThread:15518 [sender.py:send_request():249] send_request: poll_exit
2022-04-23 17:06:28,328 DEBUG   SenderThread:15518 [sender.py:send_request():249] send_request: defer
2022-04-23 17:06:28,329 INFO    SenderThread:15518 [sender.py:send_request_defer():388] handle sender defer: 0
2022-04-23 17:06:28,330 INFO    SenderThread:15518 [sender.py:transition_state():392] send defer: 1
2022-04-23 17:06:28,332 DEBUG   HandlerThread:15518 [handler.py:handle_request():141] handle_request: defer
2022-04-23 17:06:28,332 INFO    HandlerThread:15518 [handler.py:handle_request_defer():164] handle defer: 1
2022-04-23 17:06:28,348 DEBUG   SenderThread:15518 [sender.py:send_request():249] send_request: defer
2022-04-23 17:06:28,349 INFO    SenderThread:15518 [sender.py:send_request_defer():388] handle sender defer: 1
2022-04-23 17:06:28,349 INFO    SenderThread:15518 [sender.py:transition_state():392] send defer: 2
2022-04-23 17:06:28,349 DEBUG   HandlerThread:15518 [handler.py:handle_request():141] handle_request: defer
2022-04-23 17:06:28,349 DEBUG   SenderThread:15518 [sender.py:send():235] send: stats
2022-04-23 17:06:28,349 INFO    HandlerThread:15518 [handler.py:handle_request_defer():164] handle defer: 2
2022-04-23 17:06:28,350 DEBUG   SenderThread:15518 [sender.py:send_request():249] send_request: defer
2022-04-23 17:06:28,350 INFO    SenderThread:15518 [sender.py:send_request_defer():388] handle sender defer: 2
2022-04-23 17:06:28,350 INFO    SenderThread:15518 [sender.py:transition_state():392] send defer: 3
2022-04-23 17:06:28,350 DEBUG   HandlerThread:15518 [handler.py:handle_request():141] handle_request: defer
2022-04-23 17:06:28,350 INFO    HandlerThread:15518 [handler.py:handle_request_defer():164] handle defer: 3
2022-04-23 17:06:28,351 DEBUG   SenderThread:15518 [sender.py:send_request():249] send_request: defer
2022-04-23 17:06:28,351 INFO    SenderThread:15518 [sender.py:send_request_defer():388] handle sender defer: 3
2022-04-23 17:06:28,351 INFO    SenderThread:15518 [sender.py:transition_state():392] send defer: 4
2022-04-23 17:06:28,351 DEBUG   HandlerThread:15518 [handler.py:handle_request():141] handle_request: defer
2022-04-23 17:06:28,351 INFO    HandlerThread:15518 [handler.py:handle_request_defer():164] handle defer: 4
2022-04-23 17:06:28,352 DEBUG   SenderThread:15518 [sender.py:send():235] send: summary
2022-04-23 17:06:28,352 INFO    SenderThread:15518 [sender.py:_save_file():947] saving file wandb-summary.json with policy end
2022-04-23 17:06:28,352 DEBUG   SenderThread:15518 [sender.py:send_request():249] send_request: defer
2022-04-23 17:06:28,353 INFO    SenderThread:15518 [sender.py:send_request_defer():388] handle sender defer: 4
2022-04-23 17:06:28,353 INFO    SenderThread:15518 [sender.py:transition_state():392] send defer: 5
2022-04-23 17:06:28,353 DEBUG   HandlerThread:15518 [handler.py:handle_request():141] handle_request: defer
2022-04-23 17:06:28,353 INFO    HandlerThread:15518 [handler.py:handle_request_defer():164] handle defer: 5
2022-04-23 17:06:28,353 DEBUG   SenderThread:15518 [sender.py:send_request():249] send_request: defer
2022-04-23 17:06:28,353 INFO    SenderThread:15518 [sender.py:send_request_defer():388] handle sender defer: 5
2022-04-23 17:06:28,433 DEBUG   HandlerThread:15518 [handler.py:handle_request():141] handle_request: poll_exit
2022-04-23 17:06:28,513 INFO    Thread-7  :15518 [dir_watcher.py:_on_file_modified():230] file/dir modified: /media/isha/Archita/ImageNet-Downsampled/wandb/run-20220423_170549-bjuvp9re/files/wandb-summary.json
2022-04-23 17:06:33,534 DEBUG   HandlerThread:15518 [handler.py:handle_request():141] handle_request: poll_exit
2022-04-23 17:06:34,129 INFO    SenderThread:15518 [sender.py:transition_state():392] send defer: 6
2022-04-23 17:06:34,130 DEBUG   SenderThread:15518 [sender.py:send_request():249] send_request: poll_exit
2022-04-23 17:06:34,130 DEBUG   SenderThread:15518 [sender.py:send_request():249] send_request: poll_exit
2022-04-23 17:06:34,130 DEBUG   HandlerThread:15518 [handler.py:handle_request():141] handle_request: defer
2022-04-23 17:06:34,131 INFO    HandlerThread:15518 [handler.py:handle_request_defer():164] handle defer: 6
2022-04-23 17:06:34,131 DEBUG   SenderThread:15518 [sender.py:send_request():249] send_request: defer
2022-04-23 17:06:34,131 INFO    SenderThread:15518 [sender.py:send_request_defer():388] handle sender defer: 6
2022-04-23 17:06:34,131 INFO    SenderThread:15518 [dir_watcher.py:finish():283] shutting down directory watcher
2022-04-23 17:06:34,233 DEBUG   HandlerThread:15518 [handler.py:handle_request():141] handle_request: poll_exit
2022-04-23 17:06:34,520 INFO    SenderThread:15518 [dir_watcher.py:_on_file_modified():230] file/dir modified: /media/isha/Archita/ImageNet-Downsampled/wandb/run-20220423_170549-bjuvp9re/files/config.yaml
2022-04-23 17:06:34,522 INFO    SenderThread:15518 [dir_watcher.py:finish():313] scan: /media/isha/Archita/ImageNet-Downsampled/wandb/run-20220423_170549-bjuvp9re/files
2022-04-23 17:06:34,523 INFO    SenderThread:15518 [dir_watcher.py:finish():327] scan save: /media/isha/Archita/ImageNet-Downsampled/wandb/run-20220423_170549-bjuvp9re/files/config.yaml config.yaml
2022-04-23 17:06:34,524 INFO    SenderThread:15518 [dir_watcher.py:finish():327] scan save: /media/isha/Archita/ImageNet-Downsampled/wandb/run-20220423_170549-bjuvp9re/files/output.log output.log
2022-04-23 17:06:34,535 INFO    SenderThread:15518 [dir_watcher.py:finish():327] scan save: /media/isha/Archita/ImageNet-Downsampled/wandb/run-20220423_170549-bjuvp9re/files/requirements.txt requirements.txt
2022-04-23 17:06:34,546 INFO    SenderThread:15518 [dir_watcher.py:finish():327] scan save: /media/isha/Archita/ImageNet-Downsampled/wandb/run-20220423_170549-bjuvp9re/files/wandb-metadata.json wandb-metadata.json
2022-04-23 17:06:34,547 INFO    SenderThread:15518 [dir_watcher.py:finish():327] scan save: /media/isha/Archita/ImageNet-Downsampled/wandb/run-20220423_170549-bjuvp9re/files/wandb-summary.json wandb-summary.json
2022-04-23 17:06:34,558 INFO    SenderThread:15518 [sender.py:transition_state():392] send defer: 7
2022-04-23 17:06:34,559 DEBUG   SenderThread:15518 [sender.py:send_request():249] send_request: poll_exit
2022-04-23 17:06:34,561 DEBUG   HandlerThread:15518 [handler.py:handle_request():141] handle_request: defer
2022-04-23 17:06:34,562 INFO    HandlerThread:15518 [handler.py:handle_request_defer():164] handle defer: 7
2022-04-23 17:06:34,570 DEBUG   SenderThread:15518 [sender.py:send_request():249] send_request: defer
2022-04-23 17:06:34,571 INFO    SenderThread:15518 [sender.py:send_request_defer():388] handle sender defer: 7
2022-04-23 17:06:34,572 INFO    SenderThread:15518 [file_pusher.py:finish():145] shutting down file pusher
2022-04-23 17:06:34,664 DEBUG   HandlerThread:15518 [handler.py:handle_request():141] handle_request: poll_exit
2022-04-23 17:06:34,665 DEBUG   SenderThread:15518 [sender.py:send_request():249] send_request: poll_exit
2022-04-23 17:06:34,769 DEBUG   HandlerThread:15518 [handler.py:handle_request():141] handle_request: poll_exit
2022-04-23 17:06:34,770 DEBUG   SenderThread:15518 [sender.py:send_request():249] send_request: poll_exit
2022-04-23 17:06:34,874 DEBUG   HandlerThread:15518 [handler.py:handle_request():141] handle_request: poll_exit
2022-04-23 17:06:34,875 DEBUG   SenderThread:15518 [sender.py:send_request():249] send_request: poll_exit
2022-04-23 17:06:34,980 DEBUG   HandlerThread:15518 [handler.py:handle_request():141] handle_request: poll_exit
2022-04-23 17:06:34,981 DEBUG   SenderThread:15518 [sender.py:send_request():249] send_request: poll_exit
2022-04-23 17:06:35,084 DEBUG   HandlerThread:15518 [handler.py:handle_request():141] handle_request: poll_exit
2022-04-23 17:06:35,086 DEBUG   SenderThread:15518 [sender.py:send_request():249] send_request: poll_exit
2022-04-23 17:06:35,190 DEBUG   HandlerThread:15518 [handler.py:handle_request():141] handle_request: poll_exit
2022-04-23 17:06:35,191 DEBUG   SenderThread:15518 [sender.py:send_request():249] send_request: poll_exit
2022-04-23 17:06:35,295 DEBUG   HandlerThread:15518 [handler.py:handle_request():141] handle_request: poll_exit
2022-04-23 17:06:35,296 DEBUG   SenderThread:15518 [sender.py:send_request():249] send_request: poll_exit
2022-04-23 17:06:35,400 DEBUG   HandlerThread:15518 [handler.py:handle_request():141] handle_request: poll_exit
2022-04-23 17:06:35,400 DEBUG   SenderThread:15518 [sender.py:send_request():249] send_request: poll_exit
2022-04-23 17:06:35,502 DEBUG   HandlerThread:15518 [handler.py:handle_request():141] handle_request: poll_exit
2022-04-23 17:06:35,502 DEBUG   SenderThread:15518 [sender.py:send_request():249] send_request: poll_exit
2022-04-23 17:06:35,604 DEBUG   HandlerThread:15518 [handler.py:handle_request():141] handle_request: poll_exit
2022-04-23 17:06:35,605 DEBUG   SenderThread:15518 [sender.py:send_request():249] send_request: poll_exit
2022-04-23 17:06:35,710 DEBUG   HandlerThread:15518 [handler.py:handle_request():141] handle_request: poll_exit
2022-04-23 17:06:35,711 DEBUG   SenderThread:15518 [sender.py:send_request():249] send_request: poll_exit
2022-04-23 17:06:35,815 DEBUG   HandlerThread:15518 [handler.py:handle_request():141] handle_request: poll_exit
2022-04-23 17:06:35,816 DEBUG   SenderThread:15518 [sender.py:send_request():249] send_request: poll_exit
2022-04-23 17:06:35,921 DEBUG   HandlerThread:15518 [handler.py:handle_request():141] handle_request: poll_exit
2022-04-23 17:06:35,922 DEBUG   SenderThread:15518 [sender.py:send_request():249] send_request: poll_exit
2022-04-23 17:06:36,026 DEBUG   HandlerThread:15518 [handler.py:handle_request():141] handle_request: poll_exit
2022-04-23 17:06:36,027 DEBUG   SenderThread:15518 [sender.py:send_request():249] send_request: poll_exit
2022-04-23 17:06:36,130 DEBUG   HandlerThread:15518 [handler.py:handle_request():141] handle_request: poll_exit
2022-04-23 17:06:36,131 DEBUG   SenderThread:15518 [sender.py:send_request():249] send_request: poll_exit
2022-04-23 17:06:36,234 DEBUG   HandlerThread:15518 [handler.py:handle_request():141] handle_request: poll_exit
2022-04-23 17:06:36,235 DEBUG   SenderThread:15518 [sender.py:send_request():249] send_request: poll_exit
2022-04-23 17:06:36,337 DEBUG   HandlerThread:15518 [handler.py:handle_request():141] handle_request: poll_exit
2022-04-23 17:06:36,339 DEBUG   SenderThread:15518 [sender.py:send_request():249] send_request: poll_exit
2022-04-23 17:06:36,442 DEBUG   HandlerThread:15518 [handler.py:handle_request():141] handle_request: poll_exit
2022-04-23 17:06:36,443 DEBUG   SenderThread:15518 [sender.py:send_request():249] send_request: poll_exit
2022-04-23 17:06:36,546 DEBUG   HandlerThread:15518 [handler.py:handle_request():141] handle_request: poll_exit
2022-04-23 17:06:36,547 DEBUG   SenderThread:15518 [sender.py:send_request():249] send_request: poll_exit
2022-04-23 17:06:36,651 DEBUG   HandlerThread:15518 [handler.py:handle_request():141] handle_request: poll_exit
2022-04-23 17:06:36,652 DEBUG   SenderThread:15518 [sender.py:send_request():249] send_request: poll_exit
2022-04-23 17:06:36,756 DEBUG   HandlerThread:15518 [handler.py:handle_request():141] handle_request: poll_exit
2022-04-23 17:06:36,758 DEBUG   SenderThread:15518 [sender.py:send_request():249] send_request: poll_exit
2022-04-23 17:06:36,862 DEBUG   HandlerThread:15518 [handler.py:handle_request():141] handle_request: poll_exit
2022-04-23 17:06:36,863 DEBUG   SenderThread:15518 [sender.py:send_request():249] send_request: poll_exit
2022-04-23 17:06:36,966 DEBUG   HandlerThread:15518 [handler.py:handle_request():141] handle_request: poll_exit
2022-04-23 17:06:36,967 DEBUG   SenderThread:15518 [sender.py:send_request():249] send_request: poll_exit
2022-04-23 17:06:37,071 DEBUG   HandlerThread:15518 [handler.py:handle_request():141] handle_request: poll_exit
2022-04-23 17:06:37,072 DEBUG   SenderThread:15518 [sender.py:send_request():249] send_request: poll_exit
2022-04-23 17:06:37,176 DEBUG   HandlerThread:15518 [handler.py:handle_request():141] handle_request: poll_exit
2022-04-23 17:06:37,177 DEBUG   SenderThread:15518 [sender.py:send_request():249] send_request: poll_exit
2022-04-23 17:06:37,282 DEBUG   HandlerThread:15518 [handler.py:handle_request():141] handle_request: poll_exit
2022-04-23 17:06:37,283 DEBUG   SenderThread:15518 [sender.py:send_request():249] send_request: poll_exit
2022-04-23 17:06:37,387 DEBUG   HandlerThread:15518 [handler.py:handle_request():141] handle_request: poll_exit
2022-04-23 17:06:37,388 DEBUG   SenderThread:15518 [sender.py:send_request():249] send_request: poll_exit
2022-04-23 17:06:37,492 DEBUG   HandlerThread:15518 [handler.py:handle_request():141] handle_request: poll_exit
2022-04-23 17:06:37,493 DEBUG   SenderThread:15518 [sender.py:send_request():249] send_request: poll_exit
2022-04-23 17:06:37,597 DEBUG   HandlerThread:15518 [handler.py:handle_request():141] handle_request: poll_exit
2022-04-23 17:06:37,598 DEBUG   SenderThread:15518 [sender.py:send_request():249] send_request: poll_exit
2022-04-23 17:06:37,703 DEBUG   HandlerThread:15518 [handler.py:handle_request():141] handle_request: poll_exit
2022-04-23 17:06:37,704 DEBUG   SenderThread:15518 [sender.py:send_request():249] send_request: poll_exit
2022-04-23 17:06:37,808 DEBUG   HandlerThread:15518 [handler.py:handle_request():141] handle_request: poll_exit
2022-04-23 17:06:37,809 DEBUG   SenderThread:15518 [sender.py:send_request():249] send_request: poll_exit
2022-04-23 17:06:37,915 DEBUG   HandlerThread:15518 [handler.py:handle_request():141] handle_request: poll_exit
2022-04-23 17:06:37,915 DEBUG   SenderThread:15518 [sender.py:send_request():249] send_request: poll_exit
2022-04-23 17:06:38,021 DEBUG   HandlerThread:15518 [handler.py:handle_request():141] handle_request: poll_exit
2022-04-23 17:06:38,022 DEBUG   SenderThread:15518 [sender.py:send_request():249] send_request: poll_exit
2022-04-23 17:06:38,126 DEBUG   HandlerThread:15518 [handler.py:handle_request():141] handle_request: poll_exit
2022-04-23 17:06:38,127 DEBUG   SenderThread:15518 [sender.py:send_request():249] send_request: poll_exit
2022-04-23 17:06:38,232 DEBUG   HandlerThread:15518 [handler.py:handle_request():141] handle_request: poll_exit
2022-04-23 17:06:38,233 DEBUG   SenderThread:15518 [sender.py:send_request():249] send_request: poll_exit
2022-04-23 17:06:38,336 DEBUG   HandlerThread:15518 [handler.py:handle_request():141] handle_request: poll_exit
2022-04-23 17:06:38,336 DEBUG   SenderThread:15518 [sender.py:send_request():249] send_request: poll_exit
2022-04-23 17:06:38,440 DEBUG   HandlerThread:15518 [handler.py:handle_request():141] handle_request: poll_exit
2022-04-23 17:06:38,441 DEBUG   SenderThread:15518 [sender.py:send_request():249] send_request: poll_exit
2022-04-23 17:06:38,544 DEBUG   HandlerThread:15518 [handler.py:handle_request():141] handle_request: poll_exit
2022-04-23 17:06:38,545 DEBUG   SenderThread:15518 [sender.py:send_request():249] send_request: poll_exit
2022-04-23 17:06:38,649 DEBUG   HandlerThread:15518 [handler.py:handle_request():141] handle_request: poll_exit
2022-04-23 17:06:38,650 DEBUG   SenderThread:15518 [sender.py:send_request():249] send_request: poll_exit
2022-04-23 17:06:38,754 DEBUG   HandlerThread:15518 [handler.py:handle_request():141] handle_request: poll_exit
2022-04-23 17:06:38,755 DEBUG   SenderThread:15518 [sender.py:send_request():249] send_request: poll_exit
2022-04-23 17:06:38,859 DEBUG   HandlerThread:15518 [handler.py:handle_request():141] handle_request: poll_exit
2022-04-23 17:06:38,860 DEBUG   SenderThread:15518 [sender.py:send_request():249] send_request: poll_exit
2022-04-23 17:06:38,965 DEBUG   HandlerThread:15518 [handler.py:handle_request():141] handle_request: poll_exit
2022-04-23 17:06:38,967 DEBUG   SenderThread:15518 [sender.py:send_request():249] send_request: poll_exit
2022-04-23 17:06:39,070 DEBUG   HandlerThread:15518 [handler.py:handle_request():141] handle_request: poll_exit
2022-04-23 17:06:39,071 DEBUG   SenderThread:15518 [sender.py:send_request():249] send_request: poll_exit
2022-04-23 17:06:39,173 DEBUG   HandlerThread:15518 [handler.py:handle_request():141] handle_request: poll_exit
2022-04-23 17:06:39,173 DEBUG   SenderThread:15518 [sender.py:send_request():249] send_request: poll_exit
2022-04-23 17:06:39,276 DEBUG   HandlerThread:15518 [handler.py:handle_request():141] handle_request: poll_exit
2022-04-23 17:06:39,277 DEBUG   SenderThread:15518 [sender.py:send_request():249] send_request: poll_exit
2022-04-23 17:06:39,381 DEBUG   HandlerThread:15518 [handler.py:handle_request():141] handle_request: poll_exit
2022-04-23 17:06:39,382 DEBUG   SenderThread:15518 [sender.py:send_request():249] send_request: poll_exit
2022-04-23 17:06:39,487 DEBUG   HandlerThread:15518 [handler.py:handle_request():141] handle_request: poll_exit
2022-04-23 17:06:39,488 DEBUG   SenderThread:15518 [sender.py:send_request():249] send_request: poll_exit
2022-04-23 17:06:39,592 DEBUG   HandlerThread:15518 [handler.py:handle_request():141] handle_request: poll_exit
2022-04-23 17:06:39,593 DEBUG   SenderThread:15518 [sender.py:send_request():249] send_request: poll_exit
2022-04-23 17:06:39,697 DEBUG   HandlerThread:15518 [handler.py:handle_request():141] handle_request: poll_exit
2022-04-23 17:06:39,698 DEBUG   SenderThread:15518 [sender.py:send_request():249] send_request: poll_exit
2022-04-23 17:06:39,802 DEBUG   HandlerThread:15518 [handler.py:handle_request():141] handle_request: poll_exit
2022-04-23 17:06:39,802 DEBUG   SenderThread:15518 [sender.py:send_request():249] send_request: poll_exit
2022-04-23 17:06:39,904 DEBUG   HandlerThread:15518 [handler.py:handle_request():141] handle_request: poll_exit
2022-04-23 17:06:39,905 DEBUG   SenderThread:15518 [sender.py:send_request():249] send_request: poll_exit
2022-04-23 17:06:40,009 DEBUG   HandlerThread:15518 [handler.py:handle_request():141] handle_request: poll_exit
2022-04-23 17:06:40,010 DEBUG   SenderThread:15518 [sender.py:send_request():249] send_request: poll_exit
2022-04-23 17:06:40,114 DEBUG   HandlerThread:15518 [handler.py:handle_request():141] handle_request: poll_exit
2022-04-23 17:06:40,115 DEBUG   SenderThread:15518 [sender.py:send_request():249] send_request: poll_exit
2022-04-23 17:06:40,219 DEBUG   HandlerThread:15518 [handler.py:handle_request():141] handle_request: poll_exit
2022-04-23 17:06:40,220 DEBUG   SenderThread:15518 [sender.py:send_request():249] send_request: poll_exit
2022-04-23 17:06:40,323 DEBUG   HandlerThread:15518 [handler.py:handle_request():141] handle_request: poll_exit
2022-04-23 17:06:40,324 DEBUG   SenderThread:15518 [sender.py:send_request():249] send_request: poll_exit
2022-04-23 17:06:40,425 DEBUG   HandlerThread:15518 [handler.py:handle_request():141] handle_request: poll_exit
2022-04-23 17:06:40,425 DEBUG   SenderThread:15518 [sender.py:send_request():249] send_request: poll_exit
2022-04-23 17:06:40,528 DEBUG   HandlerThread:15518 [handler.py:handle_request():141] handle_request: poll_exit
2022-04-23 17:06:40,528 DEBUG   SenderThread:15518 [sender.py:send_request():249] send_request: poll_exit
2022-04-23 17:06:40,633 DEBUG   HandlerThread:15518 [handler.py:handle_request():141] handle_request: poll_exit
2022-04-23 17:06:40,634 DEBUG   SenderThread:15518 [sender.py:send_request():249] send_request: poll_exit
2022-04-23 17:06:40,739 DEBUG   HandlerThread:15518 [handler.py:handle_request():141] handle_request: poll_exit
2022-04-23 17:06:40,740 DEBUG   SenderThread:15518 [sender.py:send_request():249] send_request: poll_exit
2022-04-23 17:06:40,845 DEBUG   HandlerThread:15518 [handler.py:handle_request():141] handle_request: poll_exit
2022-04-23 17:06:40,846 DEBUG   SenderThread:15518 [sender.py:send_request():249] send_request: poll_exit
2022-04-23 17:06:40,950 DEBUG   HandlerThread:15518 [handler.py:handle_request():141] handle_request: poll_exit
2022-04-23 17:06:40,951 DEBUG   SenderThread:15518 [sender.py:send_request():249] send_request: poll_exit
2022-04-23 17:06:41,056 DEBUG   HandlerThread:15518 [handler.py:handle_request():141] handle_request: poll_exit
2022-04-23 17:06:41,057 DEBUG   SenderThread:15518 [sender.py:send_request():249] send_request: poll_exit
2022-04-23 17:06:41,161 DEBUG   HandlerThread:15518 [handler.py:handle_request():141] handle_request: poll_exit
2022-04-23 17:06:41,162 DEBUG   SenderThread:15518 [sender.py:send_request():249] send_request: poll_exit
2022-04-23 17:06:41,265 DEBUG   HandlerThread:15518 [handler.py:handle_request():141] handle_request: poll_exit
2022-04-23 17:06:41,266 DEBUG   SenderThread:15518 [sender.py:send_request():249] send_request: poll_exit
2022-04-23 17:06:41,370 DEBUG   HandlerThread:15518 [handler.py:handle_request():141] handle_request: poll_exit
2022-04-23 17:06:41,372 DEBUG   SenderThread:15518 [sender.py:send_request():249] send_request: poll_exit
2022-04-23 17:06:41,476 DEBUG   HandlerThread:15518 [handler.py:handle_request():141] handle_request: poll_exit
2022-04-23 17:06:41,477 DEBUG   SenderThread:15518 [sender.py:send_request():249] send_request: poll_exit
2022-04-23 17:06:41,581 DEBUG   HandlerThread:15518 [handler.py:handle_request():141] handle_request: poll_exit
2022-04-23 17:06:41,581 DEBUG   SenderThread:15518 [sender.py:send_request():249] send_request: poll_exit
2022-04-23 17:06:41,684 DEBUG   HandlerThread:15518 [handler.py:handle_request():141] handle_request: poll_exit
2022-04-23 17:06:41,685 DEBUG   SenderThread:15518 [sender.py:send_request():249] send_request: poll_exit
2022-04-23 17:06:41,788 DEBUG   HandlerThread:15518 [handler.py:handle_request():141] handle_request: poll_exit
2022-04-23 17:06:41,790 DEBUG   SenderThread:15518 [sender.py:send_request():249] send_request: poll_exit
2022-04-23 17:06:41,894 DEBUG   HandlerThread:15518 [handler.py:handle_request():141] handle_request: poll_exit
2022-04-23 17:06:41,894 DEBUG   SenderThread:15518 [sender.py:send_request():249] send_request: poll_exit
2022-04-23 17:06:41,997 DEBUG   HandlerThread:15518 [handler.py:handle_request():141] handle_request: poll_exit
2022-04-23 17:06:41,998 DEBUG   SenderThread:15518 [sender.py:send_request():249] send_request: poll_exit
2022-04-23 17:06:42,102 DEBUG   HandlerThread:15518 [handler.py:handle_request():141] handle_request: poll_exit
2022-04-23 17:06:42,103 DEBUG   SenderThread:15518 [sender.py:send_request():249] send_request: poll_exit
2022-04-23 17:06:42,207 DEBUG   HandlerThread:15518 [handler.py:handle_request():141] handle_request: poll_exit
2022-04-23 17:06:42,208 DEBUG   SenderThread:15518 [sender.py:send_request():249] send_request: poll_exit
2022-04-23 17:06:42,312 DEBUG   HandlerThread:15518 [handler.py:handle_request():141] handle_request: poll_exit
2022-04-23 17:06:42,312 DEBUG   SenderThread:15518 [sender.py:send_request():249] send_request: poll_exit
2022-04-23 17:06:42,415 DEBUG   HandlerThread:15518 [handler.py:handle_request():141] handle_request: poll_exit
2022-04-23 17:06:42,416 DEBUG   SenderThread:15518 [sender.py:send_request():249] send_request: poll_exit
2022-04-23 17:06:42,521 DEBUG   HandlerThread:15518 [handler.py:handle_request():141] handle_request: poll_exit
2022-04-23 17:06:42,521 DEBUG   SenderThread:15518 [sender.py:send_request():249] send_request: poll_exit
2022-04-23 17:06:42,623 DEBUG   HandlerThread:15518 [handler.py:handle_request():141] handle_request: poll_exit
2022-04-23 17:06:42,623 DEBUG   SenderThread:15518 [sender.py:send_request():249] send_request: poll_exit
2022-04-23 17:06:42,725 DEBUG   HandlerThread:15518 [handler.py:handle_request():141] handle_request: poll_exit
2022-04-23 17:06:42,725 DEBUG   SenderThread:15518 [sender.py:send_request():249] send_request: poll_exit
2022-04-23 17:06:42,827 DEBUG   HandlerThread:15518 [handler.py:handle_request():141] handle_request: poll_exit
2022-04-23 17:06:42,827 DEBUG   SenderThread:15518 [sender.py:send_request():249] send_request: poll_exit
2022-04-23 17:06:42,929 DEBUG   HandlerThread:15518 [handler.py:handle_request():141] handle_request: poll_exit
2022-04-23 17:06:42,929 DEBUG   SenderThread:15518 [sender.py:send_request():249] send_request: poll_exit
2022-04-23 17:06:43,031 DEBUG   HandlerThread:15518 [handler.py:handle_request():141] handle_request: poll_exit
2022-04-23 17:06:43,031 DEBUG   SenderThread:15518 [sender.py:send_request():249] send_request: poll_exit
2022-04-23 17:06:43,133 DEBUG   HandlerThread:15518 [handler.py:handle_request():141] handle_request: poll_exit
2022-04-23 17:06:43,134 DEBUG   SenderThread:15518 [sender.py:send_request():249] send_request: poll_exit
2022-04-23 17:06:43,239 DEBUG   HandlerThread:15518 [handler.py:handle_request():141] handle_request: poll_exit
2022-04-23 17:06:43,240 DEBUG   SenderThread:15518 [sender.py:send_request():249] send_request: poll_exit
2022-04-23 17:06:43,344 DEBUG   HandlerThread:15518 [handler.py:handle_request():141] handle_request: poll_exit
2022-04-23 17:06:43,345 DEBUG   SenderThread:15518 [sender.py:send_request():249] send_request: poll_exit
2022-04-23 17:06:43,449 DEBUG   HandlerThread:15518 [handler.py:handle_request():141] handle_request: poll_exit
2022-04-23 17:06:43,449 DEBUG   SenderThread:15518 [sender.py:send_request():249] send_request: poll_exit
2022-04-23 17:06:43,551 DEBUG   HandlerThread:15518 [handler.py:handle_request():141] handle_request: poll_exit
2022-04-23 17:06:43,552 DEBUG   SenderThread:15518 [sender.py:send_request():249] send_request: poll_exit
2022-04-23 17:06:43,654 DEBUG   HandlerThread:15518 [handler.py:handle_request():141] handle_request: poll_exit
2022-04-23 17:06:43,655 DEBUG   SenderThread:15518 [sender.py:send_request():249] send_request: poll_exit
2022-04-23 17:06:43,759 DEBUG   HandlerThread:15518 [handler.py:handle_request():141] handle_request: poll_exit
2022-04-23 17:06:43,760 DEBUG   SenderThread:15518 [sender.py:send_request():249] send_request: poll_exit
2022-04-23 17:06:43,864 DEBUG   HandlerThread:15518 [handler.py:handle_request():141] handle_request: poll_exit
2022-04-23 17:06:43,865 DEBUG   SenderThread:15518 [sender.py:send_request():249] send_request: poll_exit
2022-04-23 17:06:43,970 DEBUG   HandlerThread:15518 [handler.py:handle_request():141] handle_request: poll_exit
2022-04-23 17:06:43,970 DEBUG   SenderThread:15518 [sender.py:send_request():249] send_request: poll_exit
2022-04-23 17:06:44,075 DEBUG   HandlerThread:15518 [handler.py:handle_request():141] handle_request: poll_exit
2022-04-23 17:06:44,076 DEBUG   SenderThread:15518 [sender.py:send_request():249] send_request: poll_exit
2022-04-23 17:06:44,180 DEBUG   HandlerThread:15518 [handler.py:handle_request():141] handle_request: poll_exit
2022-04-23 17:06:44,181 DEBUG   SenderThread:15518 [sender.py:send_request():249] send_request: poll_exit
2022-04-23 17:06:44,285 DEBUG   HandlerThread:15518 [handler.py:handle_request():141] handle_request: poll_exit
2022-04-23 17:06:44,287 DEBUG   SenderThread:15518 [sender.py:send_request():249] send_request: poll_exit
2022-04-23 17:06:44,391 DEBUG   HandlerThread:15518 [handler.py:handle_request():141] handle_request: poll_exit
2022-04-23 17:06:44,392 DEBUG   SenderThread:15518 [sender.py:send_request():249] send_request: poll_exit
2022-04-23 17:06:44,496 DEBUG   HandlerThread:15518 [handler.py:handle_request():141] handle_request: poll_exit
2022-04-23 17:06:44,497 DEBUG   SenderThread:15518 [sender.py:send_request():249] send_request: poll_exit
2022-04-23 17:06:44,554 INFO    Thread-11 :15518 [upload_job.py:push():137] Uploaded file /tmp/tmpxk8heosdwandb/gn4jszbl-wandb-metadata.json
2022-04-23 17:06:44,600 DEBUG   HandlerThread:15518 [handler.py:handle_request():141] handle_request: poll_exit
2022-04-23 17:06:44,601 DEBUG   SenderThread:15518 [sender.py:send_request():249] send_request: poll_exit
2022-04-23 17:06:44,704 DEBUG   HandlerThread:15518 [handler.py:handle_request():141] handle_request: poll_exit
2022-04-23 17:06:44,705 DEBUG   SenderThread:15518 [sender.py:send_request():249] send_request: poll_exit
2022-04-23 17:06:44,809 DEBUG   HandlerThread:15518 [handler.py:handle_request():141] handle_request: poll_exit
2022-04-23 17:06:44,810 DEBUG   SenderThread:15518 [sender.py:send_request():249] send_request: poll_exit
2022-04-23 17:06:44,915 DEBUG   HandlerThread:15518 [handler.py:handle_request():141] handle_request: poll_exit
2022-04-23 17:06:44,915 DEBUG   SenderThread:15518 [sender.py:send_request():249] send_request: poll_exit
2022-04-23 17:06:45,020 DEBUG   HandlerThread:15518 [handler.py:handle_request():141] handle_request: poll_exit
2022-04-23 17:06:45,021 DEBUG   SenderThread:15518 [sender.py:send_request():249] send_request: poll_exit
2022-04-23 17:06:45,126 DEBUG   HandlerThread:15518 [handler.py:handle_request():141] handle_request: poll_exit
2022-04-23 17:06:45,127 DEBUG   SenderThread:15518 [sender.py:send_request():249] send_request: poll_exit
2022-04-23 17:06:45,231 DEBUG   HandlerThread:15518 [handler.py:handle_request():141] handle_request: poll_exit
2022-04-23 17:06:45,232 DEBUG   SenderThread:15518 [sender.py:send_request():249] send_request: poll_exit
2022-04-23 17:06:45,337 DEBUG   HandlerThread:15518 [handler.py:handle_request():141] handle_request: poll_exit
2022-04-23 17:06:45,338 DEBUG   SenderThread:15518 [sender.py:send_request():249] send_request: poll_exit
2022-04-23 17:06:45,442 DEBUG   HandlerThread:15518 [handler.py:handle_request():141] handle_request: poll_exit
2022-04-23 17:06:45,443 DEBUG   SenderThread:15518 [sender.py:send_request():249] send_request: poll_exit
2022-04-23 17:06:45,547 DEBUG   HandlerThread:15518 [handler.py:handle_request():141] handle_request: poll_exit
2022-04-23 17:06:45,549 DEBUG   SenderThread:15518 [sender.py:send_request():249] send_request: poll_exit
2022-04-23 17:06:45,653 DEBUG   HandlerThread:15518 [handler.py:handle_request():141] handle_request: poll_exit
2022-04-23 17:06:45,654 DEBUG   SenderThread:15518 [sender.py:send_request():249] send_request: poll_exit
2022-04-23 17:06:45,760 DEBUG   HandlerThread:15518 [handler.py:handle_request():141] handle_request: poll_exit
2022-04-23 17:06:45,761 DEBUG   SenderThread:15518 [sender.py:send_request():249] send_request: poll_exit
2022-04-23 17:06:45,865 DEBUG   HandlerThread:15518 [handler.py:handle_request():141] handle_request: poll_exit
2022-04-23 17:06:45,865 DEBUG   SenderThread:15518 [sender.py:send_request():249] send_request: poll_exit
2022-04-23 17:06:45,968 DEBUG   HandlerThread:15518 [handler.py:handle_request():141] handle_request: poll_exit
2022-04-23 17:06:45,969 DEBUG   SenderThread:15518 [sender.py:send_request():249] send_request: poll_exit
2022-04-23 17:06:46,074 DEBUG   HandlerThread:15518 [handler.py:handle_request():141] handle_request: poll_exit
2022-04-23 17:06:46,075 DEBUG   SenderThread:15518 [sender.py:send_request():249] send_request: poll_exit
2022-04-23 17:06:46,179 DEBUG   HandlerThread:15518 [handler.py:handle_request():141] handle_request: poll_exit
2022-04-23 17:06:46,180 DEBUG   SenderThread:15518 [sender.py:send_request():249] send_request: poll_exit
2022-04-23 17:06:46,285 DEBUG   HandlerThread:15518 [handler.py:handle_request():141] handle_request: poll_exit
2022-04-23 17:06:46,286 DEBUG   SenderThread:15518 [sender.py:send_request():249] send_request: poll_exit
2022-04-23 17:06:46,391 DEBUG   HandlerThread:15518 [handler.py:handle_request():141] handle_request: poll_exit
2022-04-23 17:06:46,392 DEBUG   SenderThread:15518 [sender.py:send_request():249] send_request: poll_exit
2022-04-23 17:06:46,495 DEBUG   HandlerThread:15518 [handler.py:handle_request():141] handle_request: poll_exit
2022-04-23 17:06:46,496 DEBUG   SenderThread:15518 [sender.py:send_request():249] send_request: poll_exit
2022-04-23 17:06:46,599 DEBUG   HandlerThread:15518 [handler.py:handle_request():141] handle_request: poll_exit
2022-04-23 17:06:46,600 DEBUG   SenderThread:15518 [sender.py:send_request():249] send_request: poll_exit
2022-04-23 17:06:46,705 DEBUG   HandlerThread:15518 [handler.py:handle_request():141] handle_request: poll_exit
2022-04-23 17:06:46,706 DEBUG   SenderThread:15518 [sender.py:send_request():249] send_request: poll_exit
2022-04-23 17:06:46,810 DEBUG   HandlerThread:15518 [handler.py:handle_request():141] handle_request: poll_exit
2022-04-23 17:06:46,812 DEBUG   SenderThread:15518 [sender.py:send_request():249] send_request: poll_exit
2022-04-23 17:06:46,917 DEBUG   HandlerThread:15518 [handler.py:handle_request():141] handle_request: poll_exit
2022-04-23 17:06:46,917 DEBUG   SenderThread:15518 [sender.py:send_request():249] send_request: poll_exit
2022-04-23 17:06:47,021 DEBUG   HandlerThread:15518 [handler.py:handle_request():141] handle_request: poll_exit
2022-04-23 17:06:47,022 DEBUG   SenderThread:15518 [sender.py:send_request():249] send_request: poll_exit
2022-04-23 17:06:47,125 DEBUG   HandlerThread:15518 [handler.py:handle_request():141] handle_request: poll_exit
2022-04-23 17:06:47,125 DEBUG   SenderThread:15518 [sender.py:send_request():249] send_request: poll_exit
2022-04-23 17:06:47,228 DEBUG   HandlerThread:15518 [handler.py:handle_request():141] handle_request: poll_exit
2022-04-23 17:06:47,228 DEBUG   SenderThread:15518 [sender.py:send_request():249] send_request: poll_exit
2022-04-23 17:06:47,329 DEBUG   HandlerThread:15518 [handler.py:handle_request():141] handle_request: poll_exit
2022-04-23 17:06:47,330 DEBUG   SenderThread:15518 [sender.py:send_request():249] send_request: poll_exit
2022-04-23 17:06:47,432 DEBUG   HandlerThread:15518 [handler.py:handle_request():141] handle_request: poll_exit
2022-04-23 17:06:47,433 DEBUG   SenderThread:15518 [sender.py:send_request():249] send_request: poll_exit
2022-04-23 17:06:47,536 DEBUG   HandlerThread:15518 [handler.py:handle_request():141] handle_request: poll_exit
2022-04-23 17:06:47,537 DEBUG   SenderThread:15518 [sender.py:send_request():249] send_request: poll_exit
2022-04-23 17:06:47,639 DEBUG   HandlerThread:15518 [handler.py:handle_request():141] handle_request: poll_exit
2022-04-23 17:06:47,640 DEBUG   SenderThread:15518 [sender.py:send_request():249] send_request: poll_exit
2022-04-23 17:06:47,744 DEBUG   HandlerThread:15518 [handler.py:handle_request():141] handle_request: poll_exit
2022-04-23 17:06:47,746 DEBUG   SenderThread:15518 [sender.py:send_request():249] send_request: poll_exit
2022-04-23 17:06:47,849 DEBUG   HandlerThread:15518 [handler.py:handle_request():141] handle_request: poll_exit
2022-04-23 17:06:47,851 DEBUG   SenderThread:15518 [sender.py:send_request():249] send_request: poll_exit
2022-04-23 17:06:47,955 DEBUG   HandlerThread:15518 [handler.py:handle_request():141] handle_request: poll_exit
2022-04-23 17:06:47,956 DEBUG   SenderThread:15518 [sender.py:send_request():249] send_request: poll_exit
2022-04-23 17:06:48,060 DEBUG   HandlerThread:15518 [handler.py:handle_request():141] handle_request: poll_exit
2022-04-23 17:06:48,062 DEBUG   SenderThread:15518 [sender.py:send_request():249] send_request: poll_exit
2022-04-23 17:06:48,166 DEBUG   HandlerThread:15518 [handler.py:handle_request():141] handle_request: poll_exit
2022-04-23 17:06:48,167 DEBUG   SenderThread:15518 [sender.py:send_request():249] send_request: poll_exit
2022-04-23 17:06:48,272 DEBUG   HandlerThread:15518 [handler.py:handle_request():141] handle_request: poll_exit
2022-04-23 17:06:48,273 DEBUG   SenderThread:15518 [sender.py:send_request():249] send_request: poll_exit
2022-04-23 17:06:48,377 DEBUG   HandlerThread:15518 [handler.py:handle_request():141] handle_request: poll_exit
2022-04-23 17:06:48,379 DEBUG   SenderThread:15518 [sender.py:send_request():249] send_request: poll_exit
2022-04-23 17:06:48,483 DEBUG   HandlerThread:15518 [handler.py:handle_request():141] handle_request: poll_exit
2022-04-23 17:06:48,483 DEBUG   SenderThread:15518 [sender.py:send_request():249] send_request: poll_exit
2022-04-23 17:06:48,588 DEBUG   HandlerThread:15518 [handler.py:handle_request():141] handle_request: poll_exit
2022-04-23 17:06:48,589 DEBUG   SenderThread:15518 [sender.py:send_request():249] send_request: poll_exit
2022-04-23 17:06:48,692 DEBUG   HandlerThread:15518 [handler.py:handle_request():141] handle_request: poll_exit
2022-04-23 17:06:48,694 DEBUG   SenderThread:15518 [sender.py:send_request():249] send_request: poll_exit
2022-04-23 17:06:48,797 DEBUG   HandlerThread:15518 [handler.py:handle_request():141] handle_request: poll_exit
2022-04-23 17:06:48,798 DEBUG   SenderThread:15518 [sender.py:send_request():249] send_request: poll_exit
2022-04-23 17:06:48,903 DEBUG   HandlerThread:15518 [handler.py:handle_request():141] handle_request: poll_exit
2022-04-23 17:06:48,904 DEBUG   SenderThread:15518 [sender.py:send_request():249] send_request: poll_exit
2022-04-23 17:06:49,009 DEBUG   HandlerThread:15518 [handler.py:handle_request():141] handle_request: poll_exit
2022-04-23 17:06:49,010 DEBUG   SenderThread:15518 [sender.py:send_request():249] send_request: poll_exit
2022-04-23 17:06:49,114 DEBUG   HandlerThread:15518 [handler.py:handle_request():141] handle_request: poll_exit
2022-04-23 17:06:49,115 DEBUG   SenderThread:15518 [sender.py:send_request():249] send_request: poll_exit
2022-04-23 17:06:49,218 DEBUG   HandlerThread:15518 [handler.py:handle_request():141] handle_request: poll_exit
2022-04-23 17:06:49,219 DEBUG   SenderThread:15518 [sender.py:send_request():249] send_request: poll_exit
2022-04-23 17:06:49,321 DEBUG   HandlerThread:15518 [handler.py:handle_request():141] handle_request: poll_exit
2022-04-23 17:06:49,322 DEBUG   SenderThread:15518 [sender.py:send_request():249] send_request: poll_exit
2022-04-23 17:06:49,426 DEBUG   HandlerThread:15518 [handler.py:handle_request():141] handle_request: poll_exit
2022-04-23 17:06:49,428 DEBUG   SenderThread:15518 [sender.py:send_request():249] send_request: poll_exit
2022-04-23 17:06:49,532 DEBUG   HandlerThread:15518 [handler.py:handle_request():141] handle_request: poll_exit
2022-04-23 17:06:49,534 DEBUG   SenderThread:15518 [sender.py:send_request():249] send_request: poll_exit
2022-04-23 17:06:49,637 DEBUG   HandlerThread:15518 [handler.py:handle_request():141] handle_request: poll_exit
2022-04-23 17:06:49,637 DEBUG   SenderThread:15518 [sender.py:send_request():249] send_request: poll_exit
2022-04-23 17:06:49,739 DEBUG   HandlerThread:15518 [handler.py:handle_request():141] handle_request: poll_exit
2022-04-23 17:06:49,739 DEBUG   SenderThread:15518 [sender.py:send_request():249] send_request: poll_exit
2022-04-23 17:06:49,841 DEBUG   HandlerThread:15518 [handler.py:handle_request():141] handle_request: poll_exit
2022-04-23 17:06:49,841 DEBUG   SenderThread:15518 [sender.py:send_request():249] send_request: poll_exit
2022-04-23 17:06:49,943 DEBUG   HandlerThread:15518 [handler.py:handle_request():141] handle_request: poll_exit
2022-04-23 17:06:49,947 DEBUG   SenderThread:15518 [sender.py:send_request():249] send_request: poll_exit
2022-04-23 17:06:50,052 DEBUG   HandlerThread:15518 [handler.py:handle_request():141] handle_request: poll_exit
2022-04-23 17:06:50,054 DEBUG   SenderThread:15518 [sender.py:send_request():249] send_request: poll_exit
2022-04-23 17:06:50,158 DEBUG   HandlerThread:15518 [handler.py:handle_request():141] handle_request: poll_exit
2022-04-23 17:06:50,160 DEBUG   SenderThread:15518 [sender.py:send_request():249] send_request: poll_exit
2022-04-23 17:06:50,264 DEBUG   HandlerThread:15518 [handler.py:handle_request():141] handle_request: poll_exit
2022-04-23 17:06:50,265 DEBUG   SenderThread:15518 [sender.py:send_request():249] send_request: poll_exit
2022-04-23 17:06:50,368 DEBUG   HandlerThread:15518 [handler.py:handle_request():141] handle_request: poll_exit
2022-04-23 17:06:50,369 DEBUG   SenderThread:15518 [sender.py:send_request():249] send_request: poll_exit
2022-04-23 17:06:50,470 DEBUG   HandlerThread:15518 [handler.py:handle_request():141] handle_request: poll_exit
2022-04-23 17:06:50,471 DEBUG   SenderThread:15518 [sender.py:send_request():249] send_request: poll_exit
2022-04-23 17:06:50,573 DEBUG   HandlerThread:15518 [handler.py:handle_request():141] handle_request: poll_exit
2022-04-23 17:06:50,573 DEBUG   SenderThread:15518 [sender.py:send_request():249] send_request: poll_exit
2022-04-23 17:06:50,581 INFO    Thread-12 :15518 [upload_job.py:push():137] Uploaded file /media/isha/Archita/ImageNet-Downsampled/wandb/run-20220423_170549-bjuvp9re/files/config.yaml
2022-04-23 17:06:50,601 INFO    Thread-15 :15518 [upload_job.py:push():137] Uploaded file /media/isha/Archita/ImageNet-Downsampled/wandb/run-20220423_170549-bjuvp9re/files/wandb-summary.json
2022-04-23 17:06:50,607 INFO    Thread-14 :15518 [upload_job.py:push():137] Uploaded file /media/isha/Archita/ImageNet-Downsampled/wandb/run-20220423_170549-bjuvp9re/files/requirements.txt
2022-04-23 17:06:50,616 INFO    Thread-13 :15518 [upload_job.py:push():137] Uploaded file /media/isha/Archita/ImageNet-Downsampled/wandb/run-20220423_170549-bjuvp9re/files/output.log
2022-04-23 17:06:50,676 DEBUG   HandlerThread:15518 [handler.py:handle_request():141] handle_request: poll_exit
2022-04-23 17:06:50,677 DEBUG   SenderThread:15518 [sender.py:send_request():249] send_request: poll_exit
2022-04-23 17:06:50,782 DEBUG   HandlerThread:15518 [handler.py:handle_request():141] handle_request: poll_exit
2022-04-23 17:06:50,783 DEBUG   SenderThread:15518 [sender.py:send_request():249] send_request: poll_exit
2022-04-23 17:06:50,818 INFO    Thread-6  :15518 [sender.py:transition_state():392] send defer: 8
2022-04-23 17:06:50,819 DEBUG   HandlerThread:15518 [handler.py:handle_request():141] handle_request: defer
2022-04-23 17:06:50,820 INFO    HandlerThread:15518 [handler.py:handle_request_defer():164] handle defer: 8
2022-04-23 17:06:50,820 DEBUG   SenderThread:15518 [sender.py:send_request():249] send_request: defer
2022-04-23 17:06:50,820 INFO    SenderThread:15518 [sender.py:send_request_defer():388] handle sender defer: 8
2022-04-23 17:06:50,888 DEBUG   HandlerThread:15518 [handler.py:handle_request():141] handle_request: poll_exit
2022-04-23 17:06:51,129 INFO    SenderThread:15518 [sender.py:transition_state():392] send defer: 9
2022-04-23 17:06:51,129 DEBUG   SenderThread:15518 [sender.py:send_request():249] send_request: poll_exit
2022-04-23 17:06:51,131 DEBUG   HandlerThread:15518 [handler.py:handle_request():141] handle_request: defer
2022-04-23 17:06:51,135 INFO    HandlerThread:15518 [handler.py:handle_request_defer():164] handle defer: 9
2022-04-23 17:06:51,135 DEBUG   SenderThread:15518 [sender.py:send_request():249] send_request: defer
2022-04-23 17:06:51,136 INFO    SenderThread:15518 [sender.py:send_request_defer():388] handle sender defer: 9
2022-04-23 17:06:51,136 INFO    SenderThread:15518 [sender.py:transition_state():392] send defer: 10
2022-04-23 17:06:51,137 DEBUG   HandlerThread:15518 [handler.py:handle_request():141] handle_request: defer
2022-04-23 17:06:51,137 DEBUG   SenderThread:15518 [sender.py:send():235] send: final
2022-04-23 17:06:51,137 INFO    HandlerThread:15518 [handler.py:handle_request_defer():164] handle defer: 10
2022-04-23 17:06:51,138 DEBUG   SenderThread:15518 [sender.py:send():235] send: footer
2022-04-23 17:06:51,138 DEBUG   SenderThread:15518 [sender.py:send_request():249] send_request: defer
2022-04-23 17:06:51,139 INFO    SenderThread:15518 [sender.py:send_request_defer():388] handle sender defer: 10
2022-04-23 17:06:51,233 DEBUG   HandlerThread:15518 [handler.py:handle_request():141] handle_request: poll_exit
2022-04-23 17:06:51,233 DEBUG   SenderThread:15518 [sender.py:send_request():249] send_request: poll_exit
2022-04-23 17:06:51,234 INFO    SenderThread:15518 [file_pusher.py:join():150] waiting for file pusher
2022-04-23 17:06:56,335 DEBUG   HandlerThread:15518 [handler.py:handle_request():141] handle_request: poll_exit
2022-04-23 17:07:01,437 DEBUG   HandlerThread:15518 [handler.py:handle_request():141] handle_request: poll_exit
2022-04-23 17:07:01,943 DEBUG   SenderThread:15518 [sender.py:send_request():249] send_request: poll_exit
2022-04-23 17:07:01,943 INFO    SenderThread:15518 [file_pusher.py:join():150] waiting for file pusher
2022-04-23 17:07:01,944 DEBUG   SenderThread:15518 [sender.py:send_request():249] send_request: poll_exit
2022-04-23 17:07:01,944 INFO    SenderThread:15518 [file_pusher.py:join():150] waiting for file pusher
2022-04-23 17:07:02,045 DEBUG   HandlerThread:15518 [handler.py:handle_request():141] handle_request: sampled_history
2022-04-23 17:07:02,047 DEBUG   HandlerThread:15518 [handler.py:handle_request():141] handle_request: get_summary
2022-04-23 17:07:02,047 DEBUG   HandlerThread:15518 [handler.py:handle_request():141] handle_request: shutdown
2022-04-23 17:07:02,048 INFO    HandlerThread:15518 [handler.py:finish():790] shutting down handler
2022-04-23 17:07:02,140 INFO    WriterThread:15518 [datastore.py:close():281] close: /media/isha/Archita/ImageNet-Downsampled/wandb/run-20220423_170549-bjuvp9re/run-bjuvp9re.wandb
2022-04-23 17:07:02,945 INFO    SenderThread:15518 [sender.py:finish():1107] shutting down sender
2022-04-23 17:07:02,945 INFO    SenderThread:15518 [file_pusher.py:finish():145] shutting down file pusher
2022-04-23 17:07:02,946 INFO    SenderThread:15518 [file_pusher.py:join():150] waiting for file pusher
2022-04-23 17:07:02,953 INFO    MainThread:15518 [internal.py:handle_exit():82] Internal process exited
