2022-04-23 17:05:49,962 INFO    MainThread:15495 [wandb_setup.py:_flush():75] Loading settings from /home/isha/.config/wandb/settings
2022-04-23 17:05:49,962 INFO    MainThread:15495 [wandb_setup.py:_flush():75] Loading settings from /media/isha/Archita/ImageNet-Downsampled/wandb/settings
2022-04-23 17:05:49,962 INFO    MainThread:15495 [wandb_setup.py:_flush():75] Loading settings from environment variables: {}
2022-04-23 17:05:49,963 INFO    MainThread:15495 [wandb_setup.py:_flush():75] Inferring run settings from compute environment: {'program_relpath': 'train.py', 'program': 'train.py'}
2022-04-23 17:05:49,963 INFO    MainThread:15495 [wandb_init.py:_log_setup():438] Logging user logs to /media/isha/Archita/ImageNet-Downsampled/wandb/run-20220423_170549-bjuvp9re/logs/debug.log
2022-04-23 17:05:50,054 INFO    MainThread:15495 [wandb_init.py:_log_setup():439] Logging internal logs to /media/isha/Archita/ImageNet-Downsampled/wandb/run-20220423_170549-bjuvp9re/logs/debug-internal.log
2022-04-23 17:05:50,055 INFO    MainThread:15495 [wandb_init.py:init():472] calling init triggers
2022-04-23 17:05:50,056 INFO    MainThread:15495 [wandb_init.py:init():475] wandb.init called with sweep_config: {}
config: {}
2022-04-23 17:05:50,057 INFO    MainThread:15495 [wandb_init.py:init():525] starting backend
2022-04-23 17:05:50,057 INFO    MainThread:15495 [backend.py:_multiprocessing_setup():99] multiprocessing start_methods=fork,spawn,forkserver, using: spawn
2022-04-23 17:05:50,146 INFO    MainThread:15495 [backend.py:ensure_launched():219] starting backend process...
2022-04-23 17:05:50,184 INFO    MainThread:15495 [backend.py:ensure_launched():224] started backend process with pid: 15518
2022-04-23 17:05:50,185 INFO    MainThread:15495 [wandb_init.py:init():534] backend started and connected
2022-04-23 17:05:50,195 INFO    MainThread:15495 [wandb_init.py:init():598] updated telemetry
2022-04-23 17:05:50,323 INFO    MainThread:15495 [wandb_init.py:init():629] communicating run to backend with 30 second timeout
2022-04-23 17:06:06,264 INFO    MainThread:15495 [wandb_run.py:_on_init():1922] communicating current version
2022-04-23 17:06:06,831 INFO    MainThread:15495 [wandb_run.py:_on_init():1926] got version response upgrade_message: "wandb version 0.12.15 is available!  To upgrade, please run:\n $ pip install wandb --upgrade"

2022-04-23 17:06:06,831 INFO    MainThread:15495 [wandb_init.py:init():660] starting run threads in backend
2022-04-23 17:06:11,866 INFO    MainThread:15495 [wandb_run.py:_console_start():1896] atexit reg
2022-04-23 17:06:11,869 INFO    MainThread:15495 [wandb_run.py:_redirect():1769] redirect: SettingsConsole.REDIRECT
2022-04-23 17:06:11,870 INFO    MainThread:15495 [wandb_run.py:_redirect():1774] Redirecting console.
2022-04-23 17:06:11,875 INFO    MainThread:15495 [wandb_run.py:_redirect():1830] Redirects installed.
2022-04-23 17:06:11,876 INFO    MainThread:15495 [wandb_init.py:init():685] run started, returning control to user process
2022-04-23 17:06:11,887 INFO    MainThread:15495 [wandb_run.py:_config_callback():1129] config_cb None None {'data': '/media/isha/OneTouch/ImageNet-Downsampled Code/data', 'depth': 50, 'dataset': 'SmallImageNet', 'ngpu': 1, 'workers': 4, 'size': 16, 'classes': 1000, 'epochs': 100, 'start_epoch': 0, 'batch_size': 256, 'lr': 0.1, 'momentum': 0.9, 'weight_decay': 0.0001, 'print_freq': 100, 'log_freq': 500, 'resume': '', 'seed': 1234, 'prefix': 'test', 'project': 'Imagenet', 'evaluate': False, 'dryrun': None, 'model_type': 'imagenet'}
2022-04-23 17:06:11,889 INFO    MainThread:15495 [wandb_watch.py:watch():47] Watching
2022-04-23 17:06:11,891 INFO    MainThread:15495 [wandb_run.py:_config_callback():1129] config_cb None None {'Parameters': 61100840, 'FLOPs': 715561896.0}
2022-04-23 17:06:14,403 INFO    MainThread:15495 [wandb_run.py:_atexit_cleanup():1865] got exitcode: 1
2022-04-23 17:06:14,404 INFO    MainThread:15495 [wandb_run.py:_restore():1837] restore
2022-04-23 17:06:21,925 INFO    MainThread:15495 [wandb_run.py:_on_finish():1995] got exit ret: None
2022-04-23 17:06:27,026 INFO    MainThread:15495 [wandb_run.py:_on_finish():1995] got exit ret: None
2022-04-23 17:06:28,330 INFO    MainThread:15495 [wandb_run.py:_on_finish():1995] got exit ret: file_counts {
}
pusher_stats {
}

2022-04-23 17:06:33,432 INFO    MainThread:15495 [wandb_run.py:_on_finish():1995] got exit ret: None
2022-04-23 17:06:34,131 INFO    MainThread:15495 [wandb_run.py:_on_finish():1995] got exit ret: file_counts {
  wandb_count: 1
}
pusher_stats {
  total_bytes: 1172
}

2022-04-23 17:06:34,561 INFO    MainThread:15495 [wandb_run.py:_on_finish():1995] got exit ret: file_counts {
  wandb_count: 5
}
pusher_stats {
  total_bytes: 10485
}

2022-04-23 17:06:34,667 INFO    MainThread:15495 [wandb_run.py:_on_finish():1995] got exit ret: file_counts {
  wandb_count: 5
}
pusher_stats {
  total_bytes: 10485
}

2022-04-23 17:06:34,771 INFO    MainThread:15495 [wandb_run.py:_on_finish():1995] got exit ret: file_counts {
  wandb_count: 5
}
pusher_stats {
  total_bytes: 10485
}

2022-04-23 17:06:34,877 INFO    MainThread:15495 [wandb_run.py:_on_finish():1995] got exit ret: file_counts {
  wandb_count: 5
}
pusher_stats {
  total_bytes: 10485
}

2022-04-23 17:06:34,982 INFO    MainThread:15495 [wandb_run.py:_on_finish():1995] got exit ret: file_counts {
  wandb_count: 5
}
pusher_stats {
  total_bytes: 10485
}

2022-04-23 17:06:35,087 INFO    MainThread:15495 [wandb_run.py:_on_finish():1995] got exit ret: file_counts {
  wandb_count: 5
}
pusher_stats {
  total_bytes: 10485
}

2022-04-23 17:06:35,193 INFO    MainThread:15495 [wandb_run.py:_on_finish():1995] got exit ret: file_counts {
  wandb_count: 5
}
pusher_stats {
  total_bytes: 10485
}

2022-04-23 17:06:35,298 INFO    MainThread:15495 [wandb_run.py:_on_finish():1995] got exit ret: file_counts {
  wandb_count: 5
}
pusher_stats {
  total_bytes: 10485
}

2022-04-23 17:06:35,401 INFO    MainThread:15495 [wandb_run.py:_on_finish():1995] got exit ret: file_counts {
  wandb_count: 5
}
pusher_stats {
  total_bytes: 10485
}

2022-04-23 17:06:35,503 INFO    MainThread:15495 [wandb_run.py:_on_finish():1995] got exit ret: file_counts {
  wandb_count: 5
}
pusher_stats {
  total_bytes: 10485
}

2022-04-23 17:06:35,607 INFO    MainThread:15495 [wandb_run.py:_on_finish():1995] got exit ret: file_counts {
  wandb_count: 5
}
pusher_stats {
  total_bytes: 10485
}

2022-04-23 17:06:35,713 INFO    MainThread:15495 [wandb_run.py:_on_finish():1995] got exit ret: file_counts {
  wandb_count: 5
}
pusher_stats {
  total_bytes: 10485
}

2022-04-23 17:06:35,818 INFO    MainThread:15495 [wandb_run.py:_on_finish():1995] got exit ret: file_counts {
  wandb_count: 5
}
pusher_stats {
  total_bytes: 10485
}

2022-04-23 17:06:35,924 INFO    MainThread:15495 [wandb_run.py:_on_finish():1995] got exit ret: file_counts {
  wandb_count: 5
}
pusher_stats {
  total_bytes: 10485
}

2022-04-23 17:06:36,028 INFO    MainThread:15495 [wandb_run.py:_on_finish():1995] got exit ret: file_counts {
  wandb_count: 5
}
pusher_stats {
  total_bytes: 10485
}

2022-04-23 17:06:36,133 INFO    MainThread:15495 [wandb_run.py:_on_finish():1995] got exit ret: file_counts {
  wandb_count: 5
}
pusher_stats {
  total_bytes: 10485
}

2022-04-23 17:06:36,236 INFO    MainThread:15495 [wandb_run.py:_on_finish():1995] got exit ret: file_counts {
  wandb_count: 5
}
pusher_stats {
  total_bytes: 10485
}

2022-04-23 17:06:36,341 INFO    MainThread:15495 [wandb_run.py:_on_finish():1995] got exit ret: file_counts {
  wandb_count: 5
}
pusher_stats {
  total_bytes: 10485
}

2022-04-23 17:06:36,444 INFO    MainThread:15495 [wandb_run.py:_on_finish():1995] got exit ret: file_counts {
  wandb_count: 5
}
pusher_stats {
  total_bytes: 10485
}

2022-04-23 17:06:36,549 INFO    MainThread:15495 [wandb_run.py:_on_finish():1995] got exit ret: file_counts {
  wandb_count: 5
}
pusher_stats {
  total_bytes: 10485
}

2022-04-23 17:06:36,654 INFO    MainThread:15495 [wandb_run.py:_on_finish():1995] got exit ret: file_counts {
  wandb_count: 5
}
pusher_stats {
  total_bytes: 10485
}

2022-04-23 17:06:36,760 INFO    MainThread:15495 [wandb_run.py:_on_finish():1995] got exit ret: file_counts {
  wandb_count: 5
}
pusher_stats {
  total_bytes: 10485
}

2022-04-23 17:06:36,864 INFO    MainThread:15495 [wandb_run.py:_on_finish():1995] got exit ret: file_counts {
  wandb_count: 5
}
pusher_stats {
  total_bytes: 10485
}

2022-04-23 17:06:36,968 INFO    MainThread:15495 [wandb_run.py:_on_finish():1995] got exit ret: file_counts {
  wandb_count: 5
}
pusher_stats {
  total_bytes: 10485
}

2022-04-23 17:06:37,074 INFO    MainThread:15495 [wandb_run.py:_on_finish():1995] got exit ret: file_counts {
  wandb_count: 5
}
pusher_stats {
  total_bytes: 10485
}

2022-04-23 17:06:37,179 INFO    MainThread:15495 [wandb_run.py:_on_finish():1995] got exit ret: file_counts {
  wandb_count: 5
}
pusher_stats {
  total_bytes: 10485
}

2022-04-23 17:06:37,285 INFO    MainThread:15495 [wandb_run.py:_on_finish():1995] got exit ret: file_counts {
  wandb_count: 5
}
pusher_stats {
  total_bytes: 10485
}

2022-04-23 17:06:37,390 INFO    MainThread:15495 [wandb_run.py:_on_finish():1995] got exit ret: file_counts {
  wandb_count: 5
}
pusher_stats {
  total_bytes: 10485
}

2022-04-23 17:06:37,495 INFO    MainThread:15495 [wandb_run.py:_on_finish():1995] got exit ret: file_counts {
  wandb_count: 5
}
pusher_stats {
  total_bytes: 10485
}

2022-04-23 17:06:37,600 INFO    MainThread:15495 [wandb_run.py:_on_finish():1995] got exit ret: file_counts {
  wandb_count: 5
}
pusher_stats {
  total_bytes: 10485
}

2022-04-23 17:06:37,706 INFO    MainThread:15495 [wandb_run.py:_on_finish():1995] got exit ret: file_counts {
  wandb_count: 5
}
pusher_stats {
  total_bytes: 10485
}

2022-04-23 17:06:37,812 INFO    MainThread:15495 [wandb_run.py:_on_finish():1995] got exit ret: file_counts {
  wandb_count: 5
}
pusher_stats {
  total_bytes: 10485
}

2022-04-23 17:06:37,918 INFO    MainThread:15495 [wandb_run.py:_on_finish():1995] got exit ret: file_counts {
  wandb_count: 5
}
pusher_stats {
  total_bytes: 10485
}

2022-04-23 17:06:38,024 INFO    MainThread:15495 [wandb_run.py:_on_finish():1995] got exit ret: file_counts {
  wandb_count: 5
}
pusher_stats {
  total_bytes: 10485
}

2022-04-23 17:06:38,129 INFO    MainThread:15495 [wandb_run.py:_on_finish():1995] got exit ret: file_counts {
  wandb_count: 5
}
pusher_stats {
  total_bytes: 10485
}

2022-04-23 17:06:38,234 INFO    MainThread:15495 [wandb_run.py:_on_finish():1995] got exit ret: file_counts {
  wandb_count: 5
}
pusher_stats {
  total_bytes: 10485
}

2022-04-23 17:06:38,337 INFO    MainThread:15495 [wandb_run.py:_on_finish():1995] got exit ret: file_counts {
  wandb_count: 5
}
pusher_stats {
  total_bytes: 10485
}

2022-04-23 17:06:38,442 INFO    MainThread:15495 [wandb_run.py:_on_finish():1995] got exit ret: file_counts {
  wandb_count: 5
}
pusher_stats {
  total_bytes: 10485
}

2022-04-23 17:06:38,547 INFO    MainThread:15495 [wandb_run.py:_on_finish():1995] got exit ret: file_counts {
  wandb_count: 5
}
pusher_stats {
  total_bytes: 10485
}

2022-04-23 17:06:38,652 INFO    MainThread:15495 [wandb_run.py:_on_finish():1995] got exit ret: file_counts {
  wandb_count: 5
}
pusher_stats {
  total_bytes: 10485
}

2022-04-23 17:06:38,757 INFO    MainThread:15495 [wandb_run.py:_on_finish():1995] got exit ret: file_counts {
  wandb_count: 5
}
pusher_stats {
  total_bytes: 10485
}

2022-04-23 17:06:38,863 INFO    MainThread:15495 [wandb_run.py:_on_finish():1995] got exit ret: file_counts {
  wandb_count: 5
}
pusher_stats {
  total_bytes: 10485
}

2022-04-23 17:06:38,969 INFO    MainThread:15495 [wandb_run.py:_on_finish():1995] got exit ret: file_counts {
  wandb_count: 5
}
pusher_stats {
  total_bytes: 10485
}

2022-04-23 17:06:39,071 INFO    MainThread:15495 [wandb_run.py:_on_finish():1995] got exit ret: file_counts {
  wandb_count: 5
}
pusher_stats {
  total_bytes: 10485
}

2022-04-23 17:06:39,174 INFO    MainThread:15495 [wandb_run.py:_on_finish():1995] got exit ret: file_counts {
  wandb_count: 5
}
pusher_stats {
  total_bytes: 10485
}

2022-04-23 17:06:39,278 INFO    MainThread:15495 [wandb_run.py:_on_finish():1995] got exit ret: file_counts {
  wandb_count: 5
}
pusher_stats {
  total_bytes: 10485
}

2022-04-23 17:06:39,384 INFO    MainThread:15495 [wandb_run.py:_on_finish():1995] got exit ret: file_counts {
  wandb_count: 5
}
pusher_stats {
  total_bytes: 10485
}

2022-04-23 17:06:39,490 INFO    MainThread:15495 [wandb_run.py:_on_finish():1995] got exit ret: file_counts {
  wandb_count: 5
}
pusher_stats {
  total_bytes: 10485
}

2022-04-23 17:06:39,595 INFO    MainThread:15495 [wandb_run.py:_on_finish():1995] got exit ret: file_counts {
  wandb_count: 5
}
pusher_stats {
  total_bytes: 10485
}

2022-04-23 17:06:39,700 INFO    MainThread:15495 [wandb_run.py:_on_finish():1995] got exit ret: file_counts {
  wandb_count: 5
}
pusher_stats {
  total_bytes: 10485
}

2022-04-23 17:06:39,803 INFO    MainThread:15495 [wandb_run.py:_on_finish():1995] got exit ret: file_counts {
  wandb_count: 5
}
pusher_stats {
  total_bytes: 10485
}

2022-04-23 17:06:39,907 INFO    MainThread:15495 [wandb_run.py:_on_finish():1995] got exit ret: file_counts {
  wandb_count: 5
}
pusher_stats {
  total_bytes: 10485
}

2022-04-23 17:06:40,012 INFO    MainThread:15495 [wandb_run.py:_on_finish():1995] got exit ret: file_counts {
  wandb_count: 5
}
pusher_stats {
  total_bytes: 10485
}

2022-04-23 17:06:40,117 INFO    MainThread:15495 [wandb_run.py:_on_finish():1995] got exit ret: file_counts {
  wandb_count: 5
}
pusher_stats {
  total_bytes: 10485
}

2022-04-23 17:06:40,222 INFO    MainThread:15495 [wandb_run.py:_on_finish():1995] got exit ret: file_counts {
  wandb_count: 5
}
pusher_stats {
  total_bytes: 10485
}

2022-04-23 17:06:40,324 INFO    MainThread:15495 [wandb_run.py:_on_finish():1995] got exit ret: file_counts {
  wandb_count: 5
}
pusher_stats {
  total_bytes: 10485
}

2022-04-23 17:06:40,426 INFO    MainThread:15495 [wandb_run.py:_on_finish():1995] got exit ret: file_counts {
  wandb_count: 5
}
pusher_stats {
  total_bytes: 10485
}

2022-04-23 17:06:40,530 INFO    MainThread:15495 [wandb_run.py:_on_finish():1995] got exit ret: file_counts {
  wandb_count: 5
}
pusher_stats {
  total_bytes: 10485
}

2022-04-23 17:06:40,637 INFO    MainThread:15495 [wandb_run.py:_on_finish():1995] got exit ret: file_counts {
  wandb_count: 5
}
pusher_stats {
  total_bytes: 10485
}

2022-04-23 17:06:40,742 INFO    MainThread:15495 [wandb_run.py:_on_finish():1995] got exit ret: file_counts {
  wandb_count: 5
}
pusher_stats {
  total_bytes: 10485
}

2022-04-23 17:06:40,848 INFO    MainThread:15495 [wandb_run.py:_on_finish():1995] got exit ret: file_counts {
  wandb_count: 5
}
pusher_stats {
  total_bytes: 10485
}

2022-04-23 17:06:40,953 INFO    MainThread:15495 [wandb_run.py:_on_finish():1995] got exit ret: file_counts {
  wandb_count: 5
}
pusher_stats {
  total_bytes: 10485
}

2022-04-23 17:06:41,059 INFO    MainThread:15495 [wandb_run.py:_on_finish():1995] got exit ret: file_counts {
  wandb_count: 5
}
pusher_stats {
  total_bytes: 10485
}

2022-04-23 17:06:41,163 INFO    MainThread:15495 [wandb_run.py:_on_finish():1995] got exit ret: file_counts {
  wandb_count: 5
}
pusher_stats {
  total_bytes: 10485
}

2022-04-23 17:06:41,268 INFO    MainThread:15495 [wandb_run.py:_on_finish():1995] got exit ret: file_counts {
  wandb_count: 5
}
pusher_stats {
  total_bytes: 10485
}

2022-04-23 17:06:41,374 INFO    MainThread:15495 [wandb_run.py:_on_finish():1995] got exit ret: file_counts {
  wandb_count: 5
}
pusher_stats {
  total_bytes: 10485
}

2022-04-23 17:06:41,479 INFO    MainThread:15495 [wandb_run.py:_on_finish():1995] got exit ret: file_counts {
  wandb_count: 5
}
pusher_stats {
  total_bytes: 10485
}

2022-04-23 17:06:41,582 INFO    MainThread:15495 [wandb_run.py:_on_finish():1995] got exit ret: file_counts {
  wandb_count: 5
}
pusher_stats {
  total_bytes: 10485
}

2022-04-23 17:06:41,686 INFO    MainThread:15495 [wandb_run.py:_on_finish():1995] got exit ret: file_counts {
  wandb_count: 5
}
pusher_stats {
  total_bytes: 10485
}

2022-04-23 17:06:41,792 INFO    MainThread:15495 [wandb_run.py:_on_finish():1995] got exit ret: file_counts {
  wandb_count: 5
}
pusher_stats {
  total_bytes: 10485
}

2022-04-23 17:06:41,895 INFO    MainThread:15495 [wandb_run.py:_on_finish():1995] got exit ret: file_counts {
  wandb_count: 5
}
pusher_stats {
  total_bytes: 10485
}

2022-04-23 17:06:42,000 INFO    MainThread:15495 [wandb_run.py:_on_finish():1995] got exit ret: file_counts {
  wandb_count: 5
}
pusher_stats {
  total_bytes: 10485
}

2022-04-23 17:06:42,105 INFO    MainThread:15495 [wandb_run.py:_on_finish():1995] got exit ret: file_counts {
  wandb_count: 5
}
pusher_stats {
  total_bytes: 10485
}

2022-04-23 17:06:42,210 INFO    MainThread:15495 [wandb_run.py:_on_finish():1995] got exit ret: file_counts {
  wandb_count: 5
}
pusher_stats {
  total_bytes: 10485
}

2022-04-23 17:06:42,313 INFO    MainThread:15495 [wandb_run.py:_on_finish():1995] got exit ret: file_counts {
  wandb_count: 5
}
pusher_stats {
  total_bytes: 10485
}

2022-04-23 17:06:42,419 INFO    MainThread:15495 [wandb_run.py:_on_finish():1995] got exit ret: file_counts {
  wandb_count: 5
}
pusher_stats {
  total_bytes: 10485
}

2022-04-23 17:06:42,522 INFO    MainThread:15495 [wandb_run.py:_on_finish():1995] got exit ret: file_counts {
  wandb_count: 5
}
pusher_stats {
  total_bytes: 10485
}

2022-04-23 17:06:42,624 INFO    MainThread:15495 [wandb_run.py:_on_finish():1995] got exit ret: file_counts {
  wandb_count: 5
}
pusher_stats {
  total_bytes: 10485
}

2022-04-23 17:06:42,726 INFO    MainThread:15495 [wandb_run.py:_on_finish():1995] got exit ret: file_counts {
  wandb_count: 5
}
pusher_stats {
  total_bytes: 10485
}

2022-04-23 17:06:42,828 INFO    MainThread:15495 [wandb_run.py:_on_finish():1995] got exit ret: file_counts {
  wandb_count: 5
}
pusher_stats {
  total_bytes: 10485
}

2022-04-23 17:06:42,930 INFO    MainThread:15495 [wandb_run.py:_on_finish():1995] got exit ret: file_counts {
  wandb_count: 5
}
pusher_stats {
  total_bytes: 10485
}

2022-04-23 17:06:43,032 INFO    MainThread:15495 [wandb_run.py:_on_finish():1995] got exit ret: file_counts {
  wandb_count: 5
}
pusher_stats {
  total_bytes: 10485
}

2022-04-23 17:06:43,136 INFO    MainThread:15495 [wandb_run.py:_on_finish():1995] got exit ret: file_counts {
  wandb_count: 5
}
pusher_stats {
  total_bytes: 10485
}

2022-04-23 17:06:43,242 INFO    MainThread:15495 [wandb_run.py:_on_finish():1995] got exit ret: file_counts {
  wandb_count: 5
}
pusher_stats {
  total_bytes: 10485
}

2022-04-23 17:06:43,347 INFO    MainThread:15495 [wandb_run.py:_on_finish():1995] got exit ret: file_counts {
  wandb_count: 5
}
pusher_stats {
  total_bytes: 10485
}

2022-04-23 17:06:43,450 INFO    MainThread:15495 [wandb_run.py:_on_finish():1995] got exit ret: file_counts {
  wandb_count: 5
}
pusher_stats {
  total_bytes: 10485
}

2022-04-23 17:06:43,553 INFO    MainThread:15495 [wandb_run.py:_on_finish():1995] got exit ret: file_counts {
  wandb_count: 5
}
pusher_stats {
  total_bytes: 10485
}

2022-04-23 17:06:43,656 INFO    MainThread:15495 [wandb_run.py:_on_finish():1995] got exit ret: file_counts {
  wandb_count: 5
}
pusher_stats {
  total_bytes: 10485
}

2022-04-23 17:06:43,762 INFO    MainThread:15495 [wandb_run.py:_on_finish():1995] got exit ret: file_counts {
  wandb_count: 5
}
pusher_stats {
  total_bytes: 10485
}

2022-04-23 17:06:43,867 INFO    MainThread:15495 [wandb_run.py:_on_finish():1995] got exit ret: file_counts {
  wandb_count: 5
}
pusher_stats {
  uploaded_bytes: 1172
  total_bytes: 10485
}

2022-04-23 17:06:43,972 INFO    MainThread:15495 [wandb_run.py:_on_finish():1995] got exit ret: file_counts {
  wandb_count: 5
}
pusher_stats {
  uploaded_bytes: 1172
  total_bytes: 10485
}

2022-04-23 17:06:44,077 INFO    MainThread:15495 [wandb_run.py:_on_finish():1995] got exit ret: file_counts {
  wandb_count: 5
}
pusher_stats {
  uploaded_bytes: 1172
  total_bytes: 10485
}

2022-04-23 17:06:44,183 INFO    MainThread:15495 [wandb_run.py:_on_finish():1995] got exit ret: file_counts {
  wandb_count: 5
}
pusher_stats {
  uploaded_bytes: 1172
  total_bytes: 10485
}

2022-04-23 17:06:44,288 INFO    MainThread:15495 [wandb_run.py:_on_finish():1995] got exit ret: file_counts {
  wandb_count: 5
}
pusher_stats {
  uploaded_bytes: 1172
  total_bytes: 10485
}

2022-04-23 17:06:44,394 INFO    MainThread:15495 [wandb_run.py:_on_finish():1995] got exit ret: file_counts {
  wandb_count: 5
}
pusher_stats {
  uploaded_bytes: 1172
  total_bytes: 10485
}

2022-04-23 17:06:44,499 INFO    MainThread:15495 [wandb_run.py:_on_finish():1995] got exit ret: file_counts {
  wandb_count: 5
}
pusher_stats {
  uploaded_bytes: 1172
  total_bytes: 10485
}

2022-04-23 17:06:44,602 INFO    MainThread:15495 [wandb_run.py:_on_finish():1995] got exit ret: file_counts {
  wandb_count: 5
}
pusher_stats {
  uploaded_bytes: 1172
  total_bytes: 10485
}

2022-04-23 17:06:44,707 INFO    MainThread:15495 [wandb_run.py:_on_finish():1995] got exit ret: file_counts {
  wandb_count: 5
}
pusher_stats {
  uploaded_bytes: 1172
  total_bytes: 10485
}

2022-04-23 17:06:44,812 INFO    MainThread:15495 [wandb_run.py:_on_finish():1995] got exit ret: file_counts {
  wandb_count: 5
}
pusher_stats {
  uploaded_bytes: 1172
  total_bytes: 10485
}

2022-04-23 17:06:44,917 INFO    MainThread:15495 [wandb_run.py:_on_finish():1995] got exit ret: file_counts {
  wandb_count: 5
}
pusher_stats {
  uploaded_bytes: 1172
  total_bytes: 10485
}

2022-04-23 17:06:45,023 INFO    MainThread:15495 [wandb_run.py:_on_finish():1995] got exit ret: file_counts {
  wandb_count: 5
}
pusher_stats {
  uploaded_bytes: 1172
  total_bytes: 10485
}

2022-04-23 17:06:45,129 INFO    MainThread:15495 [wandb_run.py:_on_finish():1995] got exit ret: file_counts {
  wandb_count: 5
}
pusher_stats {
  uploaded_bytes: 1172
  total_bytes: 10485
}

2022-04-23 17:06:45,234 INFO    MainThread:15495 [wandb_run.py:_on_finish():1995] got exit ret: file_counts {
  wandb_count: 5
}
pusher_stats {
  uploaded_bytes: 1172
  total_bytes: 10485
}

2022-04-23 17:06:45,340 INFO    MainThread:15495 [wandb_run.py:_on_finish():1995] got exit ret: file_counts {
  wandb_count: 5
}
pusher_stats {
  uploaded_bytes: 1172
  total_bytes: 10485
}

2022-04-23 17:06:45,445 INFO    MainThread:15495 [wandb_run.py:_on_finish():1995] got exit ret: file_counts {
  wandb_count: 5
}
pusher_stats {
  uploaded_bytes: 1172
  total_bytes: 10485
}

2022-04-23 17:06:45,551 INFO    MainThread:15495 [wandb_run.py:_on_finish():1995] got exit ret: file_counts {
  wandb_count: 5
}
pusher_stats {
  uploaded_bytes: 1172
  total_bytes: 10485
}

2022-04-23 17:06:45,657 INFO    MainThread:15495 [wandb_run.py:_on_finish():1995] got exit ret: file_counts {
  wandb_count: 5
}
pusher_stats {
  uploaded_bytes: 1172
  total_bytes: 10485
}

2022-04-23 17:06:45,763 INFO    MainThread:15495 [wandb_run.py:_on_finish():1995] got exit ret: file_counts {
  wandb_count: 5
}
pusher_stats {
  uploaded_bytes: 1172
  total_bytes: 10485
}

2022-04-23 17:06:45,866 INFO    MainThread:15495 [wandb_run.py:_on_finish():1995] got exit ret: file_counts {
  wandb_count: 5
}
pusher_stats {
  uploaded_bytes: 1172
  total_bytes: 10485
}

2022-04-23 17:06:45,971 INFO    MainThread:15495 [wandb_run.py:_on_finish():1995] got exit ret: file_counts {
  wandb_count: 5
}
pusher_stats {
  uploaded_bytes: 1172
  total_bytes: 10485
}

2022-04-23 17:06:46,077 INFO    MainThread:15495 [wandb_run.py:_on_finish():1995] got exit ret: file_counts {
  wandb_count: 5
}
pusher_stats {
  uploaded_bytes: 1172
  total_bytes: 10485
}

2022-04-23 17:06:46,183 INFO    MainThread:15495 [wandb_run.py:_on_finish():1995] got exit ret: file_counts {
  wandb_count: 5
}
pusher_stats {
  uploaded_bytes: 1172
  total_bytes: 10485
}

2022-04-23 17:06:46,288 INFO    MainThread:15495 [wandb_run.py:_on_finish():1995] got exit ret: file_counts {
  wandb_count: 5
}
pusher_stats {
  uploaded_bytes: 1172
  total_bytes: 10485
}

2022-04-23 17:06:46,393 INFO    MainThread:15495 [wandb_run.py:_on_finish():1995] got exit ret: file_counts {
  wandb_count: 5
}
pusher_stats {
  uploaded_bytes: 1172
  total_bytes: 10485
}

2022-04-23 17:06:46,497 INFO    MainThread:15495 [wandb_run.py:_on_finish():1995] got exit ret: file_counts {
  wandb_count: 5
}
pusher_stats {
  uploaded_bytes: 1172
  total_bytes: 10485
}

2022-04-23 17:06:46,603 INFO    MainThread:15495 [wandb_run.py:_on_finish():1995] got exit ret: file_counts {
  wandb_count: 5
}
pusher_stats {
  uploaded_bytes: 1172
  total_bytes: 10485
}

2022-04-23 17:06:46,708 INFO    MainThread:15495 [wandb_run.py:_on_finish():1995] got exit ret: file_counts {
  wandb_count: 5
}
pusher_stats {
  uploaded_bytes: 1172
  total_bytes: 10485
}

2022-04-23 17:06:46,815 INFO    MainThread:15495 [wandb_run.py:_on_finish():1995] got exit ret: file_counts {
  wandb_count: 5
}
pusher_stats {
  uploaded_bytes: 1172
  total_bytes: 10485
}

2022-04-23 17:06:46,919 INFO    MainThread:15495 [wandb_run.py:_on_finish():1995] got exit ret: file_counts {
  wandb_count: 5
}
pusher_stats {
  uploaded_bytes: 1172
  total_bytes: 10485
}

2022-04-23 17:06:47,023 INFO    MainThread:15495 [wandb_run.py:_on_finish():1995] got exit ret: file_counts {
  wandb_count: 5
}
pusher_stats {
  uploaded_bytes: 1172
  total_bytes: 10485
}

2022-04-23 17:06:47,127 INFO    MainThread:15495 [wandb_run.py:_on_finish():1995] got exit ret: file_counts {
  wandb_count: 5
}
pusher_stats {
  uploaded_bytes: 1172
  total_bytes: 10485
}

2022-04-23 17:06:47,228 INFO    MainThread:15495 [wandb_run.py:_on_finish():1995] got exit ret: file_counts {
  wandb_count: 5
}
pusher_stats {
  uploaded_bytes: 1172
  total_bytes: 10485
}

2022-04-23 17:06:47,330 INFO    MainThread:15495 [wandb_run.py:_on_finish():1995] got exit ret: file_counts {
  wandb_count: 5
}
pusher_stats {
  uploaded_bytes: 1172
  total_bytes: 10485
}

2022-04-23 17:06:47,435 INFO    MainThread:15495 [wandb_run.py:_on_finish():1995] got exit ret: file_counts {
  wandb_count: 5
}
pusher_stats {
  uploaded_bytes: 1172
  total_bytes: 10485
}

2022-04-23 17:06:47,537 INFO    MainThread:15495 [wandb_run.py:_on_finish():1995] got exit ret: file_counts {
  wandb_count: 5
}
pusher_stats {
  uploaded_bytes: 1172
  total_bytes: 10485
}

2022-04-23 17:06:47,642 INFO    MainThread:15495 [wandb_run.py:_on_finish():1995] got exit ret: file_counts {
  wandb_count: 5
}
pusher_stats {
  uploaded_bytes: 1172
  total_bytes: 10485
}

2022-04-23 17:06:47,747 INFO    MainThread:15495 [wandb_run.py:_on_finish():1995] got exit ret: file_counts {
  wandb_count: 5
}
pusher_stats {
  uploaded_bytes: 1172
  total_bytes: 10485
}

2022-04-23 17:06:47,852 INFO    MainThread:15495 [wandb_run.py:_on_finish():1995] got exit ret: file_counts {
  wandb_count: 5
}
pusher_stats {
  uploaded_bytes: 1172
  total_bytes: 10485
}

2022-04-23 17:06:47,958 INFO    MainThread:15495 [wandb_run.py:_on_finish():1995] got exit ret: file_counts {
  wandb_count: 5
}
pusher_stats {
  uploaded_bytes: 1172
  total_bytes: 10485
}

2022-04-23 17:06:48,064 INFO    MainThread:15495 [wandb_run.py:_on_finish():1995] got exit ret: file_counts {
  wandb_count: 5
}
pusher_stats {
  uploaded_bytes: 1172
  total_bytes: 10485
}

2022-04-23 17:06:48,170 INFO    MainThread:15495 [wandb_run.py:_on_finish():1995] got exit ret: file_counts {
  wandb_count: 5
}
pusher_stats {
  uploaded_bytes: 1172
  total_bytes: 10485
}

2022-04-23 17:06:48,275 INFO    MainThread:15495 [wandb_run.py:_on_finish():1995] got exit ret: file_counts {
  wandb_count: 5
}
pusher_stats {
  uploaded_bytes: 1172
  total_bytes: 10485
}

2022-04-23 17:06:48,381 INFO    MainThread:15495 [wandb_run.py:_on_finish():1995] got exit ret: file_counts {
  wandb_count: 5
}
pusher_stats {
  uploaded_bytes: 1172
  total_bytes: 10485
}

2022-04-23 17:06:48,485 INFO    MainThread:15495 [wandb_run.py:_on_finish():1995] got exit ret: file_counts {
  wandb_count: 5
}
pusher_stats {
  uploaded_bytes: 1172
  total_bytes: 10485
}

2022-04-23 17:06:48,590 INFO    MainThread:15495 [wandb_run.py:_on_finish():1995] got exit ret: file_counts {
  wandb_count: 5
}
pusher_stats {
  uploaded_bytes: 1172
  total_bytes: 10485
}

2022-04-23 17:06:48,695 INFO    MainThread:15495 [wandb_run.py:_on_finish():1995] got exit ret: file_counts {
  wandb_count: 5
}
pusher_stats {
  uploaded_bytes: 1172
  total_bytes: 10485
}

2022-04-23 17:06:48,800 INFO    MainThread:15495 [wandb_run.py:_on_finish():1995] got exit ret: file_counts {
  wandb_count: 5
}
pusher_stats {
  uploaded_bytes: 1172
  total_bytes: 10485
}

2022-04-23 17:06:48,906 INFO    MainThread:15495 [wandb_run.py:_on_finish():1995] got exit ret: file_counts {
  wandb_count: 5
}
pusher_stats {
  uploaded_bytes: 1172
  total_bytes: 10485
}

2022-04-23 17:06:49,011 INFO    MainThread:15495 [wandb_run.py:_on_finish():1995] got exit ret: file_counts {
  wandb_count: 5
}
pusher_stats {
  uploaded_bytes: 1172
  total_bytes: 10485
}

2022-04-23 17:06:49,117 INFO    MainThread:15495 [wandb_run.py:_on_finish():1995] got exit ret: file_counts {
  wandb_count: 5
}
pusher_stats {
  uploaded_bytes: 1172
  total_bytes: 10485
}

2022-04-23 17:06:49,219 INFO    MainThread:15495 [wandb_run.py:_on_finish():1995] got exit ret: file_counts {
  wandb_count: 5
}
pusher_stats {
  uploaded_bytes: 1172
  total_bytes: 10485
}

2022-04-23 17:06:49,324 INFO    MainThread:15495 [wandb_run.py:_on_finish():1995] got exit ret: file_counts {
  wandb_count: 5
}
pusher_stats {
  uploaded_bytes: 1172
  total_bytes: 10485
}

2022-04-23 17:06:49,430 INFO    MainThread:15495 [wandb_run.py:_on_finish():1995] got exit ret: file_counts {
  wandb_count: 5
}
pusher_stats {
  uploaded_bytes: 1172
  total_bytes: 10485
}

2022-04-23 17:06:49,535 INFO    MainThread:15495 [wandb_run.py:_on_finish():1995] got exit ret: file_counts {
  wandb_count: 5
}
pusher_stats {
  uploaded_bytes: 1172
  total_bytes: 10485
}

2022-04-23 17:06:49,638 INFO    MainThread:15495 [wandb_run.py:_on_finish():1995] got exit ret: file_counts {
  wandb_count: 5
}
pusher_stats {
  uploaded_bytes: 1172
  total_bytes: 10485
}

2022-04-23 17:06:49,740 INFO    MainThread:15495 [wandb_run.py:_on_finish():1995] got exit ret: file_counts {
  wandb_count: 5
}
pusher_stats {
  uploaded_bytes: 1172
  total_bytes: 10485
}

2022-04-23 17:06:49,842 INFO    MainThread:15495 [wandb_run.py:_on_finish():1995] got exit ret: file_counts {
  wandb_count: 5
}
pusher_stats {
  uploaded_bytes: 1172
  total_bytes: 10485
}

2022-04-23 17:06:49,950 INFO    MainThread:15495 [wandb_run.py:_on_finish():1995] got exit ret: file_counts {
  wandb_count: 5
}
pusher_stats {
  uploaded_bytes: 1172
  total_bytes: 10485
}

2022-04-23 17:06:50,056 INFO    MainThread:15495 [wandb_run.py:_on_finish():1995] got exit ret: file_counts {
  wandb_count: 5
}
pusher_stats {
  uploaded_bytes: 1276
  total_bytes: 10485
}

2022-04-23 17:06:50,162 INFO    MainThread:15495 [wandb_run.py:_on_finish():1995] got exit ret: file_counts {
  wandb_count: 5
}
pusher_stats {
  uploaded_bytes: 10485
  total_bytes: 10485
}

2022-04-23 17:06:50,267 INFO    MainThread:15495 [wandb_run.py:_on_finish():1995] got exit ret: file_counts {
  wandb_count: 5
}
pusher_stats {
  uploaded_bytes: 10485
  total_bytes: 10485
}

2022-04-23 17:06:50,370 INFO    MainThread:15495 [wandb_run.py:_on_finish():1995] got exit ret: file_counts {
  wandb_count: 5
}
pusher_stats {
  uploaded_bytes: 10485
  total_bytes: 10485
}

2022-04-23 17:06:50,472 INFO    MainThread:15495 [wandb_run.py:_on_finish():1995] got exit ret: file_counts {
  wandb_count: 5
}
pusher_stats {
  uploaded_bytes: 10485
  total_bytes: 10485
}

2022-04-23 17:06:50,574 INFO    MainThread:15495 [wandb_run.py:_on_finish():1995] got exit ret: file_counts {
  wandb_count: 5
}
pusher_stats {
  uploaded_bytes: 10485
  total_bytes: 10485
}

2022-04-23 17:06:50,680 INFO    MainThread:15495 [wandb_run.py:_on_finish():1995] got exit ret: file_counts {
  wandb_count: 5
}
pusher_stats {
  uploaded_bytes: 10485
  total_bytes: 10485
}

2022-04-23 17:06:50,785 INFO    MainThread:15495 [wandb_run.py:_on_finish():1995] got exit ret: file_counts {
  wandb_count: 5
}
pusher_stats {
  uploaded_bytes: 10485
  total_bytes: 10485
}

2022-04-23 17:06:51,132 INFO    MainThread:15495 [wandb_run.py:_on_finish():1995] got exit ret: file_counts {
  wandb_count: 5
}
pusher_stats {
  uploaded_bytes: 10485
  total_bytes: 10485
}

2022-04-23 17:06:56,233 INFO    MainThread:15495 [wandb_run.py:_on_finish():1995] got exit ret: None
2022-04-23 17:07:01,335 INFO    MainThread:15495 [wandb_run.py:_on_finish():1995] got exit ret: None
2022-04-23 17:07:01,944 INFO    MainThread:15495 [wandb_run.py:_on_finish():1995] got exit ret: done: true
exit_result {
}
file_counts {
  wandb_count: 5
}
pusher_stats {
  uploaded_bytes: 10485
  total_bytes: 10485
}
local_info {
}

2022-04-23 17:07:05,034 INFO    MainThread:15495 [wandb_run.py:_footer_history_summary_info():3087] rendering history
2022-04-23 17:07:05,035 INFO    MainThread:15495 [wandb_run.py:_footer_history_summary_info():3116] rendering summary
2022-04-23 17:07:05,038 INFO    MainThread:15495 [wandb_run.py:_footer_sync_info():3044] logging synced files
