2022-04-23 16:25:56,985 INFO    MainThread:13676 [wandb_setup.py:_flush():75] Loading settings from /home/isha/.config/wandb/settings
2022-04-23 16:25:56,985 INFO    MainThread:13676 [wandb_setup.py:_flush():75] Loading settings from /media/isha/Archita/ImageNet-Downsampled/wandb/settings
2022-04-23 16:25:56,986 INFO    MainThread:13676 [wandb_setup.py:_flush():75] Loading settings from environment variables: {}
2022-04-23 16:25:56,986 INFO    MainThread:13676 [wandb_setup.py:_flush():75] Inferring run settings from compute environment: {'program_relpath': 'train.py', 'program': 'train.py'}
2022-04-23 16:25:56,987 INFO    MainThread:13676 [wandb_init.py:_log_setup():438] Logging user logs to /media/isha/Archita/ImageNet-Downsampled/wandb/run-20220423_162556-1bgcffh5/logs/debug.log
2022-04-23 16:25:56,988 INFO    MainThread:13676 [wandb_init.py:_log_setup():439] Logging internal logs to /media/isha/Archita/ImageNet-Downsampled/wandb/run-20220423_162556-1bgcffh5/logs/debug-internal.log
2022-04-23 16:25:56,988 INFO    MainThread:13676 [wandb_init.py:init():472] calling init triggers
2022-04-23 16:25:56,989 INFO    MainThread:13676 [wandb_init.py:init():475] wandb.init called with sweep_config: {}
config: {}
2022-04-23 16:25:56,990 INFO    MainThread:13676 [wandb_init.py:init():525] starting backend
2022-04-23 16:25:56,990 INFO    MainThread:13676 [backend.py:_multiprocessing_setup():99] multiprocessing start_methods=fork,spawn,forkserver, using: spawn
2022-04-23 16:25:57,253 INFO    MainThread:13676 [backend.py:ensure_launched():219] starting backend process...
2022-04-23 16:25:57,420 INFO    MainThread:13676 [backend.py:ensure_launched():224] started backend process with pid: 13700
2022-04-23 16:25:57,422 INFO    MainThread:13676 [wandb_init.py:init():534] backend started and connected
2022-04-23 16:25:57,435 INFO    MainThread:13676 [wandb_init.py:init():598] updated telemetry
2022-04-23 16:25:57,655 INFO    MainThread:13676 [wandb_init.py:init():629] communicating run to backend with 30 second timeout
2022-04-23 16:26:28,181 INFO    MainThread:13676 [interface_shared.py:_communicate_run():325] couldn't get run from backend
2022-04-23 16:26:28,182 ERROR   MainThread:13676 [wandb_init.py:init():634] backend process timed out
2022-04-23 16:26:28,183 ERROR   MainThread:13676 [wandb_init.py:init():645] encountered error: Error communicating with wandb process
try: wandb.init(settings=wandb.Settings(start_method='fork'))
or:  wandb.init(settings=wandb.Settings(start_method='thread'))
For more info see: https://docs.wandb.ai/library/init#init-start-error
2022-04-23 16:26:45,496 INFO    MainThread:13676 [wandb_init.py:teardown():286] tearing down wandb.init
