2022-04-29 17:40:27,988 INFO    MainThread:180 [internal.py:wandb_internal():90] W&B internal server running at pid: 180, started at: 2022-04-29 17:40:27.985980
2022-04-29 17:40:27,991 INFO    WriterThread:180 [datastore.py:open_for_write():75] open: /mnt/e/ImageNet-Downsampled/wandb/run-20220429_174026-3k50qhpl/run-3k50qhpl.wandb
2022-04-29 17:40:27,994 DEBUG   SenderThread:180 [sender.py:send():232] send: header
2022-04-29 17:40:27,995 DEBUG   SenderThread:180 [sender.py:send():232] send: run
2022-04-29 17:40:43,415 DEBUG   HandlerThread:180 [handler.py:handle_request():141] handle_request: check_version
2022-04-29 17:40:43,423 INFO    SenderThread:180 [dir_watcher.py:__init__():166] watching files in: /mnt/e/ImageNet-Downsampled/wandb/run-20220429_174026-3k50qhpl/files
2022-04-29 17:40:43,424 INFO    SenderThread:180 [sender.py:_start_run_threads():811] run started: 3k50qhpl with start time 1651234227
2022-04-29 17:40:43,425 DEBUG   SenderThread:180 [sender.py:send():232] send: summary
2022-04-29 17:40:43,434 INFO    SenderThread:180 [sender.py:_save_file():946] saving file wandb-summary.json with policy end
2022-04-29 17:40:43,435 DEBUG   SenderThread:180 [sender.py:send_request():246] send_request: check_version
2022-04-29 17:40:43,617 DEBUG   HandlerThread:180 [handler.py:handle_request():141] handle_request: run_start
2022-04-29 17:40:43,689 DEBUG   HandlerThread:180 [meta.py:__init__():35] meta init
2022-04-29 17:40:43,690 DEBUG   HandlerThread:180 [meta.py:__init__():49] meta init done
2022-04-29 17:40:43,690 DEBUG   HandlerThread:180 [meta.py:probe():209] probe
2022-04-29 17:40:43,709 DEBUG   HandlerThread:180 [meta.py:_setup_git():199] setup git
2022-04-29 17:40:43,779 DEBUG   HandlerThread:180 [meta.py:_setup_git():206] setup git done
2022-04-29 17:40:43,779 DEBUG   HandlerThread:180 [meta.py:_save_pip():53] save pip
2022-04-29 17:40:43,782 DEBUG   HandlerThread:180 [meta.py:_save_pip():67] save pip done
2022-04-29 17:40:43,783 DEBUG   HandlerThread:180 [meta.py:probe():247] probe done
2022-04-29 17:40:43,838 DEBUG   SenderThread:180 [sender.py:send():232] send: files
2022-04-29 17:40:43,839 INFO    SenderThread:180 [sender.py:_save_file():946] saving file wandb-metadata.json with policy now
2022-04-29 17:40:43,850 DEBUG   HandlerThread:180 [handler.py:handle_request():141] handle_request: stop_status
2022-04-29 17:40:43,854 DEBUG   SenderThread:180 [sender.py:send_request():246] send_request: stop_status
2022-04-29 17:40:43,875 DEBUG   HandlerThread:180 [handler.py:handle_request():141] handle_request: partial_history
2022-04-29 17:40:44,432 INFO    Thread-7  :180 [dir_watcher.py:_on_file_created():213] file/dir created: /mnt/e/ImageNet-Downsampled/wandb/run-20220429_174026-3k50qhpl/files/requirements.txt
2022-04-29 17:40:44,433 INFO    Thread-7  :180 [dir_watcher.py:_on_file_created():213] file/dir created: /mnt/e/ImageNet-Downsampled/wandb/run-20220429_174026-3k50qhpl/files/output.log
2022-04-29 17:40:44,434 INFO    Thread-7  :180 [dir_watcher.py:_on_file_created():213] file/dir created: /mnt/e/ImageNet-Downsampled/wandb/run-20220429_174026-3k50qhpl/files/wandb-metadata.json
2022-04-29 17:40:44,435 INFO    Thread-7  :180 [dir_watcher.py:_on_file_created():213] file/dir created: /mnt/e/ImageNet-Downsampled/wandb/run-20220429_174026-3k50qhpl/files/wandb-summary.json
2022-04-29 17:40:46,444 INFO    Thread-7  :180 [dir_watcher.py:_on_file_modified():226] file/dir modified: /mnt/e/ImageNet-Downsampled/wandb/run-20220429_174026-3k50qhpl/files/output.log
2022-04-29 17:40:48,474 INFO    Thread-7  :180 [dir_watcher.py:_on_file_modified():226] file/dir modified: /mnt/e/ImageNet-Downsampled/wandb/run-20220429_174026-3k50qhpl/files/output.log
2022-04-29 17:40:49,209 DEBUG   SenderThread:180 [sender.py:send():232] send: telemetry
2022-04-29 17:40:49,210 DEBUG   SenderThread:180 [sender.py:send():232] send: config
2022-04-29 17:40:49,211 DEBUG   SenderThread:180 [sender.py:send():232] send: telemetry
2022-04-29 17:40:49,212 DEBUG   SenderThread:180 [sender.py:send():232] send: config
2022-04-29 17:40:49,213 DEBUG   SenderThread:180 [sender.py:send():232] send: history
2022-04-29 17:40:49,214 DEBUG   SenderThread:180 [sender.py:send():232] send: summary
2022-04-29 17:40:49,224 INFO    SenderThread:180 [sender.py:_save_file():946] saving file wandb-summary.json with policy end
2022-04-29 17:40:49,228 DEBUG   SenderThread:180 [sender.py:send():232] send: telemetry
2022-04-29 17:40:49,489 INFO    Thread-7  :180 [dir_watcher.py:_on_file_modified():226] file/dir modified: /mnt/e/ImageNet-Downsampled/wandb/run-20220429_174026-3k50qhpl/files/wandb-summary.json
2022-04-29 17:40:49,913 DEBUG   SenderThread:180 [sender.py:send():232] send: exit
2022-04-29 17:40:49,913 DEBUG   HandlerThread:180 [handler.py:handle_request():141] handle_request: poll_exit
2022-04-29 17:40:49,914 INFO    SenderThread:180 [sender.py:send_exit():368] handling exit code: 1
2022-04-29 17:40:49,915 INFO    SenderThread:180 [sender.py:send_exit():370] handling runtime: 6
2022-04-29 17:40:49,944 INFO    SenderThread:180 [sender.py:_save_file():946] saving file wandb-summary.json with policy end
2022-04-29 17:40:49,947 INFO    SenderThread:180 [sender.py:send_exit():376] send defer
2022-04-29 17:40:49,948 DEBUG   SenderThread:180 [sender.py:send_request():246] send_request: poll_exit
2022-04-29 17:40:49,948 DEBUG   HandlerThread:180 [handler.py:handle_request():141] handle_request: defer
2022-04-29 17:40:49,949 INFO    HandlerThread:180 [handler.py:handle_request_defer():164] handle defer: 0
2022-04-29 17:40:49,950 DEBUG   SenderThread:180 [sender.py:send_request():246] send_request: defer
2022-04-29 17:40:49,950 INFO    SenderThread:180 [sender.py:send_request_defer():385] handle sender defer: 0
2022-04-29 17:40:49,951 INFO    SenderThread:180 [sender.py:transition_state():389] send defer: 1
2022-04-29 17:40:49,951 DEBUG   HandlerThread:180 [handler.py:handle_request():141] handle_request: defer
2022-04-29 17:40:49,952 INFO    HandlerThread:180 [handler.py:handle_request_defer():164] handle defer: 1
2022-04-29 17:40:49,959 DEBUG   SenderThread:180 [sender.py:send_request():246] send_request: defer
2022-04-29 17:40:49,959 INFO    SenderThread:180 [sender.py:send_request_defer():385] handle sender defer: 1
2022-04-29 17:40:49,960 INFO    SenderThread:180 [sender.py:transition_state():389] send defer: 2
2022-04-29 17:40:49,960 DEBUG   SenderThread:180 [sender.py:send():232] send: stats
2022-04-29 17:40:49,961 DEBUG   HandlerThread:180 [handler.py:handle_request():141] handle_request: defer
2022-04-29 17:40:49,962 INFO    HandlerThread:180 [handler.py:handle_request_defer():164] handle defer: 2
2022-04-29 17:40:49,962 DEBUG   SenderThread:180 [sender.py:send_request():246] send_request: defer
2022-04-29 17:40:49,963 INFO    SenderThread:180 [sender.py:send_request_defer():385] handle sender defer: 2
2022-04-29 17:40:49,963 INFO    SenderThread:180 [sender.py:transition_state():389] send defer: 3
2022-04-29 17:40:49,964 DEBUG   HandlerThread:180 [handler.py:handle_request():141] handle_request: defer
2022-04-29 17:40:49,964 INFO    HandlerThread:180 [handler.py:handle_request_defer():164] handle defer: 3
2022-04-29 17:40:49,965 DEBUG   SenderThread:180 [sender.py:send_request():246] send_request: defer
2022-04-29 17:40:49,965 INFO    SenderThread:180 [sender.py:send_request_defer():385] handle sender defer: 3
2022-04-29 17:40:49,966 INFO    SenderThread:180 [sender.py:transition_state():389] send defer: 4
2022-04-29 17:40:49,966 DEBUG   HandlerThread:180 [handler.py:handle_request():141] handle_request: defer
2022-04-29 17:40:49,966 INFO    HandlerThread:180 [handler.py:handle_request_defer():164] handle defer: 4
2022-04-29 17:40:49,966 DEBUG   SenderThread:180 [sender.py:send():232] send: summary
2022-04-29 17:40:49,970 INFO    SenderThread:180 [sender.py:_save_file():946] saving file wandb-summary.json with policy end
2022-04-29 17:40:49,971 DEBUG   SenderThread:180 [sender.py:send_request():246] send_request: defer
2022-04-29 17:40:49,971 INFO    SenderThread:180 [sender.py:send_request_defer():385] handle sender defer: 4
2022-04-29 17:40:49,971 INFO    SenderThread:180 [sender.py:transition_state():389] send defer: 5
2022-04-29 17:40:49,972 DEBUG   HandlerThread:180 [handler.py:handle_request():141] handle_request: defer
2022-04-29 17:40:49,972 INFO    HandlerThread:180 [handler.py:handle_request_defer():164] handle defer: 5
2022-04-29 17:40:49,972 DEBUG   SenderThread:180 [sender.py:send_request():246] send_request: defer
2022-04-29 17:40:49,972 INFO    SenderThread:180 [sender.py:send_request_defer():385] handle sender defer: 5
2022-04-29 17:40:50,051 DEBUG   HandlerThread:180 [handler.py:handle_request():141] handle_request: poll_exit
2022-04-29 17:40:50,518 INFO    Thread-7  :180 [dir_watcher.py:_on_file_modified():226] file/dir modified: /mnt/e/ImageNet-Downsampled/wandb/run-20220429_174026-3k50qhpl/files/output.log
2022-04-29 17:40:50,520 INFO    Thread-7  :180 [dir_watcher.py:_on_file_modified():226] file/dir modified: /mnt/e/ImageNet-Downsampled/wandb/run-20220429_174026-3k50qhpl/files/wandb-summary.json
2022-04-29 17:40:55,157 DEBUG   HandlerThread:180 [handler.py:handle_request():141] handle_request: poll_exit
2022-04-29 17:40:55,336 INFO    SenderThread:180 [sender.py:transition_state():389] send defer: 6
2022-04-29 17:40:55,337 DEBUG   SenderThread:180 [sender.py:send_request():246] send_request: poll_exit
2022-04-29 17:40:55,337 DEBUG   HandlerThread:180 [handler.py:handle_request():141] handle_request: defer
2022-04-29 17:40:55,337 DEBUG   SenderThread:180 [sender.py:send_request():246] send_request: poll_exit
2022-04-29 17:40:55,338 INFO    HandlerThread:180 [handler.py:handle_request_defer():164] handle defer: 6
2022-04-29 17:40:55,338 DEBUG   SenderThread:180 [sender.py:send_request():246] send_request: defer
2022-04-29 17:40:55,338 INFO    SenderThread:180 [sender.py:send_request_defer():385] handle sender defer: 6
2022-04-29 17:40:55,339 INFO    SenderThread:180 [dir_watcher.py:finish():279] shutting down directory watcher
2022-04-29 17:40:55,440 DEBUG   HandlerThread:180 [handler.py:handle_request():141] handle_request: poll_exit
2022-04-29 17:40:55,540 INFO    SenderThread:180 [dir_watcher.py:_on_file_modified():226] file/dir modified: /mnt/e/ImageNet-Downsampled/wandb/run-20220429_174026-3k50qhpl/files/config.yaml
2022-04-29 17:40:55,544 INFO    SenderThread:180 [dir_watcher.py:finish():309] scan: /mnt/e/ImageNet-Downsampled/wandb/run-20220429_174026-3k50qhpl/files
2022-04-29 17:40:55,545 INFO    SenderThread:180 [dir_watcher.py:finish():323] scan save: /mnt/e/ImageNet-Downsampled/wandb/run-20220429_174026-3k50qhpl/files/config.yaml config.yaml
2022-04-29 17:40:55,549 INFO    SenderThread:180 [dir_watcher.py:finish():323] scan save: /mnt/e/ImageNet-Downsampled/wandb/run-20220429_174026-3k50qhpl/files/output.log output.log
2022-04-29 17:40:55,554 INFO    SenderThread:180 [dir_watcher.py:finish():323] scan save: /mnt/e/ImageNet-Downsampled/wandb/run-20220429_174026-3k50qhpl/files/requirements.txt requirements.txt
2022-04-29 17:40:55,559 INFO    SenderThread:180 [dir_watcher.py:finish():323] scan save: /mnt/e/ImageNet-Downsampled/wandb/run-20220429_174026-3k50qhpl/files/wandb-metadata.json wandb-metadata.json
2022-04-29 17:40:55,560 INFO    SenderThread:180 [dir_watcher.py:finish():323] scan save: /mnt/e/ImageNet-Downsampled/wandb/run-20220429_174026-3k50qhpl/files/wandb-summary.json wandb-summary.json
2022-04-29 17:40:55,565 INFO    SenderThread:180 [sender.py:transition_state():389] send defer: 7
2022-04-29 17:40:55,565 DEBUG   SenderThread:180 [sender.py:send_request():246] send_request: poll_exit
2022-04-29 17:40:55,566 DEBUG   HandlerThread:180 [handler.py:handle_request():141] handle_request: defer
2022-04-29 17:40:55,566 INFO    HandlerThread:180 [handler.py:handle_request_defer():164] handle defer: 7
2022-04-29 17:40:55,567 DEBUG   SenderThread:180 [sender.py:send_request():246] send_request: defer
2022-04-29 17:40:55,567 INFO    SenderThread:180 [sender.py:send_request_defer():385] handle sender defer: 7
2022-04-29 17:40:55,567 INFO    SenderThread:180 [file_pusher.py:finish():145] shutting down file pusher
2022-04-29 17:40:55,668 DEBUG   HandlerThread:180 [handler.py:handle_request():141] handle_request: poll_exit
2022-04-29 17:40:55,669 DEBUG   SenderThread:180 [sender.py:send_request():246] send_request: poll_exit
2022-04-29 17:40:55,772 DEBUG   HandlerThread:180 [handler.py:handle_request():141] handle_request: poll_exit
2022-04-29 17:40:55,774 DEBUG   SenderThread:180 [sender.py:send_request():246] send_request: poll_exit
2022-04-29 17:40:55,878 DEBUG   HandlerThread:180 [handler.py:handle_request():141] handle_request: poll_exit
2022-04-29 17:40:55,879 DEBUG   SenderThread:180 [sender.py:send_request():246] send_request: poll_exit
2022-04-29 17:40:55,984 DEBUG   HandlerThread:180 [handler.py:handle_request():141] handle_request: poll_exit
2022-04-29 17:40:55,985 DEBUG   SenderThread:180 [sender.py:send_request():246] send_request: poll_exit
2022-04-29 17:40:56,090 DEBUG   HandlerThread:180 [handler.py:handle_request():141] handle_request: poll_exit
2022-04-29 17:40:56,092 DEBUG   SenderThread:180 [sender.py:send_request():246] send_request: poll_exit
2022-04-29 17:40:56,196 DEBUG   HandlerThread:180 [handler.py:handle_request():141] handle_request: poll_exit
2022-04-29 17:40:56,197 DEBUG   SenderThread:180 [sender.py:send_request():246] send_request: poll_exit
2022-04-29 17:40:56,302 DEBUG   HandlerThread:180 [handler.py:handle_request():141] handle_request: poll_exit
2022-04-29 17:40:56,302 DEBUG   SenderThread:180 [sender.py:send_request():246] send_request: poll_exit
2022-04-29 17:40:56,407 DEBUG   HandlerThread:180 [handler.py:handle_request():141] handle_request: poll_exit
2022-04-29 17:40:56,408 DEBUG   SenderThread:180 [sender.py:send_request():246] send_request: poll_exit
2022-04-29 17:40:56,512 DEBUG   HandlerThread:180 [handler.py:handle_request():141] handle_request: poll_exit
2022-04-29 17:40:56,513 DEBUG   SenderThread:180 [sender.py:send_request():246] send_request: poll_exit
2022-04-29 17:40:56,618 DEBUG   HandlerThread:180 [handler.py:handle_request():141] handle_request: poll_exit
2022-04-29 17:40:56,619 DEBUG   SenderThread:180 [sender.py:send_request():246] send_request: poll_exit
2022-04-29 17:40:56,724 DEBUG   HandlerThread:180 [handler.py:handle_request():141] handle_request: poll_exit
2022-04-29 17:40:56,725 DEBUG   SenderThread:180 [sender.py:send_request():246] send_request: poll_exit
2022-04-29 17:40:56,830 DEBUG   HandlerThread:180 [handler.py:handle_request():141] handle_request: poll_exit
2022-04-29 17:40:56,831 DEBUG   SenderThread:180 [sender.py:send_request():246] send_request: poll_exit
2022-04-29 17:40:56,935 DEBUG   HandlerThread:180 [handler.py:handle_request():141] handle_request: poll_exit
2022-04-29 17:40:56,937 DEBUG   SenderThread:180 [sender.py:send_request():246] send_request: poll_exit
2022-04-29 17:40:57,041 DEBUG   HandlerThread:180 [handler.py:handle_request():141] handle_request: poll_exit
2022-04-29 17:40:57,042 DEBUG   SenderThread:180 [sender.py:send_request():246] send_request: poll_exit
2022-04-29 17:40:57,147 DEBUG   HandlerThread:180 [handler.py:handle_request():141] handle_request: poll_exit
2022-04-29 17:40:57,148 DEBUG   SenderThread:180 [sender.py:send_request():246] send_request: poll_exit
2022-04-29 17:40:57,252 DEBUG   HandlerThread:180 [handler.py:handle_request():141] handle_request: poll_exit
2022-04-29 17:40:57,253 DEBUG   SenderThread:180 [sender.py:send_request():246] send_request: poll_exit
2022-04-29 17:40:57,355 DEBUG   HandlerThread:180 [handler.py:handle_request():141] handle_request: poll_exit
2022-04-29 17:40:57,356 DEBUG   SenderThread:180 [sender.py:send_request():246] send_request: poll_exit
2022-04-29 17:40:57,460 DEBUG   HandlerThread:180 [handler.py:handle_request():141] handle_request: poll_exit
2022-04-29 17:40:57,461 DEBUG   SenderThread:180 [sender.py:send_request():246] send_request: poll_exit
2022-04-29 17:40:57,564 DEBUG   HandlerThread:180 [handler.py:handle_request():141] handle_request: poll_exit
2022-04-29 17:40:57,565 DEBUG   SenderThread:180 [sender.py:send_request():246] send_request: poll_exit
2022-04-29 17:40:57,668 DEBUG   HandlerThread:180 [handler.py:handle_request():141] handle_request: poll_exit
2022-04-29 17:40:57,669 DEBUG   SenderThread:180 [sender.py:send_request():246] send_request: poll_exit
2022-04-29 17:40:57,774 DEBUG   HandlerThread:180 [handler.py:handle_request():141] handle_request: poll_exit
2022-04-29 17:40:57,775 DEBUG   SenderThread:180 [sender.py:send_request():246] send_request: poll_exit
2022-04-29 17:40:57,880 DEBUG   HandlerThread:180 [handler.py:handle_request():141] handle_request: poll_exit
2022-04-29 17:40:57,881 DEBUG   SenderThread:180 [sender.py:send_request():246] send_request: poll_exit
2022-04-29 17:40:57,986 DEBUG   HandlerThread:180 [handler.py:handle_request():141] handle_request: poll_exit
2022-04-29 17:40:57,987 DEBUG   SenderThread:180 [sender.py:send_request():246] send_request: poll_exit
2022-04-29 17:40:58,092 DEBUG   HandlerThread:180 [handler.py:handle_request():141] handle_request: poll_exit
2022-04-29 17:40:58,093 DEBUG   SenderThread:180 [sender.py:send_request():246] send_request: poll_exit
2022-04-29 17:40:58,197 DEBUG   HandlerThread:180 [handler.py:handle_request():141] handle_request: poll_exit
2022-04-29 17:40:58,198 DEBUG   SenderThread:180 [sender.py:send_request():246] send_request: poll_exit
2022-04-29 17:40:58,303 DEBUG   HandlerThread:180 [handler.py:handle_request():141] handle_request: poll_exit
2022-04-29 17:40:58,304 DEBUG   SenderThread:180 [sender.py:send_request():246] send_request: poll_exit
2022-04-29 17:40:58,409 DEBUG   HandlerThread:180 [handler.py:handle_request():141] handle_request: poll_exit
2022-04-29 17:40:58,410 DEBUG   SenderThread:180 [sender.py:send_request():246] send_request: poll_exit
2022-04-29 17:40:58,514 DEBUG   HandlerThread:180 [handler.py:handle_request():141] handle_request: poll_exit
2022-04-29 17:40:58,516 DEBUG   SenderThread:180 [sender.py:send_request():246] send_request: poll_exit
2022-04-29 17:40:58,620 DEBUG   HandlerThread:180 [handler.py:handle_request():141] handle_request: poll_exit
2022-04-29 17:40:58,621 DEBUG   SenderThread:180 [sender.py:send_request():246] send_request: poll_exit
2022-04-29 17:40:58,725 DEBUG   HandlerThread:180 [handler.py:handle_request():141] handle_request: poll_exit
2022-04-29 17:40:58,726 DEBUG   SenderThread:180 [sender.py:send_request():246] send_request: poll_exit
2022-04-29 17:40:58,831 DEBUG   HandlerThread:180 [handler.py:handle_request():141] handle_request: poll_exit
2022-04-29 17:40:58,832 DEBUG   SenderThread:180 [sender.py:send_request():246] send_request: poll_exit
2022-04-29 17:40:58,936 DEBUG   HandlerThread:180 [handler.py:handle_request():141] handle_request: poll_exit
2022-04-29 17:40:58,938 DEBUG   SenderThread:180 [sender.py:send_request():246] send_request: poll_exit
2022-04-29 17:40:59,041 DEBUG   HandlerThread:180 [handler.py:handle_request():141] handle_request: poll_exit
2022-04-29 17:40:59,042 DEBUG   SenderThread:180 [sender.py:send_request():246] send_request: poll_exit
2022-04-29 17:40:59,147 DEBUG   HandlerThread:180 [handler.py:handle_request():141] handle_request: poll_exit
2022-04-29 17:40:59,148 DEBUG   SenderThread:180 [sender.py:send_request():246] send_request: poll_exit
2022-04-29 17:40:59,252 DEBUG   HandlerThread:180 [handler.py:handle_request():141] handle_request: poll_exit
2022-04-29 17:40:59,253 DEBUG   SenderThread:180 [sender.py:send_request():246] send_request: poll_exit
2022-04-29 17:40:59,357 DEBUG   HandlerThread:180 [handler.py:handle_request():141] handle_request: poll_exit
2022-04-29 17:40:59,359 DEBUG   SenderThread:180 [sender.py:send_request():246] send_request: poll_exit
2022-04-29 17:40:59,462 DEBUG   HandlerThread:180 [handler.py:handle_request():141] handle_request: poll_exit
2022-04-29 17:40:59,463 DEBUG   SenderThread:180 [sender.py:send_request():246] send_request: poll_exit
2022-04-29 17:40:59,568 DEBUG   HandlerThread:180 [handler.py:handle_request():141] handle_request: poll_exit
2022-04-29 17:40:59,569 DEBUG   SenderThread:180 [sender.py:send_request():246] send_request: poll_exit
2022-04-29 17:40:59,673 DEBUG   HandlerThread:180 [handler.py:handle_request():141] handle_request: poll_exit
2022-04-29 17:40:59,674 DEBUG   SenderThread:180 [sender.py:send_request():246] send_request: poll_exit
2022-04-29 17:40:59,779 DEBUG   HandlerThread:180 [handler.py:handle_request():141] handle_request: poll_exit
2022-04-29 17:40:59,780 DEBUG   SenderThread:180 [sender.py:send_request():246] send_request: poll_exit
2022-04-29 17:40:59,885 DEBUG   HandlerThread:180 [handler.py:handle_request():141] handle_request: poll_exit
2022-04-29 17:40:59,886 DEBUG   SenderThread:180 [sender.py:send_request():246] send_request: poll_exit
2022-04-29 17:40:59,990 DEBUG   HandlerThread:180 [handler.py:handle_request():141] handle_request: poll_exit
2022-04-29 17:40:59,991 DEBUG   SenderThread:180 [sender.py:send_request():246] send_request: poll_exit
2022-04-29 17:41:00,042 INFO    Thread-11 :180 [upload_job.py:push():137] Uploaded file /tmp/tmpzds91qrbwandb/28p8twd4-wandb-metadata.json
2022-04-29 17:41:00,096 DEBUG   HandlerThread:180 [handler.py:handle_request():141] handle_request: poll_exit
2022-04-29 17:41:00,097 DEBUG   SenderThread:180 [sender.py:send_request():246] send_request: poll_exit
2022-04-29 17:41:00,202 DEBUG   HandlerThread:180 [handler.py:handle_request():141] handle_request: poll_exit
2022-04-29 17:41:00,203 DEBUG   SenderThread:180 [sender.py:send_request():246] send_request: poll_exit
2022-04-29 17:41:00,307 DEBUG   HandlerThread:180 [handler.py:handle_request():141] handle_request: poll_exit
2022-04-29 17:41:00,308 DEBUG   SenderThread:180 [sender.py:send_request():246] send_request: poll_exit
2022-04-29 17:41:00,413 DEBUG   HandlerThread:180 [handler.py:handle_request():141] handle_request: poll_exit
2022-04-29 17:41:00,415 DEBUG   SenderThread:180 [sender.py:send_request():246] send_request: poll_exit
2022-04-29 17:41:00,519 DEBUG   HandlerThread:180 [handler.py:handle_request():141] handle_request: poll_exit
2022-04-29 17:41:00,520 DEBUG   SenderThread:180 [sender.py:send_request():246] send_request: poll_exit
2022-04-29 17:41:00,625 DEBUG   HandlerThread:180 [handler.py:handle_request():141] handle_request: poll_exit
2022-04-29 17:41:00,626 DEBUG   SenderThread:180 [sender.py:send_request():246] send_request: poll_exit
2022-04-29 17:41:00,731 DEBUG   HandlerThread:180 [handler.py:handle_request():141] handle_request: poll_exit
2022-04-29 17:41:00,732 DEBUG   SenderThread:180 [sender.py:send_request():246] send_request: poll_exit
2022-04-29 17:41:00,836 DEBUG   HandlerThread:180 [handler.py:handle_request():141] handle_request: poll_exit
2022-04-29 17:41:00,837 DEBUG   SenderThread:180 [sender.py:send_request():246] send_request: poll_exit
2022-04-29 17:41:00,942 DEBUG   HandlerThread:180 [handler.py:handle_request():141] handle_request: poll_exit
2022-04-29 17:41:00,943 DEBUG   SenderThread:180 [sender.py:send_request():246] send_request: poll_exit
2022-04-29 17:41:01,048 DEBUG   HandlerThread:180 [handler.py:handle_request():141] handle_request: poll_exit
2022-04-29 17:41:01,049 DEBUG   SenderThread:180 [sender.py:send_request():246] send_request: poll_exit
2022-04-29 17:41:01,153 DEBUG   HandlerThread:180 [handler.py:handle_request():141] handle_request: poll_exit
2022-04-29 17:41:01,154 DEBUG   SenderThread:180 [sender.py:send_request():246] send_request: poll_exit
2022-04-29 17:41:01,258 DEBUG   HandlerThread:180 [handler.py:handle_request():141] handle_request: poll_exit
2022-04-29 17:41:01,260 DEBUG   SenderThread:180 [sender.py:send_request():246] send_request: poll_exit
2022-04-29 17:41:01,364 DEBUG   HandlerThread:180 [handler.py:handle_request():141] handle_request: poll_exit
2022-04-29 17:41:01,366 DEBUG   SenderThread:180 [sender.py:send_request():246] send_request: poll_exit
2022-04-29 17:41:01,470 DEBUG   HandlerThread:180 [handler.py:handle_request():141] handle_request: poll_exit
2022-04-29 17:41:01,471 DEBUG   SenderThread:180 [sender.py:send_request():246] send_request: poll_exit
2022-04-29 17:41:01,576 DEBUG   HandlerThread:180 [handler.py:handle_request():141] handle_request: poll_exit
2022-04-29 17:41:01,577 DEBUG   SenderThread:180 [sender.py:send_request():246] send_request: poll_exit
2022-04-29 17:41:01,681 DEBUG   HandlerThread:180 [handler.py:handle_request():141] handle_request: poll_exit
2022-04-29 17:41:01,682 DEBUG   SenderThread:180 [sender.py:send_request():246] send_request: poll_exit
2022-04-29 17:41:01,786 DEBUG   HandlerThread:180 [handler.py:handle_request():141] handle_request: poll_exit
2022-04-29 17:41:01,787 DEBUG   SenderThread:180 [sender.py:send_request():246] send_request: poll_exit
2022-04-29 17:41:01,892 DEBUG   HandlerThread:180 [handler.py:handle_request():141] handle_request: poll_exit
2022-04-29 17:41:01,893 DEBUG   SenderThread:180 [sender.py:send_request():246] send_request: poll_exit
2022-04-29 17:41:01,998 DEBUG   HandlerThread:180 [handler.py:handle_request():141] handle_request: poll_exit
2022-04-29 17:41:01,999 DEBUG   SenderThread:180 [sender.py:send_request():246] send_request: poll_exit
2022-04-29 17:41:02,104 DEBUG   HandlerThread:180 [handler.py:handle_request():141] handle_request: poll_exit
2022-04-29 17:41:02,105 DEBUG   SenderThread:180 [sender.py:send_request():246] send_request: poll_exit
2022-04-29 17:41:02,209 DEBUG   HandlerThread:180 [handler.py:handle_request():141] handle_request: poll_exit
2022-04-29 17:41:02,211 DEBUG   SenderThread:180 [sender.py:send_request():246] send_request: poll_exit
2022-04-29 17:41:02,315 DEBUG   HandlerThread:180 [handler.py:handle_request():141] handle_request: poll_exit
2022-04-29 17:41:02,316 DEBUG   SenderThread:180 [sender.py:send_request():246] send_request: poll_exit
2022-04-29 17:41:02,419 DEBUG   HandlerThread:180 [handler.py:handle_request():141] handle_request: poll_exit
2022-04-29 17:41:02,420 DEBUG   SenderThread:180 [sender.py:send_request():246] send_request: poll_exit
2022-04-29 17:41:02,523 DEBUG   HandlerThread:180 [handler.py:handle_request():141] handle_request: poll_exit
2022-04-29 17:41:02,524 DEBUG   SenderThread:180 [sender.py:send_request():246] send_request: poll_exit
2022-04-29 17:41:02,628 DEBUG   HandlerThread:180 [handler.py:handle_request():141] handle_request: poll_exit
2022-04-29 17:41:02,629 DEBUG   SenderThread:180 [sender.py:send_request():246] send_request: poll_exit
2022-04-29 17:41:02,734 DEBUG   HandlerThread:180 [handler.py:handle_request():141] handle_request: poll_exit
2022-04-29 17:41:02,735 DEBUG   SenderThread:180 [sender.py:send_request():246] send_request: poll_exit
2022-04-29 17:41:02,840 DEBUG   HandlerThread:180 [handler.py:handle_request():141] handle_request: poll_exit
2022-04-29 17:41:02,841 DEBUG   SenderThread:180 [sender.py:send_request():246] send_request: poll_exit
2022-04-29 17:41:02,946 DEBUG   HandlerThread:180 [handler.py:handle_request():141] handle_request: poll_exit
2022-04-29 17:41:02,947 DEBUG   SenderThread:180 [sender.py:send_request():246] send_request: poll_exit
2022-04-29 17:41:03,051 DEBUG   HandlerThread:180 [handler.py:handle_request():141] handle_request: poll_exit
2022-04-29 17:41:03,053 DEBUG   SenderThread:180 [sender.py:send_request():246] send_request: poll_exit
2022-04-29 17:41:03,157 DEBUG   HandlerThread:180 [handler.py:handle_request():141] handle_request: poll_exit
2022-04-29 17:41:03,158 DEBUG   SenderThread:180 [sender.py:send_request():246] send_request: poll_exit
2022-04-29 17:41:03,262 DEBUG   HandlerThread:180 [handler.py:handle_request():141] handle_request: poll_exit
2022-04-29 17:41:03,263 DEBUG   SenderThread:180 [sender.py:send_request():246] send_request: poll_exit
2022-04-29 17:41:03,368 DEBUG   HandlerThread:180 [handler.py:handle_request():141] handle_request: poll_exit
2022-04-29 17:41:03,369 DEBUG   SenderThread:180 [sender.py:send_request():246] send_request: poll_exit
2022-04-29 17:41:03,472 DEBUG   HandlerThread:180 [handler.py:handle_request():141] handle_request: poll_exit
2022-04-29 17:41:03,474 DEBUG   SenderThread:180 [sender.py:send_request():246] send_request: poll_exit
2022-04-29 17:41:03,578 DEBUG   HandlerThread:180 [handler.py:handle_request():141] handle_request: poll_exit
2022-04-29 17:41:03,579 DEBUG   SenderThread:180 [sender.py:send_request():246] send_request: poll_exit
2022-04-29 17:41:03,683 DEBUG   HandlerThread:180 [handler.py:handle_request():141] handle_request: poll_exit
2022-04-29 17:41:03,684 DEBUG   SenderThread:180 [sender.py:send_request():246] send_request: poll_exit
2022-04-29 17:41:03,789 DEBUG   HandlerThread:180 [handler.py:handle_request():141] handle_request: poll_exit
2022-04-29 17:41:03,790 DEBUG   SenderThread:180 [sender.py:send_request():246] send_request: poll_exit
2022-04-29 17:41:03,895 DEBUG   HandlerThread:180 [handler.py:handle_request():141] handle_request: poll_exit
2022-04-29 17:41:03,896 DEBUG   SenderThread:180 [sender.py:send_request():246] send_request: poll_exit
2022-04-29 17:41:04,001 DEBUG   HandlerThread:180 [handler.py:handle_request():141] handle_request: poll_exit
2022-04-29 17:41:04,002 DEBUG   SenderThread:180 [sender.py:send_request():246] send_request: poll_exit
2022-04-29 17:41:04,106 DEBUG   HandlerThread:180 [handler.py:handle_request():141] handle_request: poll_exit
2022-04-29 17:41:04,108 DEBUG   SenderThread:180 [sender.py:send_request():246] send_request: poll_exit
2022-04-29 17:41:04,212 DEBUG   HandlerThread:180 [handler.py:handle_request():141] handle_request: poll_exit
2022-04-29 17:41:04,213 DEBUG   SenderThread:180 [sender.py:send_request():246] send_request: poll_exit
2022-04-29 17:41:04,318 DEBUG   HandlerThread:180 [handler.py:handle_request():141] handle_request: poll_exit
2022-04-29 17:41:04,319 DEBUG   SenderThread:180 [sender.py:send_request():246] send_request: poll_exit
2022-04-29 17:41:04,423 DEBUG   HandlerThread:180 [handler.py:handle_request():141] handle_request: poll_exit
2022-04-29 17:41:04,425 DEBUG   SenderThread:180 [sender.py:send_request():246] send_request: poll_exit
2022-04-29 17:41:04,530 DEBUG   HandlerThread:180 [handler.py:handle_request():141] handle_request: poll_exit
2022-04-29 17:41:04,531 DEBUG   SenderThread:180 [sender.py:send_request():246] send_request: poll_exit
2022-04-29 17:41:04,635 DEBUG   HandlerThread:180 [handler.py:handle_request():141] handle_request: poll_exit
2022-04-29 17:41:04,636 DEBUG   SenderThread:180 [sender.py:send_request():246] send_request: poll_exit
2022-04-29 17:41:04,741 DEBUG   HandlerThread:180 [handler.py:handle_request():141] handle_request: poll_exit
2022-04-29 17:41:04,742 DEBUG   SenderThread:180 [sender.py:send_request():246] send_request: poll_exit
2022-04-29 17:41:04,846 DEBUG   HandlerThread:180 [handler.py:handle_request():141] handle_request: poll_exit
2022-04-29 17:41:04,848 DEBUG   SenderThread:180 [sender.py:send_request():246] send_request: poll_exit
2022-04-29 17:41:04,952 DEBUG   HandlerThread:180 [handler.py:handle_request():141] handle_request: poll_exit
2022-04-29 17:41:04,954 DEBUG   SenderThread:180 [sender.py:send_request():246] send_request: poll_exit
2022-04-29 17:41:05,058 DEBUG   HandlerThread:180 [handler.py:handle_request():141] handle_request: poll_exit
2022-04-29 17:41:05,058 DEBUG   SenderThread:180 [sender.py:send_request():246] send_request: poll_exit
2022-04-29 17:41:05,161 DEBUG   HandlerThread:180 [handler.py:handle_request():141] handle_request: poll_exit
2022-04-29 17:41:05,163 DEBUG   SenderThread:180 [sender.py:send_request():246] send_request: poll_exit
2022-04-29 17:41:05,267 DEBUG   HandlerThread:180 [handler.py:handle_request():141] handle_request: poll_exit
2022-04-29 17:41:05,268 DEBUG   SenderThread:180 [sender.py:send_request():246] send_request: poll_exit
2022-04-29 17:41:05,372 DEBUG   HandlerThread:180 [handler.py:handle_request():141] handle_request: poll_exit
2022-04-29 17:41:05,373 DEBUG   SenderThread:180 [sender.py:send_request():246] send_request: poll_exit
2022-04-29 17:41:05,478 DEBUG   HandlerThread:180 [handler.py:handle_request():141] handle_request: poll_exit
2022-04-29 17:41:05,479 DEBUG   SenderThread:180 [sender.py:send_request():246] send_request: poll_exit
2022-04-29 17:41:05,583 DEBUG   HandlerThread:180 [handler.py:handle_request():141] handle_request: poll_exit
2022-04-29 17:41:05,584 DEBUG   SenderThread:180 [sender.py:send_request():246] send_request: poll_exit
2022-04-29 17:41:05,687 DEBUG   HandlerThread:180 [handler.py:handle_request():141] handle_request: poll_exit
2022-04-29 17:41:05,687 DEBUG   SenderThread:180 [sender.py:send_request():246] send_request: poll_exit
2022-04-29 17:41:05,791 DEBUG   HandlerThread:180 [handler.py:handle_request():141] handle_request: poll_exit
2022-04-29 17:41:05,792 DEBUG   SenderThread:180 [sender.py:send_request():246] send_request: poll_exit
2022-04-29 17:41:05,897 DEBUG   HandlerThread:180 [handler.py:handle_request():141] handle_request: poll_exit
2022-04-29 17:41:05,898 DEBUG   SenderThread:180 [sender.py:send_request():246] send_request: poll_exit
2022-04-29 17:41:06,003 DEBUG   HandlerThread:180 [handler.py:handle_request():141] handle_request: poll_exit
2022-04-29 17:41:06,004 DEBUG   SenderThread:180 [sender.py:send_request():246] send_request: poll_exit
2022-04-29 17:41:06,108 DEBUG   HandlerThread:180 [handler.py:handle_request():141] handle_request: poll_exit
2022-04-29 17:41:06,109 DEBUG   SenderThread:180 [sender.py:send_request():246] send_request: poll_exit
2022-04-29 17:41:06,214 DEBUG   HandlerThread:180 [handler.py:handle_request():141] handle_request: poll_exit
2022-04-29 17:41:06,215 DEBUG   SenderThread:180 [sender.py:send_request():246] send_request: poll_exit
2022-04-29 17:41:06,319 DEBUG   HandlerThread:180 [handler.py:handle_request():141] handle_request: poll_exit
2022-04-29 17:41:06,321 DEBUG   SenderThread:180 [sender.py:send_request():246] send_request: poll_exit
2022-04-29 17:41:06,425 DEBUG   HandlerThread:180 [handler.py:handle_request():141] handle_request: poll_exit
2022-04-29 17:41:06,426 DEBUG   SenderThread:180 [sender.py:send_request():246] send_request: poll_exit
2022-04-29 17:41:06,531 DEBUG   HandlerThread:180 [handler.py:handle_request():141] handle_request: poll_exit
2022-04-29 17:41:06,532 DEBUG   SenderThread:180 [sender.py:send_request():246] send_request: poll_exit
2022-04-29 17:41:06,637 DEBUG   HandlerThread:180 [handler.py:handle_request():141] handle_request: poll_exit
2022-04-29 17:41:06,638 DEBUG   SenderThread:180 [sender.py:send_request():246] send_request: poll_exit
2022-04-29 17:41:06,743 DEBUG   HandlerThread:180 [handler.py:handle_request():141] handle_request: poll_exit
2022-04-29 17:41:06,744 DEBUG   SenderThread:180 [sender.py:send_request():246] send_request: poll_exit
2022-04-29 17:41:06,849 DEBUG   HandlerThread:180 [handler.py:handle_request():141] handle_request: poll_exit
2022-04-29 17:41:06,850 DEBUG   SenderThread:180 [sender.py:send_request():246] send_request: poll_exit
2022-04-29 17:41:06,955 DEBUG   HandlerThread:180 [handler.py:handle_request():141] handle_request: poll_exit
2022-04-29 17:41:06,956 DEBUG   SenderThread:180 [sender.py:send_request():246] send_request: poll_exit
2022-04-29 17:41:07,060 DEBUG   HandlerThread:180 [handler.py:handle_request():141] handle_request: poll_exit
2022-04-29 17:41:07,061 DEBUG   SenderThread:180 [sender.py:send_request():246] send_request: poll_exit
2022-04-29 17:41:07,165 DEBUG   HandlerThread:180 [handler.py:handle_request():141] handle_request: poll_exit
2022-04-29 17:41:07,167 DEBUG   SenderThread:180 [sender.py:send_request():246] send_request: poll_exit
2022-04-29 17:41:07,271 DEBUG   HandlerThread:180 [handler.py:handle_request():141] handle_request: poll_exit
2022-04-29 17:41:07,272 DEBUG   SenderThread:180 [sender.py:send_request():246] send_request: poll_exit
2022-04-29 17:41:07,377 DEBUG   HandlerThread:180 [handler.py:handle_request():141] handle_request: poll_exit
2022-04-29 17:41:07,378 DEBUG   SenderThread:180 [sender.py:send_request():246] send_request: poll_exit
2022-04-29 17:41:07,483 DEBUG   HandlerThread:180 [handler.py:handle_request():141] handle_request: poll_exit
2022-04-29 17:41:07,484 DEBUG   SenderThread:180 [sender.py:send_request():246] send_request: poll_exit
2022-04-29 17:41:07,588 DEBUG   HandlerThread:180 [handler.py:handle_request():141] handle_request: poll_exit
2022-04-29 17:41:07,589 DEBUG   SenderThread:180 [sender.py:send_request():246] send_request: poll_exit
2022-04-29 17:41:07,694 DEBUG   HandlerThread:180 [handler.py:handle_request():141] handle_request: poll_exit
2022-04-29 17:41:07,695 DEBUG   SenderThread:180 [sender.py:send_request():246] send_request: poll_exit
2022-04-29 17:41:07,799 DEBUG   HandlerThread:180 [handler.py:handle_request():141] handle_request: poll_exit
2022-04-29 17:41:07,799 DEBUG   SenderThread:180 [sender.py:send_request():246] send_request: poll_exit
2022-04-29 17:41:07,903 DEBUG   HandlerThread:180 [handler.py:handle_request():141] handle_request: poll_exit
2022-04-29 17:41:07,904 DEBUG   SenderThread:180 [sender.py:send_request():246] send_request: poll_exit
2022-04-29 17:41:08,009 DEBUG   HandlerThread:180 [handler.py:handle_request():141] handle_request: poll_exit
2022-04-29 17:41:08,010 DEBUG   SenderThread:180 [sender.py:send_request():246] send_request: poll_exit
2022-04-29 17:41:08,115 DEBUG   HandlerThread:180 [handler.py:handle_request():141] handle_request: poll_exit
2022-04-29 17:41:08,116 DEBUG   SenderThread:180 [sender.py:send_request():246] send_request: poll_exit
2022-04-29 17:41:08,221 DEBUG   HandlerThread:180 [handler.py:handle_request():141] handle_request: poll_exit
2022-04-29 17:41:08,222 DEBUG   SenderThread:180 [sender.py:send_request():246] send_request: poll_exit
2022-04-29 17:41:08,326 DEBUG   HandlerThread:180 [handler.py:handle_request():141] handle_request: poll_exit
2022-04-29 17:41:08,328 DEBUG   SenderThread:180 [sender.py:send_request():246] send_request: poll_exit
2022-04-29 17:41:08,432 DEBUG   HandlerThread:180 [handler.py:handle_request():141] handle_request: poll_exit
2022-04-29 17:41:08,434 DEBUG   SenderThread:180 [sender.py:send_request():246] send_request: poll_exit
2022-04-29 17:41:08,538 DEBUG   HandlerThread:180 [handler.py:handle_request():141] handle_request: poll_exit
2022-04-29 17:41:08,539 DEBUG   SenderThread:180 [sender.py:send_request():246] send_request: poll_exit
2022-04-29 17:41:08,644 DEBUG   HandlerThread:180 [handler.py:handle_request():141] handle_request: poll_exit
2022-04-29 17:41:08,645 DEBUG   SenderThread:180 [sender.py:send_request():246] send_request: poll_exit
2022-04-29 17:41:08,749 DEBUG   HandlerThread:180 [handler.py:handle_request():141] handle_request: poll_exit
2022-04-29 17:41:08,750 DEBUG   SenderThread:180 [sender.py:send_request():246] send_request: poll_exit
2022-04-29 17:41:08,853 DEBUG   HandlerThread:180 [handler.py:handle_request():141] handle_request: poll_exit
2022-04-29 17:41:08,854 DEBUG   SenderThread:180 [sender.py:send_request():246] send_request: poll_exit
2022-04-29 17:41:08,959 DEBUG   HandlerThread:180 [handler.py:handle_request():141] handle_request: poll_exit
2022-04-29 17:41:08,960 DEBUG   SenderThread:180 [sender.py:send_request():246] send_request: poll_exit
2022-04-29 17:41:09,065 DEBUG   HandlerThread:180 [handler.py:handle_request():141] handle_request: poll_exit
2022-04-29 17:41:09,066 DEBUG   SenderThread:180 [sender.py:send_request():246] send_request: poll_exit
2022-04-29 17:41:09,170 DEBUG   HandlerThread:180 [handler.py:handle_request():141] handle_request: poll_exit
2022-04-29 17:41:09,172 DEBUG   SenderThread:180 [sender.py:send_request():246] send_request: poll_exit
2022-04-29 17:41:09,276 DEBUG   HandlerThread:180 [handler.py:handle_request():141] handle_request: poll_exit
2022-04-29 17:41:09,277 DEBUG   SenderThread:180 [sender.py:send_request():246] send_request: poll_exit
2022-04-29 17:41:09,382 DEBUG   HandlerThread:180 [handler.py:handle_request():141] handle_request: poll_exit
2022-04-29 17:41:09,383 DEBUG   SenderThread:180 [sender.py:send_request():246] send_request: poll_exit
2022-04-29 17:41:09,488 DEBUG   HandlerThread:180 [handler.py:handle_request():141] handle_request: poll_exit
2022-04-29 17:41:09,489 DEBUG   SenderThread:180 [sender.py:send_request():246] send_request: poll_exit
2022-04-29 17:41:09,593 DEBUG   HandlerThread:180 [handler.py:handle_request():141] handle_request: poll_exit
2022-04-29 17:41:09,595 DEBUG   SenderThread:180 [sender.py:send_request():246] send_request: poll_exit
2022-04-29 17:41:09,699 DEBUG   HandlerThread:180 [handler.py:handle_request():141] handle_request: poll_exit
2022-04-29 17:41:09,700 DEBUG   SenderThread:180 [sender.py:send_request():246] send_request: poll_exit
2022-04-29 17:41:09,805 DEBUG   HandlerThread:180 [handler.py:handle_request():141] handle_request: poll_exit
2022-04-29 17:41:09,805 DEBUG   SenderThread:180 [sender.py:send_request():246] send_request: poll_exit
2022-04-29 17:41:09,909 DEBUG   HandlerThread:180 [handler.py:handle_request():141] handle_request: poll_exit
2022-04-29 17:41:09,910 DEBUG   SenderThread:180 [sender.py:send_request():246] send_request: poll_exit
2022-04-29 17:41:10,015 DEBUG   HandlerThread:180 [handler.py:handle_request():141] handle_request: poll_exit
2022-04-29 17:41:10,016 DEBUG   SenderThread:180 [sender.py:send_request():246] send_request: poll_exit
2022-04-29 17:41:10,120 DEBUG   HandlerThread:180 [handler.py:handle_request():141] handle_request: poll_exit
2022-04-29 17:41:10,121 DEBUG   SenderThread:180 [sender.py:send_request():246] send_request: poll_exit
2022-04-29 17:41:10,226 DEBUG   HandlerThread:180 [handler.py:handle_request():141] handle_request: poll_exit
2022-04-29 17:41:10,227 DEBUG   SenderThread:180 [sender.py:send_request():246] send_request: poll_exit
2022-04-29 17:41:10,332 DEBUG   HandlerThread:180 [handler.py:handle_request():141] handle_request: poll_exit
2022-04-29 17:41:10,333 DEBUG   SenderThread:180 [sender.py:send_request():246] send_request: poll_exit
2022-04-29 17:41:10,438 DEBUG   HandlerThread:180 [handler.py:handle_request():141] handle_request: poll_exit
2022-04-29 17:41:10,439 DEBUG   SenderThread:180 [sender.py:send_request():246] send_request: poll_exit
2022-04-29 17:41:10,543 DEBUG   HandlerThread:180 [handler.py:handle_request():141] handle_request: poll_exit
2022-04-29 17:41:10,545 DEBUG   SenderThread:180 [sender.py:send_request():246] send_request: poll_exit
2022-04-29 17:41:10,649 DEBUG   HandlerThread:180 [handler.py:handle_request():141] handle_request: poll_exit
2022-04-29 17:41:10,650 DEBUG   SenderThread:180 [sender.py:send_request():246] send_request: poll_exit
2022-04-29 17:41:10,754 DEBUG   HandlerThread:180 [handler.py:handle_request():141] handle_request: poll_exit
2022-04-29 17:41:10,756 DEBUG   SenderThread:180 [sender.py:send_request():246] send_request: poll_exit
2022-04-29 17:41:10,860 DEBUG   HandlerThread:180 [handler.py:handle_request():141] handle_request: poll_exit
2022-04-29 17:41:10,861 DEBUG   SenderThread:180 [sender.py:send_request():246] send_request: poll_exit
2022-04-29 17:41:10,966 DEBUG   HandlerThread:180 [handler.py:handle_request():141] handle_request: poll_exit
2022-04-29 17:41:10,967 DEBUG   SenderThread:180 [sender.py:send_request():246] send_request: poll_exit
2022-04-29 17:41:11,072 DEBUG   HandlerThread:180 [handler.py:handle_request():141] handle_request: poll_exit
2022-04-29 17:41:11,073 DEBUG   SenderThread:180 [sender.py:send_request():246] send_request: poll_exit
2022-04-29 17:41:11,178 DEBUG   HandlerThread:180 [handler.py:handle_request():141] handle_request: poll_exit
2022-04-29 17:41:11,179 DEBUG   SenderThread:180 [sender.py:send_request():246] send_request: poll_exit
2022-04-29 17:41:11,283 DEBUG   HandlerThread:180 [handler.py:handle_request():141] handle_request: poll_exit
2022-04-29 17:41:11,285 DEBUG   SenderThread:180 [sender.py:send_request():246] send_request: poll_exit
2022-04-29 17:41:11,389 DEBUG   HandlerThread:180 [handler.py:handle_request():141] handle_request: poll_exit
2022-04-29 17:41:11,391 DEBUG   SenderThread:180 [sender.py:send_request():246] send_request: poll_exit
2022-04-29 17:41:11,495 DEBUG   HandlerThread:180 [handler.py:handle_request():141] handle_request: poll_exit
2022-04-29 17:41:11,496 DEBUG   SenderThread:180 [sender.py:send_request():246] send_request: poll_exit
2022-04-29 17:41:11,600 DEBUG   HandlerThread:180 [handler.py:handle_request():141] handle_request: poll_exit
2022-04-29 17:41:11,601 DEBUG   SenderThread:180 [sender.py:send_request():246] send_request: poll_exit
2022-04-29 17:41:11,631 INFO    Thread-12 :180 [upload_job.py:push():137] Uploaded file /mnt/e/ImageNet-Downsampled/wandb/run-20220429_174026-3k50qhpl/files/config.yaml
2022-04-29 17:41:11,704 DEBUG   HandlerThread:180 [handler.py:handle_request():141] handle_request: poll_exit
2022-04-29 17:41:11,705 DEBUG   SenderThread:180 [sender.py:send_request():246] send_request: poll_exit
2022-04-29 17:41:11,810 DEBUG   HandlerThread:180 [handler.py:handle_request():141] handle_request: poll_exit
2022-04-29 17:41:11,811 DEBUG   SenderThread:180 [sender.py:send_request():246] send_request: poll_exit
2022-04-29 17:41:11,915 DEBUG   HandlerThread:180 [handler.py:handle_request():141] handle_request: poll_exit
2022-04-29 17:41:11,917 DEBUG   SenderThread:180 [sender.py:send_request():246] send_request: poll_exit
2022-04-29 17:41:12,022 DEBUG   HandlerThread:180 [handler.py:handle_request():141] handle_request: poll_exit
2022-04-29 17:41:12,023 DEBUG   SenderThread:180 [sender.py:send_request():246] send_request: poll_exit
2022-04-29 17:41:12,101 INFO    Thread-13 :180 [upload_job.py:push():137] Uploaded file /mnt/e/ImageNet-Downsampled/wandb/run-20220429_174026-3k50qhpl/files/output.log
2022-04-29 17:41:12,126 DEBUG   HandlerThread:180 [handler.py:handle_request():141] handle_request: poll_exit
2022-04-29 17:41:12,127 DEBUG   SenderThread:180 [sender.py:send_request():246] send_request: poll_exit
2022-04-29 17:41:12,194 INFO    Thread-15 :180 [upload_job.py:push():137] Uploaded file /mnt/e/ImageNet-Downsampled/wandb/run-20220429_174026-3k50qhpl/files/wandb-summary.json
2022-04-29 17:41:12,230 DEBUG   HandlerThread:180 [handler.py:handle_request():141] handle_request: poll_exit
2022-04-29 17:41:12,231 DEBUG   SenderThread:180 [sender.py:send_request():246] send_request: poll_exit
2022-04-29 17:41:12,336 DEBUG   HandlerThread:180 [handler.py:handle_request():141] handle_request: poll_exit
2022-04-29 17:41:12,337 DEBUG   SenderThread:180 [sender.py:send_request():246] send_request: poll_exit
2022-04-29 17:41:12,442 DEBUG   HandlerThread:180 [handler.py:handle_request():141] handle_request: poll_exit
2022-04-29 17:41:12,443 DEBUG   SenderThread:180 [sender.py:send_request():246] send_request: poll_exit
2022-04-29 17:41:12,548 DEBUG   HandlerThread:180 [handler.py:handle_request():141] handle_request: poll_exit
2022-04-29 17:41:12,549 DEBUG   SenderThread:180 [sender.py:send_request():246] send_request: poll_exit
2022-04-29 17:41:12,654 DEBUG   HandlerThread:180 [handler.py:handle_request():141] handle_request: poll_exit
2022-04-29 17:41:12,655 DEBUG   SenderThread:180 [sender.py:send_request():246] send_request: poll_exit
2022-04-29 17:41:12,709 INFO    Thread-14 :180 [upload_job.py:push():137] Uploaded file /mnt/e/ImageNet-Downsampled/wandb/run-20220429_174026-3k50qhpl/files/requirements.txt
2022-04-29 17:41:12,760 DEBUG   HandlerThread:180 [handler.py:handle_request():141] handle_request: poll_exit
2022-04-29 17:41:12,761 DEBUG   SenderThread:180 [sender.py:send_request():246] send_request: poll_exit
2022-04-29 17:41:12,865 DEBUG   HandlerThread:180 [handler.py:handle_request():141] handle_request: poll_exit
2022-04-29 17:41:12,866 DEBUG   SenderThread:180 [sender.py:send_request():246] send_request: poll_exit
2022-04-29 17:41:12,912 INFO    Thread-6  :180 [sender.py:transition_state():389] send defer: 8
2022-04-29 17:41:12,913 DEBUG   HandlerThread:180 [handler.py:handle_request():141] handle_request: defer
2022-04-29 17:41:12,914 INFO    HandlerThread:180 [handler.py:handle_request_defer():164] handle defer: 8
2022-04-29 17:41:12,914 DEBUG   SenderThread:180 [sender.py:send_request():246] send_request: defer
2022-04-29 17:41:12,915 INFO    SenderThread:180 [sender.py:send_request_defer():385] handle sender defer: 8
2022-04-29 17:41:12,969 DEBUG   HandlerThread:180 [handler.py:handle_request():141] handle_request: poll_exit
2022-04-29 17:41:13,212 INFO    SenderThread:180 [sender.py:transition_state():389] send defer: 9
2022-04-29 17:41:13,213 DEBUG   SenderThread:180 [sender.py:send_request():246] send_request: poll_exit
2022-04-29 17:41:13,214 DEBUG   HandlerThread:180 [handler.py:handle_request():141] handle_request: defer
2022-04-29 17:41:13,216 INFO    HandlerThread:180 [handler.py:handle_request_defer():164] handle defer: 9
2022-04-29 17:41:13,218 DEBUG   SenderThread:180 [sender.py:send_request():246] send_request: defer
2022-04-29 17:41:13,219 INFO    SenderThread:180 [sender.py:send_request_defer():385] handle sender defer: 9
2022-04-29 17:41:13,219 INFO    SenderThread:180 [sender.py:transition_state():389] send defer: 10
2022-04-29 17:41:13,221 DEBUG   SenderThread:180 [sender.py:send():232] send: final
2022-04-29 17:41:13,222 DEBUG   SenderThread:180 [sender.py:send():232] send: footer
2022-04-29 17:41:13,223 DEBUG   HandlerThread:180 [handler.py:handle_request():141] handle_request: defer
2022-04-29 17:41:13,223 INFO    HandlerThread:180 [handler.py:handle_request_defer():164] handle defer: 10
2022-04-29 17:41:13,225 DEBUG   SenderThread:180 [sender.py:send_request():246] send_request: defer
2022-04-29 17:41:13,225 INFO    SenderThread:180 [sender.py:send_request_defer():385] handle sender defer: 10
2022-04-29 17:41:13,319 DEBUG   HandlerThread:180 [handler.py:handle_request():141] handle_request: poll_exit
2022-04-29 17:41:13,320 DEBUG   SenderThread:180 [sender.py:send_request():246] send_request: poll_exit
2022-04-29 17:41:13,321 INFO    SenderThread:180 [file_pusher.py:join():150] waiting for file pusher
2022-04-29 17:41:18,422 DEBUG   HandlerThread:180 [handler.py:handle_request():141] handle_request: poll_exit
