2022-04-29 17:40:27,379 INFO    MainThread:145 [wandb_setup.py:_flush():75] Loading settings from /home/archita/.config/wandb/settings
2022-04-29 17:40:27,380 INFO    MainThread:145 [wandb_setup.py:_flush():75] Loading settings from /mnt/e/ImageNet-Downsampled/wandb/settings
2022-04-29 17:40:27,382 INFO    MainThread:145 [wandb_setup.py:_flush():75] Loading settings from environment variables: {}
2022-04-29 17:40:27,382 INFO    MainThread:145 [wandb_setup.py:_flush():75] Inferring run settings from compute environment: {'program_relpath': 'train.py', 'program': 'train.py'}
2022-04-29 17:40:27,384 INFO    MainThread:145 [wandb_init.py:_log_setup():437] Logging user logs to /mnt/e/ImageNet-Downsampled/wandb/run-20220429_174026-3k50qhpl/logs/debug.log
2022-04-29 17:40:27,387 INFO    MainThread:145 [wandb_init.py:_log_setup():438] Logging internal logs to /mnt/e/ImageNet-Downsampled/wandb/run-20220429_174026-3k50qhpl/logs/debug-internal.log
2022-04-29 17:40:27,389 INFO    MainThread:145 [wandb_init.py:init():471] calling init triggers
2022-04-29 17:40:27,390 INFO    MainThread:145 [wandb_init.py:init():474] wandb.init called with sweep_config: {}
config: {}
2022-04-29 17:40:27,392 INFO    MainThread:145 [wandb_init.py:init():524] starting backend
2022-04-29 17:40:27,392 INFO    MainThread:145 [backend.py:_multiprocessing_setup():97] multiprocessing start_methods=fork,spawn,forkserver, using: spawn
2022-04-29 17:40:27,427 INFO    MainThread:145 [backend.py:ensure_launched():217] starting backend process...
2022-04-29 17:40:27,437 INFO    MainThread:145 [backend.py:ensure_launched():222] started backend process with pid: 180
2022-04-29 17:40:27,440 INFO    MainThread:145 [wandb_init.py:init():533] backend started and connected
2022-04-29 17:40:27,452 INFO    MainThread:145 [wandb_init.py:init():597] updated telemetry
2022-04-29 17:40:27,591 INFO    MainThread:145 [wandb_init.py:init():628] communicating run to backend with 30 second timeout
2022-04-29 17:40:43,413 INFO    MainThread:145 [wandb_run.py:_on_init():1923] communicating current version
2022-04-29 17:40:43,611 INFO    MainThread:145 [wandb_run.py:_on_init():1927] got version response 
2022-04-29 17:40:43,612 INFO    MainThread:145 [wandb_init.py:init():659] starting run threads in backend
2022-04-29 17:40:43,850 INFO    MainThread:145 [wandb_run.py:_console_start():1897] atexit reg
2022-04-29 17:40:43,854 INFO    MainThread:145 [wandb_run.py:_redirect():1770] redirect: SettingsConsole.REDIRECT
2022-04-29 17:40:43,854 INFO    MainThread:145 [wandb_run.py:_redirect():1775] Redirecting console.
2022-04-29 17:40:43,858 INFO    MainThread:145 [wandb_run.py:_redirect():1831] Redirects installed.
2022-04-29 17:40:43,859 INFO    MainThread:145 [wandb_init.py:init():684] run started, returning control to user process
2022-04-29 17:40:43,867 INFO    MainThread:145 [wandb_run.py:_config_callback():1131] config_cb None None {'data': '/mnt/e/ImageNet-Downsampled/data', 'depth': 50, 'dataset': 'SmallImageNet', 'ngpu': 1, 'workers': 4, 'size': 8, 'classes': 1000, 'epochs': 100, 'start_epoch': 0, 'batch_size': 256, 'lr': 0.1, 'momentum': 0.9, 'weight_decay': 0.0001, 'print_freq': 100, 'log_freq': 500, 'resume': '', 'seed': 1234, 'prefix': 'test', 'project': 'Imagenet', 'evaluate': False, 'dryrun': None, 'model_type': 'imagenet'}
2022-04-29 17:40:43,868 INFO    MainThread:145 [wandb_watch.py:watch():47] Watching
2022-04-29 17:40:43,872 INFO    MainThread:145 [wandb_run.py:_config_callback():1131] config_cb None None {'Parameters': 13004888, 'FLOPs': 1507755400.0}
2022-04-29 17:40:47,131 INFO    MainThread:145 [wandb_run.py:_atexit_cleanup():1866] got exitcode: 1
2022-04-29 17:40:47,132 INFO    MainThread:145 [wandb_run.py:_restore():1838] restore
2022-04-29 17:40:49,949 INFO    MainThread:145 [wandb_run.py:_on_finish():1995] got exit ret: file_counts {
  wandb_count: 1
}
pusher_stats {
  total_bytes: 1158
}

2022-04-29 17:40:55,052 INFO    MainThread:145 [wandb_run.py:_on_finish():1995] got exit ret: None
2022-04-29 17:40:55,338 INFO    MainThread:145 [wandb_run.py:_on_finish():1995] got exit ret: file_counts {
  wandb_count: 1
}
pusher_stats {
  total_bytes: 1158
}

2022-04-29 17:40:55,567 INFO    MainThread:145 [wandb_run.py:_on_finish():1995] got exit ret: file_counts {
  wandb_count: 4
}
pusher_stats {
  total_bytes: 24278
}

2022-04-29 17:40:55,670 INFO    MainThread:145 [wandb_run.py:_on_finish():1995] got exit ret: file_counts {
  wandb_count: 5
}
pusher_stats {
  total_bytes: 24381
}

2022-04-29 17:40:55,776 INFO    MainThread:145 [wandb_run.py:_on_finish():1995] got exit ret: file_counts {
  wandb_count: 5
}
pusher_stats {
  total_bytes: 24381
}

2022-04-29 17:40:55,881 INFO    MainThread:145 [wandb_run.py:_on_finish():1995] got exit ret: file_counts {
  wandb_count: 5
}
pusher_stats {
  total_bytes: 24381
}

2022-04-29 17:40:55,987 INFO    MainThread:145 [wandb_run.py:_on_finish():1995] got exit ret: file_counts {
  wandb_count: 5
}
pusher_stats {
  total_bytes: 24381
}

2022-04-29 17:40:56,094 INFO    MainThread:145 [wandb_run.py:_on_finish():1995] got exit ret: file_counts {
  wandb_count: 5
}
pusher_stats {
  total_bytes: 24381
}

2022-04-29 17:40:56,199 INFO    MainThread:145 [wandb_run.py:_on_finish():1995] got exit ret: file_counts {
  wandb_count: 5
}
pusher_stats {
  total_bytes: 24381
}

2022-04-29 17:40:56,304 INFO    MainThread:145 [wandb_run.py:_on_finish():1995] got exit ret: file_counts {
  wandb_count: 5
}
pusher_stats {
  total_bytes: 24381
}

2022-04-29 17:40:56,410 INFO    MainThread:145 [wandb_run.py:_on_finish():1995] got exit ret: file_counts {
  wandb_count: 5
}
pusher_stats {
  total_bytes: 24381
}

2022-04-29 17:40:56,516 INFO    MainThread:145 [wandb_run.py:_on_finish():1995] got exit ret: file_counts {
  wandb_count: 5
}
pusher_stats {
  total_bytes: 24381
}

2022-04-29 17:40:56,622 INFO    MainThread:145 [wandb_run.py:_on_finish():1995] got exit ret: file_counts {
  wandb_count: 5
}
pusher_stats {
  total_bytes: 24381
}

2022-04-29 17:40:56,727 INFO    MainThread:145 [wandb_run.py:_on_finish():1995] got exit ret: file_counts {
  wandb_count: 5
}
pusher_stats {
  total_bytes: 24381
}

2022-04-29 17:40:56,833 INFO    MainThread:145 [wandb_run.py:_on_finish():1995] got exit ret: file_counts {
  wandb_count: 5
}
pusher_stats {
  total_bytes: 24381
}

2022-04-29 17:40:56,938 INFO    MainThread:145 [wandb_run.py:_on_finish():1995] got exit ret: file_counts {
  wandb_count: 5
}
pusher_stats {
  total_bytes: 24381
}

2022-04-29 17:40:57,044 INFO    MainThread:145 [wandb_run.py:_on_finish():1995] got exit ret: file_counts {
  wandb_count: 5
}
pusher_stats {
  total_bytes: 24381
}

2022-04-29 17:40:57,150 INFO    MainThread:145 [wandb_run.py:_on_finish():1995] got exit ret: file_counts {
  wandb_count: 5
}
pusher_stats {
  total_bytes: 24381
}

2022-04-29 17:40:57,254 INFO    MainThread:145 [wandb_run.py:_on_finish():1995] got exit ret: file_counts {
  wandb_count: 5
}
pusher_stats {
  total_bytes: 24381
}

2022-04-29 17:40:57,358 INFO    MainThread:145 [wandb_run.py:_on_finish():1995] got exit ret: file_counts {
  wandb_count: 5
}
pusher_stats {
  total_bytes: 24381
}

2022-04-29 17:40:57,462 INFO    MainThread:145 [wandb_run.py:_on_finish():1995] got exit ret: file_counts {
  wandb_count: 5
}
pusher_stats {
  total_bytes: 24381
}

2022-04-29 17:40:57,566 INFO    MainThread:145 [wandb_run.py:_on_finish():1995] got exit ret: file_counts {
  wandb_count: 5
}
pusher_stats {
  total_bytes: 24381
}

2022-04-29 17:40:57,672 INFO    MainThread:145 [wandb_run.py:_on_finish():1995] got exit ret: file_counts {
  wandb_count: 5
}
pusher_stats {
  total_bytes: 24381
}

2022-04-29 17:40:57,777 INFO    MainThread:145 [wandb_run.py:_on_finish():1995] got exit ret: file_counts {
  wandb_count: 5
}
pusher_stats {
  total_bytes: 24381
}

2022-04-29 17:40:57,883 INFO    MainThread:145 [wandb_run.py:_on_finish():1995] got exit ret: file_counts {
  wandb_count: 5
}
pusher_stats {
  total_bytes: 24381
}

2022-04-29 17:40:57,989 INFO    MainThread:145 [wandb_run.py:_on_finish():1995] got exit ret: file_counts {
  wandb_count: 5
}
pusher_stats {
  total_bytes: 24381
}

2022-04-29 17:40:58,095 INFO    MainThread:145 [wandb_run.py:_on_finish():1995] got exit ret: file_counts {
  wandb_count: 5
}
pusher_stats {
  total_bytes: 24381
}

2022-04-29 17:40:58,200 INFO    MainThread:145 [wandb_run.py:_on_finish():1995] got exit ret: file_counts {
  wandb_count: 5
}
pusher_stats {
  total_bytes: 24381
}

2022-04-29 17:40:58,306 INFO    MainThread:145 [wandb_run.py:_on_finish():1995] got exit ret: file_counts {
  wandb_count: 5
}
pusher_stats {
  total_bytes: 24381
}

2022-04-29 17:40:58,412 INFO    MainThread:145 [wandb_run.py:_on_finish():1995] got exit ret: file_counts {
  wandb_count: 5
}
pusher_stats {
  total_bytes: 24381
}

2022-04-29 17:40:58,517 INFO    MainThread:145 [wandb_run.py:_on_finish():1995] got exit ret: file_counts {
  wandb_count: 5
}
pusher_stats {
  total_bytes: 24381
}

2022-04-29 17:40:58,623 INFO    MainThread:145 [wandb_run.py:_on_finish():1995] got exit ret: file_counts {
  wandb_count: 5
}
pusher_stats {
  total_bytes: 24381
}

2022-04-29 17:40:58,728 INFO    MainThread:145 [wandb_run.py:_on_finish():1995] got exit ret: file_counts {
  wandb_count: 5
}
pusher_stats {
  total_bytes: 24381
}

2022-04-29 17:40:58,834 INFO    MainThread:145 [wandb_run.py:_on_finish():1995] got exit ret: file_counts {
  wandb_count: 5
}
pusher_stats {
  total_bytes: 24381
}

2022-04-29 17:40:58,939 INFO    MainThread:145 [wandb_run.py:_on_finish():1995] got exit ret: file_counts {
  wandb_count: 5
}
pusher_stats {
  total_bytes: 24381
}

2022-04-29 17:40:59,044 INFO    MainThread:145 [wandb_run.py:_on_finish():1995] got exit ret: file_counts {
  wandb_count: 5
}
pusher_stats {
  total_bytes: 24381
}

2022-04-29 17:40:59,150 INFO    MainThread:145 [wandb_run.py:_on_finish():1995] got exit ret: file_counts {
  wandb_count: 5
}
pusher_stats {
  total_bytes: 24381
}

2022-04-29 17:40:59,255 INFO    MainThread:145 [wandb_run.py:_on_finish():1995] got exit ret: file_counts {
  wandb_count: 5
}
pusher_stats {
  total_bytes: 24381
}

2022-04-29 17:40:59,360 INFO    MainThread:145 [wandb_run.py:_on_finish():1995] got exit ret: file_counts {
  wandb_count: 5
}
pusher_stats {
  total_bytes: 24381
}

2022-04-29 17:40:59,466 INFO    MainThread:145 [wandb_run.py:_on_finish():1995] got exit ret: file_counts {
  wandb_count: 5
}
pusher_stats {
  uploaded_bytes: 1158
  total_bytes: 24381
}

2022-04-29 17:40:59,571 INFO    MainThread:145 [wandb_run.py:_on_finish():1995] got exit ret: file_counts {
  wandb_count: 5
}
pusher_stats {
  uploaded_bytes: 1158
  total_bytes: 24381
}

2022-04-29 17:40:59,676 INFO    MainThread:145 [wandb_run.py:_on_finish():1995] got exit ret: file_counts {
  wandb_count: 5
}
pusher_stats {
  uploaded_bytes: 1158
  total_bytes: 24381
}

2022-04-29 17:40:59,782 INFO    MainThread:145 [wandb_run.py:_on_finish():1995] got exit ret: file_counts {
  wandb_count: 5
}
pusher_stats {
  uploaded_bytes: 1158
  total_bytes: 24381
}

2022-04-29 17:40:59,888 INFO    MainThread:145 [wandb_run.py:_on_finish():1995] got exit ret: file_counts {
  wandb_count: 5
}
pusher_stats {
  uploaded_bytes: 1158
  total_bytes: 24381
}

2022-04-29 17:40:59,994 INFO    MainThread:145 [wandb_run.py:_on_finish():1995] got exit ret: file_counts {
  wandb_count: 5
}
pusher_stats {
  uploaded_bytes: 1158
  total_bytes: 24381
}

2022-04-29 17:41:00,099 INFO    MainThread:145 [wandb_run.py:_on_finish():1995] got exit ret: file_counts {
  wandb_count: 5
}
pusher_stats {
  uploaded_bytes: 1158
  total_bytes: 24381
}

2022-04-29 17:41:00,205 INFO    MainThread:145 [wandb_run.py:_on_finish():1995] got exit ret: file_counts {
  wandb_count: 5
}
pusher_stats {
  uploaded_bytes: 1158
  total_bytes: 24381
}

2022-04-29 17:41:00,311 INFO    MainThread:145 [wandb_run.py:_on_finish():1995] got exit ret: file_counts {
  wandb_count: 5
}
pusher_stats {
  uploaded_bytes: 1158
  total_bytes: 24381
}

2022-04-29 17:41:00,417 INFO    MainThread:145 [wandb_run.py:_on_finish():1995] got exit ret: file_counts {
  wandb_count: 5
}
pusher_stats {
  uploaded_bytes: 1158
  total_bytes: 24381
}

2022-04-29 17:41:00,522 INFO    MainThread:145 [wandb_run.py:_on_finish():1995] got exit ret: file_counts {
  wandb_count: 5
}
pusher_stats {
  uploaded_bytes: 1158
  total_bytes: 24381
}

2022-04-29 17:41:00,628 INFO    MainThread:145 [wandb_run.py:_on_finish():1995] got exit ret: file_counts {
  wandb_count: 5
}
pusher_stats {
  uploaded_bytes: 1158
  total_bytes: 24381
}

2022-04-29 17:41:00,734 INFO    MainThread:145 [wandb_run.py:_on_finish():1995] got exit ret: file_counts {
  wandb_count: 5
}
pusher_stats {
  uploaded_bytes: 1158
  total_bytes: 24381
}

2022-04-29 17:41:00,839 INFO    MainThread:145 [wandb_run.py:_on_finish():1995] got exit ret: file_counts {
  wandb_count: 5
}
pusher_stats {
  uploaded_bytes: 1158
  total_bytes: 24381
}

2022-04-29 17:41:00,945 INFO    MainThread:145 [wandb_run.py:_on_finish():1995] got exit ret: file_counts {
  wandb_count: 5
}
pusher_stats {
  uploaded_bytes: 1158
  total_bytes: 24381
}

2022-04-29 17:41:01,051 INFO    MainThread:145 [wandb_run.py:_on_finish():1995] got exit ret: file_counts {
  wandb_count: 5
}
pusher_stats {
  uploaded_bytes: 1158
  total_bytes: 24381
}

2022-04-29 17:41:01,156 INFO    MainThread:145 [wandb_run.py:_on_finish():1995] got exit ret: file_counts {
  wandb_count: 5
}
pusher_stats {
  uploaded_bytes: 1158
  total_bytes: 24381
}

2022-04-29 17:41:01,262 INFO    MainThread:145 [wandb_run.py:_on_finish():1995] got exit ret: file_counts {
  wandb_count: 5
}
pusher_stats {
  uploaded_bytes: 1158
  total_bytes: 24381
}

2022-04-29 17:41:01,368 INFO    MainThread:145 [wandb_run.py:_on_finish():1995] got exit ret: file_counts {
  wandb_count: 5
}
pusher_stats {
  uploaded_bytes: 1158
  total_bytes: 24381
}

2022-04-29 17:41:01,473 INFO    MainThread:145 [wandb_run.py:_on_finish():1995] got exit ret: file_counts {
  wandb_count: 5
}
pusher_stats {
  uploaded_bytes: 1158
  total_bytes: 24381
}

2022-04-29 17:41:01,579 INFO    MainThread:145 [wandb_run.py:_on_finish():1995] got exit ret: file_counts {
  wandb_count: 5
}
pusher_stats {
  uploaded_bytes: 1158
  total_bytes: 24381
}

2022-04-29 17:41:01,683 INFO    MainThread:145 [wandb_run.py:_on_finish():1995] got exit ret: file_counts {
  wandb_count: 5
}
pusher_stats {
  uploaded_bytes: 1158
  total_bytes: 24381
}

2022-04-29 17:41:01,789 INFO    MainThread:145 [wandb_run.py:_on_finish():1995] got exit ret: file_counts {
  wandb_count: 5
}
pusher_stats {
  uploaded_bytes: 1158
  total_bytes: 24381
}

2022-04-29 17:41:01,895 INFO    MainThread:145 [wandb_run.py:_on_finish():1995] got exit ret: file_counts {
  wandb_count: 5
}
pusher_stats {
  uploaded_bytes: 1158
  total_bytes: 24381
}

2022-04-29 17:41:02,001 INFO    MainThread:145 [wandb_run.py:_on_finish():1995] got exit ret: file_counts {
  wandb_count: 5
}
pusher_stats {
  uploaded_bytes: 1158
  total_bytes: 24381
}

2022-04-29 17:41:02,107 INFO    MainThread:145 [wandb_run.py:_on_finish():1995] got exit ret: file_counts {
  wandb_count: 5
}
pusher_stats {
  uploaded_bytes: 1158
  total_bytes: 24381
}

2022-04-29 17:41:02,213 INFO    MainThread:145 [wandb_run.py:_on_finish():1995] got exit ret: file_counts {
  wandb_count: 5
}
pusher_stats {
  uploaded_bytes: 1158
  total_bytes: 24381
}

2022-04-29 17:41:02,317 INFO    MainThread:145 [wandb_run.py:_on_finish():1995] got exit ret: file_counts {
  wandb_count: 5
}
pusher_stats {
  uploaded_bytes: 1158
  total_bytes: 24381
}

2022-04-29 17:41:02,421 INFO    MainThread:145 [wandb_run.py:_on_finish():1995] got exit ret: file_counts {
  wandb_count: 5
}
pusher_stats {
  uploaded_bytes: 1158
  total_bytes: 24381
}

2022-04-29 17:41:02,526 INFO    MainThread:145 [wandb_run.py:_on_finish():1995] got exit ret: file_counts {
  wandb_count: 5
}
pusher_stats {
  uploaded_bytes: 1158
  total_bytes: 24381
}

2022-04-29 17:41:02,631 INFO    MainThread:145 [wandb_run.py:_on_finish():1995] got exit ret: file_counts {
  wandb_count: 5
}
pusher_stats {
  uploaded_bytes: 1158
  total_bytes: 24381
}

2022-04-29 17:41:02,737 INFO    MainThread:145 [wandb_run.py:_on_finish():1995] got exit ret: file_counts {
  wandb_count: 5
}
pusher_stats {
  uploaded_bytes: 1158
  total_bytes: 24381
}

2022-04-29 17:41:02,843 INFO    MainThread:145 [wandb_run.py:_on_finish():1995] got exit ret: file_counts {
  wandb_count: 5
}
pusher_stats {
  uploaded_bytes: 1158
  total_bytes: 24381
}

2022-04-29 17:41:02,949 INFO    MainThread:145 [wandb_run.py:_on_finish():1995] got exit ret: file_counts {
  wandb_count: 5
}
pusher_stats {
  uploaded_bytes: 1158
  total_bytes: 24381
}

2022-04-29 17:41:03,054 INFO    MainThread:145 [wandb_run.py:_on_finish():1995] got exit ret: file_counts {
  wandb_count: 5
}
pusher_stats {
  uploaded_bytes: 1158
  total_bytes: 24381
}

2022-04-29 17:41:03,160 INFO    MainThread:145 [wandb_run.py:_on_finish():1995] got exit ret: file_counts {
  wandb_count: 5
}
pusher_stats {
  uploaded_bytes: 1158
  total_bytes: 24381
}

2022-04-29 17:41:03,265 INFO    MainThread:145 [wandb_run.py:_on_finish():1995] got exit ret: file_counts {
  wandb_count: 5
}
pusher_stats {
  uploaded_bytes: 1158
  total_bytes: 24381
}

2022-04-29 17:41:03,370 INFO    MainThread:145 [wandb_run.py:_on_finish():1995] got exit ret: file_counts {
  wandb_count: 5
}
pusher_stats {
  uploaded_bytes: 1158
  total_bytes: 24381
}

2022-04-29 17:41:03,475 INFO    MainThread:145 [wandb_run.py:_on_finish():1995] got exit ret: file_counts {
  wandb_count: 5
}
pusher_stats {
  uploaded_bytes: 1158
  total_bytes: 24381
}

2022-04-29 17:41:03,580 INFO    MainThread:145 [wandb_run.py:_on_finish():1995] got exit ret: file_counts {
  wandb_count: 5
}
pusher_stats {
  uploaded_bytes: 1158
  total_bytes: 24381
}

2022-04-29 17:41:03,686 INFO    MainThread:145 [wandb_run.py:_on_finish():1995] got exit ret: file_counts {
  wandb_count: 5
}
pusher_stats {
  uploaded_bytes: 1158
  total_bytes: 24381
}

2022-04-29 17:41:03,792 INFO    MainThread:145 [wandb_run.py:_on_finish():1995] got exit ret: file_counts {
  wandb_count: 5
}
pusher_stats {
  uploaded_bytes: 1158
  total_bytes: 24381
}

2022-04-29 17:41:03,898 INFO    MainThread:145 [wandb_run.py:_on_finish():1995] got exit ret: file_counts {
  wandb_count: 5
}
pusher_stats {
  uploaded_bytes: 1158
  total_bytes: 24381
}

2022-04-29 17:41:04,004 INFO    MainThread:145 [wandb_run.py:_on_finish():1995] got exit ret: file_counts {
  wandb_count: 5
}
pusher_stats {
  uploaded_bytes: 1158
  total_bytes: 24381
}

2022-04-29 17:41:04,110 INFO    MainThread:145 [wandb_run.py:_on_finish():1995] got exit ret: file_counts {
  wandb_count: 5
}
pusher_stats {
  uploaded_bytes: 1158
  total_bytes: 24381
}

2022-04-29 17:41:04,215 INFO    MainThread:145 [wandb_run.py:_on_finish():1995] got exit ret: file_counts {
  wandb_count: 5
}
pusher_stats {
  uploaded_bytes: 1158
  total_bytes: 24381
}

2022-04-29 17:41:04,321 INFO    MainThread:145 [wandb_run.py:_on_finish():1995] got exit ret: file_counts {
  wandb_count: 5
}
pusher_stats {
  uploaded_bytes: 1158
  total_bytes: 24381
}

2022-04-29 17:41:04,427 INFO    MainThread:145 [wandb_run.py:_on_finish():1995] got exit ret: file_counts {
  wandb_count: 5
}
pusher_stats {
  uploaded_bytes: 1158
  total_bytes: 24381
}

2022-04-29 17:41:04,533 INFO    MainThread:145 [wandb_run.py:_on_finish():1995] got exit ret: file_counts {
  wandb_count: 5
}
pusher_stats {
  uploaded_bytes: 1158
  total_bytes: 24381
}

2022-04-29 17:41:04,638 INFO    MainThread:145 [wandb_run.py:_on_finish():1995] got exit ret: file_counts {
  wandb_count: 5
}
pusher_stats {
  uploaded_bytes: 1158
  total_bytes: 24381
}

2022-04-29 17:41:04,744 INFO    MainThread:145 [wandb_run.py:_on_finish():1995] got exit ret: file_counts {
  wandb_count: 5
}
pusher_stats {
  uploaded_bytes: 1158
  total_bytes: 24381
}

2022-04-29 17:41:04,850 INFO    MainThread:145 [wandb_run.py:_on_finish():1995] got exit ret: file_counts {
  wandb_count: 5
}
pusher_stats {
  uploaded_bytes: 1158
  total_bytes: 24381
}

2022-04-29 17:41:04,955 INFO    MainThread:145 [wandb_run.py:_on_finish():1995] got exit ret: file_counts {
  wandb_count: 5
}
pusher_stats {
  uploaded_bytes: 1158
  total_bytes: 24381
}

2022-04-29 17:41:05,059 INFO    MainThread:145 [wandb_run.py:_on_finish():1995] got exit ret: file_counts {
  wandb_count: 5
}
pusher_stats {
  uploaded_bytes: 1158
  total_bytes: 24381
}

2022-04-29 17:41:05,164 INFO    MainThread:145 [wandb_run.py:_on_finish():1995] got exit ret: file_counts {
  wandb_count: 5
}
pusher_stats {
  uploaded_bytes: 1158
  total_bytes: 24381
}

2022-04-29 17:41:05,270 INFO    MainThread:145 [wandb_run.py:_on_finish():1995] got exit ret: file_counts {
  wandb_count: 5
}
pusher_stats {
  uploaded_bytes: 1158
  total_bytes: 24381
}

2022-04-29 17:41:05,375 INFO    MainThread:145 [wandb_run.py:_on_finish():1995] got exit ret: file_counts {
  wandb_count: 5
}
pusher_stats {
  uploaded_bytes: 1158
  total_bytes: 24381
}

2022-04-29 17:41:05,481 INFO    MainThread:145 [wandb_run.py:_on_finish():1995] got exit ret: file_counts {
  wandb_count: 5
}
pusher_stats {
  uploaded_bytes: 1158
  total_bytes: 24381
}

2022-04-29 17:41:05,585 INFO    MainThread:145 [wandb_run.py:_on_finish():1995] got exit ret: file_counts {
  wandb_count: 5
}
pusher_stats {
  uploaded_bytes: 1158
  total_bytes: 24381
}

2022-04-29 17:41:05,689 INFO    MainThread:145 [wandb_run.py:_on_finish():1995] got exit ret: file_counts {
  wandb_count: 5
}
pusher_stats {
  uploaded_bytes: 1158
  total_bytes: 24381
}

2022-04-29 17:41:05,794 INFO    MainThread:145 [wandb_run.py:_on_finish():1995] got exit ret: file_counts {
  wandb_count: 5
}
pusher_stats {
  uploaded_bytes: 1158
  total_bytes: 24381
}

2022-04-29 17:41:05,900 INFO    MainThread:145 [wandb_run.py:_on_finish():1995] got exit ret: file_counts {
  wandb_count: 5
}
pusher_stats {
  uploaded_bytes: 1158
  total_bytes: 24381
}

2022-04-29 17:41:06,006 INFO    MainThread:145 [wandb_run.py:_on_finish():1995] got exit ret: file_counts {
  wandb_count: 5
}
pusher_stats {
  uploaded_bytes: 1158
  total_bytes: 24381
}

2022-04-29 17:41:06,111 INFO    MainThread:145 [wandb_run.py:_on_finish():1995] got exit ret: file_counts {
  wandb_count: 5
}
pusher_stats {
  uploaded_bytes: 1158
  total_bytes: 24381
}

2022-04-29 17:41:06,217 INFO    MainThread:145 [wandb_run.py:_on_finish():1995] got exit ret: file_counts {
  wandb_count: 5
}
pusher_stats {
  uploaded_bytes: 1158
  total_bytes: 24381
}

2022-04-29 17:41:06,323 INFO    MainThread:145 [wandb_run.py:_on_finish():1995] got exit ret: file_counts {
  wandb_count: 5
}
pusher_stats {
  uploaded_bytes: 1158
  total_bytes: 24381
}

2022-04-29 17:41:06,428 INFO    MainThread:145 [wandb_run.py:_on_finish():1995] got exit ret: file_counts {
  wandb_count: 5
}
pusher_stats {
  uploaded_bytes: 1158
  total_bytes: 24381
}

2022-04-29 17:41:06,534 INFO    MainThread:145 [wandb_run.py:_on_finish():1995] got exit ret: file_counts {
  wandb_count: 5
}
pusher_stats {
  uploaded_bytes: 1158
  total_bytes: 24381
}

2022-04-29 17:41:06,640 INFO    MainThread:145 [wandb_run.py:_on_finish():1995] got exit ret: file_counts {
  wandb_count: 5
}
pusher_stats {
  uploaded_bytes: 1158
  total_bytes: 24381
}

2022-04-29 17:41:06,746 INFO    MainThread:145 [wandb_run.py:_on_finish():1995] got exit ret: file_counts {
  wandb_count: 5
}
pusher_stats {
  uploaded_bytes: 1158
  total_bytes: 24381
}

2022-04-29 17:41:06,852 INFO    MainThread:145 [wandb_run.py:_on_finish():1995] got exit ret: file_counts {
  wandb_count: 5
}
pusher_stats {
  uploaded_bytes: 1158
  total_bytes: 24381
}

2022-04-29 17:41:06,958 INFO    MainThread:145 [wandb_run.py:_on_finish():1995] got exit ret: file_counts {
  wandb_count: 5
}
pusher_stats {
  uploaded_bytes: 1158
  total_bytes: 24381
}

2022-04-29 17:41:07,063 INFO    MainThread:145 [wandb_run.py:_on_finish():1995] got exit ret: file_counts {
  wandb_count: 5
}
pusher_stats {
  uploaded_bytes: 1158
  total_bytes: 24381
}

2022-04-29 17:41:07,169 INFO    MainThread:145 [wandb_run.py:_on_finish():1995] got exit ret: file_counts {
  wandb_count: 5
}
pusher_stats {
  uploaded_bytes: 1158
  total_bytes: 24381
}

2022-04-29 17:41:07,274 INFO    MainThread:145 [wandb_run.py:_on_finish():1995] got exit ret: file_counts {
  wandb_count: 5
}
pusher_stats {
  uploaded_bytes: 1158
  total_bytes: 24381
}

2022-04-29 17:41:07,380 INFO    MainThread:145 [wandb_run.py:_on_finish():1995] got exit ret: file_counts {
  wandb_count: 5
}
pusher_stats {
  uploaded_bytes: 1158
  total_bytes: 24381
}

2022-04-29 17:41:07,486 INFO    MainThread:145 [wandb_run.py:_on_finish():1995] got exit ret: file_counts {
  wandb_count: 5
}
pusher_stats {
  uploaded_bytes: 1158
  total_bytes: 24381
}

2022-04-29 17:41:07,591 INFO    MainThread:145 [wandb_run.py:_on_finish():1995] got exit ret: file_counts {
  wandb_count: 5
}
pusher_stats {
  uploaded_bytes: 1158
  total_bytes: 24381
}

2022-04-29 17:41:07,697 INFO    MainThread:145 [wandb_run.py:_on_finish():1995] got exit ret: file_counts {
  wandb_count: 5
}
pusher_stats {
  uploaded_bytes: 1158
  total_bytes: 24381
}

2022-04-29 17:41:07,801 INFO    MainThread:145 [wandb_run.py:_on_finish():1995] got exit ret: file_counts {
  wandb_count: 5
}
pusher_stats {
  uploaded_bytes: 1158
  total_bytes: 24381
}

2022-04-29 17:41:07,907 INFO    MainThread:145 [wandb_run.py:_on_finish():1995] got exit ret: file_counts {
  wandb_count: 5
}
pusher_stats {
  uploaded_bytes: 1158
  total_bytes: 24381
}

2022-04-29 17:41:08,012 INFO    MainThread:145 [wandb_run.py:_on_finish():1995] got exit ret: file_counts {
  wandb_count: 5
}
pusher_stats {
  uploaded_bytes: 1158
  total_bytes: 24381
}

2022-04-29 17:41:08,118 INFO    MainThread:145 [wandb_run.py:_on_finish():1995] got exit ret: file_counts {
  wandb_count: 5
}
pusher_stats {
  uploaded_bytes: 1158
  total_bytes: 24381
}

2022-04-29 17:41:08,224 INFO    MainThread:145 [wandb_run.py:_on_finish():1995] got exit ret: file_counts {
  wandb_count: 5
}
pusher_stats {
  uploaded_bytes: 1158
  total_bytes: 24381
}

2022-04-29 17:41:08,330 INFO    MainThread:145 [wandb_run.py:_on_finish():1995] got exit ret: file_counts {
  wandb_count: 5
}
pusher_stats {
  uploaded_bytes: 1158
  total_bytes: 24381
}

2022-04-29 17:41:08,435 INFO    MainThread:145 [wandb_run.py:_on_finish():1995] got exit ret: file_counts {
  wandb_count: 5
}
pusher_stats {
  uploaded_bytes: 1158
  total_bytes: 24381
}

2022-04-29 17:41:08,541 INFO    MainThread:145 [wandb_run.py:_on_finish():1995] got exit ret: file_counts {
  wandb_count: 5
}
pusher_stats {
  uploaded_bytes: 1158
  total_bytes: 24381
}

2022-04-29 17:41:08,647 INFO    MainThread:145 [wandb_run.py:_on_finish():1995] got exit ret: file_counts {
  wandb_count: 5
}
pusher_stats {
  uploaded_bytes: 1158
  total_bytes: 24381
}

2022-04-29 17:41:08,751 INFO    MainThread:145 [wandb_run.py:_on_finish():1995] got exit ret: file_counts {
  wandb_count: 5
}
pusher_stats {
  uploaded_bytes: 1158
  total_bytes: 24381
}

2022-04-29 17:41:08,856 INFO    MainThread:145 [wandb_run.py:_on_finish():1995] got exit ret: file_counts {
  wandb_count: 5
}
pusher_stats {
  uploaded_bytes: 1158
  total_bytes: 24381
}

2022-04-29 17:41:08,962 INFO    MainThread:145 [wandb_run.py:_on_finish():1995] got exit ret: file_counts {
  wandb_count: 5
}
pusher_stats {
  uploaded_bytes: 1158
  total_bytes: 24381
}

2022-04-29 17:41:09,068 INFO    MainThread:145 [wandb_run.py:_on_finish():1995] got exit ret: file_counts {
  wandb_count: 5
}
pusher_stats {
  uploaded_bytes: 1158
  total_bytes: 24381
}

2022-04-29 17:41:09,174 INFO    MainThread:145 [wandb_run.py:_on_finish():1995] got exit ret: file_counts {
  wandb_count: 5
}
pusher_stats {
  uploaded_bytes: 1158
  total_bytes: 24381
}

2022-04-29 17:41:09,279 INFO    MainThread:145 [wandb_run.py:_on_finish():1995] got exit ret: file_counts {
  wandb_count: 5
}
pusher_stats {
  uploaded_bytes: 1158
  total_bytes: 24381
}

2022-04-29 17:41:09,385 INFO    MainThread:145 [wandb_run.py:_on_finish():1995] got exit ret: file_counts {
  wandb_count: 5
}
pusher_stats {
  uploaded_bytes: 1158
  total_bytes: 24381
}

2022-04-29 17:41:09,491 INFO    MainThread:145 [wandb_run.py:_on_finish():1995] got exit ret: file_counts {
  wandb_count: 5
}
pusher_stats {
  uploaded_bytes: 1158
  total_bytes: 24381
}

2022-04-29 17:41:09,597 INFO    MainThread:145 [wandb_run.py:_on_finish():1995] got exit ret: file_counts {
  wandb_count: 5
}
pusher_stats {
  uploaded_bytes: 1158
  total_bytes: 24381
}

2022-04-29 17:41:09,702 INFO    MainThread:145 [wandb_run.py:_on_finish():1995] got exit ret: file_counts {
  wandb_count: 5
}
pusher_stats {
  uploaded_bytes: 1158
  total_bytes: 24381
}

2022-04-29 17:41:09,807 INFO    MainThread:145 [wandb_run.py:_on_finish():1995] got exit ret: file_counts {
  wandb_count: 5
}
pusher_stats {
  uploaded_bytes: 1158
  total_bytes: 24381
}

2022-04-29 17:41:09,912 INFO    MainThread:145 [wandb_run.py:_on_finish():1995] got exit ret: file_counts {
  wandb_count: 5
}
pusher_stats {
  uploaded_bytes: 1158
  total_bytes: 24381
}

2022-04-29 17:41:10,018 INFO    MainThread:145 [wandb_run.py:_on_finish():1995] got exit ret: file_counts {
  wandb_count: 5
}
pusher_stats {
  uploaded_bytes: 1158
  total_bytes: 24381
}

2022-04-29 17:41:10,123 INFO    MainThread:145 [wandb_run.py:_on_finish():1995] got exit ret: file_counts {
  wandb_count: 5
}
pusher_stats {
  uploaded_bytes: 1158
  total_bytes: 24381
}

2022-04-29 17:41:10,229 INFO    MainThread:145 [wandb_run.py:_on_finish():1995] got exit ret: file_counts {
  wandb_count: 5
}
pusher_stats {
  uploaded_bytes: 1158
  total_bytes: 24381
}

2022-04-29 17:41:10,335 INFO    MainThread:145 [wandb_run.py:_on_finish():1995] got exit ret: file_counts {
  wandb_count: 5
}
pusher_stats {
  uploaded_bytes: 1158
  total_bytes: 24381
}

2022-04-29 17:41:10,441 INFO    MainThread:145 [wandb_run.py:_on_finish():1995] got exit ret: file_counts {
  wandb_count: 5
}
pusher_stats {
  uploaded_bytes: 1158
  total_bytes: 24381
}

2022-04-29 17:41:10,547 INFO    MainThread:145 [wandb_run.py:_on_finish():1995] got exit ret: file_counts {
  wandb_count: 5
}
pusher_stats {
  uploaded_bytes: 1158
  total_bytes: 24381
}

2022-04-29 17:41:10,652 INFO    MainThread:145 [wandb_run.py:_on_finish():1995] got exit ret: file_counts {
  wandb_count: 5
}
pusher_stats {
  uploaded_bytes: 1158
  total_bytes: 24381
}

2022-04-29 17:41:10,758 INFO    MainThread:145 [wandb_run.py:_on_finish():1995] got exit ret: file_counts {
  wandb_count: 5
}
pusher_stats {
  uploaded_bytes: 1158
  total_bytes: 24381
}

2022-04-29 17:41:10,863 INFO    MainThread:145 [wandb_run.py:_on_finish():1995] got exit ret: file_counts {
  wandb_count: 5
}
pusher_stats {
  uploaded_bytes: 1158
  total_bytes: 24381
}

2022-04-29 17:41:10,969 INFO    MainThread:145 [wandb_run.py:_on_finish():1995] got exit ret: file_counts {
  wandb_count: 5
}
pusher_stats {
  uploaded_bytes: 1158
  total_bytes: 24381
}

2022-04-29 17:41:11,075 INFO    MainThread:145 [wandb_run.py:_on_finish():1995] got exit ret: file_counts {
  wandb_count: 5
}
pusher_stats {
  uploaded_bytes: 1158
  total_bytes: 24381
}

2022-04-29 17:41:11,181 INFO    MainThread:145 [wandb_run.py:_on_finish():1995] got exit ret: file_counts {
  wandb_count: 5
}
pusher_stats {
  uploaded_bytes: 2443
  total_bytes: 24381
}

2022-04-29 17:41:11,287 INFO    MainThread:145 [wandb_run.py:_on_finish():1995] got exit ret: file_counts {
  wandb_count: 5
}
pusher_stats {
  uploaded_bytes: 2443
  total_bytes: 24381
}

2022-04-29 17:41:11,393 INFO    MainThread:145 [wandb_run.py:_on_finish():1995] got exit ret: file_counts {
  wandb_count: 5
}
pusher_stats {
  uploaded_bytes: 2443
  total_bytes: 24381
}

2022-04-29 17:41:11,498 INFO    MainThread:145 [wandb_run.py:_on_finish():1995] got exit ret: file_counts {
  wandb_count: 5
}
pusher_stats {
  uploaded_bytes: 2443
  total_bytes: 24381
}

2022-04-29 17:41:11,602 INFO    MainThread:145 [wandb_run.py:_on_finish():1995] got exit ret: file_counts {
  wandb_count: 5
}
pusher_stats {
  uploaded_bytes: 22549
  total_bytes: 24381
}

2022-04-29 17:41:11,707 INFO    MainThread:145 [wandb_run.py:_on_finish():1995] got exit ret: file_counts {
  wandb_count: 5
}
pusher_stats {
  uploaded_bytes: 22652
  total_bytes: 24381
}

2022-04-29 17:41:11,813 INFO    MainThread:145 [wandb_run.py:_on_finish():1995] got exit ret: file_counts {
  wandb_count: 5
}
pusher_stats {
  uploaded_bytes: 22652
  total_bytes: 24381
}

2022-04-29 17:41:11,919 INFO    MainThread:145 [wandb_run.py:_on_finish():1995] got exit ret: file_counts {
  wandb_count: 5
}
pusher_stats {
  uploaded_bytes: 22652
  total_bytes: 24381
}

2022-04-29 17:41:12,024 INFO    MainThread:145 [wandb_run.py:_on_finish():1995] got exit ret: file_counts {
  wandb_count: 5
}
pusher_stats {
  uploaded_bytes: 22652
  total_bytes: 24381
}

2022-04-29 17:41:12,128 INFO    MainThread:145 [wandb_run.py:_on_finish():1995] got exit ret: file_counts {
  wandb_count: 5
}
pusher_stats {
  uploaded_bytes: 22652
  total_bytes: 24381
}

2022-04-29 17:41:12,234 INFO    MainThread:145 [wandb_run.py:_on_finish():1995] got exit ret: file_counts {
  wandb_count: 5
}
pusher_stats {
  uploaded_bytes: 24381
  total_bytes: 24381
}

2022-04-29 17:41:12,339 INFO    MainThread:145 [wandb_run.py:_on_finish():1995] got exit ret: file_counts {
  wandb_count: 5
}
pusher_stats {
  uploaded_bytes: 24381
  total_bytes: 24381
}

2022-04-29 17:41:12,445 INFO    MainThread:145 [wandb_run.py:_on_finish():1995] got exit ret: file_counts {
  wandb_count: 5
}
pusher_stats {
  uploaded_bytes: 24381
  total_bytes: 24381
}

2022-04-29 17:41:12,551 INFO    MainThread:145 [wandb_run.py:_on_finish():1995] got exit ret: file_counts {
  wandb_count: 5
}
pusher_stats {
  uploaded_bytes: 24381
  total_bytes: 24381
}

2022-04-29 17:41:12,657 INFO    MainThread:145 [wandb_run.py:_on_finish():1995] got exit ret: file_counts {
  wandb_count: 5
}
pusher_stats {
  uploaded_bytes: 24381
  total_bytes: 24381
}

2022-04-29 17:41:12,763 INFO    MainThread:145 [wandb_run.py:_on_finish():1995] got exit ret: file_counts {
  wandb_count: 5
}
pusher_stats {
  uploaded_bytes: 24381
  total_bytes: 24381
}

2022-04-29 17:41:12,867 INFO    MainThread:145 [wandb_run.py:_on_finish():1995] got exit ret: file_counts {
  wandb_count: 5
}
pusher_stats {
  uploaded_bytes: 24381
  total_bytes: 24381
}

2022-04-29 17:41:13,216 INFO    MainThread:145 [wandb_run.py:_on_finish():1995] got exit ret: file_counts {
  wandb_count: 5
}
pusher_stats {
  uploaded_bytes: 24381
  total_bytes: 24381
}

2022-04-29 17:41:18,319 INFO    MainThread:145 [wandb_run.py:_on_finish():1995] got exit ret: None
